#
# A fatal error has been detected by the Java Runtime Environment:
#
#  EXCEPTION_ACCESS_VIOLATION (0xc0000005) at pc=0x0000000050319d28, pid=17124, tid=18724
#
# JRE version: 7.0_11-b21
# Java VM: Java HotSpot(TM) 64-Bit Server VM (23.6-b04 mixed mode windows-amd64 compressed oops)
# Problematic frame:
# V  [jvm.dll+0xc9d28]
#
# Failed to write core dump. Minidumps are not enabled by default on client versions of Windows
#
# If you would like to submit a bug report, please visit:
#   http://bugreport.sun.com/bugreport/crash.jsp
#

---------------  T H R E A D  ---------------

Current thread (0x000000000216e800):  GCTaskThread [stack: 0x0000000006270000,0x0000000006370000] [id=18724]

siginfo: ExceptionCode=0xc0000005, reading address 0x00000000000000a0

Registers:
RAX=0x0000000000000088, RBX=0x000000078167cba0, RCX=0x0000000000000003, RDX=0x0208900004012080
RSP=0x000000000636f930, RBP=0x000000078167cb8c, RSI=0x0000000000000004, RDI=0x00000000024f1c50
R8 =0x0000000000000034, R9 =0x0000000000000003, R10=0x0000000000000000, R11=0x000000000000000c
R12=0x000000078167cb94, R13=0x000000077cbaf8e0, R14=0x000000077cbaf8e8, R15=0x000000078167cb78
RIP=0x0000000050319d28, EFLAGS=0x0000000000010206

Top of Stack: (sp=0x000000000636f930)
0x000000000636f930:   000000078167cbc8 000000078167cb88
0x000000000636f940:   0000000000000004 00000000024f1c50
0x000000000636f950:   0000000000000000 000000000216ee70
0x000000000636f960:   000000000216c430 000000000219a1d0
0x000000000636f970:   0000000000009de8 00000000505a920c
0x000000000636f980:   000000000b98ef90 000000078167cb78
0x000000000636f990:   00000000024f1c50 00000000507a7708
0x000000000636f9a0:   000000000ec7af90 0000000000000006
0x000000000636f9b0:   00000000024f1c50 00000000502fe2b2
0x000000000636f9c0:   0000000781706f30 000000000216e800
0x000000000636f9d0:   000000000216fa00 000000000216c430
0x000000000636f9e0:   000000000216ee80 000000000216ee70
0x000000000636f9f0:   00000000507a7708 000000000219a1d0
0x000000000636fa00:   00000000024f1c50 0000000000000000
0x000000000636fa10:   000000000219a1d0 00000000505a69ca
0x000000000636fa20:   000000000219a1d0 00000000024f1c50 

Instructions: (pc=0x0000000050319d28)
0x0000000050319d08:   82 55 01 00 00 80 3d d4 1f 5e 00 00 74 0e 8b 43
0x0000000050319d18:   08 41 8b c9 48 d3 e0 49 03 c2 eb 04 48 8b 43 08
0x0000000050319d28:   44 8b 40 18 48 8d 48 10 45 85 c0 7e 0c 41 f6 c0
0x0000000050319d38:   01 75 50 41 c1 f8 03 eb 59 79 48 80 3d 9e 1f 5e 


Register to memory mapping:

RAX=0x0000000000000088 is an unknown value
RBX=0x000000078167cba0 is an oop
java.util.concurrent.locks.ReentrantLock 
 - klass: 'java/util/concurrent/locks/ReentrantLock'
RCX=0x0000000000000003 is an unknown value
RDX=0x0208900004012080 is an unknown value
RSP=0x000000000636f930 is an unknown value
RBP=0x000000078167cb8c is an oop
java.util.concurrent.DelayQueue 
 - klass: 'java/util/concurrent/DelayQueue'
RSI=0x0000000000000004 is an unknown value
RDI=0x00000000024f1c50 is an unknown value
R8 =0x0000000000000034 is an unknown value
R9 =0x0000000000000003 is an unknown value
R10=0x0000000000000000 is an unknown value
R11=0x000000000000000c is an unknown value
R12=0x000000078167cb94 is an oop
java.util.concurrent.DelayQueue 
 - klass: 'java/util/concurrent/DelayQueue'
R13=0x000000077cbaf8e0 is an oop
{instance class} 
 - klass: {other class}
R14=0x000000077cbaf8e8 is an oop
[S 
 - klass: {type array short}
 - length: 4
R15=0x000000078167cb78 is an oop
java.util.concurrent.DelayQueue 
 - klass: 'java/util/concurrent/DelayQueue'


Stack: [0x0000000006270000,0x0000000006370000],  sp=0x000000000636f930,  free space=1022k
Native frames: (J=compiled Java code, j=interpreted, Vv=VM code, C=native code)
V  [jvm.dll+0xc9d28]


---------------  P R O C E S S  ---------------

Java Threads: ( => current thread )
  0x000000000ed75800 JavaThread "SwingWorker-pool-1-thread-10" daemon [_thread_blocked, id=16596, stack(0x0000000012cd0000,0x0000000012dd0000)]
  0x000000000ed74800 JavaThread "SwingWorker-pool-1-thread-9" daemon [_thread_blocked, id=18672, stack(0x0000000012b90000,0x0000000012c90000)]
  0x000000000ed74000 JavaThread "SwingWorker-pool-1-thread-8" daemon [_thread_blocked, id=15628, stack(0x0000000012900000,0x0000000012a00000)]
  0x000000000ed73000 JavaThread "SwingWorker-pool-1-thread-7" daemon [_thread_blocked, id=17920, stack(0x0000000012a00000,0x0000000012b00000)]
  0x000000000ed72800 JavaThread "SwingWorker-pool-1-thread-6" daemon [_thread_blocked, id=20468, stack(0x00000000127f0000,0x00000000128f0000)]
  0x000000001019a000 JavaThread "SwingWorker-pool-1-thread-5" daemon [_thread_blocked, id=19800, stack(0x00000000126e0000,0x00000000127e0000)]
  0x000000000ea00000 JavaThread "SwingWorker-pool-1-thread-4" daemon [_thread_blocked, id=15516, stack(0x0000000012330000,0x0000000012430000)]
  0x000000000eb22800 JavaThread "SwingWorker-pool-1-thread-3" daemon [_thread_blocked, id=20176, stack(0x0000000012450000,0x0000000012550000)]
  0x00000000101a0000 JavaThread "SwingWorker-pool-1-thread-2" daemon [_thread_blocked, id=19248, stack(0x000000000dc30000,0x000000000dd30000)]
  0x000000000f98f800 JavaThread "SwingWorker-pool-1-thread-1" daemon [_thread_blocked, id=20372, stack(0x000000000da50000,0x000000000db50000)]
  0x000000000e869000 JavaThread "org.netbeans.modules.debugger.jpda.visual AWT Access Loop" daemon [_thread_blocked, id=19828, stack(0x000000000d8d0000,0x000000000d9d0000)]
  0x0000000010035000 JavaThread "TimerQueue" daemon [_thread_blocked, id=19552, stack(0x00000000115d0000,0x00000000116d0000)]
  0x000000000224f000 JavaThread "DestroyJavaVM" [_thread_blocked, id=19484, stack(0x00000000028e0000,0x00000000029e0000)]
  0x000000000e7e1000 JavaThread "AWT-EventQueue-0" [_thread_blocked, id=14808, stack(0x000000000f0f0000,0x000000000f1f0000)]
  0x000000000cc49800 JavaThread "AWT-Windows" daemon [_thread_in_native, id=16192, stack(0x000000000e540000,0x000000000e640000)]
  0x000000000cc48800 JavaThread "AWT-Shutdown" [_thread_blocked, id=16904, stack(0x000000000e640000,0x000000000e740000)]
  0x000000000cc46000 JavaThread "Java2D Disposer" daemon [_thread_blocked, id=19704, stack(0x000000000e0d0000,0x000000000e1d0000)]
  0x000000000c97a000 JavaThread "Service Thread" daemon [_thread_blocked, id=19852, stack(0x000000000e1f0000,0x000000000e2f0000)]
  0x000000000c979000 JavaThread "C2 CompilerThread1" daemon [_thread_blocked, id=18324, stack(0x000000000dfd0000,0x000000000e0d0000)]
  0x000000000c96d000 JavaThread "C2 CompilerThread0" daemon [_thread_blocked, id=19716, stack(0x000000000dd90000,0x000000000de90000)]
  0x000000000c892000 JavaThread "JDWP Event Helper Thread" daemon [_thread_blocked, id=19032, stack(0x000000000cee0000,0x000000000cfe0000)]
  0x000000000c881800 JavaThread "JDWP Transport Listener: dt_shmem" daemon [_thread_blocked, id=18628, stack(0x000000000cde0000,0x000000000cee0000)]
  0x00000000025cc800 JavaThread "Attach Listener" daemon [_thread_blocked, id=19924, stack(0x000000000c670000,0x000000000c770000)]
  0x00000000025cb000 JavaThread "Signal Dispatcher" daemon [_thread_blocked, id=20184, stack(0x000000000c780000,0x000000000c880000)]
  0x0000000002541800 JavaThread "Finalizer" daemon [_thread_blocked, id=18452, stack(0x000000000c370000,0x000000000c470000)]
  0x000000000253e000 JavaThread "Reference Handler" daemon [_thread_blocked, id=19464, stack(0x000000000c490000,0x000000000c590000)]

Other Threads:
  0x0000000002536000 VMThread [stack: 0x000000000c060000,0x000000000c160000] [id=19228]
  0x000000000c982800 WatcherThread [stack: 0x000000000e400000,0x000000000e500000] [id=14672]

=>0x000000000216e800 (exited) GCTaskThread [stack: 0x0000000006270000,0x0000000006370000] [id=18724]

VM state:at safepoint (normal execution)

VM Mutex/Monitor currently owned by a thread:  ([mutex/lock_event])
[0x000000000224c2d0] Threads_lock - owner thread: 0x0000000002536000
[0x000000000224c7d0] Heap_lock - owner thread: 0x000000000e7e1000

Heap
 PSYoungGen      total 37952K, used 32K [0x00000007d5ab0000, 0x00000007d8500000, 0x0000000800000000)
  eden space 32576K, 0% used [0x00000007d5ab0000,0x00000007d5ab0000,0x00000007d7a80000)
  from space 5376K, 0% used [0x00000007d7fc0000,0x00000007d7fc8000,0x00000007d8500000)
  to   space 5376K, 0% used [0x00000007d7a80000,0x00000007d7a80000,0x00000007d7fc0000)
 ParOldGen       total 86720K, used 10343K [0x0000000781000000, 0x00000007864b0000, 0x00000007d5ab0000)
  object space 86720K, 11% used [0x0000000781000000,0x0000000781a19f60,0x00000007864b0000)
 PSPermGen       total 21504K, used 18563K [0x000000077be00000, 0x000000077d300000, 0x0000000781000000)
  object space 21504K, 86% used [0x000000077be00000,0x000000077d020c00,0x000000077d300000)

Card table byte_map: [0x00000000059e0000,0x0000000005e10000] byte_map_base: 0x0000000001e01000

Polling page: 0x0000000000330000

Code Cache  [0x00000000029e0000, 0x0000000002c70000, 0x00000000059e0000)
 total_blobs=1247 nmethods=768 adapters=438 free_code_cache=46595Kb largest_free_block=47660352

Compilation events (10 events):
Event: 211.144 Thread 0x000000000c979000  781   !         javax.swing.text.AbstractDocument::fireInsertUpdate (70 bytes)
Event: 211.150 Thread 0x000000000c979000 nmethod 781 0x0000000002c52a90 code [0x0000000002c52c40, 0x0000000002c53248]
Event: 211.252 Thread 0x000000000c96d000  782             javax.swing.RepaintManager$PaintManager::paint (189 bytes)
Event: 211.269 Thread 0x000000000c96d000 nmethod 782 0x0000000002c69450 code [0x0000000002c696e0, 0x0000000002c6a6d8]
Event: 212.145 Thread 0x000000000c979000  783   !         javax.swing.text.AbstractDocument::fireRemoveUpdate (70 bytes)
Event: 212.150 Thread 0x000000000c979000 nmethod 783 0x0000000002c51e10 code [0x0000000002c51fa0, 0x0000000002c524f8]
Event: 214.309 Thread 0x000000000c96d000  784             javax.swing.SwingUtilities::isEventDispatchThread (4 bytes)
Event: 214.309 Thread 0x000000000c96d000 nmethod 784 0x0000000002c02450 code [0x0000000002c025a0, 0x0000000002c02608]
Event: 226.563 Thread 0x000000000c979000  785             javax.swing.JComponent::paintImmediately (155 bytes)
Event: 226.568 Thread 0x000000000c979000 nmethod 785 0x0000000002c513d0 code [0x0000000002c51560, 0x0000000002c518c8]

GC Heap History (10 events):
Event: 226.381 GC heap after
Heap after GC invocations=775 (full 385):
 PSYoungGen      total 37952K, used 32K [0x00000007d5ab0000, 0x00000007d8500000, 0x0000000800000000)
  eden space 32576K, 0% used [0x00000007d5ab0000,0x00000007d5ab0000,0x00000007d7a80000)
  from space 5376K, 0% used [0x00000007d7fc0000,0x00000007d7fc8000,0x00000007d8500000)
  to   space 5376K, 0% used [0x00000007d7a80000,0x00000007d7a80000,0x00000007d7fc0000)
 ParOldGen       total 86720K, used 10343K [0x0000000781000000, 0x00000007864b0000, 0x00000007d5ab0000)
  object space 86720K, 11% used [0x0000000781000000,0x0000000781a19ff8,0x00000007864b0000)
 PSPermGen       total 21504K, used 18563K [0x000000077be00000, 0x000000077d300000, 0x0000000781000000)
  object space 21504K, 86% used [0x000000077be00000,0x000000077d020c00,0x000000077d300000)
}
Event: 226.381 GC heap before
{Heap before GC invocations=776 (full 386):
 PSYoungGen      total 37952K, used 32K [0x00000007d5ab0000, 0x00000007d8500000, 0x0000000800000000)
  eden space 32576K, 0% used [0x00000007d5ab0000,0x00000007d5ab0000,0x00000007d7a80000)
  from space 5376K, 0% used [0x00000007d7fc0000,0x00000007d7fc8000,0x00000007d8500000)
  to   space 5376K, 0% used [0x00000007d7a80000,0x00000007d7a80000,0x00000007d7fc0000)
 ParOldGen       total 86720K, used 10343K [0x0000000781000000, 0x00000007864b0000, 0x00000007d5ab0000)
  object space 86720K, 11% used [0x0000000781000000,0x0000000781a19ff8,0x00000007864b0000)
 PSPermGen       total 21504K, used 18563K [0x000000077be00000, 0x000000077d300000, 0x0000000781000000)
  object space 21504K, 86% used [0x000000077be00000,0x000000077d020c00,0x000000077d300000)
Event: 226.427 GC heap after
Heap after GC invocations=776 (full 386):
 PSYoungGen      total 37952K, used 0K [0x00000007d5ab0000, 0x00000007d8500000, 0x0000000800000000)
  eden space 32576K, 0% used [0x00000007d5ab0000,0x00000007d5ab0000,0x00000007d7a80000)
  from space 5376K, 0% used [0x00000007d7fc0000,0x00000007d7fc0000,0x00000007d8500000)
  to   space 5376K, 0% used [0x00000007d7a80000,0x00000007d7a80000,0x00000007d7fc0000)
 ParOldGen       total 86720K, used 10334K [0x0000000781000000, 0x00000007864b0000, 0x00000007d5ab0000)
  object space 86720K, 11% used [0x0000000781000000,0x0000000781a178d8,0x00000007864b0000)
 PSPermGen       total 21504K, used 18563K [0x000000077be00000, 0x000000077d300000, 0x0000000781000000)
  object space 21504K, 86% used [0x000000077be00000,0x000000077d020c00,0x000000077d300000)
}
Event: 227.333 GC heap before
{Heap before GC invocations=777 (full 386):
 PSYoungGen      total 37952K, used 1922K [0x00000007d5ab0000, 0x00000007d8500000, 0x0000000800000000)
  eden space 32576K, 5% used [0x00000007d5ab0000,0x00000007d5c90ac0,0x00000007d7a80000)
  from space 5376K, 0% used [0x00000007d7fc0000,0x00000007d7fc0000,0x00000007d8500000)
  to   space 5376K, 0% used [0x00000007d7a80000,0x00000007d7a80000,0x00000007d7fc0000)
 ParOldGen       total 86720K, used 10334K [0x0000000781000000, 0x00000007864b0000, 0x00000007d5ab0000)
  object space 86720K, 11% used [0x0000000781000000,0x0000000781a178d8,0x00000007864b0000)
 PSPermGen       total 21504K, used 18563K [0x000000077be00000, 0x000000077d300000, 0x0000000781000000)
  object space 21504K, 86% used [0x000000077be00000,0x000000077d020c00,0x000000077d300000)
Event: 227.345 GC heap after
Heap after GC invocations=777 (full 386):
 PSYoungGen      total 37952K, used 64K [0x00000007d5ab0000, 0x00000007d8500000, 0x0000000800000000)
  eden space 32576K, 0% used [0x00000007d5ab0000,0x00000007d5ab0000,0x00000007d7a80000)
  from space 5376K, 1% used [0x00000007d7a80000,0x00000007d7a90000,0x00000007d7fc0000)
  to   space 5376K, 0% used [0x00000007d7fc0000,0x00000007d7fc0000,0x00000007d8500000)
 ParOldGen       total 86720K, used 10334K [0x0000000781000000, 0x00000007864b0000, 0x00000007d5ab0000)
  object space 86720K, 11% used [0x0000000781000000,0x0000000781a178d8,0x00000007864b0000)
 PSPermGen       total 21504K, used 18563K [0x000000077be00000, 0x000000077d300000, 0x0000000781000000)
  object space 21504K, 86% used [0x000000077be00000,0x000000077d020c00,0x000000077d300000)
}
Event: 227.345 GC heap before
{Heap before GC invocations=778 (full 387):
 PSYoungGen      total 37952K, used 64K [0x00000007d5ab0000, 0x00000007d8500000, 0x0000000800000000)
  eden space 32576K, 0% used [0x00000007d5ab0000,0x00000007d5ab0000,0x00000007d7a80000)
  from space 5376K, 1% used [0x00000007d7a80000,0x00000007d7a90000,0x00000007d7fc0000)
  to   space 5376K, 0% used [0x00000007d7fc0000,0x00000007d7fc0000,0x00000007d8500000)
 ParOldGen       total 86720K, used 10334K [0x0000000781000000, 0x00000007864b0000, 0x00000007d5ab0000)
  object space 86720K, 11% used [0x0000000781000000,0x0000000781a178d8,0x00000007864b0000)
 PSPermGen       total 21504K, used 18563K [0x000000077be00000, 0x000000077d300000, 0x0000000781000000)
  object space 21504K, 86% used [0x000000077be00000,0x000000077d020c00,0x000000077d300000)
Event: 227.385 GC heap after
Heap after GC invocations=778 (full 387):
 PSYoungGen      total 37952K, used 0K [0x00000007d5ab0000, 0x00000007d8500000, 0x0000000800000000)
  eden space 32576K, 0% used [0x00000007d5ab0000,0x00000007d5ab0000,0x00000007d7a80000)
  from space 5376K, 0% used [0x00000007d7a80000,0x00000007d7a80000,0x00000007d7fc0000)
  to   space 5376K, 0% used [0x00000007d7fc0000,0x00000007d7fc0000,0x00000007d8500000)
 ParOldGen       total 86720K, used 10343K [0x0000000781000000, 0x00000007864b0000, 0x00000007d5ab0000)
  object space 86720K, 11% used [0x0000000781000000,0x0000000781a19f60,0x00000007864b0000)
 PSPermGen       total 21504K, used 18563K [0x000000077be00000, 0x000000077d300000, 0x0000000781000000)
  object space 21504K, 86% used [0x000000077be00000,0x000000077d020c00,0x000000077d300000)
}
Event: 227.385 GC heap before
{Heap before GC invocations=779 (full 387):
 PSYoungGen      total 37952K, used 626K [0x00000007d5ab0000, 0x00000007d8500000, 0x0000000800000000)
  eden space 32576K, 1% used [0x00000007d5ab0000,0x00000007d5b4ca58,0x00000007d7a80000)
  from space 5376K, 0% used [0x00000007d7a80000,0x00000007d7a80000,0x00000007d7fc0000)
  to   space 5376K, 0% used [0x00000007d7fc0000,0x00000007d7fc0000,0x00000007d8500000)
 ParOldGen       total 86720K, used 10343K [0x0000000781000000, 0x00000007864b0000, 0x00000007d5ab0000)
  object space 86720K, 11% used [0x0000000781000000,0x0000000781a19f60,0x00000007864b0000)
 PSPermGen       total 21504K, used 18563K [0x000000077be00000, 0x000000077d300000, 0x0000000781000000)
  object space 21504K, 86% used [0x000000077be00000,0x000000077d020c00,0x000000077d300000)
Event: 227.391 GC heap after
Heap after GC invocations=779 (full 387):
 PSYoungGen      total 37952K, used 32K [0x00000007d5ab0000, 0x00000007d8500000, 0x0000000800000000)
  eden space 32576K, 0% used [0x00000007d5ab0000,0x00000007d5ab0000,0x00000007d7a80000)
  from space 5376K, 0% used [0x00000007d7fc0000,0x00000007d7fc8000,0x00000007d8500000)
  to   space 5376K, 0% used [0x00000007d7a80000,0x00000007d7a80000,0x00000007d7fc0000)
 ParOldGen       total 86720K, used 10343K [0x0000000781000000, 0x00000007864b0000, 0x00000007d5ab0000)
  object space 86720K, 11% used [0x0000000781000000,0x0000000781a19f60,0x00000007864b0000)
 PSPermGen       total 21504K, used 18563K [0x000000077be00000, 0x000000077d300000, 0x0000000781000000)
  object space 21504K, 86% used [0x000000077be00000,0x000000077d020c00,0x000000077d300000)
}
Event: 227.391 GC heap before
{Heap before GC invocations=780 (full 388):
 PSYoungGen      total 37952K, used 32K [0x00000007d5ab0000, 0x00000007d8500000, 0x0000000800000000)
  eden space 32576K, 0% used [0x00000007d5ab0000,0x00000007d5ab0000,0x00000007d7a80000)
  from space 5376K, 0% used [0x00000007d7fc0000,0x00000007d7fc8000,0x00000007d8500000)
  to   space 5376K, 0% used [0x00000007d7a80000,0x00000007d7a80000,0x00000007d7fc0000)
 ParOldGen       total 86720K, used 10343K [0x0000000781000000, 0x00000007864b0000, 0x00000007d5ab0000)
  object space 86720K, 11% used [0x0000000781000000,0x0000000781a19f60,0x00000007864b0000)
 PSPermGen       total 21504K, used 18563K [0x000000077be00000, 0x000000077d300000, 0x0000000781000000)
  object space 21504K, 86% used [0x000000077be00000,0x000000077d020c00,0x000000077d300000)

Deoptimization events (10 events):
Event: 6.671 Thread 0x000000000e7e1000 Uncommon trap -34 fr.pc 0x0000000002a74220
Event: 6.690 Thread 0x000000000e7e1000 Uncommon trap -34 fr.pc 0x0000000002a74220
Event: 6.753 Thread 0x000000000e7e1000 Uncommon trap -34 fr.pc 0x0000000002a94c64
Event: 6.753 Thread 0x000000000e7e1000 Uncommon trap -34 fr.pc 0x0000000002a7ed10
Event: 6.809 Thread 0x000000000e7e1000 Uncommon trap -34 fr.pc 0x0000000002a7ed10
Event: 6.968 Thread 0x000000000e7e1000 Uncommon trap -34 fr.pc 0x0000000002a570fc
Event: 6.969 Thread 0x000000000e7e1000 Uncommon trap -34 fr.pc 0x0000000002a570fc
Event: 6.969 Thread 0x000000000e7e1000 Uncommon trap -34 fr.pc 0x0000000002a570fc
Event: 6.969 Thread 0x000000000e7e1000 Uncommon trap -34 fr.pc 0x0000000002a570fc
Event: 7.343 Thread 0x000000000e7e1000 Uncommon trap 45 fr.pc 0x0000000002a942dc

Internal exceptions (10 events):
Event: 21.054 Thread 0x000000000e7e1000 Threw 0x00000007d5abb5a0 at C:\jdk7u1_64p\jdk7u11\hotspot\src\share\vm\prims\jvm.cpp:1166
Event: 21.727 Thread 0x000000000e7e1000 Threw 0x00000007d6b61748 at C:\jdk7u1_64p\jdk7u11\hotspot\src\share\vm\prims\jvm.cpp:1166
Event: 32.538 Thread 0x000000000e7e1000 Threw 0x00000007d5ef0a30 at C:\jdk7u1_64p\jdk7u11\hotspot\src\share\vm\prims\jvm.cpp:1166
Event: 32.572 Thread 0x000000000e7e1000 Threw 0x00000007d5f1e050 at C:\jdk7u1_64p\jdk7u11\hotspot\src\share\vm\prims\jvm.cpp:1166
Event: 32.573 Thread 0x000000000e7e1000 Threw 0x00000007d5f20970 at C:\jdk7u1_64p\jdk7u11\hotspot\src\share\vm\prims\jvm.cpp:1166
Event: 32.696 Thread 0x000000000e7e1000 Threw 0x00000007d5f9a280 at C:\jdk7u1_64p\jdk7u11\hotspot\src\share\vm\prims\jvm.cpp:1166
Event: 32.704 Thread 0x000000000e7e1000 Threw 0x00000007d5facaa8 at C:\jdk7u1_64p\jdk7u11\hotspot\src\share\vm\prims\jvm.cpp:1166
Event: 32.714 Thread 0x000000000e7e1000 Threw 0x00000007d5fc1d10 at C:\jdk7u1_64p\jdk7u11\hotspot\src\share\vm\prims\jvm.cpp:1166
Event: 32.814 Thread 0x000000000e7e1000 Threw 0x00000007d5ffbce8 at C:\jdk7u1_64p\jdk7u11\hotspot\src\share\vm\prims\jvm.cpp:1166
Event: 43.243 Thread 0x000000000e7e1000 Threw 0x00000007d5c5d080 at C:\jdk7u1_64p\jdk7u11\hotspot\src\share\vm\prims\jvm.cpp:1166

Events (10 events):
Event: 225.425 Executing VM operation: ParallelGCSystemGC
Event: 225.621 Executing VM operation: ParallelGCSystemGC done
Event: 226.319 Executing VM operation: ParallelGCSystemGC
Event: 226.378 Executing VM operation: ParallelGCSystemGC done
Event: 226.378 Executing VM operation: ParallelGCSystemGC
Event: 226.427 Executing VM operation: ParallelGCSystemGC done
Event: 227.193 Thread 0x000000000c89b000 Thread exited: 0x000000000c89b000
Event: 227.333 Executing VM operation: ParallelGCSystemGC
Event: 227.385 Executing VM operation: ParallelGCSystemGC done
Event: 227.385 Executing VM operation: ParallelGCSystemGC


Dynamic libraries:
0x000000013ff80000 - 0x000000013ffb3000 	C:\Program Files\Java\jdk1.7.0_11\bin\java.exe
0x0000000077280000 - 0x0000000077429000 	C:\Windows\SYSTEM32\ntdll.dll
0x0000000077060000 - 0x000000007717f000 	C:\Windows\system32\kernel32.dll
0x000007fefd240000 - 0x000007fefd2ac000 	C:\Windows\system32\KERNELBASE.dll
0x000007fefec40000 - 0x000007fefed1b000 	C:\Windows\system32\ADVAPI32.dll
0x000007fefe570000 - 0x000007fefe60f000 	C:\Windows\system32\msvcrt.dll
0x000007fefd400000 - 0x000007fefd41f000 	C:\Windows\SYSTEM32\sechost.dll
0x000007feff270000 - 0x000007feff39d000 	C:\Windows\system32\RPCRT4.dll
0x0000000077180000 - 0x000000007727a000 	C:\Windows\system32\USER32.dll
0x000007fefd540000 - 0x000007fefd5a7000 	C:\Windows\system32\GDI32.dll
0x000007fefed20000 - 0x000007fefed2e000 	C:\Windows\system32\LPK.dll
0x000007fefeb70000 - 0x000007fefec39000 	C:\Windows\system32\USP10.dll
0x000007fefb480000 - 0x000007fefb674000 	C:\Windows\WinSxS\amd64_microsoft.windows.common-controls_6595b64144ccf1df_6.0.7601.17514_none_fa396087175ac9ac\COMCTL32.dll
0x000007fefd5b0000 - 0x000007fefd621000 	C:\Windows\system32\SHLWAPI.dll
0x000007fefd420000 - 0x000007fefd44e000 	C:\Windows\system32\IMM32.DLL
0x000007fefe460000 - 0x000007fefe569000 	C:\Windows\system32\MSCTF.dll
0x0000000056050000 - 0x0000000056121000 	C:\Program Files\Java\jdk1.7.0_11\jre\bin\msvcr100.dll
0x0000000050250000 - 0x000000005096f000 	C:\Program Files\Java\jdk1.7.0_11\jre\bin\server\jvm.dll
0x000007fefa450000 - 0x000007fefa459000 	C:\Windows\system32\WSOCK32.dll
0x000007fefd450000 - 0x000007fefd49d000 	C:\Windows\system32\WS2_32.dll
0x000007fefe6b0000 - 0x000007fefe6b8000 	C:\Windows\system32\NSI.dll
0x000007fefb6d0000 - 0x000007fefb70b000 	C:\Windows\system32\WINMM.dll
0x0000000077440000 - 0x0000000077447000 	C:\Windows\system32\PSAPI.DLL
0x00000000561d0000 - 0x000000005620f000 	C:\Program Files\Java\jdk1.7.0_11\jre\bin\splashscreen.dll
0x000007fefb3d0000 - 0x000007fefb426000 	C:\Windows\system32\uxtheme.dll
0x0000000056640000 - 0x000000005664f000 	C:\Program Files\Java\jdk1.7.0_11\jre\bin\verify.dll
0x00000000561a0000 - 0x00000000561c8000 	C:\Program Files\Java\jdk1.7.0_11\jre\bin\java.dll
0x0000000050f60000 - 0x0000000050f95000 	C:\Program Files\Java\jdk1.7.0_11\jre\bin\jdwp.dll
0x00000000690f0000 - 0x00000000690f8000 	C:\Program Files\Java\jdk1.7.0_11\jre\bin\npt.dll
0x0000000056180000 - 0x0000000056195000 	C:\Program Files\Java\jdk1.7.0_11\jre\bin\zip.dll
0x0000000180000000 - 0x00000001800eb000 	C:\Program Files\Hewlett-Packard\HP ProtectTools Security Manager\Bin\DpoFeedb.dll
0x000007feff190000 - 0x000007feff267000 	C:\Windows\system32\OLEAUT32.dll
0x000007fefed30000 - 0x000007fefef33000 	C:\Windows\system32\ole32.dll
0x000007fefc3c0000 - 0x000007fefc3cc000 	C:\Windows\system32\VERSION.dll
0x000007fefd2e0000 - 0x000007fefd2fe000 	C:\Windows\system32\USERENV.dll
0x000007fefd050000 - 0x000007fefd05f000 	C:\Windows\system32\profapi.dll
0x0000000056220000 - 0x000000005622b000 	C:\Program Files\Java\jdk1.7.0_11\jre\bin\dt_shmem.dll
0x000007fefcee0000 - 0x000007fefceef000 	C:\Windows\system32\CRYPTBASE.dll
0x000007fee9cd0000 - 0x000007fee9d01000 	C:\Program Files\Hewlett-Packard\HP ProtectTools Security Manager\Bin\DpoSet.dll
0x0000000064a90000 - 0x0000000064b63000 	C:\Windows\WinSxS\amd64_microsoft.vc90.crt_1fc8b3b9a1e18e3b_9.0.30729.6161_none_08e61857a83bc251\MSVCP90.dll
0x0000000072e80000 - 0x0000000072f23000 	C:\Windows\WinSxS\amd64_microsoft.vc90.crt_1fc8b3b9a1e18e3b_9.0.30729.6161_none_08e61857a83bc251\MSVCR90.dll
0x0000000050ae0000 - 0x0000000050c73000 	C:\Program Files\Java\jdk1.7.0_11\jre\bin\awt.dll
0x000007fefade0000 - 0x000007fefadf8000 	C:\Windows\system32\dwmapi.dll
0x000007fefd630000 - 0x000007fefe3b8000 	C:\Windows\system32\SHELL32.dll
0x0000000056010000 - 0x0000000056044000 	C:\Program Files\Java\jdk1.7.0_11\jre\bin\fontmanager.dll
0x0000000056250000 - 0x0000000056269000 	C:\Program Files\Java\jdk1.7.0_11\jre\bin\net.dll
0x000007fefc820000 - 0x000007fefc875000 	C:\Windows\system32\mswsock.dll
0x000007fefc810000 - 0x000007fefc817000 	C:\Windows\System32\wship6.dll
0x0000000056160000 - 0x0000000056171000 	C:\Program Files\Java\jdk1.7.0_11\jre\bin\nio.dll
0x0000000050fe0000 - 0x0000000051010000 	C:\Program Files\Java\jdk1.7.0_11\jre\bin\jpeg.dll
0x0000000055a70000 - 0x0000000055ab1000 	C:\Program Files\Java\jdk1.7.0_11\jre\bin\t2k.dll
0x000007fefd4a0000 - 0x000007fefd539000 	C:\Windows\system32\CLBCatQ.DLL
0x000007fefabe0000 - 0x000007fefad41000 	C:\Windows\system32\WindowsCodecs.dll
0x000007fefce80000 - 0x000007fefced7000 	C:\Windows\system32\apphelp.dll
0x000007fef1da0000 - 0x000007fef1fdd000 	C:\PROGRA~1\MIF5BA~1\Office15\GROOVEEX.DLL
0x0000000065520000 - 0x00000000655b8000 	C:\Windows\system32\MSVCP100.dll
0x0000000072af0000 - 0x0000000072b1b000 	C:\Windows\system32\ATL100.DLL
0x000007fef1a80000 - 0x000007fef1d9d000 	C:\Windows\system32\msi.dll
0x000007feefc90000 - 0x000007fef051c000 	C:\PROGRA~1\MIF5BA~1\Office15\1036\GrooveIntlResource.dll
0x0000000072ad0000 - 0x0000000072ae6000 	C:\Program Files\Common Files\TortoiseOverlays\TortoiseOverlays.dll
0x0000000064e30000 - 0x0000000064e40000 	C:\Program Files\TortoiseSVN\bin\TortoiseStub.dll
0x0000000064db0000 - 0x0000000064e2b000 	C:\Program Files\TortoiseSVN\bin\TortoiseSVN.dll
0x000007fefef40000 - 0x000007feff18b000 	C:\Windows\system32\WININET.dll
0x000007fefd310000 - 0x000007fefd314000 	C:\Windows\system32\api-ms-win-downlevel-user32-l1-1-0.dll
0x000007fefd060000 - 0x000007fefd064000 	C:\Windows\system32\api-ms-win-downlevel-shlwapi-l1-1-0.dll
0x000007fefd300000 - 0x000007fefd304000 	C:\Windows\system32\api-ms-win-downlevel-version-l1-1-0.dll
0x000007fefd070000 - 0x000007fefd073000 	C:\Windows\system32\api-ms-win-downlevel-normaliz-l1-1-0.dll
0x0000000077450000 - 0x0000000077453000 	C:\Windows\system32\normaliz.DLL
0x000007fefe6c0000 - 0x000007fefe987000 	C:\Windows\system32\iertutil.dll
0x000007fefd2d0000 - 0x000007fefd2d5000 	C:\Windows\system32\api-ms-win-downlevel-advapi32-l1-1-0.dll
0x000007fef3c80000 - 0x000007fef406d000 	C:\Program Files\TortoiseSVN\bin\libsvn_tsvn.dll
0x0000000064d80000 - 0x0000000064dab000 	C:\Program Files\TortoiseSVN\bin\libapr_tsvn.dll
0x0000000064d30000 - 0x0000000064d71000 	C:\Program Files\TortoiseSVN\bin\libaprutil_tsvn.dll
0x000007feff530000 - 0x000007feff582000 	C:\Windows\system32\WLDAP32.dll
0x000007fef3c70000 - 0x000007fef3c80000 	C:\Program Files\TortoiseSVN\bin\intl3_tsvn.dll
0x000007fef3c50000 - 0x000007fef3c6a000 	C:\Program Files\TortoiseSVN\bin\libsasl.dll
0x000007fefce20000 - 0x000007fefce2b000 	C:\Windows\system32\Secur32.dll
0x000007fefce50000 - 0x000007fefce75000 	C:\Windows\system32\SSPICLI.DLL
0x000007fefd090000 - 0x000007fefd1fc000 	C:\Windows\system32\CRYPT32.dll
0x000007fefd040000 - 0x000007fefd04f000 	C:\Windows\system32\MSASN1.dll
0x000007fef1a40000 - 0x000007fef1a75000 	C:\Windows\system32\EhStorShell.dll
0x000007fefe990000 - 0x000007fefeb67000 	C:\Windows\system32\SETUPAPI.dll
0x000007fefd200000 - 0x000007fefd236000 	C:\Windows\system32\CFGMGR32.dll
0x000007fefd2b0000 - 0x000007fefd2ca000 	C:\Windows\system32\DEVOBJ.dll
0x000007fefbc40000 - 0x000007fefbd6c000 	C:\Windows\system32\PROPSYS.dll
0x000007feef620000 - 0x000007feefc8f000 	C:\PROGRA~1\MIF5BA~1\Office14\GROOVEEX.DLL
0x0000000067e60000 - 0x0000000067e8f000 	C:\Windows\WinSxS\amd64_microsoft.vc90.atl_1fc8b3b9a1e18e3b_9.0.30729.6161_none_0a1fd3a3a768b895\ATL90.DLL
0x000007feef200000 - 0x000007feef61a000 	C:\PROGRA~1\COMMON~1\MICROS~1\OFFICE14\Cultures\office.odf
0x000007feee970000 - 0x000007feef1f8000 	C:\PROGRA~1\MIF5BA~1\Office14\1036\GrooveIntlResource.dll
0x0000000055a10000 - 0x0000000055a3a000 	C:\Program Files\Java\jdk1.7.0_11\jre\bin\dcpr.dll
0x000007fef1730000 - 0x000007fef17ce000 	C:\Windows\system32\RICHED20.DLL
0x000007fef8690000 - 0x000007fef87b5000 	C:\Windows\system32\dbghelp.dll

VM Arguments:
jvm_args: -Xdebug -Xrunjdwp:transport=dt_shmem,address=javadebug -Dfile.encoding=UTF-8 
java_command: marcadministrationclient.MainJFrame
Launcher Type: SUN_STANDARD

Environment Variables:
PATH=C:\Program Files (x86)\ImageMagick-6.8.7-Q16;C:\Program Files\Common Files\Microsoft Shared\Windows Live;C:\Program Files (x86)\AMD APP\bin\x86_64;C:\Program Files (x86)\AMD APP\bin\x86;C:\Windows\system32;C:\Windows;C:\Windows\System32\Wbem;C:\Program Files (x86)\ATI Technologies\ATI.ACE\Core-Static;C:\Windows\System32\WindowsPowerShell\v1.0\;C:\Program Files\Microsoft\Web Platform Installer\;C:\Program Files (x86)\Microsoft ASP.NET\ASP.NET Web Pages\v1.0\;C:\Program Files\Microsoft SQL Server\110\Tools\Binn\;C:\Program Files (x86)\Microsoft SQL Server\90\Tools\binn\;C:\Windows\System32\WindowsPowerShell\v1.0\;C:\Program Files\TortoiseSVN\bin;C:\Program Files (x86)\Windows Kits\8.1\Windows Performance Toolkit\;C:\Program Files (x86)\Microsoft SDKs\TypeScript\1.0\;C:\Program Files\Common Files\Microsoft Shared\Windows Live;C:\Program Files (x86)\CMake 2.8\bin
USERNAME=patrice
OS=Windows_NT
PROCESSOR_IDENTIFIER=Intel64 Family 6 Model 42 Stepping 7, GenuineIntel



---------------  S Y S T E M  ---------------

OS: Windows 7 , 64 bit Build 7601 Service Pack 1

CPU:total 2 (2 cores per cpu, 2 threads per core) family 6 model 42 stepping 7, cmov, cx8, fxsr, mmx, sse, sse2, sse3, ssse3, sse4.1, sse4.2, popcnt, avx, ht, tsc, tscinvbit

Memory: 4k page, physical 8321392k(3515604k free), swap 16640920k(10506028k free)

vm_info: Java HotSpot(TM) 64-Bit Server VM (23.6-b04) for windows-amd64 JRE (1.7.0_11-b21), built on Jan 12 2013 02:38:42 by "java_re" with unknown MS VC++:1600

time: Mon Dec 01 14:00:49 2014
elapsed time: 227 seconds

