#
# A fatal error has been detected by the Java Runtime Environment:
#
#  EXCEPTION_ACCESS_VIOLATION (0xc0000005) at pc=0x00000000025db108, pid=8744, tid=9444
#
# JRE version: 7.0_11-b21
# Java VM: Java HotSpot(TM) 64-Bit Server VM (23.6-b04 mixed mode windows-amd64 compressed oops)
# Problematic frame:
# j  java.lang.ref.ReferenceQueue.reallyPoll()Ljava/lang/ref/Reference;+51
#
# Failed to write core dump. Minidumps are not enabled by default on client versions of Windows
#
# If you would like to submit a bug report, please visit:
#   http://bugreport.sun.com/bugreport/crash.jsp
#

---------------  T H R E A D  ---------------

Current thread (0x000000000c50a800):  JavaThread "Java2D Disposer" daemon [_thread_in_Java, id=9444, stack(0x000000000dbe0000,0x000000000dce0000)]

siginfo: ExceptionCode=0xc0000005, reading address 0x00000007f8000048

Registers:
RAX=0x000000077be30c70, RBX=0x000000000000002f, RCX=0x0000000000000048, RDX=0x00000007f8000000
RSP=0x000000000dcdf3e0, RBP=0x000000000dcdf420, RSI=0x00000000ef7f94e4, RDI=0x000000077be311e0
R8 =0x000000077bed0df0, R9 =0x000000000000000c, R10=0x000000006e8759c0, R11=0x000000000dcdf3a0
R12=0x0000000000000000, R13=0x000000077bed0587, R14=0x000000000dcdf438, R15=0x000000000c50a800
RIP=0x00000000025db108, EFLAGS=0x0000000000010206

Top of Stack: (sp=0x000000000dcdf3e0)
0x000000000dcdf3e0:   000000000dcdf3e0 000000077bed0583
0x000000000dcdf3f0:   000000000dcdf438 000000077bed0d90
0x000000000dcdf400:   000000077d1b1570 000000077bed05a8
0x000000000dcdf410:   0000000000000000 000000000dcdf438
0x000000000dcdf420:   000000000dcdf490 00000000025b6473
0x000000000dcdf430:   00000007823c23a8 0000000781030af8
0x000000000dcdf440:   0000000000000003 0000000781030b18
0x000000000dcdf450:   000000000dcdf440 000000077bed0808
0x000000000dcdf460:   000000000dcdf4c8 000000077bed0d90
0x000000000dcdf470:   000000077d1d1220 000000077bed0858
0x000000000dcdf480:   000000000dcdf438 000000000dcdf4b8
0x000000000dcdf490:   000000000dcdf510 00000000025b6473
0x000000000dcdf4a0:   0000000000000000 0000000000000000
0x000000000dcdf4b0:   0000000781030b18 0000000000000000
0x000000000dcdf4c0:   00000007811c9e90 0000000781030af8
0x000000000dcdf4d0:   000000000dcdf4d0 000000077bed092a 

Instructions: (pc=0x00000000025db108)
0x00000000025db0e8:   89 51 10 bf 01 00 00 00 48 89 79 18 48 83 c1 30
0x00000000025db0f8:   48 89 4d e0 48 3b d0 0f 84 5c 00 00 00 8b 48 1c
0x00000000025db108:   48 3b 04 0a 0f 84 4f 00 00 00 83 f9 28 0f 85 25
0x00000000025db118:   00 00 00 50 48 8b c0 57 48 8b 7a 30 8b 4f 0c 48 


Register to memory mapping:

RAX=0x000000077be30c70 is an oop
{instance class} 
 - klass: {other class}
RBX=0x000000000000002f is an unknown value
RCX=0x0000000000000048 is an unknown value
RDX=0x00000007f8000000 is an unallocated location in the heap
RSP=0x000000000dcdf3e0 is pointing into the stack for thread: 0x000000000c50a800
RBP=0x000000000dcdf420 is pointing into the stack for thread: 0x000000000c50a800
RSI=0x00000000ef7f94e4 is an unknown value
RDI=0x000000077be311e0 is an oop
{instance class} 
 - klass: {other class}
R8 =0x000000077bed0df0 is an oop
{constant pool cache} 
 - klass: {other class}
R9 =0x000000000000000c is an unknown value
R10=0x000000006e8759c0 is an unknown value
R11=0x000000000dcdf3a0 is pointing into the stack for thread: 0x000000000c50a800
R12=0x0000000000000000 is an unknown value
R13=0x000000077bed0587 is an oop
{constMethod} 
 - klass: {other class}
 - method:       0x000000077bed05a8 {method} 'reallyPoll' '()Ljava/lang/ref/Reference;' in 'java/lang/ref/ReferenceQueue'
 - exceptions:   0x000000077be01d50
bci_from(000000077BED0587) = 55; print_codes():
R14=0x000000000dcdf438 is pointing into the stack for thread: 0x000000000c50a800
R15=0x000000000c50a800 is a thread


Stack: [0x000000000dbe0000,0x000000000dce0000],  sp=0x000000000dcdf3e0,  free space=1020k
Native frames: (J=compiled Java code, j=interpreted, Vv=VM code, C=native code)
j  java.lang.ref.ReferenceQueue.reallyPoll()Ljava/lang/ref/Reference;+51
j  java.lang.ref.ReferenceQueue.remove(J)Ljava/lang/ref/Reference;+24
j  java.lang.ref.ReferenceQueue.remove()Ljava/lang/ref/Reference;+2
j  sun.java2d.Disposer.run()V+3
j  java.lang.Thread.run()V+11
v  ~StubRoutines::call_stub


---------------  P R O C E S S  ---------------

Java Threads: ( => current thread )
  0x000000000e66b800 JavaThread "SwingWorker-pool-1-thread-10" daemon [_thread_blocked, id=11280, stack(0x0000000011b20000,0x0000000011c20000)]
  0x000000000e66b000 JavaThread "SwingWorker-pool-1-thread-9" daemon [_thread_blocked, id=10528, stack(0x0000000011840000,0x0000000011940000)]
  0x000000000e66a000 JavaThread "SwingWorker-pool-1-thread-8" daemon [_thread_blocked, id=10332, stack(0x0000000011730000,0x0000000011830000)]
  0x000000000e669800 JavaThread "SwingWorker-pool-1-thread-7" daemon [_thread_blocked, id=11632, stack(0x0000000011270000,0x0000000011370000)]
  0x000000000e668800 JavaThread "SwingWorker-pool-1-thread-6" daemon [_thread_blocked, id=8392, stack(0x0000000010f00000,0x0000000011000000)]
  0x000000000f592000 JavaThread "SwingWorker-pool-1-thread-5" daemon [_thread_blocked, id=10720, stack(0x0000000011140000,0x0000000011240000)]
  0x000000000f381000 JavaThread "SwingWorker-pool-1-thread-4" daemon [_thread_blocked, id=4872, stack(0x000000000ff50000,0x0000000010050000)]
  0x000000000e731800 JavaThread "SwingWorker-pool-1-thread-3" daemon [_thread_blocked, id=11460, stack(0x0000000010c40000,0x0000000010d40000)]
  0x000000000e607800 JavaThread "SwingWorker-pool-1-thread-2" daemon [_thread_blocked, id=11516, stack(0x000000000fe10000,0x000000000ff10000)]
  0x000000000c4a0800 JavaThread "SwingWorker-pool-1-thread-1" daemon [_thread_in_Java, id=9316, stack(0x000000000fb80000,0x000000000fc80000)]
  0x000000000c3d8800 JavaThread "TimerQueue" daemon [_thread_blocked, id=10652, stack(0x000000000e190000,0x000000000e290000)]
  0x000000000c514000 JavaThread "org.netbeans.modules.debugger.jpda.visual AWT Access Loop" daemon [_thread_blocked, id=10388, stack(0x000000000def0000,0x000000000dff0000)]
  0x000000000014f000 JavaThread "DestroyJavaVM" [_thread_blocked, id=11104, stack(0x00000000023d0000,0x00000000024d0000)]
  0x000000000c512000 JavaThread "AWT-EventQueue-0" [_thread_blocked, id=10624, stack(0x000000000e020000,0x000000000e120000)]
  0x000000000c510000 JavaThread "AWT-Windows" daemon [_thread_in_native, id=7112, stack(0x000000000ddf0000,0x000000000def0000)]
  0x000000000c50b000 JavaThread "AWT-Shutdown" [_thread_blocked, id=11688, stack(0x000000000da60000,0x000000000db60000)]
=>0x000000000c50a800 JavaThread "Java2D Disposer" daemon [_thread_in_Java, id=9444, stack(0x000000000dbe0000,0x000000000dce0000)]
  0x000000000c325800 JavaThread "Service Thread" daemon [_thread_blocked, id=9128, stack(0x000000000d660000,0x000000000d760000)]
  0x000000000c319000 JavaThread "C2 CompilerThread1" daemon [_thread_blocked, id=10840, stack(0x000000000d450000,0x000000000d550000)]
  0x000000000c313000 JavaThread "C2 CompilerThread0" daemon [_thread_blocked, id=11480, stack(0x000000000d350000,0x000000000d450000)]
  0x000000000c2fd800 JavaThread "JDWP Command Reader" daemon [_thread_in_native, id=11376, stack(0x000000000d170000,0x000000000d270000)]
  0x000000000c2fa800 JavaThread "JDWP Event Helper Thread" daemon [_thread_blocked, id=10764, stack(0x000000000cfe0000,0x000000000d0e0000)]
  0x000000000c2e6800 JavaThread "JDWP Transport Listener: dt_shmem" daemon [_thread_blocked, id=11056, stack(0x000000000cbc0000,0x000000000ccc0000)]
  0x00000000021db800 JavaThread "Attach Listener" daemon [_thread_blocked, id=10656, stack(0x000000000cd70000,0x000000000ce70000)]
  0x00000000021da000 JavaThread "Signal Dispatcher" daemon [_thread_blocked, id=9096, stack(0x000000000ca80000,0x000000000cb80000)]
  0x0000000002157000 JavaThread "Finalizer" daemon [_thread_blocked, id=11100, stack(0x000000000c120000,0x000000000c220000)]
  0x000000000214e000 JavaThread "Reference Handler" daemon [_thread_blocked, id=10148, stack(0x000000000bee0000,0x000000000bfe0000)]

Other Threads:
  0x0000000002146000 VMThread [stack: 0x000000000bbe0000,0x000000000bce0000] [id=2756]
  0x000000000c32f000 WatcherThread [stack: 0x000000000d7b0000,0x000000000d8b0000] [id=11488]

VM state:not at safepoint (normal execution)

VM Mutex/Monitor currently owned by a thread: None

Heap
 PSYoungGen      total 25088K, used 1433K [0x00000007d5ab0000, 0x00000007d7360000, 0x0000000800000000)
  eden space 24896K, 5% used [0x00000007d5ab0000,0x00000007d5c16728,0x00000007d7300000)
  from space 192K, 0% used [0x00000007d7330000,0x00000007d7330000,0x00000007d7360000)
  to   space 192K, 0% used [0x00000007d7300000,0x00000007d7300000,0x00000007d7330000)
 ParOldGen       total 86720K, used 20254K [0x0000000781000000, 0x00000007864b0000, 0x00000007d5ab0000)
  object space 86720K, 23% used [0x0000000781000000,0x00000007823c7a30,0x00000007864b0000)
 PSPermGen       total 21504K, used 20378K [0x000000077be00000, 0x000000077d300000, 0x0000000781000000)
  object space 21504K, 94% used [0x000000077be00000,0x000000077d1e6ab0,0x000000077d300000)

Card table byte_map: [0x00000000055b0000,0x00000000059e0000] byte_map_base: 0x00000000019d1000

Polling page: 0x0000000000110000

Code Cache  [0x00000000025b0000, 0x0000000002860000, 0x00000000055b0000)
 total_blobs=1308 nmethods=820 adapters=448 free_code_cache=46461Kb largest_free_block=47534080

Compilation events (10 events):
Event: 387.442 Thread 0x000000000c319000  828   !         javax.swing.text.AbstractDocument::fireRemoveUpdate (70 bytes)
Event: 387.450 Thread 0x000000000c319000 nmethod 828 0x0000000002840610 code [0x00000000028407a0, 0x0000000002840cf8]
Event: 387.580 Thread 0x000000000c313000  829             java.util.Arrays::equals (78 bytes)
Event: 387.584 Thread 0x000000000c313000 nmethod 829 0x0000000002853c50 code [0x0000000002853da0, 0x0000000002853f18]
Event: 389.882 Thread 0x000000000c319000  830             javax.swing.plaf.basic.BasicTableUI::getPreferredSize (56 bytes)
Event: 389.898 Thread 0x000000000c319000 nmethod 830 0x0000000002854210 code [0x00000000028543e0, 0x0000000002854df8]
Event: 390.322 Thread 0x000000000c313000  831             java.util.Calendar::setTimeInMillis (84 bytes)
Event: 390.325 Thread 0x000000000c313000 nmethod 831 0x000000000283f1d0 code [0x000000000283f320, 0x000000000283f438]
Event: 393.054 Thread 0x000000000c313000  832             sun.java2d.SunGraphics2D::getFontInfo (34 bytes)
Event: 393.056 Thread 0x000000000c313000 nmethod 832 0x0000000002852a10 code [0x0000000002852b60, 0x0000000002852c28]

GC Heap History (10 events):
Event: 393.205 GC heap before
{Heap before GC invocations=788 (full 386):
 PSYoungGen      total 25088K, used 32K [0x00000007d5ab0000, 0x00000007d7360000, 0x0000000800000000)
  eden space 24896K, 0% used [0x00000007d5ab0000,0x00000007d5ab0000,0x00000007d7300000)
  from space 192K, 16% used [0x00000007d7330000,0x00000007d7338000,0x00000007d7360000)
  to   space 192K, 0% used [0x00000007d7300000,0x00000007d7300000,0x00000007d7330000)
 ParOldGen       total 86720K, used 20266K [0x0000000781000000, 0x00000007864b0000, 0x00000007d5ab0000)
  object space 86720K, 23% used [0x0000000781000000,0x00000007823caa78,0x00000007864b0000)
 PSPermGen       total 21504K, used 20378K [0x000000077be00000, 0x000000077d300000, 0x0000000781000000)
  object space 21504K, 94% used [0x000000077be00000,0x000000077d1e6ab0,0x000000077d300000)
Event: 393.276 GC heap after
Heap after GC invocations=788 (full 386):
 PSYoungGen      total 25088K, used 0K [0x00000007d5ab0000, 0x00000007d7360000, 0x0000000800000000)
  eden space 24896K, 0% used [0x00000007d5ab0000,0x00000007d5ab0000,0x00000007d7300000)
  from space 192K, 0% used [0x00000007d7330000,0x00000007d7330000,0x00000007d7360000)
  to   space 192K, 0% used [0x00000007d7300000,0x00000007d7300000,0x00000007d7330000)
 ParOldGen       total 86720K, used 20252K [0x0000000781000000, 0x00000007864b0000, 0x00000007d5ab0000)
  object space 86720K, 23% used [0x0000000781000000,0x00000007823c7348,0x00000007864b0000)
 PSPermGen       total 21504K, used 20378K [0x000000077be00000, 0x000000077d300000, 0x0000000781000000)
  object space 21504K, 94% used [0x000000077be00000,0x000000077d1e6ab0,0x000000077d300000)
}
Event: 394.049 GC heap before
{Heap before GC invocations=789 (full 386):
 PSYoungGen      total 25088K, used 1951K [0x00000007d5ab0000, 0x00000007d7360000, 0x0000000800000000)
  eden space 24896K, 7% used [0x00000007d5ab0000,0x00000007d5c97d98,0x00000007d7300000)
  from space 192K, 0% used [0x00000007d7330000,0x00000007d7330000,0x00000007d7360000)
  to   space 192K, 0% used [0x00000007d7300000,0x00000007d7300000,0x00000007d7330000)
 ParOldGen       total 86720K, used 20252K [0x0000000781000000, 0x00000007864b0000, 0x00000007d5ab0000)
  object space 86720K, 23% used [0x0000000781000000,0x00000007823c7348,0x00000007864b0000)
 PSPermGen       total 21504K, used 20378K [0x000000077be00000, 0x000000077d300000, 0x0000000781000000)
  object space 21504K, 94% used [0x000000077be00000,0x000000077d1e6ab0,0x000000077d300000)
Event: 394.053 GC heap after
Heap after GC invocations=789 (full 386):
 PSYoungGen      total 25088K, used 96K [0x00000007d5ab0000, 0x00000007d7360000, 0x0000000800000000)
  eden space 24896K, 0% used [0x00000007d5ab0000,0x00000007d5ab0000,0x00000007d7300000)
  from space 192K, 50% used [0x00000007d7300000,0x00000007d7318000,0x00000007d7330000)
  to   space 192K, 0% used [0x00000007d7330000,0x00000007d7330000,0x00000007d7360000)
 ParOldGen       total 86720K, used 20252K [0x0000000781000000, 0x00000007864b0000, 0x00000007d5ab0000)
  object space 86720K, 23% used [0x0000000781000000,0x00000007823c7348,0x00000007864b0000)
 PSPermGen       total 21504K, used 20378K [0x000000077be00000, 0x000000077d300000, 0x0000000781000000)
  object space 21504K, 94% used [0x000000077be00000,0x000000077d1e6ab0,0x000000077d300000)
}
Event: 394.054 GC heap before
{Heap before GC invocations=790 (full 387):
 PSYoungGen      total 25088K, used 96K [0x00000007d5ab0000, 0x00000007d7360000, 0x0000000800000000)
  eden space 24896K, 0% used [0x00000007d5ab0000,0x00000007d5ab0000,0x00000007d7300000)
  from space 192K, 50% used [0x00000007d7300000,0x00000007d7318000,0x00000007d7330000)
  to   space 192K, 0% used [0x00000007d7330000,0x00000007d7330000,0x00000007d7360000)
 ParOldGen       total 86720K, used 20252K [0x0000000781000000, 0x00000007864b0000, 0x00000007d5ab0000)
  object space 86720K, 23% used [0x0000000781000000,0x00000007823c7348,0x00000007864b0000)
 PSPermGen       total 21504K, used 20378K [0x000000077be00000, 0x000000077d300000, 0x0000000781000000)
  object space 21504K, 94% used [0x000000077be00000,0x000000077d1e6ab0,0x000000077d300000)
Event: 394.190 GC heap after
Heap after GC invocations=790 (full 387):
 PSYoungGen      total 25088K, used 0K [0x00000007d5ab0000, 0x00000007d7360000, 0x0000000800000000)
  eden space 24896K, 0% used [0x00000007d5ab0000,0x00000007d5ab0000,0x00000007d7300000)
  from space 192K, 0% used [0x00000007d7300000,0x00000007d7300000,0x00000007d7330000)
  to   space 192K, 0% used [0x00000007d7330000,0x00000007d7330000,0x00000007d7360000)
 ParOldGen       total 86720K, used 20266K [0x0000000781000000, 0x00000007864b0000, 0x00000007d5ab0000)
  object space 86720K, 23% used [0x0000000781000000,0x00000007823caa48,0x00000007864b0000)
 PSPermGen       total 21504K, used 20378K [0x000000077be00000, 0x000000077d300000, 0x0000000781000000)
  object space 21504K, 94% used [0x000000077be00000,0x000000077d1e6ab0,0x000000077d300000)
}
Event: 394.193 GC heap before
{Heap before GC invocations=791 (full 387):
 PSYoungGen      total 25088K, used 382K [0x00000007d5ab0000, 0x00000007d7360000, 0x0000000800000000)
  eden space 24896K, 1% used [0x00000007d5ab0000,0x00000007d5b0fb68,0x00000007d7300000)
  from space 192K, 0% used [0x00000007d7300000,0x00000007d7300000,0x00000007d7330000)
  to   space 192K, 0% used [0x00000007d7330000,0x00000007d7330000,0x00000007d7360000)
 ParOldGen       total 86720K, used 20266K [0x0000000781000000, 0x00000007864b0000, 0x00000007d5ab0000)
  object space 86720K, 23% used [0x0000000781000000,0x00000007823caa48,0x00000007864b0000)
 PSPermGen       total 21504K, used 20378K [0x000000077be00000, 0x000000077d300000, 0x0000000781000000)
  object space 21504K, 94% used [0x000000077be00000,0x000000077d1e6ab0,0x000000077d300000)
Event: 394.198 GC heap after
Heap after GC invocations=791 (full 387):
 PSYoungGen      total 25088K, used 32K [0x00000007d5ab0000, 0x00000007d7360000, 0x0000000800000000)
  eden space 24896K, 0% used [0x00000007d5ab0000,0x00000007d5ab0000,0x00000007d7300000)
  from space 192K, 16% used [0x00000007d7330000,0x00000007d7338000,0x00000007d7360000)
  to   space 192K, 0% used [0x00000007d7300000,0x00000007d7300000,0x00000007d7330000)
 ParOldGen       total 86720K, used 20266K [0x0000000781000000, 0x00000007864b0000, 0x00000007d5ab0000)
  object space 86720K, 23% used [0x0000000781000000,0x00000007823caa48,0x00000007864b0000)
 PSPermGen       total 21504K, used 20378K [0x000000077be00000, 0x000000077d300000, 0x0000000781000000)
  object space 21504K, 94% used [0x000000077be00000,0x000000077d1e6ab0,0x000000077d300000)
}
Event: 394.198 GC heap before
{Heap before GC invocations=792 (full 388):
 PSYoungGen      total 25088K, used 32K [0x00000007d5ab0000, 0x00000007d7360000, 0x0000000800000000)
  eden space 24896K, 0% used [0x00000007d5ab0000,0x00000007d5ab0000,0x00000007d7300000)
  from space 192K, 16% used [0x00000007d7330000,0x00000007d7338000,0x00000007d7360000)
  to   space 192K, 0% used [0x00000007d7300000,0x00000007d7300000,0x00000007d7330000)
 ParOldGen       total 86720K, used 20266K [0x0000000781000000, 0x00000007864b0000, 0x00000007d5ab0000)
  object space 86720K, 23% used [0x0000000781000000,0x00000007823caa48,0x00000007864b0000)
 PSPermGen       total 21504K, used 20378K [0x000000077be00000, 0x000000077d300000, 0x0000000781000000)
  object space 21504K, 94% used [0x000000077be00000,0x000000077d1e6ab0,0x000000077d300000)
Event: 394.332 GC heap after
Heap after GC invocations=792 (full 388):
 PSYoungGen      total 25088K, used 0K [0x00000007d5ab0000, 0x00000007d7360000, 0x0000000800000000)
  eden space 24896K, 0% used [0x00000007d5ab0000,0x00000007d5ab0000,0x00000007d7300000)
  from space 192K, 0% used [0x00000007d7330000,0x00000007d7330000,0x00000007d7360000)
  to   space 192K, 0% used [0x00000007d7300000,0x00000007d7300000,0x00000007d7330000)
 ParOldGen       total 86720K, used 20254K [0x0000000781000000, 0x00000007864b0000, 0x00000007d5ab0000)
  object space 86720K, 23% used [0x0000000781000000,0x00000007823c7a30,0x00000007864b0000)
 PSPermGen       total 21504K, used 20378K [0x000000077be00000, 0x000000077d300000, 0x0000000781000000)
  object space 21504K, 94% used [0x000000077be00000,0x000000077d1e6ab0,0x000000077d300000)
}

Deoptimization events (0 events):
No events

Internal exceptions (10 events):
Event: 94.395 Thread 0x000000000c512000 Threw 0x00000007d5ae2f48 at C:\jdk7u1_64p\jdk7u11\hotspot\src\share\vm\prims\jvm.cpp:1166
Event: 94.396 Thread 0x000000000c512000 Threw 0x00000007d5ae5868 at C:\jdk7u1_64p\jdk7u11\hotspot\src\share\vm\prims\jvm.cpp:1166
Event: 95.369 Thread 0x000000000c512000 Threw 0x00000007d6b37c98 at C:\jdk7u1_64p\jdk7u11\hotspot\src\share\vm\prims\jvm.cpp:1166
Event: 103.778 Thread 0x000000000c512000 Threw 0x00000007d62df6c0 at C:\jdk7u1_64p\jdk7u11\hotspot\src\share\vm\prims\jvm.cpp:1166
Event: 127.138 Thread 0x000000000c512000 Threw 0x00000007d5bdc510 at C:\jdk7u1_64p\jdk7u11\hotspot\src\share\vm\prims\jvm.cpp:1166
Event: 127.164 Thread 0x000000000c512000 Threw 0x00000007d5bee8c0 at C:\jdk7u1_64p\jdk7u11\hotspot\src\share\vm\prims\jvm.cpp:1166
Event: 127.186 Thread 0x000000000c512000 Threw 0x00000007d5c031c8 at C:\jdk7u1_64p\jdk7u11\hotspot\src\share\vm\prims\jvm.cpp:1166
Event: 133.178 Thread 0x000000000c512000 Threw 0x00000007d5c39ab0 at C:\jdk7u1_64p\jdk7u11\hotspot\src\share\vm\prims\jvm.cpp:1166
Event: 135.533 Thread 0x000000000c512000 Threw 0x00000007d5ac1ef0 at C:\jdk7u1_64p\jdk7u11\hotspot\src\share\vm\prims\jvm.cpp:1166
Event: 142.100 Thread 0x000000000c512000 Threw 0x00000007d6494628 at C:\jdk7u1_64p\jdk7u11\hotspot\src\share\vm\prims\jvm.cpp:1166

Events (10 events):
Event: 392.472 Executing VM operation: ParallelGCSystemGC
Event: 392.574 Executing VM operation: ParallelGCSystemGC done
Event: 393.120 Executing VM operation: ParallelGCSystemGC
Event: 393.201 Executing VM operation: ParallelGCSystemGC done
Event: 393.202 Executing VM operation: ParallelGCSystemGC
Event: 393.276 Executing VM operation: ParallelGCSystemGC done
Event: 394.049 Executing VM operation: ParallelGCSystemGC
Event: 394.190 Executing VM operation: ParallelGCSystemGC done
Event: 394.192 Executing VM operation: ParallelGCSystemGC
Event: 394.332 Executing VM operation: ParallelGCSystemGC done


Dynamic libraries:
0x000000013f130000 - 0x000000013f163000 	C:\Program Files\Java\jdk1.7.0_11\bin\java.exe
0x00000000772c0000 - 0x0000000077469000 	C:\Windows\SYSTEM32\ntdll.dll
0x00000000770a0000 - 0x00000000771bf000 	C:\Windows\system32\kernel32.dll
0x000007fefd0d0000 - 0x000007fefd13c000 	C:\Windows\system32\KERNELBASE.dll
0x000007fefe9c0000 - 0x000007fefea9b000 	C:\Windows\system32\ADVAPI32.dll
0x000007fefe8c0000 - 0x000007fefe95f000 	C:\Windows\system32\msvcrt.dll
0x000007fefe8a0000 - 0x000007fefe8bf000 	C:\Windows\SYSTEM32\sechost.dll
0x000007fefd600000 - 0x000007fefd72d000 	C:\Windows\system32\RPCRT4.dll
0x00000000771c0000 - 0x00000000772ba000 	C:\Windows\system32\USER32.dll
0x000007fefd440000 - 0x000007fefd4a7000 	C:\Windows\system32\GDI32.dll
0x000007fefebb0000 - 0x000007fefebbe000 	C:\Windows\system32\LPK.dll
0x000007feff500000 - 0x000007feff5c9000 	C:\Windows\system32\USP10.dll
0x000007fefbb60000 - 0x000007fefbd54000 	C:\Windows\WinSxS\amd64_microsoft.windows.common-controls_6595b64144ccf1df_6.0.7601.17514_none_fa396087175ac9ac\COMCTL32.dll
0x000007fefe7f0000 - 0x000007fefe861000 	C:\Windows\system32\SHLWAPI.dll
0x000007fefe870000 - 0x000007fefe89e000 	C:\Windows\system32\IMM32.DLL
0x000007fefeaa0000 - 0x000007fefeba9000 	C:\Windows\system32\MSCTF.dll
0x00000000791f0000 - 0x00000000792c1000 	C:\Program Files\Java\jdk1.7.0_11\jre\bin\msvcr100.dll
0x000000006e1d0000 - 0x000000006e8ef000 	C:\Program Files\Java\jdk1.7.0_11\jre\bin\server\jvm.dll
0x000007fefa490000 - 0x000007fefa499000 	C:\Windows\system32\WSOCK32.dll
0x000007feff070000 - 0x000007feff0bd000 	C:\Windows\system32\WS2_32.dll
0x000007fefd550000 - 0x000007fefd558000 	C:\Windows\system32\NSI.dll
0x000007fefab70000 - 0x000007fefabab000 	C:\Windows\system32\WINMM.dll
0x0000000077490000 - 0x0000000077497000 	C:\Windows\system32\PSAPI.DLL
0x0000000000150000 - 0x000000000018f000 	C:\Program Files\Java\jdk1.7.0_11\jre\bin\splashscreen.dll
0x000007fefb7e0000 - 0x000007fefb836000 	C:\Windows\system32\uxtheme.dll
0x00000000511b0000 - 0x00000000511bf000 	C:\Program Files\Java\jdk1.7.0_11\jre\bin\verify.dll
0x0000000051040000 - 0x0000000051068000 	C:\Program Files\Java\jdk1.7.0_11\jre\bin\java.dll
0x00000000588a0000 - 0x00000000588d5000 	C:\Program Files\Java\jdk1.7.0_11\jre\bin\jdwp.dll
0x0000000050ba0000 - 0x0000000050ba8000 	C:\Program Files\Java\jdk1.7.0_11\jre\bin\npt.dll
0x0000000051190000 - 0x00000000511a5000 	C:\Program Files\Java\jdk1.7.0_11\jre\bin\zip.dll
0x0000000180000000 - 0x00000001800eb000 	C:\Program Files\Hewlett-Packard\HP ProtectTools Security Manager\Bin\DpoFeedb.dll
0x000007fefe710000 - 0x000007fefe7e7000 	C:\Windows\system32\OLEAUT32.dll
0x000007feff0c0000 - 0x000007feff2c3000 	C:\Windows\system32\ole32.dll
0x000007fefc3c0000 - 0x000007fefc3cc000 	C:\Windows\system32\VERSION.dll
0x000007fefd3c0000 - 0x000007fefd3de000 	C:\Windows\system32\USERENV.dll
0x000007fefd090000 - 0x000007fefd09f000 	C:\Windows\system32\profapi.dll
0x000007fefcee0000 - 0x000007fefceef000 	C:\Windows\system32\CRYPTBASE.dll
0x000007fef1b70000 - 0x000007fef1ba1000 	C:\Program Files\Hewlett-Packard\HP ProtectTools Security Manager\Bin\DpoSet.dll
0x0000000069160000 - 0x0000000069233000 	C:\Windows\WinSxS\amd64_microsoft.vc90.crt_1fc8b3b9a1e18e3b_9.0.30729.6161_none_08e61857a83bc251\MSVCP90.dll
0x0000000072ed0000 - 0x0000000072f73000 	C:\Windows\WinSxS\amd64_microsoft.vc90.crt_1fc8b3b9a1e18e3b_9.0.30729.6161_none_08e61857a83bc251\MSVCR90.dll
0x0000000055940000 - 0x000000005594b000 	C:\Program Files\Java\jdk1.7.0_11\jre\bin\dt_shmem.dll
0x000000006c580000 - 0x000000006c713000 	C:\Program Files\Java\jdk1.7.0_11\jre\bin\awt.dll
0x000007fefb3b0000 - 0x000007fefb3c8000 	C:\Windows\system32\dwmapi.dll
0x000000006d040000 - 0x000000006d074000 	C:\Program Files\Java\jdk1.7.0_11\jre\bin\fontmanager.dll
0x0000000001d50000 - 0x0000000001d69000 	C:\Program Files\Java\jdk1.7.0_11\jre\bin\net.dll
0x000007fefc820000 - 0x000007fefc875000 	C:\Windows\system32\mswsock.dll
0x000007fefc810000 - 0x000007fefc817000 	C:\Windows\System32\wship6.dll
0x000000006e150000 - 0x000000006e161000 	C:\Program Files\Java\jdk1.7.0_11\jre\bin\nio.dll
0x000000006dd80000 - 0x000000006ddc1000 	C:\Program Files\Java\jdk1.7.0_11\jre\bin\t2k.dll
0x000007fefd730000 - 0x000007fefe4b8000 	C:\Windows\system32\SHELL32.dll
0x000000006e180000 - 0x000000006e1b0000 	C:\Program Files\Java\jdk1.7.0_11\jre\bin\jpeg.dll
0x000007fefd4b0000 - 0x000007fefd549000 	C:\Windows\system32\CLBCatQ.DLL
0x000007fefb200000 - 0x000007fefb361000 	C:\Windows\system32\WindowsCodecs.dll
0x000007fefce80000 - 0x000007fefced7000 	C:\Windows\system32\apphelp.dll
0x000007fef6270000 - 0x000007fef64ad000 	C:\PROGRA~1\MIF5BA~1\Office15\GROOVEEX.DLL
0x000000006acc0000 - 0x000000006ad58000 	C:\Windows\system32\MSVCP100.dll
0x000000006ac90000 - 0x000000006acbb000 	C:\Windows\system32\ATL100.DLL
0x000007fef5b50000 - 0x000007fef5e6d000 	C:\Windows\system32\msi.dll
0x000007fef3cf0000 - 0x000007fef457c000 	C:\PROGRA~1\MIF5BA~1\Office15\1036\GrooveIntlResource.dll
0x000000006a920000 - 0x000000006a936000 	C:\Program Files\Common Files\TortoiseOverlays\TortoiseOverlays.dll
0x0000000072a20000 - 0x0000000072a30000 	C:\Program Files\TortoiseSVN\bin\TortoiseStub.dll
0x000000006a8a0000 - 0x000000006a91b000 	C:\Program Files\TortoiseSVN\bin\TortoiseSVN.dll
0x000007fefe4c0000 - 0x000007fefe708000 	C:\Windows\system32\WININET.dll
0x000007fefd3b0000 - 0x000007fefd3b4000 	C:\Windows\system32\api-ms-win-downlevel-user32-l1-1-0.dll
0x000007fefd390000 - 0x000007fefd394000 	C:\Windows\system32\api-ms-win-downlevel-shlwapi-l1-1-0.dll
0x000007fefd3f0000 - 0x000007fefd3f4000 	C:\Windows\system32\api-ms-win-downlevel-version-l1-1-0.dll
0x000007fefd3a0000 - 0x000007fefd3a3000 	C:\Windows\system32\api-ms-win-downlevel-normaliz-l1-1-0.dll
0x0000000077480000 - 0x0000000077483000 	C:\Windows\system32\normaliz.DLL
0x000007fefebc0000 - 0x000007fefee87000 	C:\Windows\system32\iertutil.dll
0x000007fefd0a0000 - 0x000007fefd0a5000 	C:\Windows\system32\api-ms-win-downlevel-advapi32-l1-1-0.dll
0x000007fef3560000 - 0x000007fef394d000 	C:\Program Files\TortoiseSVN\bin\libsvn_tsvn.dll
0x00000000693b0000 - 0x00000000693db000 	C:\Program Files\TortoiseSVN\bin\libapr_tsvn.dll
0x0000000069360000 - 0x00000000693a1000 	C:\Program Files\TortoiseSVN\bin\libaprutil_tsvn.dll
0x000007fefe960000 - 0x000007fefe9b2000 	C:\Windows\system32\WLDAP32.dll
0x000007fef3c20000 - 0x000007fef3c30000 	C:\Program Files\TortoiseSVN\bin\intl3_tsvn.dll
0x000007fef3540000 - 0x000007fef355a000 	C:\Program Files\TortoiseSVN\bin\libsasl.dll
0x000007fefca70000 - 0x000007fefca7b000 	C:\Windows\system32\Secur32.dll
0x000007fefccd0000 - 0x000007fefccf5000 	C:\Windows\system32\SSPICLI.DLL
0x000007fefd1e0000 - 0x000007fefd34c000 	C:\Windows\system32\CRYPT32.dll
0x000007fefd080000 - 0x000007fefd08f000 	C:\Windows\system32\MSASN1.dll
0x000007fef34e0000 - 0x000007fef3515000 	C:\Windows\system32\EhStorShell.dll
0x000007fefee90000 - 0x000007feff067000 	C:\Windows\system32\SETUPAPI.dll
0x000007fefd400000 - 0x000007fefd436000 	C:\Windows\system32\CFGMGR32.dll
0x000007fefd0b0000 - 0x000007fefd0ca000 	C:\Windows\system32\DEVOBJ.dll
0x000007fefb840000 - 0x000007fefb96c000 	C:\Windows\system32\PROPSYS.dll
0x000007fef2e70000 - 0x000007fef34df000 	C:\PROGRA~1\MIF5BA~1\Office14\GROOVEEX.DLL
0x0000000069130000 - 0x000000006915f000 	C:\Windows\WinSxS\amd64_microsoft.vc90.atl_1fc8b3b9a1e18e3b_9.0.30729.6161_none_0a1fd3a3a768b895\ATL90.DLL
0x000007fef2a50000 - 0x000007fef2e6a000 	C:\PROGRA~1\COMMON~1\MICROS~1\OFFICE14\Cultures\office.odf
0x000007fef21c0000 - 0x000007fef2a48000 	C:\PROGRA~1\MIF5BA~1\Office14\1036\GrooveIntlResource.dll
0x00000000022b0000 - 0x00000000022da000 	C:\Program Files\Java\jdk1.7.0_11\jre\bin\dcpr.dll
0x000007fefc880000 - 0x000007fefc897000 	C:\Windows\system32\CRYPTSP.dll
0x000007fefc580000 - 0x000007fefc5c7000 	C:\Windows\system32\rsaenh.dll
0x000007fefa9b0000 - 0x000007fefa9c5000 	C:\Windows\system32\NLAapi.dll
0x000007fef3c70000 - 0x000007fef3c85000 	C:\Windows\system32\napinsp.dll
0x000007fef3c50000 - 0x000007fef3c69000 	C:\Windows\system32\pnrpnsp.dll
0x000007fef3c40000 - 0x000007fef3c50000 	C:\Windows\system32\wshbth.dll
0x000000006af10000 - 0x000000006af36000 	C:\Program Files\Bonjour\mdnsNSP.dll
0x000007fefa440000 - 0x000007fefa467000 	C:\Windows\system32\Iphlpapi.DLL
0x000007fefa430000 - 0x000007fefa43b000 	C:\Windows\system32\WINNSI.DLL
0x000007fefc6a0000 - 0x000007fefc6fb000 	C:\Windows\system32\DNSAPI.dll
0x000007fef3c30000 - 0x000007fef3c3b000 	C:\Windows\System32\winrnr.dll
0x000000006ae80000 - 0x000000006aeae000 	c:\Program Files\Common Files\Microsoft Shared\Windows Live\WLIDNSP.DLL
0x000007fefc160000 - 0x000007fefc167000 	C:\Windows\System32\wshtcpip.dll
0x000007fef5b30000 - 0x000007fef5b38000 	C:\Windows\system32\rasadhlp.dll
0x000007fefa2c0000 - 0x000007fefa313000 	C:\Windows\System32\fwpuclnt.dll

VM Arguments:
jvm_args: -Xdebug -Xrunjdwp:transport=dt_shmem,address=javadebug -Dfile.encoding=UTF-8 
java_command: marcadministrationclient.mARCAdministrationClient
Launcher Type: SUN_STANDARD

Environment Variables:
PATH=C:\Program Files (x86)\ImageMagick-6.8.7-Q16;C:\Program Files\Common Files\Microsoft Shared\Windows Live;C:\Program Files (x86)\AMD APP\bin\x86_64;C:\Program Files (x86)\AMD APP\bin\x86;C:\Windows\system32;C:\Windows;C:\Windows\System32\Wbem;C:\Program Files (x86)\ATI Technologies\ATI.ACE\Core-Static;C:\Windows\System32\WindowsPowerShell\v1.0\;C:\Program Files\Microsoft\Web Platform Installer\;C:\Program Files (x86)\Microsoft ASP.NET\ASP.NET Web Pages\v1.0\;C:\Program Files\Microsoft SQL Server\110\Tools\Binn\;C:\Program Files (x86)\Microsoft SQL Server\90\Tools\binn\;C:\Windows\System32\WindowsPowerShell\v1.0\;C:\Program Files\TortoiseSVN\bin;C:\Program Files (x86)\Windows Kits\8.1\Windows Performance Toolkit\;C:\Program Files (x86)\Microsoft SDKs\TypeScript\1.0\;C:\Program Files\Common Files\Microsoft Shared\Windows Live;C:\Program Files (x86)\CMake 2.8\bin
USERNAME=patrice
OS=Windows_NT
PROCESSOR_IDENTIFIER=Intel64 Family 6 Model 42 Stepping 7, GenuineIntel



---------------  S Y S T E M  ---------------

OS: Windows 7 , 64 bit Build 7601 Service Pack 1

CPU:total 2 (2 cores per cpu, 2 threads per core) family 6 model 42 stepping 7, cmov, cx8, fxsr, mmx, sse, sse2, sse3, ssse3, sse4.1, sse4.2, popcnt, avx, ht, tsc, tscinvbit

Memory: 4k page, physical 8321392k(2698976k free), swap 16640920k(9903976k free)

vm_info: Java HotSpot(TM) 64-Bit Server VM (23.6-b04) for windows-amd64 JRE (1.7.0_11-b21), built on Jan 12 2013 02:38:42 by "java_re" with unknown MS VC++:1600

time: Mon Dec 22 21:53:48 2014
elapsed time: 394 seconds

