#
# A fatal error has been detected by the Java Runtime Environment:
#
#  EXCEPTION_ACCESS_VIOLATION (0xc0000005) at pc=0x000000005b095422, pid=7852, tid=3224
#
# JRE version: 7.0_11-b21
# Java VM: Java HotSpot(TM) 64-Bit Server VM (23.6-b04 mixed mode windows-amd64 compressed oops)
# Problematic frame:
# V  [jvm.dll+0x25422]
#
# Failed to write core dump. Minidumps are not enabled by default on client versions of Windows
#
# If you would like to submit a bug report, please visit:
#   http://bugreport.sun.com/bugreport/crash.jsp
#

---------------  T H R E A D  ---------------

Current thread (0x0000000001e8e800):  GCTaskThread [stack: 0x00000000061b0000,0x00000000062b0000] [id=3224]

siginfo: ExceptionCode=0xc0000005, reading address 0xffffffffffffffff

Registers:
RAX=0xfae760b900000001, RBX=0x00000007d73b08a8, RCX=0x00000007d73b05c0, RDX=0x00000007d73b08a8
RSP=0x00000000062af598, RBP=0x0000000000000008, RSI=0x00000000020c21c0, RDI=0x0000000000000005
R8 =0x0000000000000009, R9 =0x00000007d73b05c0, R10=0x0000000000000000, R11=0x00000000062af758
R12=0x0000000000000008, R13=0xfae760c0fae760ca, R14=0x00000000062af700, R15=0x0000000001e8ee80
RIP=0x000000005b095422, EFLAGS=0x0000000000010202

Top of Stack: (sp=0x00000000062af598)
0x00000000062af598:   000000005b3d22c6 000000000000005d
0x00000000062af5a8:   0000000000000001 00000000062af460
0x00000000062af5b8:   0000000001e8ee80 000000000f1e3500
0x00000000062af5c8:   000000005b220b05 0000000001e8eed0
0x00000000062af5d8:   000000000fb212b8 00000000062af740
0x00000000062af5e8:   00000000062af6d8 0000000000000008
0x00000000062af5f8:   000000005b3d4e24 000000000e12f668
0x00000000062af608:   0000000000000008 0000000000000023
0x00000000062af618:   0000000000000005 0000000000000020
0x00000000062af628:   000000005b0f31fe 0000000000000020
0x00000000062af638:   000000005b12cd1b 000000000f10e6b8
0x00000000062af648:   000000000f10e6c0 0000000000000043
0x00000000062af658:   00000000062afbb0 00000000062af870
0x00000000062af668:   000000005b21b2bf 000000000e9fc800
0x00000000062af678:   000000000f10e6b8 00000000062af770
0x00000000062af688:   00000000062afb90 00000005fe000001 

Instructions: (pc=0x000000005b095422)
0x000000005b095402:   e2 49 8d 0c 11 49 f7 d1 48 03 c1 49 c1 e9 03 48
0x000000005b095412:   c1 e8 03 41 23 c1 c3 48 8b 02 48 8b d1 49 8b c9
0x000000005b095422:   48 ff a0 a8 00 00 00 cc cc cc cc cc cc cc 80 3d
0x000000005b095432:   b1 68 68 00 00 48 8b c1 74 1f 8b 51 08 8b 0d d3 


Register to memory mapping:

RAX=0xfae760b900000001 is an unknown value
RBX=0x00000007d73b08a8 is an unknown value
RCX=0x00000007d73b05c0 is an unknown value
RDX=0x00000007d73b08a8 is an unknown value
RSP=0x00000000062af598 is an unknown value
RBP=0x0000000000000008 is an unknown value
RSI=0x00000000020c21c0 is an unknown value
RDI=0x0000000000000005 is an unknown value
R8 =0x0000000000000009 is an unknown value
R9 =0x00000007d73b05c0 is an unknown value
R10=0x0000000000000000 is an unknown value
R11=0x00000000062af758 is an unknown value
R12=0x0000000000000008 is an unknown value
R13=0xfae760c0fae760ca is an unknown value
R14=0x00000000062af700 is an unknown value
R15=0x0000000001e8ee80 is an unknown value


Stack: [0x00000000061b0000,0x00000000062b0000],  sp=0x00000000062af598,  free space=1021k
Native frames: (J=compiled Java code, j=interpreted, Vv=VM code, C=native code)
V  [jvm.dll+0x25422]

[error occurred during error reporting (printing native stack), id 0xc0000005]

JavaThread 0x000000000e9fc800 (nid = 9752) was being processed
Java frames: (J=compiled Java code, j=interpreted, Vv=VM code)
j  sun.misc.Unsafe.park(ZJ)V+0
j  java.util.concurrent.locks.LockSupport.park(Ljava/lang/Object;)V+14
j  java.util.concurrent.locks.AbstractQueuedSynchronizer.parkAndCheckInterrupt()Z+1
j  java.util.concurrent.locks.AbstractQueuedSynchronizer.acquireQueued(Ljava/util/concurrent/locks/AbstractQueuedSynchronizer$Node;I)Z+67
j  java.util.concurrent.locks.AbstractQueuedSynchronizer$ConditionObject.awaitNanos(J)J+112
j  java.util.concurrent.DelayQueue.take()Ljava/util/concurrent/Delayed;+132
j  javax.swing.TimerQueue.run()V+20
j  java.lang.Thread.run()V+11
v  ~StubRoutines::call_stub

---------------  P R O C E S S  ---------------

Java Threads: ( => current thread )
  0x000000000e936000 JavaThread "SwingWorker-pool-2-thread-10" daemon [_thread_blocked, id=10132, stack(0x0000000011ee0000,0x0000000011fe0000)]
  0x000000000e935800 JavaThread "SwingWorker-pool-2-thread-9" daemon [_thread_blocked, id=8580, stack(0x0000000011db0000,0x0000000011eb0000)]
  0x000000000e934800 JavaThread "SwingWorker-pool-2-thread-8" daemon [_thread_blocked, id=8620, stack(0x0000000011c40000,0x0000000011d40000)]
  0x000000000e934000 JavaThread "SwingWorker-pool-2-thread-7" daemon [_thread_blocked, id=8252, stack(0x00000000119b0000,0x0000000011ab0000)]
  0x000000000e933000 JavaThread "SwingWorker-pool-2-thread-6" daemon [_thread_blocked, id=9380, stack(0x00000000118a0000,0x00000000119a0000)]
  0x000000000e932800 JavaThread "SwingWorker-pool-2-thread-5" daemon [_thread_blocked, id=8476, stack(0x0000000011730000,0x0000000011830000)]
  0x000000000ec2e800 JavaThread "SwingWorker-pool-2-thread-4" daemon [_thread_blocked, id=7196, stack(0x00000000114f0000,0x00000000115f0000)]
  0x000000000f26b800 JavaThread "SwingWorker-pool-2-thread-3" daemon [_thread_blocked, id=684, stack(0x00000000103b0000,0x00000000104b0000)]
  0x000000000e9b7800 JavaThread "SwingWorker-pool-2-thread-2" daemon [_thread_blocked, id=6484, stack(0x00000000113f0000,0x00000000114f0000)]
  0x000000000200c000 JavaThread "SwingWorker-pool-2-thread-1" daemon [_thread_blocked, id=4976, stack(0x0000000011220000,0x0000000011320000)]
  0x000000000e930800 JavaThread "Swing-Shell" daemon [_thread_blocked, id=6856, stack(0x0000000010180000,0x0000000010280000)]
  0x000000000e9fc800 JavaThread "TimerQueue" daemon [_thread_blocked, id=9752, stack(0x000000000e030000,0x000000000e130000)]
  0x000000000c63f000 JavaThread "org.netbeans.modules.debugger.jpda.visual AWT Access Loop" daemon [_thread_blocked, id=9708, stack(0x000000000de10000,0x000000000df10000)]
  0x00000000004ff000 JavaThread "DestroyJavaVM" [_thread_blocked, id=8748, stack(0x0000000002450000,0x0000000002550000)]
  0x000000000c5df800 JavaThread "AWT-EventQueue-0" [_thread_blocked, id=10164, stack(0x000000000e680000,0x000000000e780000)]
  0x000000000c702000 JavaThread "AWT-Windows" daemon [_thread_in_native, id=9304, stack(0x000000000df20000,0x000000000e020000)]
  0x000000000c701800 JavaThread "AWT-Shutdown" [_thread_blocked, id=3400, stack(0x000000000dd00000,0x000000000de00000)]
  0x000000000c607000 JavaThread "Java2D Disposer" daemon [_thread_blocked, id=9344, stack(0x000000000dbd0000,0x000000000dcd0000)]
  0x000000000c52f000 JavaThread "Service Thread" daemon [_thread_blocked, id=9416, stack(0x000000000d2f0000,0x000000000d3f0000)]
  0x000000000c524000 JavaThread "C2 CompilerThread1" daemon [_thread_blocked, id=9848, stack(0x000000000d190000,0x000000000d290000)]
  0x000000000c520800 JavaThread "C2 CompilerThread0" daemon [_thread_blocked, id=5964, stack(0x000000000d020000,0x000000000d120000)]
  0x000000000c50d800 JavaThread "JDWP Command Reader" daemon [_thread_in_native, id=10200, stack(0x000000000d960000,0x000000000da60000)]
  0x000000000c50a800 JavaThread "JDWP Event Helper Thread" daemon [_thread_blocked, id=7860, stack(0x000000000d6b0000,0x000000000d7b0000)]
  0x000000000c502800 JavaThread "JDWP Transport Listener: dt_shmem" daemon [_thread_blocked, id=9428, stack(0x000000000d470000,0x000000000d570000)]
  0x000000000215c800 JavaThread "Attach Listener" daemon [_thread_blocked, id=9928, stack(0x000000000c330000,0x000000000c430000)]
  0x000000000215b000 JavaThread "Signal Dispatcher" daemon [_thread_blocked, id=9696, stack(0x000000000c180000,0x000000000c280000)]
  0x00000000020d1800 JavaThread "Finalizer" daemon [_thread_blocked, id=8484, stack(0x000000000c070000,0x000000000c170000)]
  0x00000000020ce000 JavaThread "Reference Handler" daemon [_thread_blocked, id=9876, stack(0x000000000bee0000,0x000000000bfe0000)]

Other Threads:
  0x00000000020c6000 VMThread [stack: 0x000000000bdd0000,0x000000000bed0000] [id=9360]
  0x000000000c537800 WatcherThread [stack: 0x000000000d7b0000,0x000000000d8b0000] [id=8840]

=>0x0000000001e8e800 (exited) GCTaskThread [stack: 0x00000000061b0000,0x00000000062b0000] [id=3224]

VM state:at safepoint (normal execution)

VM Mutex/Monitor currently owned by a thread:  ([mutex/lock_event])
[0x00000000004fc2d0] Threads_lock - owner thread: 0x00000000020c6000
[0x00000000004fc7d0] Heap_lock - owner thread: 0x000000000e9b7800

Heap
 PSYoungGen      total 25600K, used 1016K [0x00000007d5ab0000, 0x00000007d73e0000, 0x0000000800000000)
  eden space 25408K, 4% used [0x00000007d5ab0000,0x00000007d5bae280,0x00000007d7380000)
  from space 192K, 0% used [0x00000007d7380000,0x00000007d7380000,0x00000007d73b0000)
  to   space 192K, 33% used [0x00000007d73b0000,0x00000007d73c0000,0x00000007d73e0000)
 ParOldGen       total 86720K, used 10704K [0x0000000781000000, 0x00000007864b0000, 0x00000007d5ab0000)
  object space 86720K, 12% used [0x0000000781000000,0x0000000781a74270,0x00000007864b0000)
 PSPermGen       total 21248K, used 19459K [0x000000077be00000, 0x000000077d2c0000, 0x0000000781000000)
  object space 21248K, 91% used [0x000000077be00000,0x000000077d100cc8,0x000000077d2c0000)

Card table byte_map: [0x0000000005770000,0x0000000005ba0000] byte_map_base: 0x0000000001b91000

Polling page: 0x0000000000220000

Code Cache  [0x0000000002770000, 0x00000000029e0000, 0x0000000005770000)
 total_blobs=1089 nmethods=608 adapters=441 free_code_cache=47042Kb largest_free_block=48129216

Compilation events (10 events):
Event: 365.490 Thread 0x000000000c520800 nmethod 616 0x0000000002974f50 code [0x00000000029750e0, 0x00000000029755f0]
Event: 365.497 Thread 0x000000000c524000 nmethod 615 0x0000000002977350 code [0x0000000002977540, 0x0000000002977e70]
Event: 368.347 Thread 0x000000000c520800  617             javax.swing.text.GapContent::resetMarksAtZero (66 bytes)
Event: 368.357 Thread 0x000000000c520800 nmethod 617 0x000000000297da50 code [0x000000000297dba0, 0x000000000297de98]
Event: 373.479 Thread 0x000000000c524000  618             javax.swing.text.GapContent$MarkVector::size (17 bytes)
Event: 373.480 Thread 0x000000000c524000 nmethod 618 0x0000000002977090 code [0x00000000029771e0, 0x0000000002977278]
Event: 373.480 Thread 0x000000000c520800  619             javax.swing.text.GapContent$MarkVector::getArrayLength (14 bytes)
Event: 373.481 Thread 0x000000000c520800 nmethod 619 0x000000000297d790 code [0x000000000297d8e0, 0x000000000297d978]
Event: 376.393 Thread 0x000000000c524000  620             java.lang.reflect.Array::newInstance (6 bytes)
Event: 376.396 Thread 0x000000000c524000 nmethod 620 0x000000000297e210 code [0x000000000297e360, 0x000000000297e4b8]

GC Heap History (10 events):
Event: 375.129 GC heap after
Heap after GC invocations=583 (full 284):
 PSYoungGen      total 25600K, used 0K [0x00000007d5ab0000, 0x00000007d73e0000, 0x0000000800000000)
  eden space 25408K, 0% used [0x00000007d5ab0000,0x00000007d5ab0000,0x00000007d7380000)
  from space 192K, 0% used [0x00000007d7380000,0x00000007d7380000,0x00000007d73b0000)
  to   space 192K, 0% used [0x00000007d73b0000,0x00000007d73b0000,0x00000007d73e0000)
 ParOldGen       total 86720K, used 10706K [0x0000000781000000, 0x00000007864b0000, 0x00000007d5ab0000)
  object space 86720K, 12% used [0x0000000781000000,0x0000000781a74838,0x00000007864b0000)
 PSPermGen       total 21248K, used 19458K [0x000000077be00000, 0x000000077d2c0000, 0x0000000781000000)
  object space 21248K, 91% used [0x000000077be00000,0x000000077d100a00,0x000000077d2c0000)
}
Event: 375.908 GC heap before
{Heap before GC invocations=584 (full 284):
 PSYoungGen      total 25600K, used 1393K [0x00000007d5ab0000, 0x00000007d73e0000, 0x0000000800000000)
  eden space 25408K, 5% used [0x00000007d5ab0000,0x00000007d5c0c4e0,0x00000007d7380000)
  from space 192K, 0% used [0x00000007d7380000,0x00000007d7380000,0x00000007d73b0000)
  to   space 192K, 0% used [0x00000007d73b0000,0x00000007d73b0000,0x00000007d73e0000)
 ParOldGen       total 86720K, used 10706K [0x0000000781000000, 0x00000007864b0000, 0x00000007d5ab0000)
  object space 86720K, 12% used [0x0000000781000000,0x0000000781a74838,0x00000007864b0000)
 PSPermGen       total 21248K, used 19458K [0x000000077be00000, 0x000000077d2c0000, 0x0000000781000000)
  object space 21248K, 91% used [0x000000077be00000,0x000000077d100a00,0x000000077d2c0000)
Event: 375.910 GC heap after
Heap after GC invocations=584 (full 284):
 PSYoungGen      total 25600K, used 96K [0x00000007d5ab0000, 0x00000007d73e0000, 0x0000000800000000)
  eden space 25408K, 0% used [0x00000007d5ab0000,0x00000007d5ab0000,0x00000007d7380000)
  from space 192K, 50% used [0x00000007d73b0000,0x00000007d73c8000,0x00000007d73e0000)
  to   space 192K, 0% used [0x00000007d7380000,0x00000007d7380000,0x00000007d73b0000)
 ParOldGen       total 86720K, used 10706K [0x0000000781000000, 0x00000007864b0000, 0x00000007d5ab0000)
  object space 86720K, 12% used [0x0000000781000000,0x0000000781a74838,0x00000007864b0000)
 PSPermGen       total 21248K, used 19458K [0x000000077be00000, 0x000000077d2c0000, 0x0000000781000000)
  object space 21248K, 91% used [0x000000077be00000,0x000000077d100a00,0x000000077d2c0000)
}
Event: 375.910 GC heap before
{Heap before GC invocations=585 (full 285):
 PSYoungGen      total 25600K, used 96K [0x00000007d5ab0000, 0x00000007d73e0000, 0x0000000800000000)
  eden space 25408K, 0% used [0x00000007d5ab0000,0x00000007d5ab0000,0x00000007d7380000)
  from space 192K, 50% used [0x00000007d73b0000,0x00000007d73c8000,0x00000007d73e0000)
  to   space 192K, 0% used [0x00000007d7380000,0x00000007d7380000,0x00000007d73b0000)
 ParOldGen       total 86720K, used 10706K [0x0000000781000000, 0x00000007864b0000, 0x00000007d5ab0000)
  object space 86720K, 12% used [0x0000000781000000,0x0000000781a74838,0x00000007864b0000)
 PSPermGen       total 21248K, used 19458K [0x000000077be00000, 0x000000077d2c0000, 0x0000000781000000)
  object space 21248K, 91% used [0x000000077be00000,0x000000077d100a00,0x000000077d2c0000)
Event: 376.024 GC heap after
Heap after GC invocations=585 (full 285):
 PSYoungGen      total 25600K, used 0K [0x00000007d5ab0000, 0x00000007d73e0000, 0x0000000800000000)
  eden space 25408K, 0% used [0x00000007d5ab0000,0x00000007d5ab0000,0x00000007d7380000)
  from space 192K, 0% used [0x00000007d73b0000,0x00000007d73b0000,0x00000007d73e0000)
  to   space 192K, 0% used [0x00000007d7380000,0x00000007d7380000,0x00000007d73b0000)
 ParOldGen       total 86720K, used 10705K [0x0000000781000000, 0x00000007864b0000, 0x00000007d5ab0000)
  object space 86720K, 12% used [0x0000000781000000,0x0000000781a74650,0x00000007864b0000)
 PSPermGen       total 21248K, used 19458K [0x000000077be00000, 0x000000077d2c0000, 0x0000000781000000)
  object space 21248K, 91% used [0x000000077be00000,0x000000077d100a00,0x000000077d2c0000)
}
Event: 376.025 GC heap before
{Heap before GC invocations=586 (full 285):
 PSYoungGen      total 25600K, used 501K [0x00000007d5ab0000, 0x00000007d73e0000, 0x0000000800000000)
  eden space 25408K, 1% used [0x00000007d5ab0000,0x00000007d5b2d4a0,0x00000007d7380000)
  from space 192K, 0% used [0x00000007d73b0000,0x00000007d73b0000,0x00000007d73e0000)
  to   space 192K, 0% used [0x00000007d7380000,0x00000007d7380000,0x00000007d73b0000)
 ParOldGen       total 86720K, used 10705K [0x0000000781000000, 0x00000007864b0000, 0x00000007d5ab0000)
  object space 86720K, 12% used [0x0000000781000000,0x0000000781a74650,0x00000007864b0000)
 PSPermGen       total 21248K, used 19458K [0x000000077be00000, 0x000000077d2c0000, 0x0000000781000000)
  object space 21248K, 91% used [0x000000077be00000,0x000000077d100a00,0x000000077d2c0000)
Event: 376.027 GC heap after
Heap after GC invocations=586 (full 285):
 PSYoungGen      total 25600K, used 32K [0x00000007d5ab0000, 0x00000007d73e0000, 0x0000000800000000)
  eden space 25408K, 0% used [0x00000007d5ab0000,0x00000007d5ab0000,0x00000007d7380000)
  from space 192K, 16% used [0x00000007d7380000,0x00000007d7388000,0x00000007d73b0000)
  to   space 192K, 0% used [0x00000007d73b0000,0x00000007d73b0000,0x00000007d73e0000)
 ParOldGen       total 86720K, used 10705K [0x0000000781000000, 0x00000007864b0000, 0x00000007d5ab0000)
  object space 86720K, 12% used [0x0000000781000000,0x0000000781a74650,0x00000007864b0000)
 PSPermGen       total 21248K, used 19458K [0x000000077be00000, 0x000000077d2c0000, 0x0000000781000000)
  object space 21248K, 91% used [0x000000077be00000,0x000000077d100a00,0x000000077d2c0000)
}
Event: 376.027 GC heap before
{Heap before GC invocations=587 (full 286):
 PSYoungGen      total 25600K, used 32K [0x00000007d5ab0000, 0x00000007d73e0000, 0x0000000800000000)
  eden space 25408K, 0% used [0x00000007d5ab0000,0x00000007d5ab0000,0x00000007d7380000)
  from space 192K, 16% used [0x00000007d7380000,0x00000007d7388000,0x00000007d73b0000)
  to   space 192K, 0% used [0x00000007d73b0000,0x00000007d73b0000,0x00000007d73e0000)
 ParOldGen       total 86720K, used 10705K [0x0000000781000000, 0x00000007864b0000, 0x00000007d5ab0000)
  object space 86720K, 12% used [0x0000000781000000,0x0000000781a74650,0x00000007864b0000)
 PSPermGen       total 21248K, used 19458K [0x000000077be00000, 0x000000077d2c0000, 0x0000000781000000)
  object space 21248K, 91% used [0x000000077be00000,0x000000077d100a00,0x000000077d2c0000)
Event: 376.142 GC heap after
Heap after GC invocations=587 (full 286):
 PSYoungGen      total 25600K, used 0K [0x00000007d5ab0000, 0x00000007d73e0000, 0x0000000800000000)
  eden space 25408K, 0% used [0x00000007d5ab0000,0x00000007d5ab0000,0x00000007d7380000)
  from space 192K, 0% used [0x00000007d7380000,0x00000007d7380000,0x00000007d73b0000)
  to   space 192K, 0% used [0x00000007d73b0000,0x00000007d73b0000,0x00000007d73e0000)
 ParOldGen       total 86720K, used 10696K [0x0000000781000000, 0x00000007864b0000, 0x00000007d5ab0000)
  object space 86720K, 12% used [0x0000000781000000,0x0000000781a72270,0x00000007864b0000)
 PSPermGen       total 21248K, used 19458K [0x000000077be00000, 0x000000077d2c0000, 0x0000000781000000)
  object space 21248K, 91% used [0x000000077be00000,0x000000077d100a00,0x000000077d2c0000)
}
Event: 399.345 GC heap before
{Heap before GC invocations=588 (full 286):
 PSYoungGen      total 25600K, used 1016K [0x00000007d5ab0000, 0x00000007d73e0000, 0x0000000800000000)
  eden space 25408K, 4% used [0x00000007d5ab0000,0x00000007d5bae280,0x00000007d7380000)
  from space 192K, 0% used [0x00000007d7380000,0x00000007d7380000,0x00000007d73b0000)
  to   space 192K, 0% used [0x00000007d73b0000,0x00000007d73b0000,0x00000007d73e0000)
 ParOldGen       total 86720K, used 10696K [0x0000000781000000, 0x00000007864b0000, 0x00000007d5ab0000)
  object space 86720K, 12% used [0x0000000781000000,0x0000000781a72270,0x00000007864b0000)
 PSPermGen       total 21248K, used 19459K [0x000000077be00000, 0x000000077d2c0000, 0x0000000781000000)
  object space 21248K, 91% used [0x000000077be00000,0x000000077d100cc8,0x000000077d2c0000)

Deoptimization events (0 events):
No events

Internal exceptions (10 events):
Event: 180.514 Thread 0x000000000c5df800 Threw 0x00000007d5ab6a58 at C:\jdk7u1_64p\jdk7u11\hotspot\src\share\vm\prims\jvm.cpp:1166
Event: 181.449 Thread 0x000000000c5df800 Threw 0x00000007d6cb74b8 at C:\jdk7u1_64p\jdk7u11\hotspot\src\share\vm\prims\jvm.cpp:1166
Event: 189.290 Thread 0x000000000c5df800 Threw 0x00000007d6e08590 at C:\jdk7u1_64p\jdk7u11\hotspot\src\share\vm\prims\jvm.cpp:1166
Event: 189.291 Thread 0x000000000c5df800 Threw 0x00000007d6e0aeb0 at C:\jdk7u1_64p\jdk7u11\hotspot\src\share\vm\prims\jvm.cpp:1166
Event: 194.107 Thread 0x000000000c5df800 Threw 0x00000007d6e4a7c0 at C:\jdk7u1_64p\jdk7u11\hotspot\src\share\vm\prims\jvm.cpp:1166
Event: 199.162 Thread 0x000000000c5df800 Threw 0x00000007d6e6a2e0 at C:\jdk7u1_64p\jdk7u11\hotspot\src\share\vm\prims\jvm.cpp:1166
Event: 199.480 Thread 0x000000000200c000 Threw 0x00000007d5ba0318 at C:\jdk7u1_64p\jdk7u11\hotspot\src\share\vm\prims\jvm.cpp:1166
Event: 199.490 Thread 0x000000000200c000 Threw 0x00000007d5bd79e8 at C:\jdk7u1_64p\jdk7u11\hotspot\src\share\vm\prims\jvm.cpp:1166
Event: 199.491 Thread 0x000000000200c000 Threw 0x00000007d5bdac28 at C:\jdk7u1_64p\jdk7u11\hotspot\src\share\vm\prims\jvm.cpp:1166
Event: 252.809 Thread 0x000000000c5df800 Threw 0x00000007d5b956a8 at C:\jdk7u1_64p\jdk7u11\hotspot\src\share\vm\prims\jvm.cpp:1166

Events (10 events):
Event: 374.071 Executing VM operation: ParallelGCSystemGC done
Event: 374.893 Executing VM operation: ParallelGCSystemGC
Event: 375.010 Executing VM operation: ParallelGCSystemGC done
Event: 375.011 Executing VM operation: ParallelGCSystemGC
Event: 375.129 Executing VM operation: ParallelGCSystemGC done
Event: 375.908 Executing VM operation: ParallelGCSystemGC
Event: 376.024 Executing VM operation: ParallelGCSystemGC done
Event: 376.025 Executing VM operation: ParallelGCSystemGC
Event: 376.142 Executing VM operation: ParallelGCSystemGC done
Event: 399.345 Executing VM operation: ParallelGCSystemGC


Dynamic libraries:
0x000000013ffc0000 - 0x000000013fff3000 	C:\Program Files\Java\jdk1.7.0_11\bin\java.exe
0x0000000077c30000 - 0x0000000077dd9000 	C:\Windows\SYSTEM32\ntdll.dll
0x0000000077b10000 - 0x0000000077c2f000 	C:\Windows\system32\kernel32.dll
0x000007fefdc30000 - 0x000007fefdc9c000 	C:\Windows\system32\KERNELBASE.dll
0x000007feff380000 - 0x000007feff45b000 	C:\Windows\system32\ADVAPI32.dll
0x000007feffb50000 - 0x000007feffbef000 	C:\Windows\system32\msvcrt.dll
0x000007fefe340000 - 0x000007fefe35f000 	C:\Windows\SYSTEM32\sechost.dll
0x000007feff170000 - 0x000007feff29d000 	C:\Windows\system32\RPCRT4.dll
0x0000000077a10000 - 0x0000000077b0a000 	C:\Windows\system32\USER32.dll
0x000007fefe2d0000 - 0x000007fefe337000 	C:\Windows\system32\GDI32.dll
0x000007feffb40000 - 0x000007feffb4e000 	C:\Windows\system32\LPK.dll
0x000007fefddb0000 - 0x000007fefde79000 	C:\Windows\system32\USP10.dll
0x000007fefc330000 - 0x000007fefc524000 	C:\Windows\WinSxS\amd64_microsoft.windows.common-controls_6595b64144ccf1df_6.0.7601.17514_none_fa396087175ac9ac\COMCTL32.dll
0x000007fefe360000 - 0x000007fefe3d1000 	C:\Windows\system32\SHLWAPI.dll
0x000007feffb10000 - 0x000007feffb3e000 	C:\Windows\system32\IMM32.DLL
0x000007feffa00000 - 0x000007feffb09000 	C:\Windows\system32\MSCTF.dll
0x000000005bdd0000 - 0x000000005bea1000 	C:\Program Files\Java\jdk1.7.0_11\jre\bin\msvcr100.dll
0x000000005b070000 - 0x000000005b78f000 	C:\Program Files\Java\jdk1.7.0_11\jre\bin\server\jvm.dll
0x000007fefb470000 - 0x000007fefb479000 	C:\Windows\system32\WSOCK32.dll
0x000007fefde80000 - 0x000007fefdecd000 	C:\Windows\system32\WS2_32.dll
0x000007fefe0b0000 - 0x000007fefe0b8000 	C:\Windows\system32\NSI.dll
0x000007fefbe60000 - 0x000007fefbe9b000 	C:\Windows\system32\WINMM.dll
0x0000000077e00000 - 0x0000000077e07000 	C:\Windows\system32\PSAPI.DLL
0x00000000748a0000 - 0x00000000748df000 	C:\Program Files\Java\jdk1.7.0_11\jre\bin\splashscreen.dll
0x000007fefbdb0000 - 0x000007fefbe06000 	C:\Windows\system32\uxtheme.dll
0x0000000180000000 - 0x00000001800eb000 	C:\Program Files\Hewlett-Packard\HP ProtectTools Security Manager\Bin\DpoFeedb.dll
0x000007feff2a0000 - 0x000007feff377000 	C:\Windows\system32\OLEAUT32.dll
0x000007feff460000 - 0x000007feff663000 	C:\Windows\system32\ole32.dll
0x000007fefcce0000 - 0x000007fefccec000 	C:\Windows\system32\VERSION.dll
0x000007fefdd60000 - 0x000007fefdd7e000 	C:\Windows\system32\USERENV.dll
0x000007fefda00000 - 0x000007fefda0f000 	C:\Windows\system32\profapi.dll
0x000000005d570000 - 0x000000005d57f000 	C:\Program Files\Java\jdk1.7.0_11\jre\bin\verify.dll
0x000000005caa0000 - 0x000000005cac8000 	C:\Program Files\Java\jdk1.7.0_11\jre\bin\java.dll
0x0000000055cc0000 - 0x0000000055cf5000 	C:\Program Files\Java\jdk1.7.0_11\jre\bin\jdwp.dll
0x0000000056850000 - 0x0000000056858000 	C:\Program Files\Java\jdk1.7.0_11\jre\bin\npt.dll
0x000000005cc30000 - 0x000000005cc45000 	C:\Program Files\Java\jdk1.7.0_11\jre\bin\zip.dll
0x0000000056900000 - 0x000000005690b000 	C:\Program Files\Java\jdk1.7.0_11\jre\bin\dt_shmem.dll
0x000007fefd850000 - 0x000007fefd85f000 	C:\Windows\system32\CRYPTBASE.dll
0x000007fef0190000 - 0x000007fef01c1000 	C:\Program Files\Hewlett-Packard\HP ProtectTools Security Manager\Bin\DpoSet.dll
0x0000000067d20000 - 0x0000000067df3000 	C:\Windows\WinSxS\amd64_microsoft.vc90.crt_1fc8b3b9a1e18e3b_9.0.30729.6161_none_08e61857a83bc251\MSVCP90.dll
0x0000000073810000 - 0x00000000738b3000 	C:\Windows\WinSxS\amd64_microsoft.vc90.crt_1fc8b3b9a1e18e3b_9.0.30729.6161_none_08e61857a83bc251\MSVCR90.dll
0x0000000058e20000 - 0x0000000058fb3000 	C:\Program Files\Java\jdk1.7.0_11\jre\bin\awt.dll
0x000007fefb7a0000 - 0x000007fefb7b8000 	C:\Windows\system32\dwmapi.dll
0x000007fefe3e0000 - 0x000007feff168000 	C:\Windows\system32\SHELL32.dll
0x0000000057860000 - 0x0000000057894000 	C:\Program Files\Java\jdk1.7.0_11\jre\bin\fontmanager.dll
0x000000005ca60000 - 0x000000005ca79000 	C:\Program Files\Java\jdk1.7.0_11\jre\bin\net.dll
0x000007fefd190000 - 0x000007fefd1e5000 	C:\Windows\system32\mswsock.dll
0x000007fefd180000 - 0x000007fefd187000 	C:\Windows\System32\wship6.dll
0x000000005c390000 - 0x000000005c3a1000 	C:\Program Files\Java\jdk1.7.0_11\jre\bin\nio.dll
0x0000000056860000 - 0x0000000056890000 	C:\Program Files\Java\jdk1.7.0_11\jre\bin\jpeg.dll
0x0000000057810000 - 0x0000000057851000 	C:\Program Files\Java\jdk1.7.0_11\jre\bin\t2k.dll
0x000007feff8c0000 - 0x000007feff959000 	C:\Windows\system32\CLBCatQ.DLL
0x000007fefb190000 - 0x000007fefb2f1000 	C:\Windows\system32\WindowsCodecs.dll
0x000007fefd7f0000 - 0x000007fefd847000 	C:\Windows\system32\apphelp.dll
0x000007fef4f10000 - 0x000007fef514d000 	C:\PROGRA~1\MIF5BA~1\Office15\GROOVEEX.DLL
0x0000000067fd0000 - 0x0000000068068000 	C:\Windows\system32\MSVCP100.dll
0x0000000073490000 - 0x00000000734bb000 	C:\Windows\system32\ATL100.DLL
0x000007fef3d90000 - 0x000007fef40ad000 	C:\Windows\system32\msi.dll
0x000007fef2ff0000 - 0x000007fef387c000 	C:\PROGRA~1\MIF5BA~1\Office15\1036\GrooveIntlResource.dll
0x0000000073470000 - 0x0000000073486000 	C:\Program Files\Common Files\TortoiseOverlays\TortoiseOverlays.dll
0x0000000073460000 - 0x0000000073470000 	C:\Program Files\TortoiseSVN\bin\TortoiseStub.dll
0x0000000067a70000 - 0x0000000067aeb000 	C:\Program Files\TortoiseSVN\bin\TortoiseSVN.dll
0x000007feff670000 - 0x000007feff8b8000 	C:\Windows\system32\WININET.dll
0x000007fefdda0000 - 0x000007fefdda4000 	C:\Windows\system32\api-ms-win-downlevel-user32-l1-1-0.dll
0x000007fefdb80000 - 0x000007fefdb84000 	C:\Windows\system32\api-ms-win-downlevel-shlwapi-l1-1-0.dll
0x000007fefdca0000 - 0x000007fefdca4000 	C:\Windows\system32\api-ms-win-downlevel-version-l1-1-0.dll
0x000007fefdd80000 - 0x000007fefdd83000 	C:\Windows\system32\api-ms-win-downlevel-normaliz-l1-1-0.dll
0x0000000077df0000 - 0x0000000077df3000 	C:\Windows\system32\normaliz.DLL
0x000007feffc70000 - 0x000007fefff37000 	C:\Windows\system32\iertutil.dll
0x000007fefdd90000 - 0x000007fefdd95000 	C:\Windows\system32\api-ms-win-downlevel-advapi32-l1-1-0.dll
0x000007fef2920000 - 0x000007fef2d0d000 	C:\Program Files\TortoiseSVN\bin\libsvn_tsvn.dll
0x0000000073430000 - 0x000000007345b000 	C:\Program Files\TortoiseSVN\bin\libapr_tsvn.dll
0x00000000681e0000 - 0x0000000068221000 	C:\Program Files\TortoiseSVN\bin\libaprutil_tsvn.dll
0x000007feffc10000 - 0x000007feffc62000 	C:\Windows\system32\WLDAP32.dll
0x000007fef4e60000 - 0x000007fef4e70000 	C:\Program Files\TortoiseSVN\bin\intl3_tsvn.dll
0x000007fef4e40000 - 0x000007fef4e5a000 	C:\Program Files\TortoiseSVN\bin\libsasl.dll
0x000007fefd5f0000 - 0x000007fefd5fb000 	C:\Windows\system32\Secur32.dll
0x000007fefd7b0000 - 0x000007fefd7d5000 	C:\Windows\system32\SSPICLI.DLL
0x000007fefda10000 - 0x000007fefdb7c000 	C:\Windows\system32\CRYPT32.dll
0x000007fefd9f0000 - 0x000007fefd9ff000 	C:\Windows\system32\MSASN1.dll
0x000007fef4c80000 - 0x000007fef4cb5000 	C:\Windows\system32\EhStorShell.dll
0x000007fefded0000 - 0x000007fefe0a7000 	C:\Windows\system32\SETUPAPI.dll
0x000007fefdce0000 - 0x000007fefdd16000 	C:\Windows\system32\CFGMGR32.dll
0x000007fefdcb0000 - 0x000007fefdcca000 	C:\Windows\system32\DEVOBJ.dll
0x000007fefbf30000 - 0x000007fefc05c000 	C:\Windows\system32\PROPSYS.dll
0x000007fef4610000 - 0x000007fef4c7f000 	C:\PROGRA~1\MIF5BA~1\Office14\GROOVEEX.DLL
0x00000000681b0000 - 0x00000000681df000 	C:\Windows\WinSxS\amd64_microsoft.vc90.atl_1fc8b3b9a1e18e3b_9.0.30729.6161_none_0a1fd3a3a768b895\ATL90.DLL
0x000007fef4190000 - 0x000007fef45aa000 	C:\PROGRA~1\COMMON~1\MICROS~1\OFFICE14\Cultures\office.odf
0x000007fef1230000 - 0x000007fef1ab8000 	C:\PROGRA~1\MIF5BA~1\Office14\1036\GrooveIntlResource.dll
0x0000000056910000 - 0x000000005693a000 	C:\Program Files\Java\jdk1.7.0_11\jre\bin\dcpr.dll
0x000007fef7870000 - 0x000007fef7910000 	C:\Windows\WinSxS\amd64_microsoft.windows.common-controls_6595b64144ccf1df_5.82.7601.18201_none_a4d3b9377117c3df\comctl32.dll
0x000007fefbe30000 - 0x000007fefbe5d000 	C:\Windows\system32\ntmarta.dll
0x000007feefd20000 - 0x000007feefebc000 	C:\Windows\system32\NetworkExplorer.dll
0x000007fef09b0000 - 0x000007fef09e4000 	C:\Windows\System32\shdocvw.dll
0x000007fefb860000 - 0x000007fefb86b000 	C:\Windows\system32\slc.dll
0x000007fef5890000 - 0x000007fef58a8000 	C:\Windows\system32\MPR.dll
0x000007fefc140000 - 0x000007fefc14a000 	C:\Windows\System32\drprov.dll
0x000007fefd900000 - 0x000007fefd93d000 	C:\Windows\System32\WINSTA.dll
0x000007fefb5e0000 - 0x000007fefb602000 	C:\Windows\System32\ntlanman.dll
0x000007fef9c60000 - 0x000007fef9c7d000 	C:\Windows\System32\davclnt.dll
0x000007fefb640000 - 0x000007fefb64a000 	C:\Windows\System32\DAVHLPR.dll
0x000007fefcd10000 - 0x000007fefcd25000 	C:\Windows\system32\wkscli.dll
0x000007fef5e40000 - 0x000007fef5e4f000 	C:\Windows\system32\cscapi.dll
0x000007fefce00000 - 0x000007fefce0c000 	C:\Windows\system32\netutils.dll
0x000007fee2790000 - 0x000007fee2a01000 	C:\Windows\system32\wpdshext.dll
0x000007fefbb90000 - 0x000007fefbda6000 	C:\Windows\WinSxS\amd64_microsoft.windows.gdiplus_6595b64144ccf1df_1.1.7601.18455_none_2b283fd671e9bf4d\gdiplus.dll
0x000007feef690000 - 0x000007feef74d000 	C:\Windows\system32\PortableDeviceApi.dll
0x000007fefdd20000 - 0x000007fefdd5a000 	C:\Windows\system32\WINTRUST.dll
0x000007fee75c0000 - 0x000007fee75e7000 	C:\Windows\system32\EhStorAPI.dll
0x000007fee49e0000 - 0x000007fee4a61000 	C:\Windows\system32\DeviceCenter.dll
0x000007fefba90000 - 0x000007fefbb82000 	C:\Windows\system32\DUI70.dll
0x000007fef2f60000 - 0x000007fef2f6c000 	C:\Windows\system32\LINKINFO.dll
0x000007fee4380000 - 0x000007fee441e000 	C:\Windows\system32\RICHED20.DLL
0x000007fef7430000 - 0x000007fef7555000 	C:\Windows\system32\dbghelp.dll

VM Arguments:
jvm_args: -Xdebug -Xrunjdwp:transport=dt_shmem,address=javadebug -Dfile.encoding=UTF-8 
java_command: marcadministrationclient.MainJFrame
Launcher Type: SUN_STANDARD

Environment Variables:
PATH=C:\Program Files (x86)\ImageMagick-6.8.7-Q16;C:\Program Files\Common Files\Microsoft Shared\Windows Live;C:\Program Files (x86)\AMD APP\bin\x86_64;C:\Program Files (x86)\AMD APP\bin\x86;C:\Windows\system32;C:\Windows;C:\Windows\System32\Wbem;C:\Program Files (x86)\ATI Technologies\ATI.ACE\Core-Static;C:\Windows\System32\WindowsPowerShell\v1.0\;C:\Program Files\Microsoft\Web Platform Installer\;C:\Program Files (x86)\Microsoft ASP.NET\ASP.NET Web Pages\v1.0\;C:\Program Files\Microsoft SQL Server\110\Tools\Binn\;C:\Program Files (x86)\Microsoft SQL Server\90\Tools\binn\;C:\Windows\System32\WindowsPowerShell\v1.0\;C:\Program Files\TortoiseSVN\bin;C:\Program Files (x86)\Windows Kits\8.1\Windows Performance Toolkit\;C:\Program Files (x86)\Microsoft SDKs\TypeScript\1.0\;C:\Program Files\Common Files\Microsoft Shared\Windows Live;C:\Program Files (x86)\CMake 2.8\bin
USERNAME=patrice
OS=Windows_NT
PROCESSOR_IDENTIFIER=Intel64 Family 6 Model 42 Stepping 7, GenuineIntel



---------------  S Y S T E M  ---------------

OS: Windows 7 , 64 bit Build 7601 Service Pack 1

CPU:total 2 (2 cores per cpu, 2 threads per core) family 6 model 42 stepping 7, cmov, cx8, fxsr, mmx, sse, sse2, sse3, ssse3, sse4.1, sse4.2, popcnt, avx, ht, tsc, tscinvbit

Memory: 4k page, physical 8321392k(4108880k free), swap 16640920k(11087036k free)

vm_info: Java HotSpot(TM) 64-Bit Server VM (23.6-b04) for windows-amd64 JRE (1.7.0_11-b21), built on Jan 12 2013 02:38:42 by "java_re" with unknown MS VC++:1600

time: Tue Dec 16 15:26:44 2014
elapsed time: 399 seconds

