#
# A fatal error has been detected by the Java Runtime Environment:
#
#  EXCEPTION_ACCESS_VIOLATION (0xc0000005) at pc=0x0000000002dbb108, pid=28168, tid=25608
#
# JRE version: 7.0_11-b21
# Java VM: Java HotSpot(TM) 64-Bit Server VM (23.6-b04 mixed mode windows-amd64 compressed oops)
# Problematic frame:
# j  java.lang.ref.ReferenceQueue.reallyPoll()Ljava/lang/ref/Reference;+51
#
# Failed to write core dump. Minidumps are not enabled by default on client versions of Windows
#
# If you would like to submit a bug report, please visit:
#   http://bugreport.sun.com/bugreport/crash.jsp
#

---------------  T H R E A D  ---------------

Current thread (0x000000000c1f4800):  JavaThread "Java2D Disposer" daemon [_thread_in_Java, id=25608, stack(0x000000000e650000,0x000000000e750000)]

siginfo: ExceptionCode=0xc0000005, reading address 0x00000000018001d0

Registers:
RAX=0x000000077be30c70, RBX=0x000000000000002f, RCX=0x0000000000000048, RDX=0x0000000001800188
RSP=0x000000000e74f290, RBP=0x000000000e74f2d0, RSI=0x00000000ef7f94e4, RDI=0x000000077be311e0
R8 =0x000000077bed0df0, R9 =0x000000000000000c, R10=0x0000000077f859c0, R11=0x000000000e74f250
R12=0x0000000000000000, R13=0x000000077bed0587, R14=0x000000000e74f2e8, R15=0x000000000c1f4800
RIP=0x0000000002dbb108, EFLAGS=0x0000000000010287

Top of Stack: (sp=0x000000000e74f290)
0x000000000e74f290:   000000000e74f290 000000077bed0583
0x000000000e74f2a0:   000000000e74f2e8 000000077bed0d90
0x000000000e74f2b0:   000000077d0d7f58 000000077bed05a8
0x000000000e74f2c0:   0000000000000000 000000000e74f2e8
0x000000000e74f2d0:   000000000e74f340 0000000002d96473
0x000000000e74f2e0:   0000000781b510e0 0000000781592078
0x000000000e74f2f0:   0000000000000011 0000000781592098
0x000000000e74f300:   000000000e74f2f0 000000077bed0808
0x000000000e74f310:   000000000e74f378 000000077bed0d90
0x000000000e74f320:   000000077d0fd098 000000077bed0858
0x000000000e74f330:   000000000e74f2e8 000000000e74f368
0x000000000e74f340:   000000000e74f3c0 0000000002d96473
0x000000000e74f350:   0000000000000000 0000000000000000
0x000000000e74f360:   0000000781592098 0000000000000000
0x000000000e74f370:   0000000781835a28 0000000781592078
0x000000000e74f380:   000000000e74f380 000000077bed092a 

Instructions: (pc=0x0000000002dbb108)
0x0000000002dbb0e8:   89 51 10 bf 01 00 00 00 48 89 79 18 48 83 c1 30
0x0000000002dbb0f8:   48 89 4d e0 48 3b d0 0f 84 5c 00 00 00 8b 48 1c
0x0000000002dbb108:   48 3b 04 0a 0f 84 4f 00 00 00 83 f9 28 0f 85 25
0x0000000002dbb118:   00 00 00 50 48 8b c0 57 48 8b 7a 30 8b 4f 0c 48 


Register to memory mapping:

RAX=0x000000077be30c70 is an oop
{instance class} 
 - klass: {other class}
RBX=0x000000000000002f is an unknown value
RCX=0x0000000000000048 is an unknown value
RDX=0x0000000001800188 is an unknown value
RSP=0x000000000e74f290 is pointing into the stack for thread: 0x000000000c1f4800
RBP=0x000000000e74f2d0 is pointing into the stack for thread: 0x000000000c1f4800
RSI=0x00000000ef7f94e4 is an unknown value
RDI=0x000000077be311e0 is an oop
{instance class} 
 - klass: {other class}
R8 =0x000000077bed0df0 is an oop
{constant pool cache} 
 - klass: {other class}
R9 =0x000000000000000c is an unknown value
R10=0x0000000077f859c0 is an unknown value
R11=0x000000000e74f250 is pointing into the stack for thread: 0x000000000c1f4800
R12=0x0000000000000000 is an unknown value
R13=0x000000077bed0587 is an oop
{constMethod} 
 - klass: {other class}
 - method:       0x000000077bed05a8 {method} 'reallyPoll' '()Ljava/lang/ref/Reference;' in 'java/lang/ref/ReferenceQueue'
 - exceptions:   0x000000077be01d50
bci_from(000000077BED0587) = 55; print_codes():
R14=0x000000000e74f2e8 is pointing into the stack for thread: 0x000000000c1f4800
R15=0x000000000c1f4800 is a thread


Stack: [0x000000000e650000,0x000000000e750000],  sp=0x000000000e74f290,  free space=1020k
Native frames: (J=compiled Java code, j=interpreted, Vv=VM code, C=native code)
j  java.lang.ref.ReferenceQueue.reallyPoll()Ljava/lang/ref/Reference;+51
j  java.lang.ref.ReferenceQueue.remove(J)Ljava/lang/ref/Reference;+24
j  java.lang.ref.ReferenceQueue.remove()Ljava/lang/ref/Reference;+2
j  sun.java2d.Disposer.run()V+3
j  java.lang.Thread.run()V+11
v  ~StubRoutines::call_stub


---------------  P R O C E S S  ---------------

Java Threads: ( => current thread )
  0x000000000fa87000 JavaThread "SwingWorker-pool-1-thread-10" daemon [_thread_blocked, id=27396, stack(0x0000000012ce0000,0x0000000012de0000)]
  0x000000000fa86800 JavaThread "SwingWorker-pool-1-thread-9" daemon [_thread_blocked, id=10484, stack(0x0000000013050000,0x0000000013150000)]
  0x000000000fa85800 JavaThread "SwingWorker-pool-1-thread-8" daemon [_thread_blocked, id=28024, stack(0x0000000012f00000,0x0000000013000000)]
  0x000000000fa85000 JavaThread "SwingWorker-pool-1-thread-7" daemon [_thread_blocked, id=25236, stack(0x0000000012de0000,0x0000000012ee0000)]
  0x000000000fa84000 JavaThread "SwingWorker-pool-1-thread-6" daemon [_thread_blocked, id=28080, stack(0x0000000012b50000,0x0000000012c50000)]
  0x000000000fa83800 JavaThread "SwingWorker-pool-1-thread-5" daemon [_thread_blocked, id=8248, stack(0x000000000f550000,0x000000000f650000)]
  0x000000000f2b3800 JavaThread "SwingWorker-pool-1-thread-4" daemon [_thread_blocked, id=28112, stack(0x0000000012970000,0x0000000012a70000)]
  0x000000000f24a800 JavaThread "SwingWorker-pool-1-thread-3" daemon [_thread_blocked, id=19696, stack(0x0000000012810000,0x0000000012910000)]
  0x000000000ef54800 JavaThread "SwingWorker-pool-1-thread-2" daemon [_thread_blocked, id=19428, stack(0x0000000012300000,0x0000000012400000)]
  0x000000000ef53800 JavaThread "SwingWorker-pool-1-thread-1" daemon [_thread_blocked, id=27712, stack(0x000000000f670000,0x000000000f770000)]
  0x0000000011194000 JavaThread "org.netbeans.modules.debugger.jpda.visual AWT Access Loop" daemon [_thread_blocked, id=17256, stack(0x0000000012510000,0x0000000012610000)]
  0x000000000fa25800 JavaThread "TimerQueue" daemon [_thread_blocked, id=25952, stack(0x00000000118d0000,0x00000000119d0000)]
  0x0000000001eef000 JavaThread "DestroyJavaVM" [_thread_blocked, id=28368, stack(0x0000000002480000,0x0000000002580000)]
  0x000000000c1f7800 JavaThread "AWT-EventQueue-0" [_thread_blocked, id=24308, stack(0x000000000e4e0000,0x000000000e5e0000)]
  0x000000000c1f6000 JavaThread "AWT-Windows" daemon [_thread_in_native, id=28584, stack(0x000000000e9e0000,0x000000000eae0000)]
  0x000000000c1f5000 JavaThread "AWT-Shutdown" [_thread_blocked, id=28532, stack(0x000000000e7f0000,0x000000000e8f0000)]
=>0x000000000c1f4800 JavaThread "Java2D Disposer" daemon [_thread_in_Java, id=25608, stack(0x000000000e650000,0x000000000e750000)]
  0x000000000c067000 JavaThread "Service Thread" daemon [_thread_blocked, id=27288, stack(0x000000000e2c0000,0x000000000e3c0000)]
  0x000000000c05e000 JavaThread "C2 CompilerThread1" daemon [_thread_blocked, id=28176, stack(0x000000000e070000,0x000000000e170000)]
  0x000000000c05a800 JavaThread "C2 CompilerThread0" daemon [_thread_blocked, id=28144, stack(0x000000000df70000,0x000000000e070000)]
  0x000000000c04d800 JavaThread "JDWP Command Reader" daemon [_thread_in_native, id=27040, stack(0x000000000d370000,0x000000000d470000)]
  0x000000000c04a800 JavaThread "JDWP Event Helper Thread" daemon [_thread_blocked, id=27820, stack(0x000000000d190000,0x000000000d290000)]
  0x000000000c042800 JavaThread "JDWP Transport Listener: dt_shmem" daemon [_thread_blocked, id=28328, stack(0x000000000cfb0000,0x000000000d0b0000)]
  0x000000000c031800 JavaThread "Attach Listener" daemon [_thread_blocked, id=27800, stack(0x000000000ce90000,0x000000000cf90000)]
  0x000000000c030000 JavaThread "Signal Dispatcher" daemon [_thread_blocked, id=25844, stack(0x000000000ccf0000,0x000000000cdf0000)]
  0x00000000020e3000 JavaThread "Finalizer" daemon [_thread_blocked, id=27196, stack(0x000000000cbd0000,0x000000000ccd0000)]
  0x00000000020e0000 JavaThread "Reference Handler" daemon [_thread_blocked, id=25296, stack(0x000000000cab0000,0x000000000cbb0000)]

Other Threads:
  0x000000000bfb2800 VMThread [stack: 0x000000000c800000,0x000000000c900000] [id=27940]
  0x000000000c070000 WatcherThread [stack: 0x000000000e3d0000,0x000000000e4d0000] [id=23572]

VM state:not at safepoint (normal execution)

VM Mutex/Monitor currently owned by a thread: None

Heap
 PSYoungGen      total 37952K, used 821K [0x00000007d5ab0000, 0x00000007d8500000, 0x0000000800000000)
  eden space 32576K, 2% used [0x00000007d5ab0000,0x00000007d5b7d7f0,0x00000007d7a80000)
  from space 5376K, 0% used [0x00000007d7a80000,0x00000007d7a80000,0x00000007d7fc0000)
  to   space 5376K, 0% used [0x00000007d7fc0000,0x00000007d7fc0000,0x00000007d8500000)
 ParOldGen       total 86720K, used 11623K [0x0000000781000000, 0x00000007864b0000, 0x00000007d5ab0000)
  object space 86720K, 13% used [0x0000000781000000,0x0000000781b59cb0,0x00000007864b0000)
 PSPermGen       total 21248K, used 19556K [0x000000077be00000, 0x000000077d2c0000, 0x0000000781000000)
  object space 21248K, 92% used [0x000000077be00000,0x000000077d119110,0x000000077d2c0000)

Card table byte_map: [0x0000000005d90000,0x00000000061c0000] byte_map_base: 0x00000000021b1000

Polling page: 0x0000000000410000

Code Cache  [0x0000000002d90000, 0x0000000003090000, 0x0000000005d90000)
 total_blobs=1375 nmethods=891 adapters=443 free_code_cache=46196Kb largest_free_block=47246336

Compilation events (10 events):
Event: 772.845 Thread 0x000000000c05a800  900             javax.swing.text.PlainView::calculateLongestLine (98 bytes)
Event: 772.869 Thread 0x000000000c05e000  901             javax.swing.text.Utilities::isComposedTextElement (38 bytes)
Event: 772.879 Thread 0x000000000c05e000 nmethod 901 0x0000000003059cd0 code [0x0000000003059e60, 0x000000000305a1e8]
Event: 772.884 Thread 0x000000000c05a800 nmethod 900 0x000000000307a8d0 code [0x000000000307aae0, 0x000000000307b820]
Event: 800.722 Thread 0x000000000c05e000  902             javax.swing.text.GapContent::getPositionsInRange (176 bytes)
Event: 800.739 Thread 0x000000000c05e000 nmethod 902 0x000000000307ca90 code [0x000000000307cc80, 0x000000000307df60]
Event: 800.751 Thread 0x000000000c05a800  903             java.awt.Container::validateTree (153 bytes)
Event: 800.771 Thread 0x000000000c05a800 nmethod 903 0x000000000307eb10 code [0x000000000307edc0, 0x0000000003080260]
Event: 806.896 Thread 0x000000000c05e000  904             sun.misc.FloatingDecimal::doubleValue (1289 bytes)
Event: 806.921 Thread 0x000000000c05e000 nmethod 904 0x000000000305a810 code [0x000000000305aa20, 0x000000000305b438]

GC Heap History (10 events):
Event: 814.922 GC heap before
{Heap before GC invocations=1459 (full 728):
 PSYoungGen      total 37952K, used 32K [0x00000007d5ab0000, 0x00000007d8500000, 0x0000000800000000)
  eden space 32576K, 0% used [0x00000007d5ab0000,0x00000007d5ab0000,0x00000007d7a80000)
  from space 5376K, 0% used [0x00000007d7a80000,0x00000007d7a88000,0x00000007d7fc0000)
  to   space 5376K, 0% used [0x00000007d7fc0000,0x00000007d7fc0000,0x00000007d8500000)
 ParOldGen       total 86720K, used 11635K [0x0000000781000000, 0x00000007864b0000, 0x00000007d5ab0000)
  object space 86720K, 13% used [0x0000000781000000,0x0000000781b5cd50,0x00000007864b0000)
 PSPermGen       total 21248K, used 19556K [0x000000077be00000, 0x000000077d2c0000, 0x0000000781000000)
  object space 21248K, 92% used [0x000000077be00000,0x000000077d119110,0x000000077d2c0000)
Event: 814.958 GC heap after
Heap after GC invocations=1459 (full 728):
 PSYoungGen      total 37952K, used 0K [0x00000007d5ab0000, 0x00000007d8500000, 0x0000000800000000)
  eden space 32576K, 0% used [0x00000007d5ab0000,0x00000007d5ab0000,0x00000007d7a80000)
  from space 5376K, 0% used [0x00000007d7a80000,0x00000007d7a80000,0x00000007d7fc0000)
  to   space 5376K, 0% used [0x00000007d7fc0000,0x00000007d7fc0000,0x00000007d8500000)
 ParOldGen       total 86720K, used 11620K [0x0000000781000000, 0x00000007864b0000, 0x00000007d5ab0000)
  object space 86720K, 13% used [0x0000000781000000,0x0000000781b59258,0x00000007864b0000)
 PSPermGen       total 21248K, used 19556K [0x000000077be00000, 0x000000077d2c0000, 0x0000000781000000)
  object space 21248K, 92% used [0x000000077be00000,0x000000077d119110,0x000000077d2c0000)
}
Event: 815.880 GC heap before
{Heap before GC invocations=1460 (full 728):
 PSYoungGen      total 37952K, used 1921K [0x00000007d5ab0000, 0x00000007d8500000, 0x0000000800000000)
  eden space 32576K, 5% used [0x00000007d5ab0000,0x00000007d5c90478,0x00000007d7a80000)
  from space 5376K, 0% used [0x00000007d7a80000,0x00000007d7a80000,0x00000007d7fc0000)
  to   space 5376K, 0% used [0x00000007d7fc0000,0x00000007d7fc0000,0x00000007d8500000)
 ParOldGen       total 86720K, used 11620K [0x0000000781000000, 0x00000007864b0000, 0x00000007d5ab0000)
  object space 86720K, 13% used [0x0000000781000000,0x0000000781b59258,0x00000007864b0000)
 PSPermGen       total 21248K, used 19556K [0x000000077be00000, 0x000000077d2c0000, 0x0000000781000000)
  object space 21248K, 92% used [0x000000077be00000,0x000000077d119110,0x000000077d2c0000)
Event: 815.880 GC heap after
Heap after GC invocations=1460 (full 728):
 PSYoungGen      total 37952K, used 128K [0x00000007d5ab0000, 0x00000007d8500000, 0x0000000800000000)
  eden space 32576K, 0% used [0x00000007d5ab0000,0x00000007d5ab0000,0x00000007d7a80000)
  from space 5376K, 2% used [0x00000007d7fc0000,0x00000007d7fe0000,0x00000007d8500000)
  to   space 5376K, 0% used [0x00000007d7a80000,0x00000007d7a80000,0x00000007d7fc0000)
 ParOldGen       total 86720K, used 11620K [0x0000000781000000, 0x00000007864b0000, 0x00000007d5ab0000)
  object space 86720K, 13% used [0x0000000781000000,0x0000000781b59258,0x00000007864b0000)
 PSPermGen       total 21248K, used 19556K [0x000000077be00000, 0x000000077d2c0000, 0x0000000781000000)
  object space 21248K, 92% used [0x000000077be00000,0x000000077d119110,0x000000077d2c0000)
}
Event: 815.880 GC heap before
{Heap before GC invocations=1461 (full 729):
 PSYoungGen      total 37952K, used 128K [0x00000007d5ab0000, 0x00000007d8500000, 0x0000000800000000)
  eden space 32576K, 0% used [0x00000007d5ab0000,0x00000007d5ab0000,0x00000007d7a80000)
  from space 5376K, 2% used [0x00000007d7fc0000,0x00000007d7fe0000,0x00000007d8500000)
  to   space 5376K, 0% used [0x00000007d7a80000,0x00000007d7a80000,0x00000007d7fc0000)
 ParOldGen       total 86720K, used 11620K [0x0000000781000000, 0x00000007864b0000, 0x00000007d5ab0000)
  object space 86720K, 13% used [0x0000000781000000,0x0000000781b59258,0x00000007864b0000)
 PSPermGen       total 21248K, used 19556K [0x000000077be00000, 0x000000077d2c0000, 0x0000000781000000)
  object space 21248K, 92% used [0x000000077be00000,0x000000077d119110,0x000000077d2c0000)
Event: 815.919 GC heap after
Heap after GC invocations=1461 (full 729):
 PSYoungGen      total 37952K, used 0K [0x00000007d5ab0000, 0x00000007d8500000, 0x0000000800000000)
  eden space 32576K, 0% used [0x00000007d5ab0000,0x00000007d5ab0000,0x00000007d7a80000)
  from space 5376K, 0% used [0x00000007d7fc0000,0x00000007d7fc0000,0x00000007d8500000)
  to   space 5376K, 0% used [0x00000007d7a80000,0x00000007d7a80000,0x00000007d7fc0000)
 ParOldGen       total 86720K, used 11635K [0x0000000781000000, 0x00000007864b0000, 0x00000007d5ab0000)
  object space 86720K, 13% used [0x0000000781000000,0x0000000781b5cd60,0x00000007864b0000)
 PSPermGen       total 21248K, used 19556K [0x000000077be00000, 0x000000077d2c0000, 0x0000000781000000)
  object space 21248K, 92% used [0x000000077be00000,0x000000077d119110,0x000000077d2c0000)
}
Event: 815.919 GC heap before
{Heap before GC invocations=1462 (full 729):
 PSYoungGen      total 37952K, used 556K [0x00000007d5ab0000, 0x00000007d8500000, 0x0000000800000000)
  eden space 32576K, 1% used [0x00000007d5ab0000,0x00000007d5b3b220,0x00000007d7a80000)
  from space 5376K, 0% used [0x00000007d7fc0000,0x00000007d7fc0000,0x00000007d8500000)
  to   space 5376K, 0% used [0x00000007d7a80000,0x00000007d7a80000,0x00000007d7fc0000)
 ParOldGen       total 86720K, used 11635K [0x0000000781000000, 0x00000007864b0000, 0x00000007d5ab0000)
  object space 86720K, 13% used [0x0000000781000000,0x0000000781b5cd60,0x00000007864b0000)
 PSPermGen       total 21248K, used 19556K [0x000000077be00000, 0x000000077d2c0000, 0x0000000781000000)
  object space 21248K, 92% used [0x000000077be00000,0x000000077d119110,0x000000077d2c0000)
Event: 815.920 GC heap after
Heap after GC invocations=1462 (full 729):
 PSYoungGen      total 37952K, used 32K [0x00000007d5ab0000, 0x00000007d8500000, 0x0000000800000000)
  eden space 32576K, 0% used [0x00000007d5ab0000,0x00000007d5ab0000,0x00000007d7a80000)
  from space 5376K, 0% used [0x00000007d7a80000,0x00000007d7a88000,0x00000007d7fc0000)
  to   space 5376K, 0% used [0x00000007d7fc0000,0x00000007d7fc0000,0x00000007d8500000)
 ParOldGen       total 86720K, used 11635K [0x0000000781000000, 0x00000007864b0000, 0x00000007d5ab0000)
  object space 86720K, 13% used [0x0000000781000000,0x0000000781b5cd60,0x00000007864b0000)
 PSPermGen       total 21248K, used 19556K [0x000000077be00000, 0x000000077d2c0000, 0x0000000781000000)
  object space 21248K, 92% used [0x000000077be00000,0x000000077d119110,0x000000077d2c0000)
}
Event: 815.920 GC heap before
{Heap before GC invocations=1463 (full 730):
 PSYoungGen      total 37952K, used 32K [0x00000007d5ab0000, 0x00000007d8500000, 0x0000000800000000)
  eden space 32576K, 0% used [0x00000007d5ab0000,0x00000007d5ab0000,0x00000007d7a80000)
  from space 5376K, 0% used [0x00000007d7a80000,0x00000007d7a88000,0x00000007d7fc0000)
  to   space 5376K, 0% used [0x00000007d7fc0000,0x00000007d7fc0000,0x00000007d8500000)
 ParOldGen       total 86720K, used 11635K [0x0000000781000000, 0x00000007864b0000, 0x00000007d5ab0000)
  object space 86720K, 13% used [0x0000000781000000,0x0000000781b5cd60,0x00000007864b0000)
 PSPermGen       total 21248K, used 19556K [0x000000077be00000, 0x000000077d2c0000, 0x0000000781000000)
  object space 21248K, 92% used [0x000000077be00000,0x000000077d119110,0x000000077d2c0000)
Event: 815.957 GC heap after
Heap after GC invocations=1463 (full 730):
 PSYoungGen      total 37952K, used 0K [0x00000007d5ab0000, 0x00000007d8500000, 0x0000000800000000)
  eden space 32576K, 0% used [0x00000007d5ab0000,0x00000007d5ab0000,0x00000007d7a80000)
  from space 5376K, 0% used [0x00000007d7a80000,0x00000007d7a80000,0x00000007d7fc0000)
  to   space 5376K, 0% used [0x00000007d7fc0000,0x00000007d7fc0000,0x00000007d8500000)
 ParOldGen       total 86720K, used 11623K [0x0000000781000000, 0x00000007864b0000, 0x00000007d5ab0000)
  object space 86720K, 13% used [0x0000000781000000,0x0000000781b59cb0,0x00000007864b0000)
 PSPermGen       total 21248K, used 19556K [0x000000077be00000, 0x000000077d2c0000, 0x0000000781000000)
  object space 21248K, 92% used [0x000000077be00000,0x000000077d119110,0x000000077d2c0000)
}

Deoptimization events (2 events):
Event: 3.329 Thread 0x000000000c1f7800 Uncommon trap -12 fr.pc 0x0000000002e66da0
Event: 3.329 Thread 0x000000000c1f7800 Uncommon trap -12 fr.pc 0x0000000002e4f7b8

Internal exceptions (10 events):
Event: 62.513 Thread 0x000000000c1f7800 Threw 0x00000007d5ae2c28 at C:\jdk7u1_64p\jdk7u11\hotspot\src\share\vm\prims\jvm.cpp:1166
Event: 62.514 Thread 0x000000000c1f7800 Threw 0x00000007d5ae5548 at C:\jdk7u1_64p\jdk7u11\hotspot\src\share\vm\prims\jvm.cpp:1166
Event: 63.737 Thread 0x000000000c1f7800 Threw 0x00000007d6aac888 at C:\jdk7u1_64p\jdk7u11\hotspot\src\share\vm\prims\jvm.cpp:1166
Event: 71.345 Thread 0x000000000c1f7800 Threw 0x00000007d6f65090 at C:\jdk7u1_64p\jdk7u11\hotspot\src\share\vm\prims\jvm.cpp:1166
Event: 79.825 Thread 0x000000000c1f7800 Threw 0x00000007d5ba33c8 at C:\jdk7u1_64p\jdk7u11\hotspot\src\share\vm\prims\jvm.cpp:1166
Event: 79.852 Thread 0x000000000c1f7800 Threw 0x00000007d5bb5968 at C:\jdk7u1_64p\jdk7u11\hotspot\src\share\vm\prims\jvm.cpp:1166
Event: 79.884 Thread 0x000000000c1f7800 Threw 0x00000007d5bca498 at C:\jdk7u1_64p\jdk7u11\hotspot\src\share\vm\prims\jvm.cpp:1166
Event: 85.278 Thread 0x000000000c1f7800 Threw 0x00000007d5bffc68 at C:\jdk7u1_64p\jdk7u11\hotspot\src\share\vm\prims\jvm.cpp:1166
Event: 87.669 Thread 0x000000000c1f7800 Threw 0x00000007d5e46860 at C:\jdk7u1_64p\jdk7u11\hotspot\src\share\vm\prims\jvm.cpp:1166
Event: 90.460 Thread 0x000000000c1f7800 Threw 0x00000007d5b55ab8 at C:\jdk7u1_64p\jdk7u11\hotspot\src\share\vm\prims\jvm.cpp:1166

Events (10 events):
Event: 814.865 Executing VM operation: ParallelGCSystemGC
Event: 814.920 Executing VM operation: ParallelGCSystemGC done
Event: 814.921 Executing VM operation: ParallelGCSystemGC
Event: 814.958 Executing VM operation: ParallelGCSystemGC done
Event: 815.879 Executing VM operation: ParallelGCSystemGC
Event: 815.919 Executing VM operation: ParallelGCSystemGC done
Event: 815.919 Executing VM operation: ParallelGCSystemGC
Event: 815.957 Executing VM operation: ParallelGCSystemGC done
Event: 815.969 Executing VM operation: BulkRevokeBias
Event: 815.969 Executing VM operation: BulkRevokeBias done


Dynamic libraries:
0x000000013fa90000 - 0x000000013fac3000 	C:\Program Files\Java\jdk1.7.0_11\bin\java.exe
0x0000000076fe0000 - 0x0000000077189000 	C:\Windows\SYSTEM32\ntdll.dll
0x0000000076dc0000 - 0x0000000076edf000 	C:\Windows\system32\kernel32.dll
0x000007fefcf40000 - 0x000007fefcfac000 	C:\Windows\system32\KERNELBASE.dll
0x000007fefd940000 - 0x000007fefda1b000 	C:\Windows\system32\ADVAPI32.dll
0x000007fefdbb0000 - 0x000007fefdc4f000 	C:\Windows\system32\msvcrt.dll
0x000007fefd8b0000 - 0x000007fefd8cf000 	C:\Windows\SYSTEM32\sechost.dll
0x000007fefdee0000 - 0x000007fefe00d000 	C:\Windows\system32\RPCRT4.dll
0x0000000076ee0000 - 0x0000000076fda000 	C:\Windows\system32\USER32.dll
0x000007fefd8d0000 - 0x000007fefd937000 	C:\Windows\system32\GDI32.dll
0x000007fefdc50000 - 0x000007fefdc5e000 	C:\Windows\system32\LPK.dll
0x000007fefe070000 - 0x000007fefe139000 	C:\Windows\system32\USP10.dll
0x000007fefb6e0000 - 0x000007fefb8d4000 	C:\Windows\WinSxS\amd64_microsoft.windows.common-controls_6595b64144ccf1df_6.0.7601.17514_none_fa396087175ac9ac\COMCTL32.dll
0x000007feff070000 - 0x000007feff0e1000 	C:\Windows\system32\SHLWAPI.dll
0x000007fefdeb0000 - 0x000007fefdede000 	C:\Windows\system32\IMM32.DLL
0x000007fefef60000 - 0x000007feff069000 	C:\Windows\system32\MSCTF.dll
0x00000000501e0000 - 0x00000000502b1000 	C:\Program Files\Java\jdk1.7.0_11\jre\bin\msvcr100.dll
0x00000000778e0000 - 0x0000000077fff000 	C:\Program Files\Java\jdk1.7.0_11\jre\bin\server\jvm.dll
0x000007fefa4d0000 - 0x000007fefa4d9000 	C:\Windows\system32\WSOCK32.dll
0x000007fefd4b0000 - 0x000007fefd4fd000 	C:\Windows\system32\WS2_32.dll
0x000007fefef50000 - 0x000007fefef58000 	C:\Windows\system32\NSI.dll
0x000007fefb210000 - 0x000007fefb24b000 	C:\Windows\system32\WINMM.dll
0x00000000771a0000 - 0x00000000771a7000 	C:\Windows\system32\PSAPI.DLL
0x0000000063570000 - 0x00000000635af000 	C:\Program Files\Java\jdk1.7.0_11\jre\bin\splashscreen.dll
0x0000000050570000 - 0x000000005057f000 	C:\Program Files\Java\jdk1.7.0_11\jre\bin\verify.dll
0x0000000050540000 - 0x0000000050568000 	C:\Program Files\Java\jdk1.7.0_11\jre\bin\java.dll
0x000007fefb180000 - 0x000007fefb1d6000 	C:\Windows\system32\uxtheme.dll
0x00000000732c0000 - 0x00000000732f5000 	C:\Program Files\Java\jdk1.7.0_11\jre\bin\jdwp.dll
0x0000000074200000 - 0x0000000074208000 	C:\Program Files\Java\jdk1.7.0_11\jre\bin\npt.dll
0x0000000050520000 - 0x0000000050535000 	C:\Program Files\Java\jdk1.7.0_11\jre\bin\zip.dll
0x0000000180000000 - 0x00000001800eb000 	C:\Program Files\Hewlett-Packard\HP ProtectTools Security Manager\Bin\DpoFeedb.dll
0x000007fefd500000 - 0x000007fefd5d7000 	C:\Windows\system32\OLEAUT32.dll
0x000007fefd160000 - 0x000007fefd363000 	C:\Windows\system32\ole32.dll
0x000007fefc090000 - 0x000007fefc09c000 	C:\Windows\system32\VERSION.dll
0x000007fefcea0000 - 0x000007fefcebe000 	C:\Windows\system32\USERENV.dll
0x000007fefcdb0000 - 0x000007fefcdbf000 	C:\Windows\system32\profapi.dll
0x000007fefcc00000 - 0x000007fefcc0f000 	C:\Windows\system32\CRYPTBASE.dll
0x000007fee2bc0000 - 0x000007fee2bf1000 	C:\Program Files\Hewlett-Packard\HP ProtectTools Security Manager\Bin\DpoSet.dll
0x0000000066a40000 - 0x0000000066b13000 	C:\Windows\WinSxS\amd64_microsoft.vc90.crt_1fc8b3b9a1e18e3b_9.0.30729.6161_none_08e61857a83bc251\MSVCP90.dll
0x0000000072bc0000 - 0x0000000072c63000 	C:\Windows\WinSxS\amd64_microsoft.vc90.crt_1fc8b3b9a1e18e3b_9.0.30729.6161_none_08e61857a83bc251\MSVCR90.dll
0x0000000073500000 - 0x000000007350b000 	C:\Program Files\Java\jdk1.7.0_11\jre\bin\dt_shmem.dll
0x0000000077740000 - 0x00000000778d3000 	C:\Program Files\Java\jdk1.7.0_11\jre\bin\awt.dll
0x000007fefadf0000 - 0x000007fefae08000 	C:\Windows\system32\dwmapi.dll
0x0000000050440000 - 0x0000000050474000 	C:\Program Files\Java\jdk1.7.0_11\jre\bin\fontmanager.dll
0x00000000504f0000 - 0x0000000050509000 	C:\Program Files\Java\jdk1.7.0_11\jre\bin\net.dll
0x000007fefc540000 - 0x000007fefc595000 	C:\Windows\system32\mswsock.dll
0x000007fefc530000 - 0x000007fefc537000 	C:\Windows\System32\wship6.dll
0x00000000504d0000 - 0x00000000504e1000 	C:\Program Files\Java\jdk1.7.0_11\jre\bin\nio.dll
0x0000000050020000 - 0x0000000050061000 	C:\Program Files\Java\jdk1.7.0_11\jre\bin\t2k.dll
0x000007fefe140000 - 0x000007fefeec8000 	C:\Windows\system32\SHELL32.dll
0x000000006e190000 - 0x000000006e1c0000 	C:\Program Files\Java\jdk1.7.0_11\jre\bin\jpeg.dll
0x000007fefd410000 - 0x000007fefd4a9000 	C:\Windows\system32\CLBCatQ.DLL
0x000007fefa860000 - 0x000007fefa9c1000 	C:\Windows\system32\WindowsCodecs.dll
0x000007fefcba0000 - 0x000007fefcbf7000 	C:\Windows\system32\apphelp.dll
0x000007fef0ec0000 - 0x000007fef10fd000 	C:\PROGRA~1\MIF5BA~1\Office15\GROOVEEX.DLL
0x0000000067450000 - 0x00000000674e8000 	C:\Windows\system32\MSVCP100.dll
0x000000006fcf0000 - 0x000000006fd1b000 	C:\Windows\system32\ATL100.DLL
0x000007feedf90000 - 0x000007feee2ad000 	C:\Windows\system32\msi.dll
0x000007feed200000 - 0x000007feeda8c000 	C:\PROGRA~1\MIF5BA~1\Office15\1036\GrooveIntlResource.dll
0x000000006c260000 - 0x000000006c276000 	C:\Program Files\Common Files\TortoiseOverlays\TortoiseOverlays.dll
0x000000006c250000 - 0x000000006c260000 	C:\Program Files\TortoiseSVN\bin\TortoiseStub.dll
0x00000000689f0000 - 0x0000000068a6b000 	C:\Program Files\TortoiseSVN\bin\TortoiseSVN.dll
0x000007fefdc60000 - 0x000007fefdea8000 	C:\Windows\system32\WININET.dll
0x000007fefcfb0000 - 0x000007fefcfb4000 	C:\Windows\system32\api-ms-win-downlevel-user32-l1-1-0.dll
0x000007fefced0000 - 0x000007fefced4000 	C:\Windows\system32\api-ms-win-downlevel-shlwapi-l1-1-0.dll
0x000007fefcee0000 - 0x000007fefcee4000 	C:\Windows\system32\api-ms-win-downlevel-version-l1-1-0.dll
0x000007fefcec0000 - 0x000007fefcec3000 	C:\Windows\system32\api-ms-win-downlevel-normaliz-l1-1-0.dll
0x00000000771b0000 - 0x00000000771b3000 	C:\Windows\system32\normaliz.DLL
0x000007fefd5e0000 - 0x000007fefd8a7000 	C:\Windows\system32\iertutil.dll
0x000007fefcfc0000 - 0x000007fefcfc5000 	C:\Windows\system32\api-ms-win-downlevel-advapi32-l1-1-0.dll
0x000007feece10000 - 0x000007feed1fd000 	C:\Program Files\TortoiseSVN\bin\libsvn_tsvn.dll
0x0000000068c40000 - 0x0000000068c6b000 	C:\Program Files\TortoiseSVN\bin\libapr_tsvn.dll
0x00000000689a0000 - 0x00000000689e1000 	C:\Program Files\TortoiseSVN\bin\libaprutil_tsvn.dll
0x000007fefe010000 - 0x000007fefe062000 	C:\Windows\system32\WLDAP32.dll
0x000007fef9340000 - 0x000007fef9350000 	C:\Program Files\TortoiseSVN\bin\intl3_tsvn.dll
0x000007fef9070000 - 0x000007fef908a000 	C:\Program Files\TortoiseSVN\bin\libsasl.dll
0x000007fefc8e0000 - 0x000007fefc8eb000 	C:\Windows\system32\Secur32.dll
0x000007fefcb70000 - 0x000007fefcb95000 	C:\Windows\system32\SSPICLI.DLL
0x000007fefcff0000 - 0x000007fefd15c000 	C:\Windows\system32\CRYPT32.dll
0x000007fefcda0000 - 0x000007fefcdaf000 	C:\Windows\system32\MSASN1.dll
0x000007fef4c10000 - 0x000007fef4c45000 	C:\Windows\system32\EhStorShell.dll
0x000007feff110000 - 0x000007feff2e7000 	C:\Windows\system32\SETUPAPI.dll
0x000007fefcef0000 - 0x000007fefcf26000 	C:\Windows\system32\CFGMGR32.dll
0x000007fefcfd0000 - 0x000007fefcfea000 	C:\Windows\system32\DEVOBJ.dll
0x000007fefb250000 - 0x000007fefb37c000 	C:\Windows\system32\PROPSYS.dll
0x000007feec7a0000 - 0x000007feece0f000 	C:\PROGRA~1\MIF5BA~1\Office14\GROOVEEX.DLL
0x0000000068c10000 - 0x0000000068c3f000 	C:\Windows\WinSxS\amd64_microsoft.vc90.atl_1fc8b3b9a1e18e3b_9.0.30729.6161_none_0a1fd3a3a768b895\ATL90.DLL
0x000007feeb530000 - 0x000007feeb94a000 	C:\PROGRA~1\COMMON~1\MICROS~1\OFFICE14\Cultures\office.odf
0x000007feeaca0000 - 0x000007feeb528000 	C:\PROGRA~1\MIF5BA~1\Office14\1036\GrooveIntlResource.dll
0x000000006d070000 - 0x000000006d09a000 	C:\Program Files\Java\jdk1.7.0_11\jre\bin\dcpr.dll

VM Arguments:
jvm_args: -Xdebug -Xrunjdwp:transport=dt_shmem,address=javadebug -Dfile.encoding=UTF-8 
java_command: marcadministrationclient.mARCAdministrationClient
Launcher Type: SUN_STANDARD

Environment Variables:
PATH=C:\Program Files (x86)\ImageMagick-6.8.7-Q16;C:\Program Files\Common Files\Microsoft Shared\Windows Live;C:\Program Files (x86)\AMD APP\bin\x86_64;C:\Program Files (x86)\AMD APP\bin\x86;C:\Windows\system32;C:\Windows;C:\Windows\System32\Wbem;C:\Program Files (x86)\ATI Technologies\ATI.ACE\Core-Static;C:\Windows\System32\WindowsPowerShell\v1.0\;C:\Program Files\Microsoft\Web Platform Installer\;C:\Program Files (x86)\Microsoft ASP.NET\ASP.NET Web Pages\v1.0\;C:\Program Files\Microsoft SQL Server\110\Tools\Binn\;C:\Program Files (x86)\Microsoft SQL Server\90\Tools\binn\;C:\Windows\System32\WindowsPowerShell\v1.0\;C:\Program Files\TortoiseSVN\bin;C:\Program Files (x86)\Windows Kits\8.1\Windows Performance Toolkit\;C:\Program Files (x86)\Microsoft SDKs\TypeScript\1.0\;C:\Program Files\Common Files\Microsoft Shared\Windows Live;C:\Program Files (x86)\CMake 2.8\bin
USERNAME=patrice
OS=Windows_NT
PROCESSOR_IDENTIFIER=Intel64 Family 6 Model 42 Stepping 7, GenuineIntel



---------------  S Y S T E M  ---------------

OS: Windows 7 , 64 bit Build 7601 Service Pack 1

CPU:total 2 (2 cores per cpu, 2 threads per core) family 6 model 42 stepping 7, cmov, cx8, fxsr, mmx, sse, sse2, sse3, ssse3, sse4.1, sse4.2, popcnt, avx, ht, tsc, tscinvbit

Memory: 4k page, physical 8321392k(3051732k free), swap 16640920k(10269912k free)

vm_info: Java HotSpot(TM) 64-Bit Server VM (23.6-b04) for windows-amd64 JRE (1.7.0_11-b21), built on Jan 12 2013 02:38:42 by "java_re" with unknown MS VC++:1600

time: Sat Dec 20 16:36:09 2014
elapsed time: 815 seconds

