#
# A fatal error has been detected by the Java Runtime Environment:
#
#  EXCEPTION_ACCESS_VIOLATION (0xc0000005) at pc=0x000000006b8a9cff, pid=9808, tid=8552
#
# JRE version: 7.0_11-b21
# Java VM: Java HotSpot(TM) 64-Bit Server VM (23.6-b04 mixed mode windows-amd64 compressed oops)
# Problematic frame:
# V  [jvm.dll+0xc9cff]
#
# Failed to write core dump. Minidumps are not enabled by default on client versions of Windows
#
# If you would like to submit a bug report, please visit:
#   http://bugreport.sun.com/bugreport/crash.jsp
#

---------------  T H R E A D  ---------------

Current thread (0x000000000220d000):  GCTaskThread [stack: 0x0000000006140000,0x0000000006240000] [id=8552]

siginfo: ExceptionCode=0xc0000005, reading address 0xffffffffffffffff

Registers:
RAX=0x0000000006450000, RBX=0x0000000000000080, RCX=0x0000000000000000, RDX=0x007ffffffc421000
RSP=0x000000000623fa90, RBP=0x0000000781a7f3c0, RSI=0x00000000023f1ad0, RDI=0x00000000023f1ad0
R8 =0x0000000000000010, R9 =0x0000000000000003, R10=0x0000000000000000, R11=0x000000000000000c
R12=0x0000000781a7f3c8, R13=0x000000077c7593b0, R14=0x000000077c7593b8, R15=0x0000000781a7f3a0
RIP=0x000000006b8a9cff, EFLAGS=0x0000000000010202

Top of Stack: (sp=0x000000000623fa90)
0x000000000623fa90:   000000077c759140 00000000023f1ad0
0x000000000623faa0:   000000077c759140 000000006b8bcdc9
0x000000000623fab0:   0000000000000000 000000000220d3a0
0x000000000623fac0:   000000000220c3d0 0000000000000000
0x000000000623fad0:   000000000001e79f 000000006bb3920c
0x000000000623fae0:   000000000001e79f 0000000781a7f3a0
0x000000000623faf0:   00000000023f1ad0 000000006bd36480
0x000000000623fb00:   000000006be94700 0000000000000003
0x000000000623fb10:   0000000781028c38 000000006bafdb9e
0x000000000623fb20:   0000000781001db4 000000006b8a9dc9
0x000000000623fb30:   0000000781296e58 000000000220c3d0
0x000000000623fb40:   000000000220d3b0 000000000220d3a0
0x000000000623fb50:   000000006bd36480 0000000000000000
0x000000000623fb60:   000000000c5f3de0 0000000000000000
0x000000000623fb70:   00000000023f1ad0 000000006bb37040
0x000000000623fb80:   000000000ba03d28 0000000000000000 

Instructions: (pc=0x000000006b8a9cff)
0x000000006b8a9cdf:   15 1c aa 5e 00 48 c1 ea 03 48 d3 ea 0f b6 c2 48
0x000000006b8a9cef:   c1 ea 06 24 3f 44 0f b6 c0 48 8b 05 11 aa 5e 00
0x000000006b8a9cff:   48 8b 14 d0 4c 0f a3 c2 0f 82 55 01 00 00 80 3d
0x000000006b8a9d0f:   d4 1f 5e 00 00 74 0e 8b 43 08 41 8b c9 48 d3 e0 


Register to memory mapping:

RAX=0x0000000006450000 is an unknown value
RBX=0x0000000000000080 is an unknown value
RCX=0x0000000000000000 is an unknown value
RDX=0x007ffffffc421000 is an unknown value
RSP=0x000000000623fa90 is an unknown value
RBP=0x0000000781a7f3c0 is an oop
sun.misc.Cleaner 
 - klass: 'sun/misc/Cleaner'
RSI=0x00000000023f1ad0 is an unknown value
RDI=0x00000000023f1ad0 is an unknown value
R8 =0x0000000000000010 is an unknown value
R9 =0x0000000000000003 is an unknown value
R10=0x0000000000000000 is an unknown value
R11=0x000000000000000c is an unknown value
R12=0x0000000781a7f3c8 is an oop
java.nio.DirectByteBuffer$Deallocator 
 - klass: 'java/nio/DirectByteBuffer$Deallocator'
R13=0x000000077c7593b0 is an oop
{instance class} 
 - klass: {other class}
R14=0x000000077c7593b8 is an oop
[S 
 - klass: {type array short}
 - length: 4
R15=0x0000000781a7f3a0 is an oop
sun.misc.Cleaner 
 - klass: 'sun/misc/Cleaner'


Stack: [0x0000000006140000,0x0000000006240000],  sp=0x000000000623fa90,  free space=1022k
Native frames: (J=compiled Java code, j=interpreted, Vv=VM code, C=native code)
V  [jvm.dll+0xc9cff]


---------------  P R O C E S S  ---------------

Java Threads: ( => current thread )
  0x0000000002386000 JavaThread "SwingWorker-pool-1-thread-10" daemon [_thread_blocked, id=9916, stack(0x00000000123f0000,0x00000000124f0000)]
  0x0000000002385800 JavaThread "SwingWorker-pool-1-thread-9" daemon [_thread_blocked, id=1912, stack(0x0000000012250000,0x0000000012350000)]
  0x0000000002384800 JavaThread "SwingWorker-pool-1-thread-8" daemon [_thread_blocked, id=7288, stack(0x0000000011ae0000,0x0000000011be0000)]
  0x0000000002384000 JavaThread "SwingWorker-pool-1-thread-7" daemon [_thread_blocked, id=9620, stack(0x0000000011f90000,0x0000000012090000)]
  0x0000000002383000 JavaThread "SwingWorker-pool-1-thread-6" daemon [_thread_blocked, id=8780, stack(0x0000000011df0000,0x0000000011ef0000)]
  0x000000000f8bf800 JavaThread "SwingWorker-pool-1-thread-5" daemon [_thread_blocked, id=4552, stack(0x0000000011c30000,0x0000000011d30000)]
  0x000000000fccd800 JavaThread "SwingWorker-pool-1-thread-4" daemon [_thread_blocked, id=8320, stack(0x00000000119b0000,0x0000000011ab0000)]
  0x000000000ebbf000 JavaThread "SwingWorker-pool-1-thread-3" daemon [_thread_blocked, id=9752, stack(0x00000000117b0000,0x00000000118b0000)]
  0x000000000f213800 JavaThread "SwingWorker-pool-1-thread-2" daemon [_thread_blocked, id=9084, stack(0x00000000104f0000,0x00000000105f0000)]
  0x000000000239b800 JavaThread "SwingWorker-pool-1-thread-1" daemon [_thread_blocked, id=8296, stack(0x0000000010680000,0x0000000010780000)]
  0x000000000c529800 JavaThread "TimerQueue" daemon [_thread_blocked, id=9336, stack(0x000000000e890000,0x000000000e990000)]
  0x000000000eb65000 JavaThread "org.netbeans.modules.debugger.jpda.visual AWT Access Loop" daemon [_thread_blocked, id=4720, stack(0x000000000e5f0000,0x000000000e6f0000)]
  0x00000000022ef000 JavaThread "DestroyJavaVM" [_thread_blocked, id=10028, stack(0x0000000002580000,0x0000000002680000)]
  0x000000000eb5c000 JavaThread "AWT-EventQueue-0" [_thread_blocked, id=9504, stack(0x000000000e330000,0x000000000e430000)]
  0x000000000c76a000 JavaThread "AWT-Windows" daemon [_thread_blocked, id=1544, stack(0x000000000e430000,0x000000000e530000)]
  0x000000000c766000 JavaThread "AWT-Shutdown" [_thread_blocked, id=5656, stack(0x000000000dcd0000,0x000000000ddd0000)]
  0x000000000c765000 JavaThread "Java2D Disposer" daemon [_thread_blocked, id=7688, stack(0x000000000e1f0000,0x000000000e2f0000)]
  0x000000000c4af000 JavaThread "Service Thread" daemon [_thread_blocked, id=8400, stack(0x000000000de20000,0x000000000df20000)]
  0x000000000c4a6800 JavaThread "C2 CompilerThread1" daemon [_thread_blocked, id=9132, stack(0x000000000da50000,0x000000000db50000)]
  0x000000000c4a3000 JavaThread "C2 CompilerThread0" daemon [_thread_blocked, id=9200, stack(0x000000000db90000,0x000000000dc90000)]
  0x000000000c470000 JavaThread "JDWP Command Reader" daemon [_thread_in_native, id=5676, stack(0x000000000d940000,0x000000000da40000)]
  0x000000000c46a800 JavaThread "JDWP Event Helper Thread" daemon [_thread_blocked, id=3304, stack(0x000000000d1f0000,0x000000000d2f0000)]
  0x000000000c459000 JavaThread "JDWP Transport Listener: dt_shmem" daemon [_thread_blocked, id=10204, stack(0x000000000d080000,0x000000000d180000)]
  0x00000000024eb800 JavaThread "Attach Listener" daemon [_thread_blocked, id=7604, stack(0x000000000ce50000,0x000000000cf50000)]
  0x00000000024ea000 JavaThread "Signal Dispatcher" daemon [_thread_blocked, id=9112, stack(0x000000000cd20000,0x000000000ce20000)]
  0x0000000002460000 JavaThread "Finalizer" daemon [_thread_blocked, id=4880, stack(0x000000000cb20000,0x000000000cc20000)]
  0x000000000245d000 JavaThread "Reference Handler" daemon [_thread_blocked, id=6240, stack(0x000000000c8b0000,0x000000000c9b0000)]

Other Threads:
  0x0000000002456000 VMThread [stack: 0x000000000c0d0000,0x000000000c1d0000] [id=7344]
  0x000000000c4b8000 WatcherThread [stack: 0x000000000e010000,0x000000000e110000] [id=9960]

=>0x000000000220d000 (exited) GCTaskThread [stack: 0x0000000006140000,0x0000000006240000] [id=8552]

VM state:at safepoint (normal execution)

VM Mutex/Monitor currently owned by a thread:  ([mutex/lock_event])
[0x00000000022ec2d0] Threads_lock - owner thread: 0x0000000002456000
[0x00000000022ec7d0] Heap_lock - owner thread: 0x000000000eb5c000

Heap
 PSYoungGen      total 24576K, used 32K [0x00000007d5ab0000, 0x00000007d72e0000, 0x0000000800000000)
  eden space 24384K, 0% used [0x00000007d5ab0000,0x00000007d5ab0000,0x00000007d7280000)
  from space 192K, 16% used [0x00000007d7280000,0x00000007d7288000,0x00000007d72b0000)
  to   space 192K, 0% used [0x00000007d72b0000,0x00000007d72b0000,0x00000007d72e0000)
 ParOldGen       total 86720K, used 11027K [0x0000000781000000, 0x00000007864b0000, 0x00000007d5ab0000)
  object space 86720K, 12% used [0x0000000781000000,0x0000000781ac4f18,0x00000007864b0000)
 PSPermGen       total 21504K, used 18733K [0x000000077be00000, 0x000000077d300000, 0x0000000781000000)
  object space 21504K, 87% used [0x000000077be00000,0x000000077d04b510,0x000000077d300000)

Card table byte_map: [0x0000000005970000,0x0000000005da0000] byte_map_base: 0x0000000001d91000

Polling page: 0x0000000000130000

Code Cache  [0x00000000028b0000, 0x0000000002b50000, 0x00000000058b0000)
 total_blobs=1189 nmethods=710 adapters=439 free_code_cache=46556Kb largest_free_block=47624384

Compilation events (10 events):
Event: 679.934 Thread 0x000000000c4a3000  719             java.util.Calendar::getFirstDayOfWeek (5 bytes)
Event: 679.935 Thread 0x000000000c4a3000 nmethod 719 0x0000000002b0d110 code [0x0000000002b0d240, 0x0000000002b0d298]
Event: 679.935 Thread 0x000000000c4a6800  720             java.util.Calendar::getMinimalDaysInFirstWeek (5 bytes)
Event: 679.935 Thread 0x000000000c4a6800 nmethod 720 0x0000000002b07350 code [0x0000000002b07480, 0x0000000002b074d8]
Event: 682.626 Thread 0x000000000c4a3000  721             java.util.GregorianCalendar::getWeekNumber (93 bytes)
Event: 682.630 Thread 0x000000000c4a3000 nmethod 721 0x0000000002b06f50 code [0x0000000002b070a0, 0x0000000002b07238]
Event: 697.161 Thread 0x000000000c4a3000  722             javax.swing.plaf.nimbus.NimbusStyle::getBorderPainter (146 bytes)
Event: 697.187 Thread 0x000000000c4a3000 nmethod 722 0x0000000002b43650 code [0x0000000002b43840, 0x0000000002b444e0]
Event: 705.111 Thread 0x000000000c4a3000  723             sun.util.calendar.CalendarDate::getYear (5 bytes)
Event: 705.112 Thread 0x000000000c4a3000 nmethod 723 0x0000000002b06c90 code [0x0000000002b06dc0, 0x0000000002b06e18]

GC Heap History (10 events):
Event: 718.079 GC heap after
Heap after GC invocations=1360 (full 671):
 PSYoungGen      total 24576K, used 32K [0x00000007d5ab0000, 0x00000007d72e0000, 0x0000000800000000)
  eden space 24384K, 0% used [0x00000007d5ab0000,0x00000007d5ab0000,0x00000007d7280000)
  from space 192K, 16% used [0x00000007d7280000,0x00000007d7288000,0x00000007d72b0000)
  to   space 192K, 0% used [0x00000007d72b0000,0x00000007d72b0000,0x00000007d72e0000)
 ParOldGen       total 86720K, used 11027K [0x0000000781000000, 0x00000007864b0000, 0x00000007d5ab0000)
  object space 86720K, 12% used [0x0000000781000000,0x0000000781ac4e90,0x00000007864b0000)
 PSPermGen       total 21504K, used 18733K [0x000000077be00000, 0x000000077d300000, 0x0000000781000000)
  object space 21504K, 87% used [0x000000077be00000,0x000000077d04b510,0x000000077d300000)
}
Event: 718.079 GC heap before
{Heap before GC invocations=1361 (full 672):
 PSYoungGen      total 24576K, used 32K [0x00000007d5ab0000, 0x00000007d72e0000, 0x0000000800000000)
  eden space 24384K, 0% used [0x00000007d5ab0000,0x00000007d5ab0000,0x00000007d7280000)
  from space 192K, 16% used [0x00000007d7280000,0x00000007d7288000,0x00000007d72b0000)
  to   space 192K, 0% used [0x00000007d72b0000,0x00000007d72b0000,0x00000007d72e0000)
 ParOldGen       total 86720K, used 11027K [0x0000000781000000, 0x00000007864b0000, 0x00000007d5ab0000)
  object space 86720K, 12% used [0x0000000781000000,0x0000000781ac4e90,0x00000007864b0000)
 PSPermGen       total 21504K, used 18733K [0x000000077be00000, 0x000000077d300000, 0x0000000781000000)
  object space 21504K, 87% used [0x000000077be00000,0x000000077d04b510,0x000000077d300000)
Event: 718.193 GC heap after
Heap after GC invocations=1361 (full 672):
 PSYoungGen      total 24576K, used 0K [0x00000007d5ab0000, 0x00000007d72e0000, 0x0000000800000000)
  eden space 24384K, 0% used [0x00000007d5ab0000,0x00000007d5ab0000,0x00000007d7280000)
  from space 192K, 0% used [0x00000007d7280000,0x00000007d7280000,0x00000007d72b0000)
  to   space 192K, 0% used [0x00000007d72b0000,0x00000007d72b0000,0x00000007d72e0000)
 ParOldGen       total 86720K, used 11018K [0x0000000781000000, 0x00000007864b0000, 0x00000007d5ab0000)
  object space 86720K, 12% used [0x0000000781000000,0x0000000781ac2838,0x00000007864b0000)
 PSPermGen       total 21504K, used 18733K [0x000000077be00000, 0x000000077d300000, 0x0000000781000000)
  object space 21504K, 87% used [0x000000077be00000,0x000000077d04b510,0x000000077d300000)
}
Event: 718.962 GC heap before
{Heap before GC invocations=1362 (full 672):
 PSYoungGen      total 24576K, used 898K [0x00000007d5ab0000, 0x00000007d72e0000, 0x0000000800000000)
  eden space 24384K, 3% used [0x00000007d5ab0000,0x00000007d5b90958,0x00000007d7280000)
  from space 192K, 0% used [0x00000007d7280000,0x00000007d7280000,0x00000007d72b0000)
  to   space 192K, 0% used [0x00000007d72b0000,0x00000007d72b0000,0x00000007d72e0000)
 ParOldGen       total 86720K, used 11018K [0x0000000781000000, 0x00000007864b0000, 0x00000007d5ab0000)
  object space 86720K, 12% used [0x0000000781000000,0x0000000781ac2838,0x00000007864b0000)
 PSPermGen       total 21504K, used 18733K [0x000000077be00000, 0x000000077d300000, 0x0000000781000000)
  object space 21504K, 87% used [0x000000077be00000,0x000000077d04b510,0x000000077d300000)
Event: 718.964 GC heap after
Heap after GC invocations=1362 (full 672):
 PSYoungGen      total 24576K, used 96K [0x00000007d5ab0000, 0x00000007d72e0000, 0x0000000800000000)
  eden space 24384K, 0% used [0x00000007d5ab0000,0x00000007d5ab0000,0x00000007d7280000)
  from space 192K, 50% used [0x00000007d72b0000,0x00000007d72c8000,0x00000007d72e0000)
  to   space 192K, 0% used [0x00000007d7280000,0x00000007d7280000,0x00000007d72b0000)
 ParOldGen       total 86720K, used 11018K [0x0000000781000000, 0x00000007864b0000, 0x00000007d5ab0000)
  object space 86720K, 12% used [0x0000000781000000,0x0000000781ac2838,0x00000007864b0000)
 PSPermGen       total 21504K, used 18733K [0x000000077be00000, 0x000000077d300000, 0x0000000781000000)
  object space 21504K, 87% used [0x000000077be00000,0x000000077d04b510,0x000000077d300000)
}
Event: 718.964 GC heap before
{Heap before GC invocations=1363 (full 673):
 PSYoungGen      total 24576K, used 96K [0x00000007d5ab0000, 0x00000007d72e0000, 0x0000000800000000)
  eden space 24384K, 0% used [0x00000007d5ab0000,0x00000007d5ab0000,0x00000007d7280000)
  from space 192K, 50% used [0x00000007d72b0000,0x00000007d72c8000,0x00000007d72e0000)
  to   space 192K, 0% used [0x00000007d7280000,0x00000007d7280000,0x00000007d72b0000)
 ParOldGen       total 86720K, used 11018K [0x0000000781000000, 0x00000007864b0000, 0x00000007d5ab0000)
  object space 86720K, 12% used [0x0000000781000000,0x0000000781ac2838,0x00000007864b0000)
 PSPermGen       total 21504K, used 18733K [0x000000077be00000, 0x000000077d300000, 0x0000000781000000)
  object space 21504K, 87% used [0x000000077be00000,0x000000077d04b510,0x000000077d300000)
Event: 719.076 GC heap after
Heap after GC invocations=1363 (full 673):
 PSYoungGen      total 24576K, used 0K [0x00000007d5ab0000, 0x00000007d72e0000, 0x0000000800000000)
  eden space 24384K, 0% used [0x00000007d5ab0000,0x00000007d5ab0000,0x00000007d7280000)
  from space 192K, 0% used [0x00000007d72b0000,0x00000007d72b0000,0x00000007d72e0000)
  to   space 192K, 0% used [0x00000007d7280000,0x00000007d7280000,0x00000007d72b0000)
 ParOldGen       total 86720K, used 11027K [0x0000000781000000, 0x00000007864b0000, 0x00000007d5ab0000)
  object space 86720K, 12% used [0x0000000781000000,0x0000000781ac4f18,0x00000007864b0000)
 PSPermGen       total 21504K, used 18733K [0x000000077be00000, 0x000000077d300000, 0x0000000781000000)
  object space 21504K, 87% used [0x000000077be00000,0x000000077d04b510,0x000000077d300000)
}
Event: 719.076 GC heap before
{Heap before GC invocations=1364 (full 673):
 PSYoungGen      total 24576K, used 105K [0x00000007d5ab0000, 0x00000007d72e0000, 0x0000000800000000)
  eden space 24384K, 0% used [0x00000007d5ab0000,0x00000007d5aca6d8,0x00000007d7280000)
  from space 192K, 0% used [0x00000007d72b0000,0x00000007d72b0000,0x00000007d72e0000)
  to   space 192K, 0% used [0x00000007d7280000,0x00000007d7280000,0x00000007d72b0000)
 ParOldGen       total 86720K, used 11027K [0x0000000781000000, 0x00000007864b0000, 0x00000007d5ab0000)
  object space 86720K, 12% used [0x0000000781000000,0x0000000781ac4f18,0x00000007864b0000)
 PSPermGen       total 21504K, used 18733K [0x000000077be00000, 0x000000077d300000, 0x0000000781000000)
  object space 21504K, 87% used [0x000000077be00000,0x000000077d04b510,0x000000077d300000)
Event: 719.078 GC heap after
Heap after GC invocations=1364 (full 673):
 PSYoungGen      total 24576K, used 32K [0x00000007d5ab0000, 0x00000007d72e0000, 0x0000000800000000)
  eden space 24384K, 0% used [0x00000007d5ab0000,0x00000007d5ab0000,0x00000007d7280000)
  from space 192K, 16% used [0x00000007d7280000,0x00000007d7288000,0x00000007d72b0000)
  to   space 192K, 0% used [0x00000007d72b0000,0x00000007d72b0000,0x00000007d72e0000)
 ParOldGen       total 86720K, used 11027K [0x0000000781000000, 0x00000007864b0000, 0x00000007d5ab0000)
  object space 86720K, 12% used [0x0000000781000000,0x0000000781ac4f18,0x00000007864b0000)
 PSPermGen       total 21504K, used 18733K [0x000000077be00000, 0x000000077d300000, 0x0000000781000000)
  object space 21504K, 87% used [0x000000077be00000,0x000000077d04b510,0x000000077d300000)
}
Event: 719.078 GC heap before
{Heap before GC invocations=1365 (full 674):
 PSYoungGen      total 24576K, used 32K [0x00000007d5ab0000, 0x00000007d72e0000, 0x0000000800000000)
  eden space 24384K, 0% used [0x00000007d5ab0000,0x00000007d5ab0000,0x00000007d7280000)
  from space 192K, 16% used [0x00000007d7280000,0x00000007d7288000,0x00000007d72b0000)
  to   space 192K, 0% used [0x00000007d72b0000,0x00000007d72b0000,0x00000007d72e0000)
 ParOldGen       total 86720K, used 11027K [0x0000000781000000, 0x00000007864b0000, 0x00000007d5ab0000)
  object space 86720K, 12% used [0x0000000781000000,0x0000000781ac4f18,0x00000007864b0000)
 PSPermGen       total 21504K, used 18733K [0x000000077be00000, 0x000000077d300000, 0x0000000781000000)
  object space 21504K, 87% used [0x000000077be00000,0x000000077d04b510,0x000000077d300000)

Deoptimization events (0 events):
No events

Internal exceptions (10 events):
Event: 133.343 Thread 0x000000000eb5c000 Threw 0x00000007d5c92c48 at C:\jdk7u1_64p\jdk7u11\hotspot\src\share\vm\prims\jvm.cpp:1166
Event: 133.374 Thread 0x000000000eb5c000 Threw 0x00000007d5ca4e98 at C:\jdk7u1_64p\jdk7u11\hotspot\src\share\vm\prims\jvm.cpp:1166
Event: 133.563 Thread 0x000000000eb5c000 Threw 0x00000007d5cb9b38 at C:\jdk7u1_64p\jdk7u11\hotspot\src\share\vm\prims\jvm.cpp:1166
Event: 135.182 Thread 0x000000000eb5c000 Threw 0x00000007d5cd22b0 at C:\jdk7u1_64p\jdk7u11\hotspot\src\share\vm\prims\jvm.cpp:1166
Event: 143.556 Thread 0x000000000eb5c000 Threw 0x00000007d5ab94d0 at C:\jdk7u1_64p\jdk7u11\hotspot\src\share\vm\prims\jvm.cpp:1166
Event: 200.331 Thread 0x000000000eb5c000 Threw 0x00000007d5ae3490 at C:\jdk7u1_64p\jdk7u11\hotspot\src\share\vm\prims\jvm.cpp:1166
Event: 236.261 Thread 0x000000000eb5c000 Threw 0x00000007d5ab8bc8 at C:\jdk7u1_64p\jdk7u11\hotspot\src\share\vm\prims\jvm.cpp:1166
Event: 243.196 Thread 0x000000000eb5c000 Threw 0x00000007d5af5888 at C:\jdk7u1_64p\jdk7u11\hotspot\src\share\vm\prims\jvm.cpp:1166
Event: 248.805 Thread 0x0000000002385800 Threw 0x00000007d65d2fe0 at C:\jdk7u1_64p\jdk7u11\hotspot\src\share\vm\prims\jvm.cpp:1166
Event: 387.340 Thread 0x000000000eb5c000 Threw 0x00000007d5c6dcf0 at C:\jdk7u1_64p\jdk7u11\hotspot\src\share\vm\prims\jvm.cpp:1166

Events (10 events):
Event: 717.047 Executing VM operation: ParallelGCSystemGC done
Event: 717.047 Executing VM operation: ParallelGCSystemGC
Event: 717.166 Executing VM operation: ParallelGCSystemGC done
Event: 717.948 Executing VM operation: ParallelGCSystemGC
Event: 718.075 Executing VM operation: ParallelGCSystemGC done
Event: 718.075 Executing VM operation: ParallelGCSystemGC
Event: 718.193 Executing VM operation: ParallelGCSystemGC done
Event: 718.961 Executing VM operation: ParallelGCSystemGC
Event: 719.076 Executing VM operation: ParallelGCSystemGC done
Event: 719.076 Executing VM operation: ParallelGCSystemGC


Dynamic libraries:
0x000000013f300000 - 0x000000013f333000 	C:\Program Files\Java\jdk1.7.0_11\bin\java.exe
0x00000000775d0000 - 0x0000000077779000 	C:\Windows\SYSTEM32\ntdll.dll
0x00000000773b0000 - 0x00000000774cf000 	C:\Windows\system32\kernel32.dll
0x000007fefd3f0000 - 0x000007fefd45c000 	C:\Windows\system32\KERNELBASE.dll
0x000007feff7a0000 - 0x000007feff87b000 	C:\Windows\system32\ADVAPI32.dll
0x000007fefdb60000 - 0x000007fefdbff000 	C:\Windows\system32\msvcrt.dll
0x000007fefecc0000 - 0x000007fefecdf000 	C:\Windows\SYSTEM32\sechost.dll
0x000007fefee20000 - 0x000007fefef4d000 	C:\Windows\system32\RPCRT4.dll
0x00000000774d0000 - 0x00000000775ca000 	C:\Windows\system32\USER32.dll
0x000007fefdaf0000 - 0x000007fefdb57000 	C:\Windows\system32\GDI32.dll
0x000007fefda40000 - 0x000007fefda4e000 	C:\Windows\system32\LPK.dll
0x000007fefdd90000 - 0x000007fefde59000 	C:\Windows\system32\USP10.dll
0x000007fefbe70000 - 0x000007fefc064000 	C:\Windows\WinSxS\amd64_microsoft.windows.common-controls_6595b64144ccf1df_6.0.7601.17514_none_fa396087175ac9ac\COMCTL32.dll
0x000007fefef50000 - 0x000007fefefc1000 	C:\Windows\system32\SHLWAPI.dll
0x000007fefece0000 - 0x000007fefed0e000 	C:\Windows\system32\IMM32.DLL
0x000007feff2a0000 - 0x000007feff3a9000 	C:\Windows\system32\MSCTF.dll
0x000000006c700000 - 0x000000006c7d1000 	C:\Program Files\Java\jdk1.7.0_11\jre\bin\msvcr100.dll
0x000000006b7e0000 - 0x000000006beff000 	C:\Program Files\Java\jdk1.7.0_11\jre\bin\server\jvm.dll
0x000007fefa7a0000 - 0x000007fefa7a9000 	C:\Windows\system32\WSOCK32.dll
0x000007fefde60000 - 0x000007fefdead000 	C:\Windows\system32\WS2_32.dll
0x000007fefee10000 - 0x000007fefee18000 	C:\Windows\system32\NSI.dll
0x000007fefaf30000 - 0x000007fefaf6b000 	C:\Windows\system32\WINMM.dll
0x00000000777a0000 - 0x00000000777a7000 	C:\Windows\system32\PSAPI.DLL
0x000000006d130000 - 0x000000006d16f000 	C:\Program Files\Java\jdk1.7.0_11\jre\bin\splashscreen.dll
0x000007fefbaf0000 - 0x000007fefbb46000 	C:\Windows\system32\uxtheme.dll
0x000000006dea0000 - 0x000000006deaf000 	C:\Program Files\Java\jdk1.7.0_11\jre\bin\verify.dll
0x000000006cc90000 - 0x000000006ccb8000 	C:\Program Files\Java\jdk1.7.0_11\jre\bin\java.dll
0x0000000061060000 - 0x0000000061095000 	C:\Program Files\Java\jdk1.7.0_11\jre\bin\jdwp.dll
0x000000006c2e0000 - 0x000000006c2e8000 	C:\Program Files\Java\jdk1.7.0_11\jre\bin\npt.dll
0x000000006cc40000 - 0x000000006cc55000 	C:\Program Files\Java\jdk1.7.0_11\jre\bin\zip.dll
0x0000000180000000 - 0x00000001800eb000 	C:\Program Files\Hewlett-Packard\HP ProtectTools Security Manager\Bin\DpoFeedb.dll
0x000007fefed10000 - 0x000007fefede7000 	C:\Windows\system32\OLEAUT32.dll
0x000007feff590000 - 0x000007feff793000 	C:\Windows\system32\ole32.dll
0x000007fefc680000 - 0x000007fefc68c000 	C:\Windows\system32\VERSION.dll
0x000007fefd460000 - 0x000007fefd47e000 	C:\Windows\system32\USERENV.dll
0x000007fefd390000 - 0x000007fefd39f000 	C:\Windows\system32\profapi.dll
0x000007fefd230000 - 0x000007fefd23f000 	C:\Windows\system32\CRYPTBASE.dll
0x00000000610e0000 - 0x00000000610eb000 	C:\Program Files\Java\jdk1.7.0_11\jre\bin\dt_shmem.dll
0x000007feee0d0000 - 0x000007feee101000 	C:\Program Files\Hewlett-Packard\HP ProtectTools Security Manager\Bin\DpoSet.dll
0x00000000687a0000 - 0x0000000068873000 	C:\Windows\WinSxS\amd64_microsoft.vc90.crt_1fc8b3b9a1e18e3b_9.0.30729.6161_none_08e61857a83bc251\MSVCP90.dll
0x00000000731e0000 - 0x0000000073283000 	C:\Windows\WinSxS\amd64_microsoft.vc90.crt_1fc8b3b9a1e18e3b_9.0.30729.6161_none_08e61857a83bc251\MSVCR90.dll
0x000000006b4e0000 - 0x000000006b673000 	C:\Program Files\Java\jdk1.7.0_11\jre\bin\awt.dll
0x000007fefb6c0000 - 0x000007fefb6d8000 	C:\Windows\system32\dwmapi.dll
0x000007fefdf30000 - 0x000007fefecb8000 	C:\Windows\system32\SHELL32.dll
0x000000006a520000 - 0x000000006a554000 	C:\Program Files\Java\jdk1.7.0_11\jre\bin\fontmanager.dll
0x000000006cbe0000 - 0x000000006cbf9000 	C:\Program Files\Java\jdk1.7.0_11\jre\bin\net.dll
0x000007fefcb30000 - 0x000007fefcb85000 	C:\Windows\system32\mswsock.dll
0x000007fefcb20000 - 0x000007fefcb27000 	C:\Windows\System32\wship6.dll
0x000000006cbc0000 - 0x000000006cbd1000 	C:\Program Files\Java\jdk1.7.0_11\jre\bin\nio.dll
0x0000000050020000 - 0x0000000050050000 	C:\Program Files\Java\jdk1.7.0_11\jre\bin\jpeg.dll
0x00000000680b0000 - 0x00000000680f1000 	C:\Program Files\Java\jdk1.7.0_11\jre\bin\t2k.dll
0x000007fefda50000 - 0x000007fefdae9000 	C:\Windows\system32\CLBCatQ.DLL
0x000007fefb510000 - 0x000007fefb671000 	C:\Windows\system32\WindowsCodecs.dll
0x000007fefd1d0000 - 0x000007fefd227000 	C:\Windows\system32\apphelp.dll
0x000007fef3fb0000 - 0x000007fef41ed000 	C:\PROGRA~1\MIF5BA~1\Office15\GROOVEEX.DLL
0x0000000069cd0000 - 0x0000000069d68000 	C:\Windows\system32\MSVCP100.dll
0x0000000072e30000 - 0x0000000072e5b000 	C:\Windows\system32\ATL100.DLL
0x000007fef3c90000 - 0x000007fef3fad000 	C:\Windows\system32\msi.dll
0x000007fef2f00000 - 0x000007fef378c000 	C:\PROGRA~1\MIF5BA~1\Office15\1036\GrooveIntlResource.dll
0x0000000072e10000 - 0x0000000072e26000 	C:\Program Files\Common Files\TortoiseOverlays\TortoiseOverlays.dll
0x0000000068f40000 - 0x0000000068f50000 	C:\Program Files\TortoiseSVN\bin\TortoiseStub.dll
0x0000000068ec0000 - 0x0000000068f3b000 	C:\Program Files\TortoiseSVN\bin\TortoiseSVN.dll
0x000007fefd7f0000 - 0x000007fefda3b000 	C:\Windows\system32\WININET.dll
0x000007fefd710000 - 0x000007fefd714000 	C:\Windows\system32\api-ms-win-downlevel-user32-l1-1-0.dll
0x000007fefd4c0000 - 0x000007fefd4c4000 	C:\Windows\system32\api-ms-win-downlevel-shlwapi-l1-1-0.dll
0x000007fefd700000 - 0x000007fefd704000 	C:\Windows\system32\api-ms-win-downlevel-version-l1-1-0.dll
0x000007fefd6e0000 - 0x000007fefd6e3000 	C:\Windows\system32\api-ms-win-downlevel-normaliz-l1-1-0.dll
0x0000000077790000 - 0x0000000077793000 	C:\Windows\system32\normaliz.DLL
0x000007fefefd0000 - 0x000007feff297000 	C:\Windows\system32\iertutil.dll
0x000007fefd6f0000 - 0x000007fefd6f5000 	C:\Windows\system32\api-ms-win-downlevel-advapi32-l1-1-0.dll
0x000007fef5d20000 - 0x000007fef610d000 	C:\Program Files\TortoiseSVN\bin\libsvn_tsvn.dll
0x0000000068e90000 - 0x0000000068ebb000 	C:\Program Files\TortoiseSVN\bin\libapr_tsvn.dll
0x0000000068e40000 - 0x0000000068e81000 	C:\Program Files\TortoiseSVN\bin\libaprutil_tsvn.dll
0x000007feff880000 - 0x000007feff8d2000 	C:\Windows\system32\WLDAP32.dll
0x000007fef5d10000 - 0x000007fef5d20000 	C:\Program Files\TortoiseSVN\bin\intl3_tsvn.dll
0x000007fef5cf0000 - 0x000007fef5d0a000 	C:\Program Files\TortoiseSVN\bin\libsasl.dll
0x000007fefd160000 - 0x000007fefd16b000 	C:\Windows\system32\Secur32.dll
0x000007fefd1a0000 - 0x000007fefd1c5000 	C:\Windows\system32\SSPICLI.DLL
0x000007fefd4d0000 - 0x000007fefd63c000 	C:\Windows\system32\CRYPT32.dll
0x000007fefd3a0000 - 0x000007fefd3af000 	C:\Windows\system32\MSASN1.dll
0x000007fef2e30000 - 0x000007fef2e65000 	C:\Windows\system32\EhStorShell.dll
0x000007feff3b0000 - 0x000007feff587000 	C:\Windows\system32\SETUPAPI.dll
0x000007fefd3b0000 - 0x000007fefd3e6000 	C:\Windows\system32\CFGMGR32.dll
0x000007fefd720000 - 0x000007fefd73a000 	C:\Windows\system32\DEVOBJ.dll
0x000007fefbcf0000 - 0x000007fefbe1c000 	C:\Windows\system32\PROPSYS.dll
0x000007fef27c0000 - 0x000007fef2e2f000 	C:\PROGRA~1\MIF5BA~1\Office14\GROOVEEX.DLL
0x0000000072de0000 - 0x0000000072e0f000 	C:\Windows\WinSxS\amd64_microsoft.vc90.atl_1fc8b3b9a1e18e3b_9.0.30729.6161_none_0a1fd3a3a768b895\ATL90.DLL
0x000007fef4b90000 - 0x000007fef4faa000 	C:\PROGRA~1\COMMON~1\MICROS~1\OFFICE14\Cultures\office.odf
0x000007fef4300000 - 0x000007fef4b88000 	C:\PROGRA~1\MIF5BA~1\Office14\1036\GrooveIntlResource.dll
0x0000000050080000 - 0x00000000500aa000 	C:\Program Files\Java\jdk1.7.0_11\jre\bin\dcpr.dll
0x000007fee1bd0000 - 0x000007fee1c6e000 	C:\Windows\system32\RICHED20.DLL
0x000007fef6800000 - 0x000007fef6925000 	C:\Windows\system32\dbghelp.dll

VM Arguments:
jvm_args: -Xdebug -Xrunjdwp:transport=dt_shmem,address=javadebug -Dfile.encoding=UTF-8 
java_command: marcadministrationclient.MainJFrame
Launcher Type: SUN_STANDARD

Environment Variables:
PATH=C:\Program Files (x86)\ImageMagick-6.8.7-Q16;C:\Program Files\Common Files\Microsoft Shared\Windows Live;C:\Program Files (x86)\AMD APP\bin\x86_64;C:\Program Files (x86)\AMD APP\bin\x86;C:\Windows\system32;C:\Windows;C:\Windows\System32\Wbem;C:\Program Files (x86)\ATI Technologies\ATI.ACE\Core-Static;C:\Windows\System32\WindowsPowerShell\v1.0\;C:\Program Files\Microsoft\Web Platform Installer\;C:\Program Files (x86)\Microsoft ASP.NET\ASP.NET Web Pages\v1.0\;C:\Program Files\Microsoft SQL Server\110\Tools\Binn\;C:\Program Files (x86)\Microsoft SQL Server\90\Tools\binn\;C:\Windows\System32\WindowsPowerShell\v1.0\;C:\Program Files\TortoiseSVN\bin;C:\Program Files (x86)\Windows Kits\8.1\Windows Performance Toolkit\;C:\Program Files (x86)\Microsoft SDKs\TypeScript\1.0\;C:\Program Files\Common Files\Microsoft Shared\Windows Live;C:\Program Files (x86)\CMake 2.8\bin
USERNAME=patrice
OS=Windows_NT
PROCESSOR_IDENTIFIER=Intel64 Family 6 Model 42 Stepping 7, GenuineIntel



---------------  S Y S T E M  ---------------

OS: Windows 7 , 64 bit Build 7601 Service Pack 1

CPU:total 2 (2 cores per cpu, 2 threads per core) family 6 model 42 stepping 7, cmov, cx8, fxsr, mmx, sse, sse2, sse3, ssse3, sse4.1, sse4.2, popcnt, avx, ht, tsc, tscinvbit

Memory: 4k page, physical 8321392k(3757400k free), swap 16640920k(10964556k free)

vm_info: Java HotSpot(TM) 64-Bit Server VM (23.6-b04) for windows-amd64 JRE (1.7.0_11-b21), built on Jan 12 2013 02:38:42 by "java_re" with unknown MS VC++:1600

time: Sat Dec 06 17:24:16 2014
elapsed time: 719 seconds

