#
# A fatal error has been detected by the Java Runtime Environment:
#
#  EXCEPTION_ACCESS_VIOLATION (0xc0000005) at pc=0x0000000002c6d744, pid=8948, tid=5880
#
# JRE version: 7.0_11-b21
# Java VM: Java HotSpot(TM) 64-Bit Server VM (23.6-b04 mixed mode windows-amd64 compressed oops)
# Problematic frame:
# j  java.util.concurrent.locks.AbstractQueuedSynchronizer.unparkSuccessor(Ljava/util/concurrent/locks/AbstractQueuedSynchronizer$Node;)V+26
#
# Failed to write core dump. Minidumps are not enabled by default on client versions of Windows
#
# If you would like to submit a bug report, please visit:
#   http://bugreport.sun.com/bugreport/crash.jsp
#

---------------  T H R E A D  ---------------

Current thread (0x000000000ea84800):  JavaThread "AWT-EventQueue-0" [_thread_in_Java, id=5880, stack(0x000000000f2b0000,0x000000000f3b0000)]

siginfo: ExceptionCode=0xc0000005, reading address 0x0000000003c00100

Registers:
RAX=0x0000000003c00100, RBX=0x000000000000000c, RCX=0x000000077bfebb90, RDX=0x0000000000002000
RSP=0x000000000f3ad0b8, RBP=0x000000000f3ad0f8, RSI=0x00000000000001f8, RDI=0x0000000002c46473
R8 =0x000000077bfebcd0, R9 =0x0000000000000006, R10=0x0000000000000000, R11=0x000000000f3ad080
R12=0x0000000000000000, R13=0x000000077bfe70a2, R14=0x000000000f3ad128, R15=0x000000000ea84800
RIP=0x0000000002c6d744, EFLAGS=0x0000000000010206

Top of Stack: (sp=0x000000000f3ad0b8)
0x000000000f3ad0b8:   000000000f3ad0b8 000000077bfe70a2
0x000000000f3ad0c8:   000000000f3ad128 000000077bfebb90
0x000000000f3ad0d8:   0000000000000000 000000077bfe70f8
0x000000000f3ad0e8:   0000000000000000 000000000f3ad120
0x000000000f3ad0f8:   000000000f3ad170 0000000002c46298
0x000000000f3ad108:   0000000000000000 0000000003c00100
0x000000000f3ad118:   0000000000570020 00000007d5b70e78
0x000000000f3ad128:   0000000781410748 000000000f3ad130
0x000000000f3ad138:   000000077bfe89b2 000000000f3ad190
0x000000000f3ad148:   000000077bfebb90 000000077cba4a10
0x000000000f3ad158:   000000077bfe89c8 000000000f3ad120
0x000000000f3ad168:   000000000f3ad188 000000000f3ad1d8
0x000000000f3ad178:   0000000002c46590 00000007d5b70e78
0x000000000f3ad188:   0000000000000001 0000000781410748
0x000000000f3ad198:   000000000f3ad198 000000077bfe1d3d
0x000000000f3ad1a8:   000000000f3ad1e8 000000077bfe4150 

Instructions: (pc=0x0000000002c6d744)
0x0000000002c6d724:   e9 07 2e fd ff 4c 8b 6d c8 4c 8b 75 d0 c3 58 41
0x0000000002c6d734:   0f b7 5d 01 48 8b 4d d8 c1 e3 02 48 8b 5c d9 30
0x0000000002c6d744:   48 3b 00 8b 04 18 41 0f b6 5d 03 49 83 c5 03 49
0x0000000002c6d754:   ba c0 39 f8 77 00 00 00 00 41 ff 24 da 0f 1f 80 


Register to memory mapping:

RAX=0x0000000003c00100 is an unknown value
RBX=0x000000000000000c is an unknown value
RCX=0x000000077bfebb90 is an oop
{constant pool cache} 
 - klass: {other class}
RDX=0x0000000000002000 is an unknown value
RSP=0x000000000f3ad0b8 is pointing into the stack for thread: 0x000000000ea84800
RBP=0x000000000f3ad0f8 is pointing into the stack for thread: 0x000000000ea84800
RSI=0x00000000000001f8 is an unknown value
RDI=0x0000000002c46473 is an Interpreter codelet
return entry points  [0x0000000002c458c0, 0x0000000002c476c0]  7680 bytes
R8 =0x000000077bfebcd0 is an oop
{constant pool cache} 
 - klass: {other class}
R9 =0x0000000000000006 is an unknown value
R10=0x0000000000000000 is an unknown value
R11=0x000000000f3ad080 is pointing into the stack for thread: 0x000000000ea84800
R12=0x0000000000000000 is an unknown value
R13=0x000000077bfe70a2 is an oop
{constMethod} 
 - klass: {other class}
 - method:       0x000000077bfe70f8 {method} 'unparkSuccessor' '(Ljava/util/concurrent/locks/AbstractQueuedSynchronizer$Node;)V' in 'java/util/concurrent/locks/AbstractQueuedSynchronizer'
 - exceptions:   0x000000077be01d50
bci_from(000000077BFE70A2) = 26; print_codes():
R14=0x000000000f3ad128 is pointing into the stack for thread: 0x000000000ea84800
R15=0x000000000ea84800 is a thread


Stack: [0x000000000f2b0000,0x000000000f3b0000],  sp=0x000000000f3ad0b8,  free space=1012k
Native frames: (J=compiled Java code, j=interpreted, Vv=VM code, C=native code)
j  java.util.concurrent.locks.AbstractQueuedSynchronizer.unparkSuccessor(Ljava/util/concurrent/locks/AbstractQueuedSynchronizer$Node;)V+26
j  java.util.concurrent.locks.AbstractQueuedSynchronizer.release(I)Z+26
j  java.util.concurrent.locks.ReentrantLock.unlock()V+5
j  java.util.concurrent.DelayQueue.remove(Ljava/lang/Object;)Z+19
j  javax.swing.TimerQueue.removeTimer(Ljavax/swing/Timer;)V+24
j  javax.swing.Timer.stop()V+18
j  javax.swing.ToolTipManager.initiateToolTip(Ljava/awt/event/MouseEvent;)V+32
j  javax.swing.ToolTipManager.mouseEntered(Ljava/awt/event/MouseEvent;)V+2
j  java.awt.AWTEventMulticaster.mouseEntered(Ljava/awt/event/MouseEvent;)V+8
j  java.awt.Component.processMouseEvent(Ljava/awt/event/MouseEvent;)V+94
j  javax.swing.JComponent.processMouseEvent(Ljava/awt/event/MouseEvent;)V+23
j  java.awt.Component.processEvent(Ljava/awt/AWTEvent;)V+81
j  java.awt.Container.processEvent(Ljava/awt/AWTEvent;)V+18
j  java.awt.Component.dispatchEventImpl(Ljava/awt/AWTEvent;)V+581
j  java.awt.Container.dispatchEventImpl(Ljava/awt/AWTEvent;)V+42
j  java.awt.Component.dispatchEvent(Ljava/awt/AWTEvent;)V+2
j  java.awt.LightweightDispatcher.retargetMouseEvent(Ljava/awt/Component;ILjava/awt/event/MouseEvent;)V+327
j  java.awt.LightweightDispatcher.trackMouseEnterExit(Ljava/awt/Component;Ljava/awt/event/MouseEvent;)V+158
j  java.awt.LightweightDispatcher.processMouseEvent(Ljava/awt/event/MouseEvent;)Z+25
j  java.awt.LightweightDispatcher.dispatchEvent(Ljava/awt/AWTEvent;)Z+50
j  java.awt.Container.dispatchEventImpl(Ljava/awt/AWTEvent;)V+12
j  java.awt.Window.dispatchEventImpl(Ljava/awt/AWTEvent;)V+19
j  java.awt.Component.dispatchEvent(Ljava/awt/AWTEvent;)V+2
j  java.awt.EventQueue.dispatchEventImpl(Ljava/awt/AWTEvent;Ljava/lang/Object;)V+41
j  java.awt.EventQueue.access$200(Ljava/awt/EventQueue;Ljava/awt/AWTEvent;Ljava/lang/Object;)V+3
j  java.awt.EventQueue$3.run()Ljava/lang/Void;+12
j  java.awt.EventQueue$3.run()Ljava/lang/Object;+1
v  ~StubRoutines::call_stub


---------------  P R O C E S S  ---------------

Java Threads: ( => current thread )
  0x000000000ebfe800 JavaThread "SwingWorker-pool-1-thread-10" daemon [_thread_blocked, id=8972, stack(0x0000000012190000,0x0000000012290000)]
  0x000000000ebfe000 JavaThread "SwingWorker-pool-1-thread-9" daemon [_thread_blocked, id=7676, stack(0x0000000012090000,0x0000000012190000)]
  0x000000000ebfd000 JavaThread "SwingWorker-pool-1-thread-8" daemon [_thread_blocked, id=8844, stack(0x0000000011e40000,0x0000000011f40000)]
  0x000000000ebfc800 JavaThread "SwingWorker-pool-1-thread-7" daemon [_thread_blocked, id=5164, stack(0x0000000011cc0000,0x0000000011dc0000)]
  0x000000000ebfb800 JavaThread "SwingWorker-pool-1-thread-6" daemon [_thread_blocked, id=7420, stack(0x0000000011b50000,0x0000000011c50000)]
  0x000000000efd1800 JavaThread "SwingWorker-pool-1-thread-5" daemon [_thread_blocked, id=8296, stack(0x00000000118b0000,0x00000000119b0000)]
  0x0000000002442000 JavaThread "SwingWorker-pool-1-thread-4" daemon [_thread_blocked, id=6040, stack(0x00000000119d0000,0x0000000011ad0000)]
  0x000000000ec20800 JavaThread "SwingWorker-pool-1-thread-3" daemon [_thread_blocked, id=8532, stack(0x0000000011700000,0x0000000011800000)]
  0x000000000f885800 JavaThread "SwingWorker-pool-1-thread-2" daemon [_thread_blocked, id=7048, stack(0x00000000114a0000,0x00000000115a0000)]
  0x000000000edb2000 JavaThread "SwingWorker-pool-1-thread-1" daemon [_thread_blocked, id=7452, stack(0x00000000115b0000,0x00000000116b0000)]
  0x000000000c6de800 JavaThread "TimerQueue" daemon [_thread_blocked, id=1508, stack(0x0000000010690000,0x0000000010790000)]
  0x000000000ea86000 JavaThread "org.netbeans.modules.debugger.jpda.visual AWT Access Loop" daemon [_thread_blocked, id=10232, stack(0x000000000f4a0000,0x000000000f5a0000)]
  0x000000000213f000 JavaThread "DestroyJavaVM" [_thread_blocked, id=8776, stack(0x00000000028e0000,0x00000000029e0000)]
=>0x000000000ea84800 JavaThread "AWT-EventQueue-0" [_thread_in_Java, id=5880, stack(0x000000000f2b0000,0x000000000f3b0000)]
  0x000000000c92a800 JavaThread "AWT-Windows" daemon [_thread_in_native, id=9780, stack(0x000000000e8d0000,0x000000000e9d0000)]
  0x000000000c923800 JavaThread "AWT-Shutdown" [_thread_blocked, id=8412, stack(0x000000000e720000,0x000000000e820000)]
  0x000000000c923000 JavaThread "Java2D Disposer" daemon [_thread_blocked, id=10124, stack(0x000000000e3e0000,0x000000000e4e0000)]
  0x000000000c64f000 JavaThread "Service Thread" daemon [_thread_blocked, id=6748, stack(0x000000000e4e0000,0x000000000e5e0000)]
  0x000000000c646800 JavaThread "C2 CompilerThread1" daemon [_thread_blocked, id=5052, stack(0x000000000e250000,0x000000000e350000)]
  0x000000000c63f800 JavaThread "C2 CompilerThread0" daemon [_thread_blocked, id=8372, stack(0x000000000e100000,0x000000000e200000)]
  0x000000000c60a800 JavaThread "JDWP Command Reader" daemon [_thread_in_native, id=9092, stack(0x000000000d230000,0x000000000d330000)]
  0x000000000c607000 JavaThread "JDWP Event Helper Thread" daemon [_thread_blocked, id=9388, stack(0x000000000d110000,0x000000000d210000)]
  0x000000000c5f6000 JavaThread "JDWP Transport Listener: dt_shmem" daemon [_thread_blocked, id=8256, stack(0x000000000cf20000,0x000000000d020000)]
  0x000000000257b800 JavaThread "Attach Listener" daemon [_thread_blocked, id=1088, stack(0x000000000cb80000,0x000000000cc80000)]
  0x000000000257a000 JavaThread "Signal Dispatcher" daemon [_thread_blocked, id=9064, stack(0x000000000cc80000,0x000000000cd80000)]
  0x00000000024f0800 JavaThread "Finalizer" daemon [_thread_blocked, id=8228, stack(0x000000000c970000,0x000000000ca70000)]
  0x000000000c5f5000 JavaThread "Reference Handler" daemon [_thread_blocked, id=9836, stack(0x000000000ca80000,0x000000000cb80000)]

Other Threads:
  0x00000000024e6000 VMThread [stack: 0x000000000c430000,0x000000000c530000] [id=7644]
  0x000000000c658000 WatcherThread [stack: 0x000000000dfe0000,0x000000000e0e0000] [id=7576]

VM state:not at safepoint (normal execution)

VM Mutex/Monitor currently owned by a thread: None

Heap
 PSYoungGen      total 25600K, used 3057K [0x00000007d5ab0000, 0x00000007d7460000, 0x0000000800000000)
  eden space 24896K, 12% used [0x00000007d5ab0000,0x00000007d5dac540,0x00000007d7300000)
  from space 704K, 0% used [0x00000007d73b0000,0x00000007d73b0000,0x00000007d7460000)
  to   space 704K, 0% used [0x00000007d7300000,0x00000007d7300000,0x00000007d73b0000)
 ParOldGen       total 86720K, used 10594K [0x0000000781000000, 0x00000007864b0000, 0x00000007d5ab0000)
  object space 86720K, 12% used [0x0000000781000000,0x0000000781a58be0,0x00000007864b0000)
 PSPermGen       total 21504K, used 18262K [0x000000077be00000, 0x000000077d300000, 0x0000000781000000)
  object space 21504K, 84% used [0x000000077be00000,0x000000077cfd5830,0x000000077d300000)

Card table byte_map: [0x0000000005c40000,0x0000000006070000] byte_map_base: 0x0000000002061000

Polling page: 0x0000000000440000

Code Cache  [0x0000000002c40000, 0x0000000002eb0000, 0x0000000005c40000)
 total_blobs=908 nmethods=429 adapters=439 free_code_cache=47547Kb largest_free_block=48630464

Compilation events (10 events):
Event: 132.078 Thread 0x000000000c646800  438             sun.awt.SunToolkit::getSystemEventQueueImplPP (13 bytes)
Event: 132.080 Thread 0x000000000c646800 nmethod 438 0x0000000002dd2290 code [0x0000000002dd23e0, 0x0000000002dd24a8]
Event: 132.247 Thread 0x000000000c63f800  439             java.awt.Component::getInputContext (16 bytes)
Event: 132.248 Thread 0x000000000c63f800 nmethod 439 0x0000000002d18550 code [0x0000000002d186a0, 0x0000000002d18738]
Event: 132.364 Thread 0x000000000c646800  440   !         sun.awt.AWTAutoShutdown::setToolkitBusy (124 bytes)
Event: 132.382 Thread 0x000000000c646800 nmethod 440 0x0000000002dcc4d0 code [0x0000000002dcc680, 0x0000000002dcd210]
Event: 132.616 Thread 0x000000000c646800  442             sun.awt.SunToolkit::getSystemEventQueueImplPP (7 bytes)
Event: 132.616 Thread 0x000000000c63f800  441             sun.awt.SunToolkit::getSystemEventQueueImpl (4 bytes)
Event: 132.621 Thread 0x000000000c646800 nmethod 442 0x0000000002d5c010 code [0x0000000002d5c180, 0x0000000002d5c318]
Event: 132.621 Thread 0x000000000c63f800 nmethod 441 0x0000000002d5b9d0 code [0x0000000002d5bb40, 0x0000000002d5bd18]

GC Heap History (10 events):
Event: 124.973 GC heap before
{Heap before GC invocations=84 (full 34):
 PSYoungGen      total 25600K, used 32K [0x00000007d5ab0000, 0x00000007d7480000, 0x0000000800000000)
  eden space 24896K, 0% used [0x00000007d5ab0000,0x00000007d5ab0000,0x00000007d7300000)
  from space 704K, 4% used [0x00000007d73d0000,0x00000007d73d8000,0x00000007d7480000)
  to   space 768K, 0% used [0x00000007d7300000,0x00000007d7300000,0x00000007d73c0000)
 ParOldGen       total 86720K, used 10597K [0x0000000781000000, 0x00000007864b0000, 0x00000007d5ab0000)
  object space 86720K, 12% used [0x0000000781000000,0x0000000781a597e0,0x00000007864b0000)
 PSPermGen       total 21504K, used 18258K [0x000000077be00000, 0x000000077d300000, 0x0000000781000000)
  object space 21504K, 84% used [0x000000077be00000,0x000000077cfd4968,0x000000077d300000)
Event: 125.082 GC heap after
Heap after GC invocations=84 (full 34):
 PSYoungGen      total 25600K, used 0K [0x00000007d5ab0000, 0x00000007d7480000, 0x0000000800000000)
  eden space 24896K, 0% used [0x00000007d5ab0000,0x00000007d5ab0000,0x00000007d7300000)
  from space 704K, 0% used [0x00000007d73d0000,0x00000007d73d0000,0x00000007d7480000)
  to   space 768K, 0% used [0x00000007d7300000,0x00000007d7300000,0x00000007d73c0000)
 ParOldGen       total 86720K, used 10587K [0x0000000781000000, 0x00000007864b0000, 0x00000007d5ab0000)
  object space 86720K, 12% used [0x0000000781000000,0x0000000781a56e68,0x00000007864b0000)
 PSPermGen       total 21504K, used 18258K [0x000000077be00000, 0x000000077d300000, 0x0000000781000000)
  object space 21504K, 84% used [0x000000077be00000,0x000000077cfd4968,0x000000077d300000)
}
Event: 127.930 GC heap before
{Heap before GC invocations=85 (full 34):
 PSYoungGen      total 25600K, used 1396K [0x00000007d5ab0000, 0x00000007d7480000, 0x0000000800000000)
  eden space 24896K, 5% used [0x00000007d5ab0000,0x00000007d5c0d000,0x00000007d7300000)
  from space 704K, 0% used [0x00000007d73d0000,0x00000007d73d0000,0x00000007d7480000)
  to   space 768K, 0% used [0x00000007d7300000,0x00000007d7300000,0x00000007d73c0000)
 ParOldGen       total 86720K, used 10587K [0x0000000781000000, 0x00000007864b0000, 0x00000007d5ab0000)
  object space 86720K, 12% used [0x0000000781000000,0x0000000781a56e68,0x00000007864b0000)
 PSPermGen       total 21504K, used 18258K [0x000000077be00000, 0x000000077d300000, 0x0000000781000000)
  object space 21504K, 84% used [0x000000077be00000,0x000000077cfd4968,0x000000077d300000)
Event: 127.932 GC heap after
Heap after GC invocations=85 (full 34):
 PSYoungGen      total 25024K, used 96K [0x00000007d5ab0000, 0x00000007d7460000, 0x0000000800000000)
  eden space 24896K, 0% used [0x00000007d5ab0000,0x00000007d5ab0000,0x00000007d7300000)
  from space 128K, 75% used [0x00000007d7300000,0x00000007d7318000,0x00000007d7320000)
  to   space 704K, 0% used [0x00000007d73b0000,0x00000007d73b0000,0x00000007d7460000)
 ParOldGen       total 86720K, used 10587K [0x0000000781000000, 0x00000007864b0000, 0x00000007d5ab0000)
  object space 86720K, 12% used [0x0000000781000000,0x0000000781a56e68,0x00000007864b0000)
 PSPermGen       total 21504K, used 18258K [0x000000077be00000, 0x000000077d300000, 0x0000000781000000)
  object space 21504K, 84% used [0x000000077be00000,0x000000077cfd4968,0x000000077d300000)
}
Event: 127.932 GC heap before
{Heap before GC invocations=86 (full 35):
 PSYoungGen      total 25024K, used 96K [0x00000007d5ab0000, 0x00000007d7460000, 0x0000000800000000)
  eden space 24896K, 0% used [0x00000007d5ab0000,0x00000007d5ab0000,0x00000007d7300000)
  from space 128K, 75% used [0x00000007d7300000,0x00000007d7318000,0x00000007d7320000)
  to   space 704K, 0% used [0x00000007d73b0000,0x00000007d73b0000,0x00000007d7460000)
 ParOldGen       total 86720K, used 10587K [0x0000000781000000, 0x00000007864b0000, 0x00000007d5ab0000)
  object space 86720K, 12% used [0x0000000781000000,0x0000000781a56e68,0x00000007864b0000)
 PSPermGen       total 21504K, used 18258K [0x000000077be00000, 0x000000077d300000, 0x0000000781000000)
  object space 21504K, 84% used [0x000000077be00000,0x000000077cfd4968,0x000000077d300000)
Event: 128.040 GC heap after
Heap after GC invocations=86 (full 35):
 PSYoungGen      total 25024K, used 0K [0x00000007d5ab0000, 0x00000007d7460000, 0x0000000800000000)
  eden space 24896K, 0% used [0x00000007d5ab0000,0x00000007d5ab0000,0x00000007d7300000)
  from space 128K, 0% used [0x00000007d7300000,0x00000007d7300000,0x00000007d7320000)
  to   space 704K, 0% used [0x00000007d73b0000,0x00000007d73b0000,0x00000007d7460000)
 ParOldGen       total 86720K, used 10605K [0x0000000781000000, 0x00000007864b0000, 0x00000007d5ab0000)
  object space 86720K, 12% used [0x0000000781000000,0x0000000781a5b570,0x00000007864b0000)
 PSPermGen       total 21504K, used 18258K [0x000000077be00000, 0x000000077d300000, 0x0000000781000000)
  object space 21504K, 84% used [0x000000077be00000,0x000000077cfd4968,0x000000077d300000)
}
Event: 128.040 GC heap before
{Heap before GC invocations=87 (full 35):
 PSYoungGen      total 25024K, used 490K [0x00000007d5ab0000, 0x00000007d7460000, 0x0000000800000000)
  eden space 24896K, 1% used [0x00000007d5ab0000,0x00000007d5b2aaf0,0x00000007d7300000)
  from space 128K, 0% used [0x00000007d7300000,0x00000007d7300000,0x00000007d7320000)
  to   space 704K, 0% used [0x00000007d73b0000,0x00000007d73b0000,0x00000007d7460000)
 ParOldGen       total 86720K, used 10605K [0x0000000781000000, 0x00000007864b0000, 0x00000007d5ab0000)
  object space 86720K, 12% used [0x0000000781000000,0x0000000781a5b570,0x00000007864b0000)
 PSPermGen       total 21504K, used 18258K [0x000000077be00000, 0x000000077d300000, 0x0000000781000000)
  object space 21504K, 84% used [0x000000077be00000,0x000000077cfd4968,0x000000077d300000)
Event: 128.116 GC heap after
Heap after GC invocations=87 (full 35):
 PSYoungGen      total 25600K, used 32K [0x00000007d5ab0000, 0x00000007d7460000, 0x0000000800000000)
  eden space 24896K, 0% used [0x00000007d5ab0000,0x00000007d5ab0000,0x00000007d7300000)
  from space 704K, 4% used [0x00000007d73b0000,0x00000007d73b8000,0x00000007d7460000)
  to   space 704K, 0% used [0x00000007d7300000,0x00000007d7300000,0x00000007d73b0000)
 ParOldGen       total 86720K, used 10605K [0x0000000781000000, 0x00000007864b0000, 0x00000007d5ab0000)
  object space 86720K, 12% used [0x0000000781000000,0x0000000781a5b570,0x00000007864b0000)
 PSPermGen       total 21504K, used 18258K [0x000000077be00000, 0x000000077d300000, 0x0000000781000000)
  object space 21504K, 84% used [0x000000077be00000,0x000000077cfd4968,0x000000077d300000)
}
Event: 128.116 GC heap before
{Heap before GC invocations=88 (full 36):
 PSYoungGen      total 25600K, used 32K [0x00000007d5ab0000, 0x00000007d7460000, 0x0000000800000000)
  eden space 24896K, 0% used [0x00000007d5ab0000,0x00000007d5ab0000,0x00000007d7300000)
  from space 704K, 4% used [0x00000007d73b0000,0x00000007d73b8000,0x00000007d7460000)
  to   space 704K, 0% used [0x00000007d7300000,0x00000007d7300000,0x00000007d73b0000)
 ParOldGen       total 86720K, used 10605K [0x0000000781000000, 0x00000007864b0000, 0x00000007d5ab0000)
  object space 86720K, 12% used [0x0000000781000000,0x0000000781a5b570,0x00000007864b0000)
 PSPermGen       total 21504K, used 18258K [0x000000077be00000, 0x000000077d300000, 0x0000000781000000)
  object space 21504K, 84% used [0x000000077be00000,0x000000077cfd4968,0x000000077d300000)
Event: 128.248 GC heap after
Heap after GC invocations=88 (full 36):
 PSYoungGen      total 25600K, used 0K [0x00000007d5ab0000, 0x00000007d7460000, 0x0000000800000000)
  eden space 24896K, 0% used [0x00000007d5ab0000,0x00000007d5ab0000,0x00000007d7300000)
  from space 704K, 0% used [0x00000007d73b0000,0x00000007d73b0000,0x00000007d7460000)
  to   space 704K, 0% used [0x00000007d7300000,0x00000007d7300000,0x00000007d73b0000)
 ParOldGen       total 86720K, used 10594K [0x0000000781000000, 0x00000007864b0000, 0x00000007d5ab0000)
  object space 86720K, 12% used [0x0000000781000000,0x0000000781a58be0,0x00000007864b0000)
 PSPermGen       total 21504K, used 18258K [0x000000077be00000, 0x000000077d300000, 0x0000000781000000)
  object space 21504K, 84% used [0x000000077be00000,0x000000077cfd4968,0x000000077d300000)
}

Deoptimization events (0 events):
No events

Internal exceptions (10 events):
Event: 62.553 Thread 0x000000000ea84800 Threw 0x00000007d5afbae8 at C:\jdk7u1_64p\jdk7u11\hotspot\src\share\vm\prims\jvm.cpp:1166
Event: 63.566 Thread 0x000000000ea84800 Threw 0x00000007d6d256d8 at C:\jdk7u1_64p\jdk7u11\hotspot\src\share\vm\prims\jvm.cpp:1166
Event: 84.723 Thread 0x000000000ea84800 Threw 0x00000007d5c86f88 at C:\jdk7u1_64p\jdk7u11\hotspot\src\share\vm\prims\jvm.cpp:1166
Event: 84.724 Thread 0x000000000ea84800 Threw 0x00000007d5c898a8 at C:\jdk7u1_64p\jdk7u11\hotspot\src\share\vm\prims\jvm.cpp:1166
Event: 87.156 Thread 0x000000000ea84800 Threw 0x00000007d5ccff08 at C:\jdk7u1_64p\jdk7u11\hotspot\src\share\vm\prims\jvm.cpp:1166
Event: 88.993 Thread 0x000000000ea84800 Threw 0x00000007d5cfad98 at C:\jdk7u1_64p\jdk7u11\hotspot\src\share\vm\prims\jvm.cpp:1166
Event: 89.019 Thread 0x000000000ea84800 Threw 0x00000007d5d0d118 at C:\jdk7u1_64p\jdk7u11\hotspot\src\share\vm\prims\jvm.cpp:1166
Event: 89.050 Thread 0x000000000ea84800 Threw 0x00000007d5d21e60 at C:\jdk7u1_64p\jdk7u11\hotspot\src\share\vm\prims\jvm.cpp:1166
Event: 90.305 Thread 0x000000000ea84800 Threw 0x00000007d5d3a7d0 at C:\jdk7u1_64p\jdk7u11\hotspot\src\share\vm\prims\jvm.cpp:1166
Event: 99.020 Thread 0x000000000ea84800 Threw 0x00000007d5ab8cd0 at C:\jdk7u1_64p\jdk7u11\hotspot\src\share\vm\prims\jvm.cpp:1166

Events (10 events):
Event: 127.930 Executing VM operation: ParallelGCSystemGC
Event: 128.040 Executing VM operation: ParallelGCSystemGC done
Event: 128.040 Executing VM operation: ParallelGCSystemGC
Event: 128.249 Executing VM operation: ParallelGCSystemGC done
Event: 130.006 Thread 0x000000000c646800 flushing nmethod 0x0000000002d18550
Event: 132.077 Thread 0x000000000c63f800 flushing nmethod 0x0000000002d46410
Event: 132.080 Thread 0x000000000c646800 flushing nmethod 0x0000000002d4a050
Event: 132.080 Thread 0x000000000c646800 flushing nmethod 0x0000000002d54590
Event: 132.080 Thread 0x000000000c646800 flushing nmethod 0x0000000002d5b610
Event: 132.080 Thread 0x000000000c646800 flushing nmethod 0x0000000002d5be90


Dynamic libraries:
0x000000013fec0000 - 0x000000013fef3000 	C:\Program Files\Java\jdk1.7.0_11\bin\java.exe
0x0000000077550000 - 0x00000000776f9000 	C:\Windows\SYSTEM32\ntdll.dll
0x0000000077430000 - 0x000000007754f000 	C:\Windows\system32\kernel32.dll
0x000007fefd330000 - 0x000007fefd39c000 	C:\Windows\system32\KERNELBASE.dll
0x000007fefed70000 - 0x000007fefee4b000 	C:\Windows\system32\ADVAPI32.dll
0x000007feff270000 - 0x000007feff30f000 	C:\Windows\system32\msvcrt.dll
0x000007feff840000 - 0x000007feff85f000 	C:\Windows\SYSTEM32\sechost.dll
0x000007fefee50000 - 0x000007fefef7d000 	C:\Windows\system32\RPCRT4.dll
0x0000000077330000 - 0x000000007742a000 	C:\Windows\system32\USER32.dll
0x000007feff020000 - 0x000007feff087000 	C:\Windows\system32\GDI32.dll
0x000007feff5e0000 - 0x000007feff5ee000 	C:\Windows\system32\LPK.dll
0x000007feff1a0000 - 0x000007feff269000 	C:\Windows\system32\USP10.dll
0x000007fefbc50000 - 0x000007fefbe44000 	C:\Windows\WinSxS\amd64_microsoft.windows.common-controls_6595b64144ccf1df_6.0.7601.17514_none_fa396087175ac9ac\COMCTL32.dll
0x000007fefecf0000 - 0x000007fefed61000 	C:\Windows\system32\SHLWAPI.dll
0x000007fefe860000 - 0x000007fefe88e000 	C:\Windows\system32\IMM32.DLL
0x000007feff090000 - 0x000007feff199000 	C:\Windows\system32\MSCTF.dll
0x0000000050590000 - 0x0000000050661000 	C:\Program Files\Java\jdk1.7.0_11\jre\bin\msvcr100.dll
0x00000000778e0000 - 0x0000000077fff000 	C:\Program Files\Java\jdk1.7.0_11\jre\bin\server\jvm.dll
0x000007fefab60000 - 0x000007fefab69000 	C:\Windows\system32\WSOCK32.dll
0x000007fefda80000 - 0x000007fefdacd000 	C:\Windows\system32\WS2_32.dll
0x000007fefd7b0000 - 0x000007fefd7b8000 	C:\Windows\system32\NSI.dll
0x000007fefb750000 - 0x000007fefb78b000 	C:\Windows\system32\WINMM.dll
0x0000000077720000 - 0x0000000077727000 	C:\Windows\system32\PSAPI.DLL
0x0000000074940000 - 0x000000007497f000 	C:\Program Files\Java\jdk1.7.0_11\jre\bin\splashscreen.dll
0x0000000074930000 - 0x000000007493f000 	C:\Program Files\Java\jdk1.7.0_11\jre\bin\verify.dll
0x0000000054d70000 - 0x0000000054d98000 	C:\Program Files\Java\jdk1.7.0_11\jre\bin\java.dll
0x00000000603c0000 - 0x00000000603f5000 	C:\Program Files\Java\jdk1.7.0_11\jre\bin\jdwp.dll
0x00000000658f0000 - 0x00000000658f8000 	C:\Program Files\Java\jdk1.7.0_11\jre\bin\npt.dll
0x000007fefb6f0000 - 0x000007fefb746000 	C:\Windows\system32\uxtheme.dll
0x0000000051ef0000 - 0x0000000051f05000 	C:\Program Files\Java\jdk1.7.0_11\jre\bin\zip.dll
0x0000000180000000 - 0x00000001800eb000 	C:\Program Files\Hewlett-Packard\HP ProtectTools Security Manager\Bin\DpoFeedb.dll
0x000007fefd6d0000 - 0x000007fefd7a7000 	C:\Windows\system32\OLEAUT32.dll
0x000007fefe890000 - 0x000007fefea93000 	C:\Windows\system32\ole32.dll
0x000007fefc600000 - 0x000007fefc60c000 	C:\Windows\system32\VERSION.dll
0x000007fefd540000 - 0x000007fefd55e000 	C:\Windows\system32\USERENV.dll
0x000007fefd320000 - 0x000007fefd32f000 	C:\Windows\system32\profapi.dll
0x000007fefd170000 - 0x000007fefd17f000 	C:\Windows\system32\CRYPTBASE.dll
0x0000000051e50000 - 0x0000000051e5b000 	C:\Program Files\Java\jdk1.7.0_11\jre\bin\dt_shmem.dll
0x000007feead80000 - 0x000007feeadb1000 	C:\Program Files\Hewlett-Packard\HP ProtectTools Security Manager\Bin\DpoSet.dll
0x0000000063710000 - 0x00000000637e3000 	C:\Windows\WinSxS\amd64_microsoft.vc90.crt_1fc8b3b9a1e18e3b_9.0.30729.6161_none_08e61857a83bc251\MSVCP90.dll
0x0000000073120000 - 0x00000000731c3000 	C:\Windows\WinSxS\amd64_microsoft.vc90.crt_1fc8b3b9a1e18e3b_9.0.30729.6161_none_08e61857a83bc251\MSVCR90.dll
0x00000000503f0000 - 0x0000000050583000 	C:\Program Files\Java\jdk1.7.0_11\jre\bin\awt.dll
0x000007fefafb0000 - 0x000007fefafc8000 	C:\Windows\system32\dwmapi.dll
0x000007fefdad0000 - 0x000007fefe858000 	C:\Windows\system32\SHELL32.dll
0x0000000051e70000 - 0x0000000051ea4000 	C:\Program Files\Java\jdk1.7.0_11\jre\bin\fontmanager.dll
0x0000000051ed0000 - 0x0000000051ee9000 	C:\Program Files\Java\jdk1.7.0_11\jre\bin\net.dll
0x000007fefcab0000 - 0x000007fefcb05000 	C:\Windows\system32\mswsock.dll
0x000007fefcaa0000 - 0x000007fefcaa7000 	C:\Windows\System32\wship6.dll
0x0000000051eb0000 - 0x0000000051ec1000 	C:\Program Files\Java\jdk1.7.0_11\jre\bin\nio.dll
0x00000000506a0000 - 0x00000000506d0000 	C:\Program Files\Java\jdk1.7.0_11\jre\bin\jpeg.dll
0x0000000050700000 - 0x0000000050741000 	C:\Program Files\Java\jdk1.7.0_11\jre\bin\t2k.dll
0x000007feff7a0000 - 0x000007feff839000 	C:\Windows\system32\CLBCatQ.DLL
0x000007fefab70000 - 0x000007fefacd1000 	C:\Windows\system32\WindowsCodecs.dll
0x000007fefd110000 - 0x000007fefd167000 	C:\Windows\system32\apphelp.dll
0x000007fef1630000 - 0x000007fef186d000 	C:\PROGRA~1\MIF5BA~1\Office15\GROOVEEX.DLL
0x00000000679d0000 - 0x0000000067a68000 	C:\Windows\system32\MSVCP100.dll
0x0000000064f30000 - 0x0000000064f5b000 	C:\Windows\system32\ATL100.DLL
0x000007fef04c0000 - 0x000007fef07dd000 	C:\Windows\system32\msi.dll
0x000007feef730000 - 0x000007feeffbc000 	C:\PROGRA~1\MIF5BA~1\Office15\1036\GrooveIntlResource.dll
0x0000000064fb0000 - 0x0000000064fc6000 	C:\Program Files\Common Files\TortoiseOverlays\TortoiseOverlays.dll
0x0000000068170000 - 0x0000000068180000 	C:\Program Files\TortoiseSVN\bin\TortoiseStub.dll
0x0000000066c10000 - 0x0000000066c8b000 	C:\Program Files\TortoiseSVN\bin\TortoiseSVN.dll
0x000007fefeaa0000 - 0x000007fefeceb000 	C:\Windows\system32\WININET.dll
0x000007fefd4d0000 - 0x000007fefd4d4000 	C:\Windows\system32\api-ms-win-downlevel-user32-l1-1-0.dll
0x000007fefd460000 - 0x000007fefd464000 	C:\Windows\system32\api-ms-win-downlevel-shlwapi-l1-1-0.dll
0x000007fefd4c0000 - 0x000007fefd4c4000 	C:\Windows\system32\api-ms-win-downlevel-version-l1-1-0.dll
0x000007fefd450000 - 0x000007fefd453000 	C:\Windows\system32\api-ms-win-downlevel-normaliz-l1-1-0.dll
0x0000000077710000 - 0x0000000077713000 	C:\Windows\system32\normaliz.DLL
0x000007feff310000 - 0x000007feff5d7000 	C:\Windows\system32\iertutil.dll
0x000007fefd4b0000 - 0x000007fefd4b5000 	C:\Windows\system32\api-ms-win-downlevel-advapi32-l1-1-0.dll
0x000007fef3f30000 - 0x000007fef431d000 	C:\Program Files\TortoiseSVN\bin\libsvn_tsvn.dll
0x0000000066be0000 - 0x0000000066c0b000 	C:\Program Files\TortoiseSVN\bin\libapr_tsvn.dll
0x0000000066b90000 - 0x0000000066bd1000 	C:\Program Files\TortoiseSVN\bin\libaprutil_tsvn.dll
0x000007fefd840000 - 0x000007fefd892000 	C:\Windows\system32\WLDAP32.dll
0x000007fef4890000 - 0x000007fef48a0000 	C:\Program Files\TortoiseSVN\bin\intl3_tsvn.dll
0x000007fef3f10000 - 0x000007fef3f2a000 	C:\Program Files\TortoiseSVN\bin\libsasl.dll
0x000007fefcf20000 - 0x000007fefcf2b000 	C:\Windows\system32\Secur32.dll
0x000007fefd0d0000 - 0x000007fefd0f5000 	C:\Windows\system32\SSPICLI.DLL
0x000007fefd560000 - 0x000007fefd6cc000 	C:\Windows\system32\CRYPT32.dll
0x000007fefd310000 - 0x000007fefd31f000 	C:\Windows\system32\MSASN1.dll
0x000007fef1bd0000 - 0x000007fef1c05000 	C:\Windows\system32\EhStorShell.dll
0x000007fefd8a0000 - 0x000007fefda77000 	C:\Windows\system32\SETUPAPI.dll
0x000007fefd4e0000 - 0x000007fefd516000 	C:\Windows\system32\CFGMGR32.dll
0x000007fefd520000 - 0x000007fefd53a000 	C:\Windows\system32\DEVOBJ.dll
0x000007fefb870000 - 0x000007fefb99c000 	C:\Windows\system32\PROPSYS.dll
0x000007feef0c0000 - 0x000007feef72f000 	C:\PROGRA~1\MIF5BA~1\Office14\GROOVEEX.DLL
0x0000000064e40000 - 0x0000000064e6f000 	C:\Windows\WinSxS\amd64_microsoft.vc90.atl_1fc8b3b9a1e18e3b_9.0.30729.6161_none_0a1fd3a3a768b895\ATL90.DLL
0x000007fef1210000 - 0x000007fef162a000 	C:\PROGRA~1\COMMON~1\MICROS~1\OFFICE14\Cultures\office.odf
0x000007fef0980000 - 0x000007fef1208000 	C:\PROGRA~1\MIF5BA~1\Office14\1036\GrooveIntlResource.dll
0x00000000778b0000 - 0x00000000778da000 	C:\Program Files\Java\jdk1.7.0_11\jre\bin\dcpr.dll
0x000007fee3aa0000 - 0x000007fee3b3e000 	C:\Windows\system32\RICHED20.DLL

VM Arguments:
jvm_args: -Xdebug -Xrunjdwp:transport=dt_shmem,address=javadebug -Dfile.encoding=UTF-8 
java_command: marcadministrationclient.MainJFrame
Launcher Type: SUN_STANDARD

Environment Variables:
PATH=C:\Program Files (x86)\ImageMagick-6.8.7-Q16;C:\Program Files\Common Files\Microsoft Shared\Windows Live;C:\Program Files (x86)\AMD APP\bin\x86_64;C:\Program Files (x86)\AMD APP\bin\x86;C:\Windows\system32;C:\Windows;C:\Windows\System32\Wbem;C:\Program Files (x86)\ATI Technologies\ATI.ACE\Core-Static;C:\Windows\System32\WindowsPowerShell\v1.0\;C:\Program Files\Microsoft\Web Platform Installer\;C:\Program Files (x86)\Microsoft ASP.NET\ASP.NET Web Pages\v1.0\;C:\Program Files\Microsoft SQL Server\110\Tools\Binn\;C:\Program Files (x86)\Microsoft SQL Server\90\Tools\binn\;C:\Windows\System32\WindowsPowerShell\v1.0\;C:\Program Files\TortoiseSVN\bin;C:\Program Files (x86)\Windows Kits\8.1\Windows Performance Toolkit\;C:\Program Files (x86)\Microsoft SDKs\TypeScript\1.0\;C:\Program Files\Common Files\Microsoft Shared\Windows Live;C:\Program Files (x86)\CMake 2.8\bin
USERNAME=patrice
OS=Windows_NT
PROCESSOR_IDENTIFIER=Intel64 Family 6 Model 42 Stepping 7, GenuineIntel



---------------  S Y S T E M  ---------------

OS: Windows 7 , 64 bit Build 7601 Service Pack 1

CPU:total 2 (2 cores per cpu, 2 threads per core) family 6 model 42 stepping 7, cmov, cx8, fxsr, mmx, sse, sse2, sse3, ssse3, sse4.1, sse4.2, popcnt, avx, ht, tsc, tscinvbit

Memory: 4k page, physical 8321392k(4130232k free), swap 16640920k(11404960k free)

vm_info: Java HotSpot(TM) 64-Bit Server VM (23.6-b04) for windows-amd64 JRE (1.7.0_11-b21), built on Jan 12 2013 02:38:42 by "java_re" with unknown MS VC++:1600

time: Sat Dec 06 11:14:12 2014
elapsed time: 133 seconds

