#
# A fatal error has been detected by the Java Runtime Environment:
#
#  EXCEPTION_ACCESS_VIOLATION (0xc0000005) at pc=0x000000006bb39206, pid=10216, tid=10212
#
# JRE version: 7.0_11-b21
# Java VM: Java HotSpot(TM) 64-Bit Server VM (23.6-b04 mixed mode windows-amd64 compressed oops)
# Problematic frame:
# V  [jvm.dll+0x359206]
#
# Failed to write core dump. Minidumps are not enabled by default on client versions of Windows
#
# If you would like to submit a bug report, please visit:
#   http://bugreport.sun.com/bugreport/crash.jsp
#

---------------  T H R E A D  ---------------

Current thread (0x000000000211d000):  GCTaskThread [stack: 0x00000000060d0000,0x00000000061d0000] [id=10212]

siginfo: ExceptionCode=0xc0000005, reading address 0x00000000000000d1

Registers:
RAX=0x0000000000000011, RBX=0x00000000000010cf, RCX=0x0000000781756860, RDX=0x0000000002511ad0
RSP=0x00000000061cf9e0, RBP=0x0000000781756840, RSI=0x0000000002511ad0, RDI=0x000000000214a1a0
R8 =0x0000000781756840, R9 =0x0000000000000003, R10=0x0000000000000000, R11=0x000000000000000c
R12=0x000000006bd37708, R13=0x000000000211c3d0, R14=0x000000000211d3a0, R15=0x0000000000000000
RIP=0x000000006bb39206, EFLAGS=0x0000000000010206

Top of Stack: (sp=0x00000000061cf9e0)
0x00000000061cf9e0:   000000000b8286b8 0000000781a0bd30
0x00000000061cf9f0:   0000000002511ad0 000000006bd37708
0x00000000061cfa00:   000000006be8ac28 0000000000000006
0x00000000061cfa10:   000000006bd37708 000000006b88e215
0x00000000061cfa20:   000000000b827448 0000000000000000
0x00000000061cfa30:   0000000002511ad0 000000000211c3d0
0x00000000061cfa40:   000000000211d3b0 000000000211d3a0
0x00000000061cfa50:   000000006bd37708 000000000214a1a0
0x00000000061cfa60:   0000000002511ad0 0000000000000000
0x00000000061cfa70:   000000000214a1a0 000000006bb369ca
0x00000000061cfa80:   000000000214a1a0 0000000000000000
0x00000000061cfa90:   0000000002511ad0 000000000214a1a0
0x00000000061cfaa0:   000000006bcf5958 000000006bd35a00
0x00000000061cfab0:   0000000000000000 0000000002511ad0
0x00000000061cfac0:   000000000220d350 000000000214a1a0
0x00000000061cfad0:   000000000214a1a0 000000006bd35a80 

Instructions: (pc=0x000000006bb39206)
0x000000006bb391e6:   13 30 00 48 d3 e0 48 03 05 1d 13 30 00 eb 04 48
0x000000006bb391f6:   8b 45 08 48 8d 48 10 4c 8b c5 48 8b d6 48 8b 01
0x000000006bb39206:   ff 90 c0 00 00 00 e9 1f ff ff ff 48 89 7c 24 28
0x000000006bb39216:   48 89 7e 08 4c 39 be b0 00 00 00 0f 84 f7 00 00 


Register to memory mapping:

RAX=0x0000000000000011 is an unknown value
RBX=0x00000000000010cf is an unknown value
RCX=0x0000000781756860 is an oop
java.lang.Object 
 - klass: 'java/lang/Object'
RDX=0x0000000002511ad0 is an unknown value
RSP=0x00000000061cf9e0 is an unknown value
RBP=0x0000000781756840 is an oop
[Ljava.beans.PropertyChangeListener; 
 - klass: 'java/beans/PropertyChangeListener'[]
 - length: 1
RSI=0x0000000002511ad0 is an unknown value
RDI=0x000000000214a1a0 is an unknown value
R8 =0x0000000781756840 is an oop
[Ljava.beans.PropertyChangeListener; 
 - klass: 'java/beans/PropertyChangeListener'[]
 - length: 1
R9 =0x0000000000000003 is an unknown value
R10=0x0000000000000000 is an unknown value
R11=0x000000000000000c is an unknown value
R12=0x000000006bd37708 is an unknown value
R13=0x000000000211c3d0 is an unknown value
R14=0x000000000211d3a0 is an unknown value
R15=0x0000000000000000 is an unknown value


Stack: [0x00000000060d0000,0x00000000061d0000],  sp=0x00000000061cf9e0,  free space=1022k
Native frames: (J=compiled Java code, j=interpreted, Vv=VM code, C=native code)
V  [jvm.dll+0x359206]


---------------  P R O C E S S  ---------------

Java Threads: ( => current thread )
  0x000000000fa84800 JavaThread "SwingWorker-pool-1-thread-9" daemon [_thread_blocked, id=9924, stack(0x000000000ef40000,0x000000000f040000)]
  0x000000000fa84000 JavaThread "SwingWorker-pool-1-thread-8" daemon [_thread_blocked, id=7724, stack(0x0000000012d00000,0x0000000012e00000)]
  0x000000000fa83000 JavaThread "SwingWorker-pool-1-thread-7" daemon [_thread_blocked, id=8412, stack(0x0000000012e00000,0x0000000012f00000)]
  0x000000000fa82800 JavaThread "SwingWorker-pool-1-thread-6" daemon [_thread_blocked, id=9060, stack(0x0000000012bc0000,0x0000000012cc0000)]
  0x000000000c49c000 JavaThread "SwingWorker-pool-1-thread-5" daemon [_thread_blocked, id=4140, stack(0x0000000012410000,0x0000000012510000)]
  0x000000000c49b000 JavaThread "SwingWorker-pool-1-thread-4" daemon [_thread_blocked, id=6256, stack(0x0000000012630000,0x0000000012730000)]
  0x0000000010513000 JavaThread "SwingWorker-pool-1-thread-3" daemon [_thread_blocked, id=9172, stack(0x0000000012950000,0x0000000012a50000)]
  0x000000000e86a800 JavaThread "SwingWorker-pool-1-thread-2" daemon [_thread_blocked, id=2992, stack(0x00000000127b0000,0x00000000128b0000)]
  0x000000000c4f9800 JavaThread "SwingWorker-pool-1-thread-1" daemon [_thread_blocked, id=2808, stack(0x0000000012520000,0x0000000012620000)]
  0x000000000e8bf000 JavaThread "org.netbeans.modules.debugger.jpda.visual AWT Access Loop" daemon [_thread_blocked, id=7288, stack(0x00000000122d0000,0x00000000123d0000)]
  0x00000000108f7000 JavaThread "TimerQueue" daemon [_thread_blocked, id=7900, stack(0x000000000dd60000,0x000000000de60000)]
  0x000000000220f000 JavaThread "DestroyJavaVM" [_thread_blocked, id=10060, stack(0x0000000002780000,0x0000000002880000)]
  0x000000000e60a800 JavaThread "AWT-EventQueue-0" [_thread_blocked, id=5896, stack(0x000000000f430000,0x000000000f530000)]
  0x000000000c583800 JavaThread "AWT-Windows" daemon [_thread_in_native, id=1512, stack(0x000000000e4b0000,0x000000000e5b0000)]
  0x000000000c418800 JavaThread "AWT-Shutdown" [_thread_blocked, id=8848, stack(0x000000000e390000,0x000000000e490000)]
  0x000000000c45d000 JavaThread "Java2D Disposer" daemon [_thread_blocked, id=4032, stack(0x000000000e1b0000,0x000000000e2b0000)]
  0x000000000c289800 JavaThread "Service Thread" daemon [_thread_blocked, id=10220, stack(0x000000000dee0000,0x000000000dfe0000)]
  0x000000000c281000 JavaThread "C2 CompilerThread1" daemon [_thread_blocked, id=8032, stack(0x000000000d930000,0x000000000da30000)]
  0x000000000c27d800 JavaThread "C2 CompilerThread0" daemon [_thread_blocked, id=10076, stack(0x000000000dc60000,0x000000000dd60000)]
  0x000000000c26e000 JavaThread "JDWP Command Reader" daemon [_thread_in_native, id=7072, stack(0x000000000da50000,0x000000000db50000)]
  0x000000000c26a800 JavaThread "JDWP Event Helper Thread" daemon [_thread_blocked, id=9544, stack(0x000000000d790000,0x000000000d890000)]
  0x000000000c262800 JavaThread "JDWP Transport Listener: dt_shmem" daemon [_thread_blocked, id=1800, stack(0x000000000d590000,0x000000000d690000)]
  0x000000000260b800 JavaThread "Attach Listener" daemon [_thread_blocked, id=8892, stack(0x000000000d410000,0x000000000d510000)]
  0x000000000260a000 JavaThread "Signal Dispatcher" daemon [_thread_blocked, id=10092, stack(0x000000000d2c0000,0x000000000d3c0000)]
  0x0000000002580000 JavaThread "Finalizer" daemon [_thread_blocked, id=9552, stack(0x000000000c990000,0x000000000ca90000)]
  0x000000000257d000 JavaThread "Reference Handler" daemon [_thread_blocked, id=2436, stack(0x000000000c650000,0x000000000c750000)]

Other Threads:
  0x0000000002576000 VMThread [stack: 0x000000000bf90000,0x000000000c090000] [id=9624]
  0x000000000c295000 WatcherThread [stack: 0x000000000e090000,0x000000000e190000] [id=4428]

=>0x000000000211d000 (exited) GCTaskThread [stack: 0x00000000060d0000,0x00000000061d0000] [id=10212]

VM state:at safepoint (normal execution)

VM Mutex/Monitor currently owned by a thread:  ([mutex/lock_event])
[0x000000000220c2d0] Threads_lock - owner thread: 0x0000000002576000
[0x000000000220c7d0] Heap_lock - owner thread: 0x000000000e60a800

Heap
 PSYoungGen      total 37952K, used 96K [0x00000007d5ab0000, 0x00000007d8500000, 0x0000000800000000)
  eden space 32576K, 0% used [0x00000007d5ab0000,0x00000007d5ab0000,0x00000007d7a80000)
  from space 5376K, 1% used [0x00000007d7a80000,0x00000007d7a98000,0x00000007d7fc0000)
  to   space 5376K, 0% used [0x00000007d7fc0000,0x00000007d7fc0000,0x00000007d8500000)
 ParOldGen       total 86720K, used 10287K [0x0000000781000000, 0x00000007864b0000, 0x00000007d5ab0000)
  object space 86720K, 11% used [0x0000000781000000,0x0000000781a0bf90,0x00000007864b0000)
 PSPermGen       total 21248K, used 18221K [0x000000077be00000, 0x000000077d2c0000, 0x0000000781000000)
  object space 21248K, 85% used [0x000000077be00000,0x000000077cfcb788,0x000000077d2c0000)

Card table byte_map: [0x0000000005880000,0x0000000005cb0000] byte_map_base: 0x0000000001ca1000

Polling page: 0x0000000000130000

Code Cache  [0x0000000002880000, 0x0000000002af0000, 0x0000000005880000)
 total_blobs=883 nmethods=403 adapters=439 free_code_cache=47560Kb largest_free_block=48651520

Compilation events (10 events):
Event: 210.986 Thread 0x000000000c27d800  407             java.awt.EventQueue::getNextEventPrivate (76 bytes)
Event: 210.997 Thread 0x000000000c27d800 nmethod 407 0x00000000029f61d0 code [0x00000000029f6320, 0x00000000029f66c8]
Event: 211.392 Thread 0x000000000c281000  408             java.awt.LightweightDispatcher::retargetMouseEvent (350 bytes)
Event: 211.440 Thread 0x000000000c281000 nmethod 408 0x0000000002a17e90 code [0x0000000002a18120, 0x0000000002a19218]
Event: 212.030 Thread 0x000000000c27d800  409             sun.awt.AWTAutoShutdown::isReadyToShutdown (35 bytes)
Event: 212.033 Thread 0x000000000c27d800 nmethod 409 0x00000000029f5e10 code [0x00000000029f5f60, 0x00000000029f6088]
Event: 212.864 Thread 0x000000000c281000  410             javax.swing.ArrayTable::isArray (8 bytes)
Event: 212.866 Thread 0x000000000c281000 nmethod 410 0x00000000029f5bd0 code [0x00000000029f5d00, 0x00000000029f5d98]
Event: 212.923 Thread 0x000000000c27d800  411             java.lang.Number::<init> (5 bytes)
Event: 212.924 Thread 0x000000000c27d800 nmethod 411 0x00000000029fcd50 code [0x00000000029fce80, 0x00000000029fced8]

GC Heap History (10 events):
Event: 197.605 GC heap after
Heap after GC invocations=41 (full 18):
 PSYoungGen      total 37952K, used 350K [0x00000007d5ab0000, 0x00000007d8500000, 0x0000000800000000)
  eden space 32576K, 0% used [0x00000007d5ab0000,0x00000007d5ab0000,0x00000007d7a80000)
  from space 5376K, 6% used [0x00000007d7a80000,0x00000007d7ad78c8,0x00000007d7fc0000)
  to   space 5376K, 0% used [0x00000007d7fc0000,0x00000007d7fc0000,0x00000007d8500000)
 ParOldGen       total 86720K, used 10071K [0x0000000781000000, 0x00000007864b0000, 0x00000007d5ab0000)
  object space 86720K, 11% used [0x0000000781000000,0x00000007819d5ff8,0x00000007864b0000)
 PSPermGen       total 21248K, used 18216K [0x000000077be00000, 0x000000077d2c0000, 0x0000000781000000)
  object space 21248K, 85% used [0x000000077be00000,0x000000077cfca340,0x000000077d2c0000)
}
Event: 197.605 GC heap before
{Heap before GC invocations=42 (full 19):
 PSYoungGen      total 37952K, used 350K [0x00000007d5ab0000, 0x00000007d8500000, 0x0000000800000000)
  eden space 32576K, 0% used [0x00000007d5ab0000,0x00000007d5ab0000,0x00000007d7a80000)
  from space 5376K, 6% used [0x00000007d7a80000,0x00000007d7ad78c8,0x00000007d7fc0000)
  to   space 5376K, 0% used [0x00000007d7fc0000,0x00000007d7fc0000,0x00000007d8500000)
 ParOldGen       total 86720K, used 10071K [0x0000000781000000, 0x00000007864b0000, 0x00000007d5ab0000)
  object space 86720K, 11% used [0x0000000781000000,0x00000007819d5ff8,0x00000007864b0000)
 PSPermGen       total 21248K, used 18216K [0x000000077be00000, 0x000000077d2c0000, 0x0000000781000000)
  object space 21248K, 85% used [0x000000077be00000,0x000000077cfca340,0x000000077d2c0000)
Event: 197.803 GC heap after
Heap after GC invocations=42 (full 19):
 PSYoungGen      total 37952K, used 0K [0x00000007d5ab0000, 0x00000007d8500000, 0x0000000800000000)
  eden space 32576K, 0% used [0x00000007d5ab0000,0x00000007d5ab0000,0x00000007d7a80000)
  from space 5376K, 0% used [0x00000007d7a80000,0x00000007d7a80000,0x00000007d7fc0000)
  to   space 5376K, 0% used [0x00000007d7fc0000,0x00000007d7fc0000,0x00000007d8500000)
 ParOldGen       total 86720K, used 10317K [0x0000000781000000, 0x00000007864b0000, 0x00000007d5ab0000)
  object space 86720K, 11% used [0x0000000781000000,0x0000000781a135d0,0x00000007864b0000)
 PSPermGen       total 21248K, used 18216K [0x000000077be00000, 0x000000077d2c0000, 0x0000000781000000)
  object space 21248K, 85% used [0x000000077be00000,0x000000077cfca340,0x000000077d2c0000)
}
Event: 197.880 GC heap before
{Heap before GC invocations=43 (full 19):
 PSYoungGen      total 37952K, used 616K [0x00000007d5ab0000, 0x00000007d8500000, 0x0000000800000000)
  eden space 32576K, 1% used [0x00000007d5ab0000,0x00000007d5b4a2f8,0x00000007d7a80000)
  from space 5376K, 0% used [0x00000007d7a80000,0x00000007d7a80000,0x00000007d7fc0000)
  to   space 5376K, 0% used [0x00000007d7fc0000,0x00000007d7fc0000,0x00000007d8500000)
 ParOldGen       total 86720K, used 10317K [0x0000000781000000, 0x00000007864b0000, 0x00000007d5ab0000)
  object space 86720K, 11% used [0x0000000781000000,0x0000000781a135d0,0x00000007864b0000)
 PSPermGen       total 21248K, used 18216K [0x000000077be00000, 0x000000077d2c0000, 0x0000000781000000)
  object space 21248K, 85% used [0x000000077be00000,0x000000077cfca340,0x000000077d2c0000)
Event: 197.970 GC heap after
Heap after GC invocations=43 (full 19):
 PSYoungGen      total 37952K, used 32K [0x00000007d5ab0000, 0x00000007d8500000, 0x0000000800000000)
  eden space 32576K, 0% used [0x00000007d5ab0000,0x00000007d5ab0000,0x00000007d7a80000)
  from space 5376K, 0% used [0x00000007d7fc0000,0x00000007d7fc8000,0x00000007d8500000)
  to   space 5376K, 0% used [0x00000007d7a80000,0x00000007d7a80000,0x00000007d7fc0000)
 ParOldGen       total 86720K, used 10317K [0x0000000781000000, 0x00000007864b0000, 0x00000007d5ab0000)
  object space 86720K, 11% used [0x0000000781000000,0x0000000781a135d0,0x00000007864b0000)
 PSPermGen       total 21248K, used 18216K [0x000000077be00000, 0x000000077d2c0000, 0x0000000781000000)
  object space 21248K, 85% used [0x000000077be00000,0x000000077cfca340,0x000000077d2c0000)
}
Event: 197.970 GC heap before
{Heap before GC invocations=44 (full 20):
 PSYoungGen      total 37952K, used 32K [0x00000007d5ab0000, 0x00000007d8500000, 0x0000000800000000)
  eden space 32576K, 0% used [0x00000007d5ab0000,0x00000007d5ab0000,0x00000007d7a80000)
  from space 5376K, 0% used [0x00000007d7fc0000,0x00000007d7fc8000,0x00000007d8500000)
  to   space 5376K, 0% used [0x00000007d7a80000,0x00000007d7a80000,0x00000007d7fc0000)
 ParOldGen       total 86720K, used 10317K [0x0000000781000000, 0x00000007864b0000, 0x00000007d5ab0000)
  object space 86720K, 11% used [0x0000000781000000,0x0000000781a135d0,0x00000007864b0000)
 PSPermGen       total 21248K, used 18216K [0x000000077be00000, 0x000000077d2c0000, 0x0000000781000000)
  object space 21248K, 85% used [0x000000077be00000,0x000000077cfca340,0x000000077d2c0000)
Event: 198.043 GC heap after
Heap after GC invocations=44 (full 20):
 PSYoungGen      total 37952K, used 0K [0x00000007d5ab0000, 0x00000007d8500000, 0x0000000800000000)
  eden space 32576K, 0% used [0x00000007d5ab0000,0x00000007d5ab0000,0x00000007d7a80000)
  from space 5376K, 0% used [0x00000007d7fc0000,0x00000007d7fc0000,0x00000007d8500000)
  to   space 5376K, 0% used [0x00000007d7a80000,0x00000007d7a80000,0x00000007d7fc0000)
 ParOldGen       total 86720K, used 10287K [0x0000000781000000, 0x00000007864b0000, 0x00000007d5ab0000)
  object space 86720K, 11% used [0x0000000781000000,0x0000000781a0bf90,0x00000007864b0000)
 PSPermGen       total 21248K, used 18216K [0x000000077be00000, 0x000000077d2c0000, 0x0000000781000000)
  object space 21248K, 85% used [0x000000077be00000,0x000000077cfca340,0x000000077d2c0000)
}
Event: 219.512 GC heap before
{Heap before GC invocations=45 (full 20):
 PSYoungGen      total 37952K, used 3965K [0x00000007d5ab0000, 0x00000007d8500000, 0x0000000800000000)
  eden space 32576K, 12% used [0x00000007d5ab0000,0x00000007d5e8f6a0,0x00000007d7a80000)
  from space 5376K, 0% used [0x00000007d7fc0000,0x00000007d7fc0000,0x00000007d8500000)
  to   space 5376K, 0% used [0x00000007d7a80000,0x00000007d7a80000,0x00000007d7fc0000)
 ParOldGen       total 86720K, used 10287K [0x0000000781000000, 0x00000007864b0000, 0x00000007d5ab0000)
  object space 86720K, 11% used [0x0000000781000000,0x0000000781a0bf90,0x00000007864b0000)
 PSPermGen       total 21248K, used 18221K [0x000000077be00000, 0x000000077d2c0000, 0x0000000781000000)
  object space 21248K, 85% used [0x000000077be00000,0x000000077cfcb788,0x000000077d2c0000)
Event: 219.608 GC heap after
Heap after GC invocations=45 (full 20):
 PSYoungGen      total 37952K, used 96K [0x00000007d5ab0000, 0x00000007d8500000, 0x0000000800000000)
  eden space 32576K, 0% used [0x00000007d5ab0000,0x00000007d5ab0000,0x00000007d7a80000)
  from space 5376K, 1% used [0x00000007d7a80000,0x00000007d7a98000,0x00000007d7fc0000)
  to   space 5376K, 0% used [0x00000007d7fc0000,0x00000007d7fc0000,0x00000007d8500000)
 ParOldGen       total 86720K, used 10287K [0x0000000781000000, 0x00000007864b0000, 0x00000007d5ab0000)
  object space 86720K, 11% used [0x0000000781000000,0x0000000781a0bf90,0x00000007864b0000)
 PSPermGen       total 21248K, used 18221K [0x000000077be00000, 0x000000077d2c0000, 0x0000000781000000)
  object space 21248K, 85% used [0x000000077be00000,0x000000077cfcb788,0x000000077d2c0000)
}
Event: 219.608 GC heap before
{Heap before GC invocations=46 (full 21):
 PSYoungGen      total 37952K, used 96K [0x00000007d5ab0000, 0x00000007d8500000, 0x0000000800000000)
  eden space 32576K, 0% used [0x00000007d5ab0000,0x00000007d5ab0000,0x00000007d7a80000)
  from space 5376K, 1% used [0x00000007d7a80000,0x00000007d7a98000,0x00000007d7fc0000)
  to   space 5376K, 0% used [0x00000007d7fc0000,0x00000007d7fc0000,0x00000007d8500000)
 ParOldGen       total 86720K, used 10287K [0x0000000781000000, 0x00000007864b0000, 0x00000007d5ab0000)
  object space 86720K, 11% used [0x0000000781000000,0x0000000781a0bf90,0x00000007864b0000)
 PSPermGen       total 21248K, used 18221K [0x000000077be00000, 0x000000077d2c0000, 0x0000000781000000)
  object space 21248K, 85% used [0x000000077be00000,0x000000077cfcb788,0x000000077d2c0000)

Deoptimization events (0 events):
No events

Internal exceptions (10 events):
Event: 49.337 Thread 0x000000000e60a800 Threw 0x00000007d5ab6a50 at C:\jdk7u1_64p\jdk7u11\hotspot\src\share\vm\prims\jvm.cpp:1166
Event: 50.883 Thread 0x000000000e60a800 Threw 0x00000007d6da8c18 at C:\jdk7u1_64p\jdk7u11\hotspot\src\share\vm\prims\jvm.cpp:1166
Event: 65.744 Thread 0x000000000e60a800 Threw 0x00000007d5da5cc8 at C:\jdk7u1_64p\jdk7u11\hotspot\src\share\vm\prims\jvm.cpp:1166
Event: 65.745 Thread 0x000000000e60a800 Threw 0x00000007d5da85e8 at C:\jdk7u1_64p\jdk7u11\hotspot\src\share\vm\prims\jvm.cpp:1166
Event: 67.921 Thread 0x000000000e60a800 Threw 0x00000007d5de7da8 at C:\jdk7u1_64p\jdk7u11\hotspot\src\share\vm\prims\jvm.cpp:1166
Event: 74.311 Thread 0x000000000e60a800 Threw 0x00000007d5e12e48 at C:\jdk7u1_64p\jdk7u11\hotspot\src\share\vm\prims\jvm.cpp:1166
Event: 74.395 Thread 0x000000000e60a800 Threw 0x00000007d5e25498 at C:\jdk7u1_64p\jdk7u11\hotspot\src\share\vm\prims\jvm.cpp:1166
Event: 74.522 Thread 0x000000000e60a800 Threw 0x00000007d5e3a4f0 at C:\jdk7u1_64p\jdk7u11\hotspot\src\share\vm\prims\jvm.cpp:1166
Event: 76.874 Thread 0x000000000e60a800 Threw 0x00000007d5e53768 at C:\jdk7u1_64p\jdk7u11\hotspot\src\share\vm\prims\jvm.cpp:1166
Event: 197.327 Thread 0x000000000e60a800 Threw 0x00000007d67537b8 at C:\jdk7u1_64p\jdk7u11\hotspot\src\share\vm\prims\jvm.cpp:1166

Events (10 events):
Event: 216.562 Executing VM operation: GetOrSetLocal done
Event: 216.765 Executing VM operation: GetOrSetLocal
Event: 216.765 Executing VM operation: GetOrSetLocal done
Event: 218.701 Executing VM operation: GetOrSetLocal
Event: 218.701 Executing VM operation: GetOrSetLocal done
Event: 218.979 Executing VM operation: GetOrSetLocal
Event: 218.979 Executing VM operation: GetOrSetLocal done
Event: 218.980 Executing VM operation: GetOrSetLocal
Event: 218.980 Executing VM operation: GetOrSetLocal done
Event: 219.512 Executing VM operation: ParallelGCSystemGC


Dynamic libraries:
0x000000013f040000 - 0x000000013f073000 	C:\Program Files\Java\jdk1.7.0_11\bin\java.exe
0x00000000775d0000 - 0x0000000077779000 	C:\Windows\SYSTEM32\ntdll.dll
0x00000000773b0000 - 0x00000000774cf000 	C:\Windows\system32\kernel32.dll
0x000007fefd3f0000 - 0x000007fefd45c000 	C:\Windows\system32\KERNELBASE.dll
0x000007feff7a0000 - 0x000007feff87b000 	C:\Windows\system32\ADVAPI32.dll
0x000007fefdb60000 - 0x000007fefdbff000 	C:\Windows\system32\msvcrt.dll
0x000007fefecc0000 - 0x000007fefecdf000 	C:\Windows\SYSTEM32\sechost.dll
0x000007fefee20000 - 0x000007fefef4d000 	C:\Windows\system32\RPCRT4.dll
0x00000000774d0000 - 0x00000000775ca000 	C:\Windows\system32\USER32.dll
0x000007fefdaf0000 - 0x000007fefdb57000 	C:\Windows\system32\GDI32.dll
0x000007fefda40000 - 0x000007fefda4e000 	C:\Windows\system32\LPK.dll
0x000007fefdd90000 - 0x000007fefde59000 	C:\Windows\system32\USP10.dll
0x000007fefbe70000 - 0x000007fefc064000 	C:\Windows\WinSxS\amd64_microsoft.windows.common-controls_6595b64144ccf1df_6.0.7601.17514_none_fa396087175ac9ac\COMCTL32.dll
0x000007fefef50000 - 0x000007fefefc1000 	C:\Windows\system32\SHLWAPI.dll
0x000007fefece0000 - 0x000007fefed0e000 	C:\Windows\system32\IMM32.DLL
0x000007feff2a0000 - 0x000007feff3a9000 	C:\Windows\system32\MSCTF.dll
0x000000006c700000 - 0x000000006c7d1000 	C:\Program Files\Java\jdk1.7.0_11\jre\bin\msvcr100.dll
0x000000006b7e0000 - 0x000000006beff000 	C:\Program Files\Java\jdk1.7.0_11\jre\bin\server\jvm.dll
0x000007fefa7a0000 - 0x000007fefa7a9000 	C:\Windows\system32\WSOCK32.dll
0x000007fefde60000 - 0x000007fefdead000 	C:\Windows\system32\WS2_32.dll
0x000007fefee10000 - 0x000007fefee18000 	C:\Windows\system32\NSI.dll
0x000007fefaf30000 - 0x000007fefaf6b000 	C:\Windows\system32\WINMM.dll
0x00000000777a0000 - 0x00000000777a7000 	C:\Windows\system32\PSAPI.DLL
0x000000006d130000 - 0x000000006d16f000 	C:\Program Files\Java\jdk1.7.0_11\jre\bin\splashscreen.dll
0x000000006dea0000 - 0x000000006deaf000 	C:\Program Files\Java\jdk1.7.0_11\jre\bin\verify.dll
0x000000006cc90000 - 0x000000006ccb8000 	C:\Program Files\Java\jdk1.7.0_11\jre\bin\java.dll
0x000000005ad00000 - 0x000000005ad35000 	C:\Program Files\Java\jdk1.7.0_11\jre\bin\jdwp.dll
0x000000006c2e0000 - 0x000000006c2e8000 	C:\Program Files\Java\jdk1.7.0_11\jre\bin\npt.dll
0x000000006cc40000 - 0x000000006cc55000 	C:\Program Files\Java\jdk1.7.0_11\jre\bin\zip.dll
0x000007fefbaf0000 - 0x000007fefbb46000 	C:\Windows\system32\uxtheme.dll
0x0000000180000000 - 0x00000001800eb000 	C:\Program Files\Hewlett-Packard\HP ProtectTools Security Manager\Bin\DpoFeedb.dll
0x000007fefed10000 - 0x000007fefede7000 	C:\Windows\system32\OLEAUT32.dll
0x000007feff590000 - 0x000007feff793000 	C:\Windows\system32\ole32.dll
0x000007fefc680000 - 0x000007fefc68c000 	C:\Windows\system32\VERSION.dll
0x000007fefd460000 - 0x000007fefd47e000 	C:\Windows\system32\USERENV.dll
0x000007fefd390000 - 0x000007fefd39f000 	C:\Windows\system32\profapi.dll
0x000007fefd230000 - 0x000007fefd23f000 	C:\Windows\system32\CRYPTBASE.dll
0x000007feee0d0000 - 0x000007feee101000 	C:\Program Files\Hewlett-Packard\HP ProtectTools Security Manager\Bin\DpoSet.dll
0x00000000687a0000 - 0x0000000068873000 	C:\Windows\WinSxS\amd64_microsoft.vc90.crt_1fc8b3b9a1e18e3b_9.0.30729.6161_none_08e61857a83bc251\MSVCP90.dll
0x00000000731e0000 - 0x0000000073283000 	C:\Windows\WinSxS\amd64_microsoft.vc90.crt_1fc8b3b9a1e18e3b_9.0.30729.6161_none_08e61857a83bc251\MSVCR90.dll
0x000000006eb00000 - 0x000000006eb0b000 	C:\Program Files\Java\jdk1.7.0_11\jre\bin\dt_shmem.dll
0x000000006b4e0000 - 0x000000006b673000 	C:\Program Files\Java\jdk1.7.0_11\jre\bin\awt.dll
0x000007fefb6c0000 - 0x000007fefb6d8000 	C:\Windows\system32\dwmapi.dll
0x000007fefdf30000 - 0x000007fefecb8000 	C:\Windows\system32\SHELL32.dll
0x000000006a520000 - 0x000000006a554000 	C:\Program Files\Java\jdk1.7.0_11\jre\bin\fontmanager.dll
0x000000006cbe0000 - 0x000000006cbf9000 	C:\Program Files\Java\jdk1.7.0_11\jre\bin\net.dll
0x000007fefcb30000 - 0x000007fefcb85000 	C:\Windows\system32\mswsock.dll
0x000007fefcb20000 - 0x000007fefcb27000 	C:\Windows\System32\wship6.dll
0x000000006cbc0000 - 0x000000006cbd1000 	C:\Program Files\Java\jdk1.7.0_11\jre\bin\nio.dll
0x00000000610c0000 - 0x00000000610f0000 	C:\Program Files\Java\jdk1.7.0_11\jre\bin\jpeg.dll
0x00000000680b0000 - 0x00000000680f1000 	C:\Program Files\Java\jdk1.7.0_11\jre\bin\t2k.dll
0x000007fefda50000 - 0x000007fefdae9000 	C:\Windows\system32\CLBCatQ.DLL
0x000007fefb510000 - 0x000007fefb671000 	C:\Windows\system32\WindowsCodecs.dll
0x000007fefd1d0000 - 0x000007fefd227000 	C:\Windows\system32\apphelp.dll
0x000007fef3fb0000 - 0x000007fef41ed000 	C:\PROGRA~1\MIF5BA~1\Office15\GROOVEEX.DLL
0x0000000069cd0000 - 0x0000000069d68000 	C:\Windows\system32\MSVCP100.dll
0x0000000072e30000 - 0x0000000072e5b000 	C:\Windows\system32\ATL100.DLL
0x000007fef3c90000 - 0x000007fef3fad000 	C:\Windows\system32\msi.dll
0x000007fef2f00000 - 0x000007fef378c000 	C:\PROGRA~1\MIF5BA~1\Office15\1036\GrooveIntlResource.dll
0x0000000072e10000 - 0x0000000072e26000 	C:\Program Files\Common Files\TortoiseOverlays\TortoiseOverlays.dll
0x0000000068f40000 - 0x0000000068f50000 	C:\Program Files\TortoiseSVN\bin\TortoiseStub.dll
0x0000000068ec0000 - 0x0000000068f3b000 	C:\Program Files\TortoiseSVN\bin\TortoiseSVN.dll
0x000007fefd7f0000 - 0x000007fefda3b000 	C:\Windows\system32\WININET.dll
0x000007fefd710000 - 0x000007fefd714000 	C:\Windows\system32\api-ms-win-downlevel-user32-l1-1-0.dll
0x000007fefd4c0000 - 0x000007fefd4c4000 	C:\Windows\system32\api-ms-win-downlevel-shlwapi-l1-1-0.dll
0x000007fefd700000 - 0x000007fefd704000 	C:\Windows\system32\api-ms-win-downlevel-version-l1-1-0.dll
0x000007fefd6e0000 - 0x000007fefd6e3000 	C:\Windows\system32\api-ms-win-downlevel-normaliz-l1-1-0.dll
0x0000000077790000 - 0x0000000077793000 	C:\Windows\system32\normaliz.DLL
0x000007fefefd0000 - 0x000007feff297000 	C:\Windows\system32\iertutil.dll
0x000007fefd6f0000 - 0x000007fefd6f5000 	C:\Windows\system32\api-ms-win-downlevel-advapi32-l1-1-0.dll
0x000007fef5d20000 - 0x000007fef610d000 	C:\Program Files\TortoiseSVN\bin\libsvn_tsvn.dll
0x0000000068e90000 - 0x0000000068ebb000 	C:\Program Files\TortoiseSVN\bin\libapr_tsvn.dll
0x0000000068e40000 - 0x0000000068e81000 	C:\Program Files\TortoiseSVN\bin\libaprutil_tsvn.dll
0x000007feff880000 - 0x000007feff8d2000 	C:\Windows\system32\WLDAP32.dll
0x000007fef5d10000 - 0x000007fef5d20000 	C:\Program Files\TortoiseSVN\bin\intl3_tsvn.dll
0x000007fef5cf0000 - 0x000007fef5d0a000 	C:\Program Files\TortoiseSVN\bin\libsasl.dll
0x000007fefd160000 - 0x000007fefd16b000 	C:\Windows\system32\Secur32.dll
0x000007fefd1a0000 - 0x000007fefd1c5000 	C:\Windows\system32\SSPICLI.DLL
0x000007fefd4d0000 - 0x000007fefd63c000 	C:\Windows\system32\CRYPT32.dll
0x000007fefd3a0000 - 0x000007fefd3af000 	C:\Windows\system32\MSASN1.dll
0x000007fef2e30000 - 0x000007fef2e65000 	C:\Windows\system32\EhStorShell.dll
0x000007feff3b0000 - 0x000007feff587000 	C:\Windows\system32\SETUPAPI.dll
0x000007fefd3b0000 - 0x000007fefd3e6000 	C:\Windows\system32\CFGMGR32.dll
0x000007fefd720000 - 0x000007fefd73a000 	C:\Windows\system32\DEVOBJ.dll
0x000007fefbcf0000 - 0x000007fefbe1c000 	C:\Windows\system32\PROPSYS.dll
0x000007fef27c0000 - 0x000007fef2e2f000 	C:\PROGRA~1\MIF5BA~1\Office14\GROOVEEX.DLL
0x0000000072de0000 - 0x0000000072e0f000 	C:\Windows\WinSxS\amd64_microsoft.vc90.atl_1fc8b3b9a1e18e3b_9.0.30729.6161_none_0a1fd3a3a768b895\ATL90.DLL
0x000007fef4b90000 - 0x000007fef4faa000 	C:\PROGRA~1\COMMON~1\MICROS~1\OFFICE14\Cultures\office.odf
0x000007fef4300000 - 0x000007fef4b88000 	C:\PROGRA~1\MIF5BA~1\Office14\1036\GrooveIntlResource.dll
0x0000000061090000 - 0x00000000610ba000 	C:\Program Files\Java\jdk1.7.0_11\jre\bin\dcpr.dll
0x000007fee1bd0000 - 0x000007fee1c6e000 	C:\Windows\system32\RICHED20.DLL
0x000007fef6800000 - 0x000007fef6925000 	C:\Windows\system32\dbghelp.dll

VM Arguments:
jvm_args: -Xdebug -Xrunjdwp:transport=dt_shmem,address=javadebug -Dfile.encoding=UTF-8 
java_command: marcadministrationclient.MainJFrame
Launcher Type: SUN_STANDARD

Environment Variables:
PATH=C:\Program Files (x86)\ImageMagick-6.8.7-Q16;C:\Program Files\Common Files\Microsoft Shared\Windows Live;C:\Program Files (x86)\AMD APP\bin\x86_64;C:\Program Files (x86)\AMD APP\bin\x86;C:\Windows\system32;C:\Windows;C:\Windows\System32\Wbem;C:\Program Files (x86)\ATI Technologies\ATI.ACE\Core-Static;C:\Windows\System32\WindowsPowerShell\v1.0\;C:\Program Files\Microsoft\Web Platform Installer\;C:\Program Files (x86)\Microsoft ASP.NET\ASP.NET Web Pages\v1.0\;C:\Program Files\Microsoft SQL Server\110\Tools\Binn\;C:\Program Files (x86)\Microsoft SQL Server\90\Tools\binn\;C:\Windows\System32\WindowsPowerShell\v1.0\;C:\Program Files\TortoiseSVN\bin;C:\Program Files (x86)\Windows Kits\8.1\Windows Performance Toolkit\;C:\Program Files (x86)\Microsoft SDKs\TypeScript\1.0\;C:\Program Files\Common Files\Microsoft Shared\Windows Live;C:\Program Files (x86)\CMake 2.8\bin
USERNAME=patrice
OS=Windows_NT
PROCESSOR_IDENTIFIER=Intel64 Family 6 Model 42 Stepping 7, GenuineIntel



---------------  S Y S T E M  ---------------

OS: Windows 7 , 64 bit Build 7601 Service Pack 1

CPU:total 2 (2 cores per cpu, 2 threads per core) family 6 model 42 stepping 7, cmov, cx8, fxsr, mmx, sse, sse2, sse3, ssse3, sse4.1, sse4.2, popcnt, avx, ht, tsc, tscinvbit

Memory: 4k page, physical 8321392k(4130724k free), swap 16640920k(11336528k free)

vm_info: Java HotSpot(TM) 64-Bit Server VM (23.6-b04) for windows-amd64 JRE (1.7.0_11-b21), built on Jan 12 2013 02:38:42 by "java_re" with unknown MS VC++:1600

time: Sat Dec 06 17:30:05 2014
elapsed time: 219 seconds

