#
# A fatal error has been detected by the Java Runtime Environment:
#
#  EXCEPTION_ACCESS_VIOLATION (0xc0000005) at pc=0x00000000507053b0, pid=3292, tid=10572
#
# JRE version: 7.0_11-b21
# Java VM: Java HotSpot(TM) 64-Bit Server VM (23.6-b04 mixed mode windows-amd64 compressed oops)
# Problematic frame:
# V  [jvm.dll+0x253b0]
#
# Failed to write core dump. Minidumps are not enabled by default on client versions of Windows
#
# If you would like to submit a bug report, please visit:
#   http://bugreport.sun.com/bugreport/crash.jsp
#

---------------  T H R E A D  ---------------

Current thread (0x0000000002013800):  GCTaskThread [stack: 0x0000000006690000,0x0000000006790000] [id=10572]

siginfo: ExceptionCode=0xc0000005, reading address 0x00000007f8000018

Registers:
RAX=0x0000000000000000, RBX=0x00000007d5cab468, RCX=0x00000007d5cab468, RDX=0x00000007f8000010
RSP=0x000000000678fad8, RBP=0x0000000005d63052, RSI=0x0000000002206ef0, RDI=0x0000000782401400
R8 =0x0000000002206ef0, R9 =0x0000000000000000, R10=0x0000000006160000, R11=0x0000000002558000
R12=0x0000000005d63006, R13=0xff000000ff000000, R14=0x0000000000000000, R15=0x00000000020088f0
RIP=0x00000000507053b0, EFLAGS=0x0000000000010202

Top of Stack: (sp=0x000000000678fad8)
0x000000000678fad8:   0000000050a422c6 00000007d5ab0020
0x000000000678fae8:   0000000000000002 0000000002206ef0
0x000000000678faf8:   00000000507a2136 00000007d7ac0000
0x000000000678fb08:   0000000000001000 0000000050d94700
0x000000000678fb18:   0000000000000003 0000000000000000
0x000000000678fb28:   0000000002206e00 0000000005d63006
0x000000000678fb38:   0000000050a42650 000000078240133c
0x000000000678fb48:   0000000005d63052 0000000002206ef0
0x000000000678fb58:   0000000782401400 000000078240133c
0x000000000678fb68:   0000000050a43212 0000000000bcc1f9
0x000000000678fb78:   000007fefdae10dc 0000000002206ad0
0x000000000678fb88:   0000000781c60fc8 0000000000bd0a00
0x000000000678fb98:   0000000050a40f2d 0000000000000000
0x000000000678fba8:   0000000000bcc1ff 0000000781c28330
0x000000000678fbb8:   00000000507a8b83 0000000781c28315
0x000000000678fbc8:   0000000781c28315 00000007824013a4 

Instructions: (pc=0x00000000507053b0)
0x0000000050705390:   0d 44 0f b7 c0 48 83 c1 48 e8 d8 7d 4c 00 48 83
0x00000000507053a0:   c4 28 c3 cc cc cc cc cc cc cc cc cc cc cc cc cc
0x00000000507053b0:   44 8b 42 08 4c 8b ca 45 85 c0 7e 0e 41 f6 c0 01
0x00000000507053c0:   75 57 41 c1 f8 03 41 8b c0 c3 79 4d 80 3d 15 69 


Register to memory mapping:

RAX=0x0000000000000000 is an unknown value
RBX=0x00000007d5cab468 is an unknown value
RCX=0x00000007d5cab468 is an unknown value
RDX=0x00000007f8000010 is an unallocated location in the heap
RSP=0x000000000678fad8 is an unknown value
RBP=0x0000000005d63052 is an unknown value
RSI=0x0000000002206ef0 is an unknown value
RDI=0x0000000782401400 is an oop
[C 
 - klass: {type array char}
 - length: 25
R8 =0x0000000002206ef0 is an unknown value
R9 =0x0000000000000000 is an unknown value
R10=0x0000000006160000 is an unknown value
R11=0x0000000002558000 is an unknown value
R12=0x0000000005d63006 is an unknown value
R13=0xff000000ff000000 is an unknown value
R14=0x0000000000000000 is an unknown value
R15=0x00000000020088f0 is an unknown value


Stack: [0x0000000006690000,0x0000000006790000],  sp=0x000000000678fad8,  free space=1022k
Native frames: (J=compiled Java code, j=interpreted, Vv=VM code, C=native code)
V  [jvm.dll+0x253b0]


---------------  P R O C E S S  ---------------

Java Threads: ( => current thread )
  0x000000000e442800 JavaThread "SwingWorker-pool-1-thread-10" daemon [_thread_blocked, id=5148, stack(0x0000000012ae0000,0x0000000012be0000)]
  0x000000000e441800 JavaThread "SwingWorker-pool-1-thread-9" daemon [_thread_blocked, id=10108, stack(0x00000000129b0000,0x0000000012ab0000)]
  0x000000000e441000 JavaThread "SwingWorker-pool-1-thread-8" daemon [_thread_blocked, id=11000, stack(0x0000000012740000,0x0000000012840000)]
  0x000000000e440000 JavaThread "SwingWorker-pool-1-thread-7" daemon [_thread_blocked, id=10072, stack(0x0000000012510000,0x0000000012610000)]
  0x000000000e43f800 JavaThread "SwingWorker-pool-1-thread-6" daemon [_thread_blocked, id=10952, stack(0x00000000123f0000,0x00000000124f0000)]
  0x000000000f6e6000 JavaThread "SwingWorker-pool-1-thread-5" daemon [_thread_blocked, id=12148, stack(0x00000000122b0000,0x00000000123b0000)]
  0x000000000e6c5000 JavaThread "SwingWorker-pool-1-thread-4" daemon [_thread_blocked, id=10248, stack(0x0000000011cd0000,0x0000000011dd0000)]
  0x000000000e452800 JavaThread "SwingWorker-pool-1-thread-3" daemon [_thread_blocked, id=10272, stack(0x0000000010c30000,0x0000000010d30000)]
  0x000000000e32c800 JavaThread "SwingWorker-pool-1-thread-2" daemon [_thread_blocked, id=9824, stack(0x0000000010ee0000,0x0000000010fe0000)]
  0x000000000f198800 JavaThread "SwingWorker-pool-1-thread-1" daemon [_thread_blocked, id=9596, stack(0x0000000010d40000,0x0000000010e40000)]
  0x000000000e8ad000 JavaThread "TimerQueue" daemon [_thread_blocked, id=10756, stack(0x0000000010a50000,0x0000000010b50000)]
  0x000000000c299000 JavaThread "org.netbeans.modules.debugger.jpda.visual AWT Access Loop" daemon [_thread_blocked, id=9828, stack(0x000000000c830000,0x000000000c930000)]
  0x000000000014f000 JavaThread "DestroyJavaVM" [_thread_blocked, id=11256, stack(0x0000000002350000,0x0000000002450000)]
  0x000000000c296800 JavaThread "AWT-EventQueue-0" [_thread_blocked, id=5804, stack(0x000000000dfc0000,0x000000000e0c0000)]
  0x000000000c292800 JavaThread "AWT-Windows" daemon [_thread_in_native, id=9996, stack(0x000000000d600000,0x000000000d700000)]
  0x000000000c28e000 JavaThread "AWT-Shutdown" [_thread_blocked, id=10172, stack(0x000000000dd60000,0x000000000de60000)]
  0x000000000c28d000 JavaThread "Java2D Disposer" daemon [_thread_blocked, id=3212, stack(0x000000000dc00000,0x000000000dd00000)]
  0x000000000c086000 JavaThread "Service Thread" daemon [_thread_blocked, id=9880, stack(0x000000000d840000,0x000000000d940000)]
  0x000000000c079000 JavaThread "C2 CompilerThread1" daemon [_thread_blocked, id=9208, stack(0x000000000d4d0000,0x000000000d5d0000)]
  0x000000000c073800 JavaThread "C2 CompilerThread0" daemon [_thread_blocked, id=8376, stack(0x0000000006410000,0x0000000006510000)]
  0x000000000c067800 JavaThread "JDWP Command Reader" daemon [_thread_blocked, id=10980, stack(0x000000000d370000,0x000000000d470000)]
  0x000000000c05a800 JavaThread "JDWP Event Helper Thread" daemon [_thread_blocked, id=11116, stack(0x000000000d200000,0x000000000d300000)]
  0x000000000c049800 JavaThread "JDWP Transport Listener: dt_shmem" daemon [_thread_blocked, id=7592, stack(0x000000000d090000,0x000000000d190000)]
  0x000000000c041800 JavaThread "Attach Listener" daemon [_thread_blocked, id=10104, stack(0x000000000cef0000,0x000000000cff0000)]
  0x000000000c040000 JavaThread "Signal Dispatcher" daemon [_thread_blocked, id=6184, stack(0x000000000cdc0000,0x000000000cec0000)]
  0x0000000002213000 JavaThread "Finalizer" daemon [_thread_blocked, id=10092, stack(0x000000000cc40000,0x000000000cd40000)]
  0x000000000220f800 JavaThread "Reference Handler" daemon [_thread_blocked, id=11100, stack(0x000000000ca90000,0x000000000cb90000)]

Other Threads:
  0x000000000bfc2800 VMThread [stack: 0x000000000c940000,0x000000000ca40000] [id=6784]
  0x000000000c08e800 WatcherThread [stack: 0x000000000da10000,0x000000000db10000] [id=9184]

=>0x0000000002013800 (exited) GCTaskThread [stack: 0x0000000006690000,0x0000000006790000] [id=10572]

VM state:at safepoint (normal execution)

VM Mutex/Monitor currently owned by a thread:  ([mutex/lock_event])
[0x000000000014d310] Threads_lock - owner thread: 0x000000000bfc2800
[0x000000000014d810] Heap_lock - owner thread: 0x000000000c296800

Heap
 PSYoungGen      total 33024K, used 2319K [0x00000007d5ab0000, 0x00000007d7b20000, 0x0000000800000000)
  eden space 32832K, 7% used [0x00000007d5ab0000,0x00000007d5cf3c90,0x00000007d7ac0000)
  from space 192K, 0% used [0x00000007d7af0000,0x00000007d7af0000,0x00000007d7b20000)
  to   space 192K, 33% used [0x00000007d7ac0000,0x00000007d7ad0000,0x00000007d7af0000)
 ParOldGen       total 86720K, used 20520K [0x0000000781000000, 0x00000007864b0000, 0x00000007d5ab0000)
  object space 86720K, 23% used [0x0000000781000000,0x000000078240a378,0x00000007864b0000)
 PSPermGen       total 21504K, used 20844K [0x000000077be00000, 0x000000077d300000, 0x0000000781000000)
  object space 21504K, 96% used [0x000000077be00000,0x000000077d25b018,0x000000077d300000)

Card table byte_map: [0x0000000005d30000,0x0000000006160000] byte_map_base: 0x0000000002151000

Polling page: 0x0000000000160000

Code Cache  [0x0000000002d30000, 0x00000000030f0000, 0x0000000005d30000)
 total_blobs=1549 nmethods=1057 adapters=452 free_code_cache=45418Kb largest_free_block=46436736

Compilation events (10 events):
Event: 3447.122 Thread 0x000000000c079000 1069             java.util.IdentityHashMap::put (123 bytes)
Event: 3447.129 Thread 0x000000000c079000 nmethod 1069 0x00000000030bb450 code [0x00000000030bb5c0, 0x00000000030bb9b8]
Event: 3501.707 Thread 0x000000000c073800 1070   !         java.util.concurrent.DelayQueue::take (212 bytes)
Event: 3501.729 Thread 0x000000000c073800 nmethod 1070 0x00000000030c7490 code [0x00000000030c76a0, 0x00000000030c8090]
Event: 3580.984 Thread 0x000000000c079000 1071             mARC.Connector.Connector::addFunction (339 bytes)
Event: 3581.063 Thread 0x000000000c079000 nmethod 1071 0x00000000030e34d0 code [0x00000000030e3840, 0x00000000030e5898]
Event: 3598.770 Thread 0x000000000c073800 1072   !         javax.swing.tree.VariableHeightLayoutCache::getNodeForPath (273 bytes)
Event: 3598.774 Thread 0x000000000c073800 nmethod 1072 0x00000000030c57d0 code [0x00000000030c5920, 0x00000000030c5a48]
Event: 3609.731 Thread 0x000000000c079000 1073             marcadministrationclient.Server::FindSessionFromId (47 bytes)
Event: 3609.759 Thread 0x000000000c079000 nmethod 1073 0x00000000030c6490 code [0x00000000030c6620, 0x00000000030c6e98]

GC Heap History (10 events):
Event: 3609.511 GC heap after
Heap after GC invocations=6360 (full 3170):
 PSYoungGen      total 33024K, used 0K [0x00000007d5ab0000, 0x00000007d7b20000, 0x0000000800000000)
  eden space 32832K, 0% used [0x00000007d5ab0000,0x00000007d5ab0000,0x00000007d7ac0000)
  from space 192K, 0% used [0x00000007d7af0000,0x00000007d7af0000,0x00000007d7b20000)
  to   space 192K, 0% used [0x00000007d7ac0000,0x00000007d7ac0000,0x00000007d7af0000)
 ParOldGen       total 86720K, used 20577K [0x0000000781000000, 0x00000007864b0000, 0x00000007d5ab0000)
  object space 86720K, 23% used [0x0000000781000000,0x0000000782418760,0x00000007864b0000)
 PSPermGen       total 21504K, used 20836K [0x000000077be00000, 0x000000077d300000, 0x0000000781000000)
  object space 21504K, 96% used [0x000000077be00000,0x000000077d259308,0x000000077d300000)
}
Event: 3968.995 GC heap before
{Heap before GC invocations=6361 (full 3170):
 PSYoungGen      total 33024K, used 2591K [0x00000007d5ab0000, 0x00000007d7b20000, 0x0000000800000000)
  eden space 32832K, 7% used [0x00000007d5ab0000,0x00000007d5d37d20,0x00000007d7ac0000)
  from space 192K, 0% used [0x00000007d7af0000,0x00000007d7af0000,0x00000007d7b20000)
  to   space 192K, 0% used [0x00000007d7ac0000,0x00000007d7ac0000,0x00000007d7af0000)
 ParOldGen       total 86720K, used 20577K [0x0000000781000000, 0x00000007864b0000, 0x00000007d5ab0000)
  object space 86720K, 23% used [0x0000000781000000,0x0000000782418760,0x00000007864b0000)
 PSPermGen       total 21504K, used 20844K [0x000000077be00000, 0x000000077d300000, 0x0000000781000000)
  object space 21504K, 96% used [0x000000077be00000,0x000000077d25b018,0x000000077d300000)
Event: 3968.997 GC heap after
Heap after GC invocations=6361 (full 3170):
 PSYoungGen      total 33024K, used 128K [0x00000007d5ab0000, 0x00000007d7b20000, 0x0000000800000000)
  eden space 32832K, 0% used [0x00000007d5ab0000,0x00000007d5ab0000,0x00000007d7ac0000)
  from space 192K, 66% used [0x00000007d7ac0000,0x00000007d7ae0000,0x00000007d7af0000)
  to   space 192K, 0% used [0x00000007d7af0000,0x00000007d7af0000,0x00000007d7b20000)
 ParOldGen       total 86720K, used 20577K [0x0000000781000000, 0x00000007864b0000, 0x00000007d5ab0000)
  object space 86720K, 23% used [0x0000000781000000,0x0000000782418760,0x00000007864b0000)
 PSPermGen       total 21504K, used 20844K [0x000000077be00000, 0x000000077d300000, 0x0000000781000000)
  object space 21504K, 96% used [0x000000077be00000,0x000000077d25b018,0x000000077d300000)
}
Event: 3968.997 GC heap before
{Heap before GC invocations=6362 (full 3171):
 PSYoungGen      total 33024K, used 128K [0x00000007d5ab0000, 0x00000007d7b20000, 0x0000000800000000)
  eden space 32832K, 0% used [0x00000007d5ab0000,0x00000007d5ab0000,0x00000007d7ac0000)
  from space 192K, 66% used [0x00000007d7ac0000,0x00000007d7ae0000,0x00000007d7af0000)
  to   space 192K, 0% used [0x00000007d7af0000,0x00000007d7af0000,0x00000007d7b20000)
 ParOldGen       total 86720K, used 20577K [0x0000000781000000, 0x00000007864b0000, 0x00000007d5ab0000)
  object space 86720K, 23% used [0x0000000781000000,0x0000000782418760,0x00000007864b0000)
 PSPermGen       total 21504K, used 20844K [0x000000077be00000, 0x000000077d300000, 0x0000000781000000)
  object space 21504K, 96% used [0x000000077be00000,0x000000077d25b018,0x000000077d300000)
Event: 3969.140 GC heap after
Heap after GC invocations=6362 (full 3171):
 PSYoungGen      total 33024K, used 0K [0x00000007d5ab0000, 0x00000007d7b20000, 0x0000000800000000)
  eden space 32832K, 0% used [0x00000007d5ab0000,0x00000007d5ab0000,0x00000007d7ac0000)
  from space 192K, 0% used [0x00000007d7ac0000,0x00000007d7ac0000,0x00000007d7af0000)
  to   space 192K, 0% used [0x00000007d7af0000,0x00000007d7af0000,0x00000007d7b20000)
 ParOldGen       total 86720K, used 20520K [0x0000000781000000, 0x00000007864b0000, 0x00000007d5ab0000)
  object space 86720K, 23% used [0x0000000781000000,0x000000078240a138,0x00000007864b0000)
 PSPermGen       total 21504K, used 20844K [0x000000077be00000, 0x000000077d300000, 0x0000000781000000)
  object space 21504K, 96% used [0x000000077be00000,0x000000077d25b018,0x000000077d300000)
}
Event: 3969.141 GC heap before
{Heap before GC invocations=6363 (full 3171):
 PSYoungGen      total 33024K, used 408K [0x00000007d5ab0000, 0x00000007d7b20000, 0x0000000800000000)
  eden space 32832K, 1% used [0x00000007d5ab0000,0x00000007d5b162b0,0x00000007d7ac0000)
  from space 192K, 0% used [0x00000007d7ac0000,0x00000007d7ac0000,0x00000007d7af0000)
  to   space 192K, 0% used [0x00000007d7af0000,0x00000007d7af0000,0x00000007d7b20000)
 ParOldGen       total 86720K, used 20520K [0x0000000781000000, 0x00000007864b0000, 0x00000007d5ab0000)
  object space 86720K, 23% used [0x0000000781000000,0x000000078240a138,0x00000007864b0000)
 PSPermGen       total 21504K, used 20844K [0x000000077be00000, 0x000000077d300000, 0x0000000781000000)
  object space 21504K, 96% used [0x000000077be00000,0x000000077d25b018,0x000000077d300000)
Event: 3969.148 GC heap after
Heap after GC invocations=6363 (full 3171):
 PSYoungGen      total 33024K, used 32K [0x00000007d5ab0000, 0x00000007d7b20000, 0x0000000800000000)
  eden space 32832K, 0% used [0x00000007d5ab0000,0x00000007d5ab0000,0x00000007d7ac0000)
  from space 192K, 16% used [0x00000007d7af0000,0x00000007d7af8000,0x00000007d7b20000)
  to   space 192K, 0% used [0x00000007d7ac0000,0x00000007d7ac0000,0x00000007d7af0000)
 ParOldGen       total 86720K, used 20520K [0x0000000781000000, 0x00000007864b0000, 0x00000007d5ab0000)
  object space 86720K, 23% used [0x0000000781000000,0x000000078240a138,0x00000007864b0000)
 PSPermGen       total 21504K, used 20844K [0x000000077be00000, 0x000000077d300000, 0x0000000781000000)
  object space 21504K, 96% used [0x000000077be00000,0x000000077d25b018,0x000000077d300000)
}
Event: 3969.148 GC heap before
{Heap before GC invocations=6364 (full 3172):
 PSYoungGen      total 33024K, used 32K [0x00000007d5ab0000, 0x00000007d7b20000, 0x0000000800000000)
  eden space 32832K, 0% used [0x00000007d5ab0000,0x00000007d5ab0000,0x00000007d7ac0000)
  from space 192K, 16% used [0x00000007d7af0000,0x00000007d7af8000,0x00000007d7b20000)
  to   space 192K, 0% used [0x00000007d7ac0000,0x00000007d7ac0000,0x00000007d7af0000)
 ParOldGen       total 86720K, used 20520K [0x0000000781000000, 0x00000007864b0000, 0x00000007d5ab0000)
  object space 86720K, 23% used [0x0000000781000000,0x000000078240a138,0x00000007864b0000)
 PSPermGen       total 21504K, used 20844K [0x000000077be00000, 0x000000077d300000, 0x0000000781000000)
  object space 21504K, 96% used [0x000000077be00000,0x000000077d25b018,0x000000077d300000)
Event: 3969.306 GC heap after
Heap after GC invocations=6364 (full 3172):
 PSYoungGen      total 33024K, used 0K [0x00000007d5ab0000, 0x00000007d7b20000, 0x0000000800000000)
  eden space 32832K, 0% used [0x00000007d5ab0000,0x00000007d5ab0000,0x00000007d7ac0000)
  from space 192K, 0% used [0x00000007d7af0000,0x00000007d7af0000,0x00000007d7b20000)
  to   space 192K, 0% used [0x00000007d7ac0000,0x00000007d7ac0000,0x00000007d7af0000)
 ParOldGen       total 86720K, used 20520K [0x0000000781000000, 0x00000007864b0000, 0x00000007d5ab0000)
  object space 86720K, 23% used [0x0000000781000000,0x000000078240a378,0x00000007864b0000)
 PSPermGen       total 21504K, used 20844K [0x000000077be00000, 0x000000077d300000, 0x0000000781000000)
  object space 21504K, 96% used [0x000000077be00000,0x000000077d25b018,0x000000077d300000)
}
Event: 3970.885 GC heap before
{Heap before GC invocations=6365 (full 3172):
 PSYoungGen      total 33024K, used 2319K [0x00000007d5ab0000, 0x00000007d7b20000, 0x0000000800000000)
  eden space 32832K, 7% used [0x00000007d5ab0000,0x00000007d5cf3c90,0x00000007d7ac0000)
  from space 192K, 0% used [0x00000007d7af0000,0x00000007d7af0000,0x00000007d7b20000)
  to   space 192K, 0% used [0x00000007d7ac0000,0x00000007d7ac0000,0x00000007d7af0000)
 ParOldGen       total 86720K, used 20520K [0x0000000781000000, 0x00000007864b0000, 0x00000007d5ab0000)
  object space 86720K, 23% used [0x0000000781000000,0x000000078240a378,0x00000007864b0000)
 PSPermGen       total 21504K, used 20844K [0x000000077be00000, 0x000000077d300000, 0x0000000781000000)
  object space 21504K, 96% used [0x000000077be00000,0x000000077d25b018,0x000000077d300000)

Deoptimization events (0 events):
No events

Internal exceptions (10 events):
Event: 139.657 Thread 0x000000000c296800 Threw 0x00000007d5c0d130 at C:\jdk7u1_64p\jdk7u11\hotspot\src\share\vm\prims\jvm.cpp:1166
Event: 139.698 Thread 0x000000000c296800 Threw 0x00000007d5c22d40 at C:\jdk7u1_64p\jdk7u11\hotspot\src\share\vm\prims\jvm.cpp:1166
Event: 143.951 Thread 0x000000000c296800 Threw 0x00000007d5c5a648 at C:\jdk7u1_64p\jdk7u11\hotspot\src\share\vm\prims\jvm.cpp:1166
Event: 146.817 Thread 0x000000000c296800 Threw 0x00000007d5abbc58 at C:\jdk7u1_64p\jdk7u11\hotspot\src\share\vm\prims\jvm.cpp:1166
Event: 151.706 Thread 0x000000000c296800 Threw 0x00000007d64c74d8 at C:\jdk7u1_64p\jdk7u11\hotspot\src\share\vm\prims\jvm.cpp:1166
Event: 577.897 Thread 0x000000000c296800 Threw 0x00000007d5aecba0 at C:\jdk7u1_64p\jdk7u11\hotspot\src\share\vm\prims\jvm.cpp:1170
Event: 1775.194 Thread 0x000000000c296800 Threw 0x00000007d5b43770 at C:\jdk7u1_64p\jdk7u11\hotspot\src\share\vm\prims\jvm.cpp:1166
Event: 1843.073 Thread 0x000000000c296800 Threw 0x00000007d5f13cc8 at C:\jdk7u1_64p\jdk7u11\hotspot\src\share\vm\prims\jvm.cpp:1166
Event: 1851.310 Thread 0x000000000e43f800 Threw 0x00000007d5e9ffe8 at C:\jdk7u1_64p\jdk7u11\hotspot\src\share\vm\prims\jvm.cpp:1166
Event: 3967.657 Thread 0x000000000c296800 Threw 0x00000007d5c99030 at C:\jdk7u1_64p\jdk7u11\hotspot\src\share\vm\prims\jvm.cpp:1166

Events (10 events):
Event: 3969.306 Executing VM operation: ParallelGCSystemGC done
Event: 3970.467 Executing VM operation: GetOrSetLocal
Event: 3970.468 Executing VM operation: GetOrSetLocal done
Event: 3970.642 Executing VM operation: GetCurrentLocation
Event: 3970.642 Executing VM operation: GetCurrentLocation done
Event: 3970.642 Executing VM operation: ChangeSingleStep
Event: 3970.642 Executing VM operation: ChangeSingleStep done
Event: 3970.645 Executing VM operation: ChangeSingleStep
Event: 3970.645 Executing VM operation: ChangeSingleStep done
Event: 3970.884 Executing VM operation: ParallelGCSystemGC


Dynamic libraries:
0x000000013fa20000 - 0x000000013fa53000 	C:\Program Files\Java\jdk1.7.0_11\bin\java.exe
0x0000000077a30000 - 0x0000000077bd9000 	C:\Windows\SYSTEM32\ntdll.dll
0x0000000077810000 - 0x000000007792f000 	C:\Windows\system32\kernel32.dll
0x000007fefdae0000 - 0x000007fefdb4c000 	C:\Windows\system32\KERNELBASE.dll
0x000007fefe470000 - 0x000007fefe54b000 	C:\Windows\system32\ADVAPI32.dll
0x000007fefe300000 - 0x000007fefe39f000 	C:\Windows\system32\msvcrt.dll
0x000007fefdbc0000 - 0x000007fefdbdf000 	C:\Windows\SYSTEM32\sechost.dll
0x000007fefddc0000 - 0x000007fefdeed000 	C:\Windows\system32\RPCRT4.dll
0x0000000077930000 - 0x0000000077a2a000 	C:\Windows\system32\USER32.dll
0x000007fefe7f0000 - 0x000007fefe857000 	C:\Windows\system32\GDI32.dll
0x000007fefe550000 - 0x000007fefe55e000 	C:\Windows\system32\LPK.dll
0x000007fefe3a0000 - 0x000007fefe469000 	C:\Windows\system32\USP10.dll
0x000007fefc130000 - 0x000007fefc324000 	C:\Windows\WinSxS\amd64_microsoft.windows.common-controls_6595b64144ccf1df_6.0.7601.17514_none_fa396087175ac9ac\COMCTL32.dll
0x000007fefe560000 - 0x000007fefe5d1000 	C:\Windows\system32\SHLWAPI.dll
0x000007fefe860000 - 0x000007fefe88e000 	C:\Windows\system32\IMM32.DLL
0x000007feffc30000 - 0x000007feffd39000 	C:\Windows\system32\MSCTF.dll
0x0000000050520000 - 0x00000000505f1000 	C:\Program Files\Java\jdk1.7.0_11\jre\bin\msvcr100.dll
0x00000000506e0000 - 0x0000000050dff000 	C:\Program Files\Java\jdk1.7.0_11\jre\bin\server\jvm.dll
0x000007fefafd0000 - 0x000007fefafd9000 	C:\Windows\system32\WSOCK32.dll
0x000007feff870000 - 0x000007feff8bd000 	C:\Windows\system32\WS2_32.dll
0x000007fefdbb0000 - 0x000007fefdbb8000 	C:\Windows\system32\NSI.dll
0x000007fefbc30000 - 0x000007fefbc6b000 	C:\Windows\system32\WINMM.dll
0x0000000077c00000 - 0x0000000077c07000 	C:\Windows\system32\PSAPI.DLL
0x00000000506a0000 - 0x00000000506df000 	C:\Program Files\Java\jdk1.7.0_11\jre\bin\splashscreen.dll
0x000007fefbbd0000 - 0x000007fefbc26000 	C:\Windows\system32\uxtheme.dll
0x0000000180000000 - 0x00000001800eb000 	C:\Program Files\Hewlett-Packard\HP ProtectTools Security Manager\Bin\DpoFeedb.dll
0x000007fefe160000 - 0x000007fefe237000 	C:\Windows\system32\OLEAUT32.dll
0x000007fefe5e0000 - 0x000007fefe7e3000 	C:\Windows\system32\ole32.dll
0x000007fefcae0000 - 0x000007fefcaec000 	C:\Windows\system32\VERSION.dll
0x000007fefd930000 - 0x000007fefd94e000 	C:\Windows\system32\USERENV.dll
0x000007fefd800000 - 0x000007fefd80f000 	C:\Windows\system32\profapi.dll
0x000007fefd650000 - 0x000007fefd65f000 	C:\Windows\system32\CRYPTBASE.dll
0x000007fef01f0000 - 0x000007fef0221000 	C:\Program Files\Hewlett-Packard\HP ProtectTools Security Manager\Bin\DpoSet.dll
0x000000006fa00000 - 0x000000006fad3000 	C:\Windows\WinSxS\amd64_microsoft.vc90.crt_1fc8b3b9a1e18e3b_9.0.30729.6161_none_08e61857a83bc251\MSVCP90.dll
0x0000000073610000 - 0x00000000736b3000 	C:\Windows\WinSxS\amd64_microsoft.vc90.crt_1fc8b3b9a1e18e3b_9.0.30729.6161_none_08e61857a83bc251\MSVCR90.dll
0x0000000050690000 - 0x000000005069f000 	C:\Program Files\Java\jdk1.7.0_11\jre\bin\verify.dll
0x0000000050660000 - 0x0000000050688000 	C:\Program Files\Java\jdk1.7.0_11\jre\bin\java.dll
0x0000000055e60000 - 0x0000000055e95000 	C:\Program Files\Java\jdk1.7.0_11\jre\bin\jdwp.dll
0x000000005c9a0000 - 0x000000005c9a8000 	C:\Program Files\Java\jdk1.7.0_11\jre\bin\npt.dll
0x0000000050640000 - 0x0000000050655000 	C:\Program Files\Java\jdk1.7.0_11\jre\bin\zip.dll
0x000000005c9c0000 - 0x000000005c9cb000 	C:\Program Files\Java\jdk1.7.0_11\jre\bin\dt_shmem.dll
0x0000000050380000 - 0x0000000050513000 	C:\Program Files\Java\jdk1.7.0_11\jre\bin\awt.dll
0x000007fefb760000 - 0x000007fefb778000 	C:\Windows\system32\dwmapi.dll
0x0000000050340000 - 0x0000000050374000 	C:\Program Files\Java\jdk1.7.0_11\jre\bin\fontmanager.dll
0x0000000050620000 - 0x0000000050639000 	C:\Program Files\Java\jdk1.7.0_11\jre\bin\net.dll
0x000007fefcf90000 - 0x000007fefcfe5000 	C:\Windows\system32\mswsock.dll
0x000007fefcf80000 - 0x000007fefcf87000 	C:\Windows\System32\wship6.dll
0x0000000050600000 - 0x0000000050611000 	C:\Program Files\Java\jdk1.7.0_11\jre\bin\nio.dll
0x00000000502f0000 - 0x0000000050331000 	C:\Program Files\Java\jdk1.7.0_11\jre\bin\t2k.dll
0x000007fefe890000 - 0x000007feff618000 	C:\Windows\system32\SHELL32.dll
0x0000000050220000 - 0x0000000050250000 	C:\Program Files\Java\jdk1.7.0_11\jre\bin\jpeg.dll
0x000007feffb90000 - 0x000007feffc29000 	C:\Windows\system32\CLBCatQ.DLL
0x000007fefb070000 - 0x000007fefb1d1000 	C:\Windows\system32\WindowsCodecs.dll
0x000007fefd5f0000 - 0x000007fefd647000 	C:\Windows\system32\apphelp.dll
0x000007fef8910000 - 0x000007fef8b4d000 	C:\PROGRA~1\MIF5BA~1\Office15\GROOVEEX.DLL
0x0000000071520000 - 0x00000000715b8000 	C:\Windows\system32\MSVCP100.dll
0x00000000714f0000 - 0x000000007151b000 	C:\Windows\system32\ATL100.DLL
0x000007fef8210000 - 0x000007fef852d000 	C:\Windows\system32\msi.dll
0x000007fef5ce0000 - 0x000007fef656c000 	C:\PROGRA~1\MIF5BA~1\Office15\1036\GrooveIntlResource.dll
0x0000000070f70000 - 0x0000000070f86000 	C:\Program Files\Common Files\TortoiseOverlays\TortoiseOverlays.dll
0x0000000070f60000 - 0x0000000070f70000 	C:\Program Files\TortoiseSVN\bin\TortoiseStub.dll
0x0000000070220000 - 0x000000007029b000 	C:\Program Files\TortoiseSVN\bin\TortoiseSVN.dll
0x000007feff620000 - 0x000007feff868000 	C:\Windows\system32\WININET.dll
0x000007fefd960000 - 0x000007fefd964000 	C:\Windows\system32\api-ms-win-downlevel-user32-l1-1-0.dll
0x000007fefdb50000 - 0x000007fefdb54000 	C:\Windows\system32\api-ms-win-downlevel-shlwapi-l1-1-0.dll
0x000007fefd950000 - 0x000007fefd954000 	C:\Windows\system32\api-ms-win-downlevel-version-l1-1-0.dll
0x000007fefd8e0000 - 0x000007fefd8e3000 	C:\Windows\system32\api-ms-win-downlevel-normaliz-l1-1-0.dll
0x0000000077bf0000 - 0x0000000077bf3000 	C:\Windows\system32\normaliz.DLL
0x000007feff8c0000 - 0x000007feffb87000 	C:\Windows\system32\iertutil.dll
0x000007fefdba0000 - 0x000007fefdba5000 	C:\Windows\system32\api-ms-win-downlevel-advapi32-l1-1-0.dll
0x000007fef58f0000 - 0x000007fef5cdd000 	C:\Program Files\TortoiseSVN\bin\libsvn_tsvn.dll
0x00000000701f0000 - 0x000000007021b000 	C:\Program Files\TortoiseSVN\bin\libapr_tsvn.dll
0x000000006fbd0000 - 0x000000006fc11000 	C:\Program Files\TortoiseSVN\bin\libaprutil_tsvn.dll
0x000007fefdef0000 - 0x000007fefdf42000 	C:\Windows\system32\WLDAP32.dll
0x000007fef8130000 - 0x000007fef8140000 	C:\Program Files\TortoiseSVN\bin\intl3_tsvn.dll
0x000007fef7b20000 - 0x000007fef7b3a000 	C:\Program Files\TortoiseSVN\bin\libsasl.dll
0x000007fefd330000 - 0x000007fefd33b000 	C:\Windows\system32\Secur32.dll
0x000007fefd5b0000 - 0x000007fefd5d5000 	C:\Windows\system32\SSPICLI.DLL
0x000007fefd970000 - 0x000007fefdadc000 	C:\Windows\system32\CRYPT32.dll
0x000007fefd7f0000 - 0x000007fefd7ff000 	C:\Windows\system32\MSASN1.dll
0x000007fef7ae0000 - 0x000007fef7b15000 	C:\Windows\system32\EhStorShell.dll
0x000007fefdbe0000 - 0x000007fefddb7000 	C:\Windows\system32\SETUPAPI.dll
0x000007fefdb60000 - 0x000007fefdb96000 	C:\Windows\system32\CFGMGR32.dll
0x000007fefd810000 - 0x000007fefd82a000 	C:\Windows\system32\DEVOBJ.dll
0x000007fefbd30000 - 0x000007fefbe5c000 	C:\Windows\system32\PROPSYS.dll
0x000007fef5100000 - 0x000007fef576f000 	C:\PROGRA~1\MIF5BA~1\Office14\GROOVEEX.DLL
0x000000006f930000 - 0x000000006f95f000 	C:\Windows\WinSxS\amd64_microsoft.vc90.atl_1fc8b3b9a1e18e3b_9.0.30729.6161_none_0a1fd3a3a768b895\ATL90.DLL
0x000007fef4340000 - 0x000007fef475a000 	C:\PROGRA~1\COMMON~1\MICROS~1\OFFICE14\Cultures\office.odf
0x000007fef3ab0000 - 0x000007fef4338000 	C:\PROGRA~1\MIF5BA~1\Office14\1036\GrooveIntlResource.dll
0x0000000050250000 - 0x000000005027a000 	C:\Program Files\Java\jdk1.7.0_11\jre\bin\dcpr.dll
0x000007fefcff0000 - 0x000007fefd007000 	C:\Windows\system32\CRYPTSP.dll
0x000007fefccf0000 - 0x000007fefcd37000 	C:\Windows\system32\rsaenh.dll
0x000007fefb740000 - 0x000007fefb755000 	C:\Windows\system32\NLAapi.dll
0x000007fef8550000 - 0x000007fef8565000 	C:\Windows\system32\napinsp.dll
0x000007fef8530000 - 0x000007fef8549000 	C:\Windows\system32\pnrpnsp.dll
0x000007fef80c0000 - 0x000007fef80d0000 	C:\Windows\system32\wshbth.dll
0x0000000071970000 - 0x0000000071996000 	C:\Program Files\Bonjour\mdnsNSP.dll
0x000007fefadc0000 - 0x000007fefade7000 	C:\Windows\system32\Iphlpapi.DLL
0x000007fefad30000 - 0x000007fefad3b000 	C:\Windows\system32\WINNSI.DLL
0x000007fefce10000 - 0x000007fefce6b000 	C:\Windows\system32\DNSAPI.dll
0x000007fef8120000 - 0x000007fef812b000 	C:\Windows\System32\winrnr.dll
0x0000000071940000 - 0x000000007196e000 	c:\Program Files\Common Files\Microsoft Shared\Windows Live\WLIDNSP.DLL
0x000007fefc8d0000 - 0x000007fefc8d7000 	C:\Windows\System32\wshtcpip.dll
0x000007fef9ac0000 - 0x000007fef9ac8000 	C:\Windows\system32\rasadhlp.dll
0x000007fefac50000 - 0x000007fefaca3000 	C:\Windows\System32\fwpuclnt.dll
0x000007fef8c30000 - 0x000007fef8d55000 	C:\Windows\system32\dbghelp.dll

VM Arguments:
jvm_args: -Xdebug -Xrunjdwp:transport=dt_shmem,address=javadebug -Dfile.encoding=UTF-8 
java_command: marcadministrationclient.mARCAdministrationClient
Launcher Type: SUN_STANDARD

Environment Variables:
PATH=C:\Program Files (x86)\ImageMagick-6.8.7-Q16;C:\Program Files\Common Files\Microsoft Shared\Windows Live;C:\Program Files (x86)\AMD APP\bin\x86_64;C:\Program Files (x86)\AMD APP\bin\x86;C:\Windows\system32;C:\Windows;C:\Windows\System32\Wbem;C:\Program Files (x86)\ATI Technologies\ATI.ACE\Core-Static;C:\Windows\System32\WindowsPowerShell\v1.0\;C:\Program Files\Microsoft\Web Platform Installer\;C:\Program Files (x86)\Microsoft ASP.NET\ASP.NET Web Pages\v1.0\;C:\Program Files\Microsoft SQL Server\110\Tools\Binn\;C:\Program Files (x86)\Microsoft SQL Server\90\Tools\binn\;C:\Windows\System32\WindowsPowerShell\v1.0\;C:\Program Files\TortoiseSVN\bin;C:\Program Files (x86)\Windows Kits\8.1\Windows Performance Toolkit\;C:\Program Files (x86)\Microsoft SDKs\TypeScript\1.0\;C:\Program Files\Common Files\Microsoft Shared\Windows Live;C:\Program Files (x86)\CMake 2.8\bin
USERNAME=patrice
OS=Windows_NT
PROCESSOR_IDENTIFIER=Intel64 Family 6 Model 42 Stepping 7, GenuineIntel



---------------  S Y S T E M  ---------------

OS: Windows 7 , 64 bit Build 7601 Service Pack 1

CPU:total 2 (2 cores per cpu, 2 threads per core) family 6 model 42 stepping 7, cmov, cx8, fxsr, mmx, sse, sse2, sse3, ssse3, sse4.1, sse4.2, popcnt, avx, ht, tsc, tscinvbit

Memory: 4k page, physical 8321392k(3342972k free), swap 16640920k(10540204k free)

vm_info: Java HotSpot(TM) 64-Bit Server VM (23.6-b04) for windows-amd64 JRE (1.7.0_11-b21), built on Jan 12 2013 02:38:42 by "java_re" with unknown MS VC++:1600

time: Tue Dec 23 10:32:39 2014
elapsed time: 3971 seconds

