#
# A fatal error has been detected by the Java Runtime Environment:
#
#  EXCEPTION_ACCESS_VIOLATION (0xc0000005) at pc=0x00000000026ab108, pid=29768, tid=29972
#
# JRE version: 7.0_11-b21
# Java VM: Java HotSpot(TM) 64-Bit Server VM (23.6-b04 mixed mode windows-amd64 compressed oops)
# Problematic frame:
# j  java.lang.ref.ReferenceQueue.reallyPoll()Ljava/lang/ref/Reference;+51
#
# Failed to write core dump. Minidumps are not enabled by default on client versions of Windows
#
# If you would like to submit a bug report, please visit:
#   http://bugreport.sun.com/bugreport/crash.jsp
#

---------------  T H R E A D  ---------------

Current thread (0x000000000c22c800):  JavaThread "AWT-EventQueue-0" [_thread_in_Java, id=29972, stack(0x000000000dd00000,0x000000000de00000)]

siginfo: ExceptionCode=0xc0000005, reading address 0x00000000018001f0

Registers:
RAX=0x000000077be30c70, RBX=0x000000000000002f, RCX=0x0000000000000048, RDX=0x00000000018001a8
RSP=0x000000000ddfd160, RBP=0x000000000ddfd1a0, RSI=0x00000000ef7d4fb4, RDI=0x000000077be32b60
R8 =0x000000077bed0df0, R9 =0x000000000000000c, R10=0x0000000077f859c0, R11=0x000000000ddfd120
R12=0x0000000000000000, R13=0x000000077bed0587, R14=0x000000000ddfd1b8, R15=0x000000000c22c800
RIP=0x00000000026ab108, EFLAGS=0x0000000000010283

Top of Stack: (sp=0x000000000ddfd160)
0x000000000ddfd160:   000000000ddfd160 000000077bed0583
0x000000000ddfd170:   000000000ddfd1b8 000000077bed0d90
0x000000000ddfd180:   000000077d0e4f38 000000077bed05a8
0x000000000ddfd190:   0000000000000000 000000000ddfd1b8
0x000000000ddfd1a0:   000000000ddfd210 0000000002686473
0x000000000ddfd1b0:   0000000781ea6d78 00000007811b6460
0x000000000ddfd1c0:   0000000000000031 00000007811b6480
0x000000000ddfd1d0:   000000000ddfd1c0 000000077bed06b9
0x000000000ddfd1e0:   000000000ddfd230 000000077bed0d90
0x000000000ddfd1f0:   000000077cb778d0 000000077bed06d0
0x000000000ddfd200:   000000000ddfd1b8 000000000ddfd230
0x000000000ddfd210:   000000000ddfd288 0000000002686473
0x000000000ddfd220:   0000000000000000 00000007811b6480
0x000000000ddfd230:   00000007811b6460 0000000000000031
0x000000000ddfd240:   0000000000000000 000000000ddfd238
0x000000000ddfd250:   000000077bfa3f34 000000000ddfd2d8 

Instructions: (pc=0x00000000026ab108)
0x00000000026ab0e8:   89 51 10 bf 01 00 00 00 48 89 79 18 48 83 c1 30
0x00000000026ab0f8:   48 89 4d e0 48 3b d0 0f 84 5c 00 00 00 8b 48 1c
0x00000000026ab108:   48 3b 04 0a 0f 84 4f 00 00 00 83 f9 28 0f 85 25
0x00000000026ab118:   00 00 00 50 48 8b c0 57 48 8b 7a 30 8b 4f 0c 48 


Register to memory mapping:

RAX=0x000000077be30c70 is an oop
{instance class} 
 - klass: {other class}
RBX=0x000000000000002f is an unknown value
RCX=0x0000000000000048 is an unknown value
RDX=0x00000000018001a8 is an unknown value
RSP=0x000000000ddfd160 is pointing into the stack for thread: 0x000000000c22c800
RBP=0x000000000ddfd1a0 is pointing into the stack for thread: 0x000000000c22c800
RSI=0x00000000ef7d4fb4 is an unknown value
RDI=0x000000077be32b60 is an oop
{instance class} 
 - klass: {other class}
R8 =0x000000077bed0df0 is an oop
{constant pool cache} 
 - klass: {other class}
R9 =0x000000000000000c is an unknown value
R10=0x0000000077f859c0 is an unknown value
R11=0x000000000ddfd120 is pointing into the stack for thread: 0x000000000c22c800
R12=0x0000000000000000 is an unknown value
R13=0x000000077bed0587 is an oop
{constMethod} 
 - klass: {other class}
 - method:       0x000000077bed05a8 {method} 'reallyPoll' '()Ljava/lang/ref/Reference;' in 'java/lang/ref/ReferenceQueue'
 - exceptions:   0x000000077be01d50
bci_from(000000077BED0587) = 55; print_codes():
R14=0x000000000ddfd1b8 is pointing into the stack for thread: 0x000000000c22c800
R15=0x000000000c22c800 is a thread


Stack: [0x000000000dd00000,0x000000000de00000],  sp=0x000000000ddfd160,  free space=1012k
Native frames: (J=compiled Java code, j=interpreted, Vv=VM code, C=native code)
j  java.lang.ref.ReferenceQueue.reallyPoll()Ljava/lang/ref/Reference;+51
j  java.lang.ref.ReferenceQueue.poll()Ljava/lang/ref/Reference;+17
j  java.util.WeakHashMap.expungeStaleEntries()V+4
j  java.util.WeakHashMap.getTable()[Ljava/util/WeakHashMap$Entry;+1
j  java.util.WeakHashMap.put(Ljava/lang/Object;Ljava/lang/Object;)Ljava/lang/Object;+13
j  java.util.Collections$SynchronizedMap.put(Ljava/lang/Object;Ljava/lang/Object;)Ljava/lang/Object;+13
j  sun.awt.SunDisplayChanger.add(Lsun/awt/DisplayChangedListener;)V+67
j  sun.java2d.SunGraphicsEnvironment.addDisplayChangedListener(Lsun/awt/DisplayChangedListener;)V+5
j  sun.awt.image.VolatileSurfaceManager.<init>(Lsun/awt/image/SunVolatileImage;Ljava/lang/Object;)V+30
j  sun.awt.image.BufImgVolatileSurfaceManager.<init>(Lsun/awt/image/SunVolatileImage;Ljava/lang/Object;)V+3
j  sun.awt.image.SunVolatileImage.createSurfaceManager(Ljava/lang/Object;Ljava/awt/ImageCapabilities;)Lsun/awt/image/VolatileSurfaceManager;+37
j  sun.awt.image.SunVolatileImage.<init>(Ljava/awt/Component;Ljava/awt/GraphicsConfiguration;IILjava/lang/Object;ILjava/awt/ImageCapabilities;I)V+89
j  sun.awt.image.SunVolatileImage.<init>(Ljava/awt/GraphicsConfiguration;IIILjava/awt/ImageCapabilities;)V+11
j  java.awt.GraphicsConfiguration.createCompatibleVolatileImage(IILjava/awt/ImageCapabilities;I)Ljava/awt/image/VolatileImage;+10
j  java.awt.GraphicsConfiguration.createCompatibleVolatileImage(III)Ljava/awt/image/VolatileImage;+8
j  javax.swing.plaf.nimbus.AbstractRegionPainter.getImage(Ljava/awt/GraphicsConfiguration;Ljavax/swing/JComponent;II[Ljava/lang/Object;)Ljava/awt/image/VolatileImage;+111
j  javax.swing.plaf.nimbus.AbstractRegionPainter.paintWith9SquareCaching(Ljava/awt/Graphics2D;Ljavax/swing/plaf/nimbus/AbstractRegionPainter$PaintContext;Ljavax/swing/JComponent;II[Ljava/lang/Object;)V+66
j  javax.swing.plaf.nimbus.AbstractRegionPainter.paint(Ljava/awt/Graphics2D;Ljavax/swing/JComponent;II)V+122
j  javax.swing.plaf.nimbus.AbstractRegionPainter.paint(Ljava/awt/Graphics2D;Ljava/lang/Object;II)V+9
j  javax.swing.plaf.nimbus.SynthPainterImpl.paint(Ljavax/swing/Painter;Ljavax/swing/plaf/synth/SynthContext;Ljava/awt/Graphics;IIIILjava/awt/geom/AffineTransform;)V+49
j  javax.swing.plaf.nimbus.SynthPainterImpl.paintBackground(Ljavax/swing/plaf/synth/SynthContext;Ljava/awt/Graphics;IIIILjava/awt/geom/AffineTransform;)V+64
j  javax.swing.plaf.nimbus.SynthPainterImpl.paintTextFieldBackground(Ljavax/swing/plaf/synth/SynthContext;Ljava/awt/Graphics;IIII)V+24
j  javax.swing.plaf.synth.SynthTextFieldUI.paintBackground(Ljavax/swing/plaf/synth/SynthContext;Ljava/awt/Graphics;Ljavax/swing/JComponent;)V+16
j  javax.swing.plaf.synth.SynthTextFieldUI.update(Ljava/awt/Graphics;Ljavax/swing/JComponent;)V+15
j  javax.swing.JComponent.paintComponent(Ljava/awt/Graphics;)V+26
j  javax.swing.JComponent.paint(Ljava/awt/Graphics;)V+286
j  javax.swing.JComponent.paintChildren(Ljava/awt/Graphics;)V+501
j  javax.swing.JComponent.paint(Ljava/awt/Graphics;)V+318
j  javax.swing.JComponent.paintToOffscreen(Ljava/awt/Graphics;IIIIII)V+41
j  javax.swing.RepaintManager$PaintManager.paintDoubleBuffered(Ljavax/swing/JComponent;Ljava/awt/Image;Ljava/awt/Graphics;IIII)V+105
j  javax.swing.RepaintManager$PaintManager.paint(Ljavax/swing/JComponent;Ljavax/swing/JComponent;Ljava/awt/Graphics;IIII)Z+116
j  javax.swing.RepaintManager.paint(Ljavax/swing/JComponent;Ljavax/swing/JComponent;Ljava/awt/Graphics;IIII)V+52
j  javax.swing.JComponent._paintImmediately(IIII)V+683
j  javax.swing.JComponent.paintImmediately(IIII)V+138
j  javax.swing.RepaintManager.paintDirtyRegions(Ljava/util/Map;)V+182
j  javax.swing.RepaintManager.paintDirtyRegions()V+46
j  javax.swing.RepaintManager.prePaintDirtyRegions()V+73
j  javax.swing.RepaintManager.access$700(Ljavax/swing/RepaintManager;)V+1
j  javax.swing.RepaintManager$ProcessingRunnable.run()V+37
j  java.awt.event.InvocationEvent.dispatch()V+47
j  java.awt.EventQueue.dispatchEventImpl(Ljava/awt/AWTEvent;Ljava/lang/Object;)V+21
j  java.awt.EventQueue.access$200(Ljava/awt/EventQueue;Ljava/awt/AWTEvent;Ljava/lang/Object;)V+3
j  java.awt.EventQueue$3.run()Ljava/lang/Void;+12
j  java.awt.EventQueue$3.run()Ljava/lang/Object;+1
v  ~StubRoutines::call_stub


---------------  P R O C E S S  ---------------

Java Threads: ( => current thread )
  0x000000000e885800 JavaThread "SwingWorker-pool-1-thread-10" daemon [_thread_blocked, id=28128, stack(0x0000000012a70000,0x0000000012b70000)]
  0x000000000e885000 JavaThread "SwingWorker-pool-1-thread-9" daemon [_thread_blocked, id=30272, stack(0x00000000128b0000,0x00000000129b0000)]
  0x000000000e884000 JavaThread "SwingWorker-pool-1-thread-8" daemon [_thread_blocked, id=30400, stack(0x0000000012720000,0x0000000012820000)]
  0x000000000e883800 JavaThread "SwingWorker-pool-1-thread-7" daemon [_thread_blocked, id=29924, stack(0x0000000012540000,0x0000000012640000)]
  0x000000000e882800 JavaThread "SwingWorker-pool-1-thread-6" daemon [_thread_blocked, id=27052, stack(0x0000000012360000,0x0000000012460000)]
  0x000000000ed93000 JavaThread "SwingWorker-pool-1-thread-5" daemon [_thread_blocked, id=29988, stack(0x0000000011360000,0x0000000011460000)]
  0x000000000f263800 JavaThread "SwingWorker-pool-1-thread-4" daemon [_thread_blocked, id=29652, stack(0x00000000111e0000,0x00000000112e0000)]
  0x000000000ed94000 JavaThread "SwingWorker-pool-1-thread-3" daemon [_thread_in_native, id=27660, stack(0x0000000010fe0000,0x00000000110e0000)]
  0x000000000eadd800 JavaThread "SwingWorker-pool-1-thread-2" daemon [_thread_blocked, id=30140, stack(0x0000000010db0000,0x0000000010eb0000)]
  0x000000000e3e9800 JavaThread "SwingWorker-pool-1-thread-1" daemon [_thread_blocked, id=13240, stack(0x0000000010b40000,0x0000000010c40000)]
  0x000000000e3ed800 JavaThread "TimerQueue" daemon [_thread_blocked, id=25028, stack(0x0000000010980000,0x0000000010a80000)]
  0x000000000c299000 JavaThread "org.netbeans.modules.debugger.jpda.visual AWT Access Loop" daemon [_thread_blocked, id=30008, stack(0x000000000de80000,0x000000000df80000)]
  0x0000000001dff000 JavaThread "DestroyJavaVM" [_thread_blocked, id=29616, stack(0x0000000002580000,0x0000000002680000)]
=>0x000000000c22c800 JavaThread "AWT-EventQueue-0" [_thread_in_Java, id=29972, stack(0x000000000dd00000,0x000000000de00000)]
  0x000000000c22b000 JavaThread "AWT-Windows" daemon [_thread_in_native, id=29280, stack(0x000000000da00000,0x000000000db00000)]
  0x000000000c22a000 JavaThread "AWT-Shutdown" [_thread_blocked, id=29796, stack(0x000000000db40000,0x000000000dc40000)]
  0x000000000c226800 JavaThread "Java2D Disposer" daemon [_thread_blocked, id=29916, stack(0x000000000d900000,0x000000000da00000)]
  0x000000000c080000 JavaThread "Service Thread" daemon [_thread_blocked, id=29968, stack(0x000000000d660000,0x000000000d760000)]
  0x000000000c075800 JavaThread "C2 CompilerThread1" daemon [_thread_blocked, id=29700, stack(0x000000000d470000,0x000000000d570000)]
  0x000000000c071800 JavaThread "C2 CompilerThread0" daemon [_thread_blocked, id=28944, stack(0x000000000d350000,0x000000000d450000)]
  0x000000000c05d800 JavaThread "JDWP Command Reader" daemon [_thread_in_native, id=28796, stack(0x000000000d1d0000,0x000000000d2d0000)]
  0x000000000c05a800 JavaThread "JDWP Event Helper Thread" daemon [_thread_blocked, id=29824, stack(0x000000000d090000,0x000000000d190000)]
  0x000000000c049800 JavaThread "JDWP Transport Listener: dt_shmem" daemon [_thread_blocked, id=29848, stack(0x000000000cba0000,0x000000000cca0000)]
  0x000000000218b800 JavaThread "Attach Listener" daemon [_thread_blocked, id=29456, stack(0x000000000cec0000,0x000000000cfc0000)]
  0x000000000218a000 JavaThread "Signal Dispatcher" daemon [_thread_blocked, id=29832, stack(0x000000000cce0000,0x000000000cde0000)]
  0x0000000002100000 JavaThread "Finalizer" daemon [_thread_blocked, id=29828, stack(0x000000000c6a0000,0x000000000c7a0000)]
  0x00000000020fd000 JavaThread "Reference Handler" daemon [_thread_blocked, id=29888, stack(0x000000000c4f0000,0x000000000c5f0000)]

Other Threads:
  0x00000000020f6000 VMThread [stack: 0x000000000be80000,0x000000000bf80000] [id=29032]
  0x000000000c08d000 WatcherThread [stack: 0x000000000d7c0000,0x000000000d8c0000] [id=29784]

VM state:not at safepoint (normal execution)

VM Mutex/Monitor currently owned by a thread: None

Heap
 PSYoungGen      total 25088K, used 677K [0x00000007d5ab0000, 0x00000007d7360000, 0x0000000800000000)
  eden space 24896K, 2% used [0x00000007d5ab0000,0x00000007d5b597a8,0x00000007d7300000)
  from space 192K, 0% used [0x00000007d7330000,0x00000007d7330000,0x00000007d7360000)
  to   space 192K, 0% used [0x00000007d7300000,0x00000007d7300000,0x00000007d7330000)
 ParOldGen       total 86720K, used 15005K [0x0000000781000000, 0x00000007864b0000, 0x00000007d5ab0000)
  object space 86720K, 17% used [0x0000000781000000,0x0000000781ea77d8,0x00000007864b0000)
 PSPermGen       total 21504K, used 19637K [0x000000077be00000, 0x000000077d300000, 0x0000000781000000)
  object space 21504K, 91% used [0x000000077be00000,0x000000077d12d4a8,0x000000077d300000)

Card table byte_map: [0x0000000005740000,0x0000000005b70000] byte_map_base: 0x0000000001b61000

Polling page: 0x0000000000310000

Code Cache  [0x0000000002680000, 0x0000000002a10000, 0x0000000005680000)
 total_blobs=1469 nmethods=986 adapters=443 free_code_cache=45609Kb largest_free_block=46647872

Compilation events (10 events):
Event: 2095.951 Thread 0x000000000c071800  994   !         marcadministrationclient.Server::TablesToTree (406 bytes)
Event: 2096.099 Thread 0x000000000c071800 nmethod 994 0x00000000029fcd90 code [0x00000000029fd100, 0x0000000002a00c90]
Event: 2109.555 Thread 0x000000000c075800  995             mARC.Connector.Connector::addFunction (224 bytes)
Event: 2109.614 Thread 0x000000000c075800 nmethod 995 0x00000000029eed50 code [0x00000000029ef040, 0x00000000029f0638]
Event: 2134.972 Thread 0x000000000c071800  996  s          java.util.Vector::setSize (55 bytes)
Event: 2134.980 Thread 0x000000000c071800 nmethod 996 0x00000000029ecb50 code [0x00000000029ecca0, 0x00000000029ed0c8]
Event: 2175.673 Thread 0x000000000c075800  997   !         java.util.concurrent.DelayQueue::take (212 bytes)
Event: 2175.714 Thread 0x000000000c075800 nmethod 997 0x00000000029ed450 code [0x00000000029ed660, 0x00000000029edfd0]
Event: 2302.269 Thread 0x000000000c071800  998             javax.swing.DefaultListSelectionModel::insertIndexInterval (194 bytes)
Event: 2302.284 Thread 0x000000000c071800 nmethod 998 0x00000000029eb010 code [0x00000000029eb1c0, 0x00000000029eb880]

GC Heap History (10 events):
Event: 2318.699 GC heap before
{Heap before GC invocations=7552 (full 3768):
 PSYoungGen      total 25088K, used 32K [0x00000007d5ab0000, 0x00000007d7360000, 0x0000000800000000)
  eden space 24896K, 0% used [0x00000007d5ab0000,0x00000007d5ab0000,0x00000007d7300000)
  from space 192K, 16% used [0x00000007d7330000,0x00000007d7338000,0x00000007d7360000)
  to   space 192K, 0% used [0x00000007d7300000,0x00000007d7300000,0x00000007d7330000)
 ParOldGen       total 86720K, used 15021K [0x0000000781000000, 0x00000007864b0000, 0x00000007d5ab0000)
  object space 86720K, 17% used [0x0000000781000000,0x0000000781eab5e0,0x00000007864b0000)
 PSPermGen       total 21504K, used 19637K [0x000000077be00000, 0x000000077d300000, 0x0000000781000000)
  object space 21504K, 91% used [0x000000077be00000,0x000000077d12d4a8,0x000000077d300000)
Event: 2318.813 GC heap after
Heap after GC invocations=7552 (full 3768):
 PSYoungGen      total 25088K, used 0K [0x00000007d5ab0000, 0x00000007d7360000, 0x0000000800000000)
  eden space 24896K, 0% used [0x00000007d5ab0000,0x00000007d5ab0000,0x00000007d7300000)
  from space 192K, 0% used [0x00000007d7330000,0x00000007d7330000,0x00000007d7360000)
  to   space 192K, 0% used [0x00000007d7300000,0x00000007d7300000,0x00000007d7330000)
 ParOldGen       total 86720K, used 15006K [0x0000000781000000, 0x00000007864b0000, 0x00000007d5ab0000)
  object space 86720K, 17% used [0x0000000781000000,0x0000000781ea7810,0x00000007864b0000)
 PSPermGen       total 21504K, used 19637K [0x000000077be00000, 0x000000077d300000, 0x0000000781000000)
  object space 21504K, 91% used [0x000000077be00000,0x000000077d12d4a8,0x000000077d300000)
}
Event: 2319.629 GC heap before
{Heap before GC invocations=7553 (full 3768):
 PSYoungGen      total 25088K, used 2184K [0x00000007d5ab0000, 0x00000007d7360000, 0x0000000800000000)
  eden space 24896K, 8% used [0x00000007d5ab0000,0x00000007d5cd2148,0x00000007d7300000)
  from space 192K, 0% used [0x00000007d7330000,0x00000007d7330000,0x00000007d7360000)
  to   space 192K, 0% used [0x00000007d7300000,0x00000007d7300000,0x00000007d7330000)
 ParOldGen       total 86720K, used 15006K [0x0000000781000000, 0x00000007864b0000, 0x00000007d5ab0000)
  object space 86720K, 17% used [0x0000000781000000,0x0000000781ea7810,0x00000007864b0000)
 PSPermGen       total 21504K, used 19637K [0x000000077be00000, 0x000000077d300000, 0x0000000781000000)
  object space 21504K, 91% used [0x000000077be00000,0x000000077d12d4a8,0x000000077d300000)
Event: 2319.631 GC heap after
Heap after GC invocations=7553 (full 3768):
 PSYoungGen      total 25088K, used 96K [0x00000007d5ab0000, 0x00000007d7360000, 0x0000000800000000)
  eden space 24896K, 0% used [0x00000007d5ab0000,0x00000007d5ab0000,0x00000007d7300000)
  from space 192K, 50% used [0x00000007d7300000,0x00000007d7318000,0x00000007d7330000)
  to   space 192K, 0% used [0x00000007d7330000,0x00000007d7330000,0x00000007d7360000)
 ParOldGen       total 86720K, used 15006K [0x0000000781000000, 0x00000007864b0000, 0x00000007d5ab0000)
  object space 86720K, 17% used [0x0000000781000000,0x0000000781ea7810,0x00000007864b0000)
 PSPermGen       total 21504K, used 19637K [0x000000077be00000, 0x000000077d300000, 0x0000000781000000)
  object space 21504K, 91% used [0x000000077be00000,0x000000077d12d4a8,0x000000077d300000)
}
Event: 2319.631 GC heap before
{Heap before GC invocations=7554 (full 3769):
 PSYoungGen      total 25088K, used 96K [0x00000007d5ab0000, 0x00000007d7360000, 0x0000000800000000)
  eden space 24896K, 0% used [0x00000007d5ab0000,0x00000007d5ab0000,0x00000007d7300000)
  from space 192K, 50% used [0x00000007d7300000,0x00000007d7318000,0x00000007d7330000)
  to   space 192K, 0% used [0x00000007d7330000,0x00000007d7330000,0x00000007d7360000)
 ParOldGen       total 86720K, used 15006K [0x0000000781000000, 0x00000007864b0000, 0x00000007d5ab0000)
  object space 86720K, 17% used [0x0000000781000000,0x0000000781ea7810,0x00000007864b0000)
 PSPermGen       total 21504K, used 19637K [0x000000077be00000, 0x000000077d300000, 0x0000000781000000)
  object space 21504K, 91% used [0x000000077be00000,0x000000077d12d4a8,0x000000077d300000)
Event: 2319.725 GC heap after
Heap after GC invocations=7554 (full 3769):
 PSYoungGen      total 25088K, used 0K [0x00000007d5ab0000, 0x00000007d7360000, 0x0000000800000000)
  eden space 24896K, 0% used [0x00000007d5ab0000,0x00000007d5ab0000,0x00000007d7300000)
  from space 192K, 0% used [0x00000007d7300000,0x00000007d7300000,0x00000007d7330000)
  to   space 192K, 0% used [0x00000007d7330000,0x00000007d7330000,0x00000007d7360000)
 ParOldGen       total 86720K, used 15021K [0x0000000781000000, 0x00000007864b0000, 0x00000007d5ab0000)
  object space 86720K, 17% used [0x0000000781000000,0x0000000781eab510,0x00000007864b0000)
 PSPermGen       total 21504K, used 19637K [0x000000077be00000, 0x000000077d300000, 0x0000000781000000)
  object space 21504K, 91% used [0x000000077be00000,0x000000077d12d4a8,0x000000077d300000)
}
Event: 2319.726 GC heap before
{Heap before GC invocations=7555 (full 3769):
 PSYoungGen      total 25088K, used 373K [0x00000007d5ab0000, 0x00000007d7360000, 0x0000000800000000)
  eden space 24896K, 1% used [0x00000007d5ab0000,0x00000007d5b0d628,0x00000007d7300000)
  from space 192K, 0% used [0x00000007d7300000,0x00000007d7300000,0x00000007d7330000)
  to   space 192K, 0% used [0x00000007d7330000,0x00000007d7330000,0x00000007d7360000)
 ParOldGen       total 86720K, used 15021K [0x0000000781000000, 0x00000007864b0000, 0x00000007d5ab0000)
  object space 86720K, 17% used [0x0000000781000000,0x0000000781eab510,0x00000007864b0000)
 PSPermGen       total 21504K, used 19637K [0x000000077be00000, 0x000000077d300000, 0x0000000781000000)
  object space 21504K, 91% used [0x000000077be00000,0x000000077d12d4a8,0x000000077d300000)
Event: 2319.727 GC heap after
Heap after GC invocations=7555 (full 3769):
 PSYoungGen      total 25088K, used 32K [0x00000007d5ab0000, 0x00000007d7360000, 0x0000000800000000)
  eden space 24896K, 0% used [0x00000007d5ab0000,0x00000007d5ab0000,0x00000007d7300000)
  from space 192K, 16% used [0x00000007d7330000,0x00000007d7338000,0x00000007d7360000)
  to   space 192K, 0% used [0x00000007d7300000,0x00000007d7300000,0x00000007d7330000)
 ParOldGen       total 86720K, used 15021K [0x0000000781000000, 0x00000007864b0000, 0x00000007d5ab0000)
  object space 86720K, 17% used [0x0000000781000000,0x0000000781eab510,0x00000007864b0000)
 PSPermGen       total 21504K, used 19637K [0x000000077be00000, 0x000000077d300000, 0x0000000781000000)
  object space 21504K, 91% used [0x000000077be00000,0x000000077d12d4a8,0x000000077d300000)
}
Event: 2319.727 GC heap before
{Heap before GC invocations=7556 (full 3770):
 PSYoungGen      total 25088K, used 32K [0x00000007d5ab0000, 0x00000007d7360000, 0x0000000800000000)
  eden space 24896K, 0% used [0x00000007d5ab0000,0x00000007d5ab0000,0x00000007d7300000)
  from space 192K, 16% used [0x00000007d7330000,0x00000007d7338000,0x00000007d7360000)
  to   space 192K, 0% used [0x00000007d7300000,0x00000007d7300000,0x00000007d7330000)
 ParOldGen       total 86720K, used 15021K [0x0000000781000000, 0x00000007864b0000, 0x00000007d5ab0000)
  object space 86720K, 17% used [0x0000000781000000,0x0000000781eab510,0x00000007864b0000)
 PSPermGen       total 21504K, used 19637K [0x000000077be00000, 0x000000077d300000, 0x0000000781000000)
  object space 21504K, 91% used [0x000000077be00000,0x000000077d12d4a8,0x000000077d300000)
Event: 2319.819 GC heap after
Heap after GC invocations=7556 (full 3770):
 PSYoungGen      total 25088K, used 0K [0x00000007d5ab0000, 0x00000007d7360000, 0x0000000800000000)
  eden space 24896K, 0% used [0x00000007d5ab0000,0x00000007d5ab0000,0x00000007d7300000)
  from space 192K, 0% used [0x00000007d7330000,0x00000007d7330000,0x00000007d7360000)
  to   space 192K, 0% used [0x00000007d7300000,0x00000007d7300000,0x00000007d7330000)
 ParOldGen       total 86720K, used 15005K [0x0000000781000000, 0x00000007864b0000, 0x00000007d5ab0000)
  object space 86720K, 17% used [0x0000000781000000,0x0000000781ea77d8,0x00000007864b0000)
 PSPermGen       total 21504K, used 19637K [0x000000077be00000, 0x000000077d300000, 0x0000000781000000)
  object space 21504K, 91% used [0x000000077be00000,0x000000077d12d4a8,0x000000077d300000)
}

Deoptimization events (0 events):
No events

Internal exceptions (10 events):
Event: 227.225 Thread 0x000000000c22c800 Threw 0x00000007d5ae2c68 at C:\jdk7u1_64p\jdk7u11\hotspot\src\share\vm\prims\jvm.cpp:1166
Event: 227.225 Thread 0x000000000c22c800 Threw 0x00000007d5ae5588 at C:\jdk7u1_64p\jdk7u11\hotspot\src\share\vm\prims\jvm.cpp:1166
Event: 228.184 Thread 0x000000000c22c800 Threw 0x00000007d6aadb08 at C:\jdk7u1_64p\jdk7u11\hotspot\src\share\vm\prims\jvm.cpp:1166
Event: 289.201 Thread 0x000000000c22c800 Threw 0x00000007d60e3730 at C:\jdk7u1_64p\jdk7u11\hotspot\src\share\vm\prims\jvm.cpp:1166
Event: 299.705 Thread 0x000000000c22c800 Threw 0x00000007d5ba4210 at C:\jdk7u1_64p\jdk7u11\hotspot\src\share\vm\prims\jvm.cpp:1166
Event: 299.729 Thread 0x000000000c22c800 Threw 0x00000007d5bb67c0 at C:\jdk7u1_64p\jdk7u11\hotspot\src\share\vm\prims\jvm.cpp:1166
Event: 299.755 Thread 0x000000000c22c800 Threw 0x00000007d5bcb2f0 at C:\jdk7u1_64p\jdk7u11\hotspot\src\share\vm\prims\jvm.cpp:1166
Event: 322.923 Thread 0x000000000c22c800 Threw 0x00000007d5c022a8 at C:\jdk7u1_64p\jdk7u11\hotspot\src\share\vm\prims\jvm.cpp:1166
Event: 328.664 Thread 0x000000000c22c800 Threw 0x00000007d5ab7a00 at C:\jdk7u1_64p\jdk7u11\hotspot\src\share\vm\prims\jvm.cpp:1166
Event: 335.190 Thread 0x000000000c22c800 Threw 0x00000007d63b21b8 at C:\jdk7u1_64p\jdk7u11\hotspot\src\share\vm\prims\jvm.cpp:1166

Events (10 events):
Event: 2317.645 Executing VM operation: ParallelGCSystemGC
Event: 2317.713 Executing VM operation: ParallelGCSystemGC done
Event: 2318.578 Executing VM operation: ParallelGCSystemGC
Event: 2318.695 Executing VM operation: ParallelGCSystemGC done
Event: 2318.697 Executing VM operation: ParallelGCSystemGC
Event: 2318.813 Executing VM operation: ParallelGCSystemGC done
Event: 2319.629 Executing VM operation: ParallelGCSystemGC
Event: 2319.725 Executing VM operation: ParallelGCSystemGC done
Event: 2319.726 Executing VM operation: ParallelGCSystemGC
Event: 2319.819 Executing VM operation: ParallelGCSystemGC done


Dynamic libraries:
0x000000013fa40000 - 0x000000013fa73000 	C:\Program Files\Java\jdk1.7.0_11\bin\java.exe
0x0000000076fe0000 - 0x0000000077189000 	C:\Windows\SYSTEM32\ntdll.dll
0x0000000076dc0000 - 0x0000000076edf000 	C:\Windows\system32\kernel32.dll
0x000007fefcf40000 - 0x000007fefcfac000 	C:\Windows\system32\KERNELBASE.dll
0x000007fefd940000 - 0x000007fefda1b000 	C:\Windows\system32\ADVAPI32.dll
0x000007fefdbb0000 - 0x000007fefdc4f000 	C:\Windows\system32\msvcrt.dll
0x000007fefd8b0000 - 0x000007fefd8cf000 	C:\Windows\SYSTEM32\sechost.dll
0x000007fefdee0000 - 0x000007fefe00d000 	C:\Windows\system32\RPCRT4.dll
0x0000000076ee0000 - 0x0000000076fda000 	C:\Windows\system32\USER32.dll
0x000007fefd8d0000 - 0x000007fefd937000 	C:\Windows\system32\GDI32.dll
0x000007fefdc50000 - 0x000007fefdc5e000 	C:\Windows\system32\LPK.dll
0x000007fefe070000 - 0x000007fefe139000 	C:\Windows\system32\USP10.dll
0x000007fefb6e0000 - 0x000007fefb8d4000 	C:\Windows\WinSxS\amd64_microsoft.windows.common-controls_6595b64144ccf1df_6.0.7601.17514_none_fa396087175ac9ac\COMCTL32.dll
0x000007feff070000 - 0x000007feff0e1000 	C:\Windows\system32\SHLWAPI.dll
0x000007fefdeb0000 - 0x000007fefdede000 	C:\Windows\system32\IMM32.DLL
0x000007fefef60000 - 0x000007feff069000 	C:\Windows\system32\MSCTF.dll
0x00000000501e0000 - 0x00000000502b1000 	C:\Program Files\Java\jdk1.7.0_11\jre\bin\msvcr100.dll
0x00000000778e0000 - 0x0000000077fff000 	C:\Program Files\Java\jdk1.7.0_11\jre\bin\server\jvm.dll
0x000007fefa4d0000 - 0x000007fefa4d9000 	C:\Windows\system32\WSOCK32.dll
0x000007fefd4b0000 - 0x000007fefd4fd000 	C:\Windows\system32\WS2_32.dll
0x000007fefef50000 - 0x000007fefef58000 	C:\Windows\system32\NSI.dll
0x000007fefb210000 - 0x000007fefb24b000 	C:\Windows\system32\WINMM.dll
0x00000000771a0000 - 0x00000000771a7000 	C:\Windows\system32\PSAPI.DLL
0x0000000063570000 - 0x00000000635af000 	C:\Program Files\Java\jdk1.7.0_11\jre\bin\splashscreen.dll
0x000007fefb180000 - 0x000007fefb1d6000 	C:\Windows\system32\uxtheme.dll
0x0000000050570000 - 0x000000005057f000 	C:\Program Files\Java\jdk1.7.0_11\jre\bin\verify.dll
0x0000000050540000 - 0x0000000050568000 	C:\Program Files\Java\jdk1.7.0_11\jre\bin\java.dll
0x00000000732c0000 - 0x00000000732f5000 	C:\Program Files\Java\jdk1.7.0_11\jre\bin\jdwp.dll
0x0000000061560000 - 0x0000000061568000 	C:\Program Files\Java\jdk1.7.0_11\jre\bin\npt.dll
0x0000000050520000 - 0x0000000050535000 	C:\Program Files\Java\jdk1.7.0_11\jre\bin\zip.dll
0x0000000180000000 - 0x00000001800eb000 	C:\Program Files\Hewlett-Packard\HP ProtectTools Security Manager\Bin\DpoFeedb.dll
0x000007fefd500000 - 0x000007fefd5d7000 	C:\Windows\system32\OLEAUT32.dll
0x000007fefd160000 - 0x000007fefd363000 	C:\Windows\system32\ole32.dll
0x000007fefc090000 - 0x000007fefc09c000 	C:\Windows\system32\VERSION.dll
0x000007fefcea0000 - 0x000007fefcebe000 	C:\Windows\system32\USERENV.dll
0x000007fefcdb0000 - 0x000007fefcdbf000 	C:\Windows\system32\profapi.dll
0x000007fefcc00000 - 0x000007fefcc0f000 	C:\Windows\system32\CRYPTBASE.dll
0x000007fee2bc0000 - 0x000007fee2bf1000 	C:\Program Files\Hewlett-Packard\HP ProtectTools Security Manager\Bin\DpoSet.dll
0x0000000066a40000 - 0x0000000066b13000 	C:\Windows\WinSxS\amd64_microsoft.vc90.crt_1fc8b3b9a1e18e3b_9.0.30729.6161_none_08e61857a83bc251\MSVCP90.dll
0x0000000072bc0000 - 0x0000000072c63000 	C:\Windows\WinSxS\amd64_microsoft.vc90.crt_1fc8b3b9a1e18e3b_9.0.30729.6161_none_08e61857a83bc251\MSVCR90.dll
0x0000000073500000 - 0x000000007350b000 	C:\Program Files\Java\jdk1.7.0_11\jre\bin\dt_shmem.dll
0x0000000077740000 - 0x00000000778d3000 	C:\Program Files\Java\jdk1.7.0_11\jre\bin\awt.dll
0x000007fefadf0000 - 0x000007fefae08000 	C:\Windows\system32\dwmapi.dll
0x0000000050440000 - 0x0000000050474000 	C:\Program Files\Java\jdk1.7.0_11\jre\bin\fontmanager.dll
0x00000000504f0000 - 0x0000000050509000 	C:\Program Files\Java\jdk1.7.0_11\jre\bin\net.dll
0x000007fefc540000 - 0x000007fefc595000 	C:\Windows\system32\mswsock.dll
0x000007fefc530000 - 0x000007fefc537000 	C:\Windows\System32\wship6.dll
0x00000000504d0000 - 0x00000000504e1000 	C:\Program Files\Java\jdk1.7.0_11\jre\bin\nio.dll
0x0000000050020000 - 0x0000000050061000 	C:\Program Files\Java\jdk1.7.0_11\jre\bin\t2k.dll
0x000007fefe140000 - 0x000007fefeec8000 	C:\Windows\system32\SHELL32.dll
0x000000006e190000 - 0x000000006e1c0000 	C:\Program Files\Java\jdk1.7.0_11\jre\bin\jpeg.dll
0x000007fefd410000 - 0x000007fefd4a9000 	C:\Windows\system32\CLBCatQ.DLL
0x000007fefa860000 - 0x000007fefa9c1000 	C:\Windows\system32\WindowsCodecs.dll
0x000007fefcba0000 - 0x000007fefcbf7000 	C:\Windows\system32\apphelp.dll
0x000007fef0ec0000 - 0x000007fef10fd000 	C:\PROGRA~1\MIF5BA~1\Office15\GROOVEEX.DLL
0x0000000067450000 - 0x00000000674e8000 	C:\Windows\system32\MSVCP100.dll
0x000000006fcf0000 - 0x000000006fd1b000 	C:\Windows\system32\ATL100.DLL
0x000007feedf90000 - 0x000007feee2ad000 	C:\Windows\system32\msi.dll
0x000007feed200000 - 0x000007feeda8c000 	C:\PROGRA~1\MIF5BA~1\Office15\1036\GrooveIntlResource.dll
0x000000006c260000 - 0x000000006c276000 	C:\Program Files\Common Files\TortoiseOverlays\TortoiseOverlays.dll
0x000000006c250000 - 0x000000006c260000 	C:\Program Files\TortoiseSVN\bin\TortoiseStub.dll
0x00000000689f0000 - 0x0000000068a6b000 	C:\Program Files\TortoiseSVN\bin\TortoiseSVN.dll
0x000007fefdc60000 - 0x000007fefdea8000 	C:\Windows\system32\WININET.dll
0x000007fefcfb0000 - 0x000007fefcfb4000 	C:\Windows\system32\api-ms-win-downlevel-user32-l1-1-0.dll
0x000007fefced0000 - 0x000007fefced4000 	C:\Windows\system32\api-ms-win-downlevel-shlwapi-l1-1-0.dll
0x000007fefcee0000 - 0x000007fefcee4000 	C:\Windows\system32\api-ms-win-downlevel-version-l1-1-0.dll
0x000007fefcec0000 - 0x000007fefcec3000 	C:\Windows\system32\api-ms-win-downlevel-normaliz-l1-1-0.dll
0x00000000771b0000 - 0x00000000771b3000 	C:\Windows\system32\normaliz.DLL
0x000007fefd5e0000 - 0x000007fefd8a7000 	C:\Windows\system32\iertutil.dll
0x000007fefcfc0000 - 0x000007fefcfc5000 	C:\Windows\system32\api-ms-win-downlevel-advapi32-l1-1-0.dll
0x000007feece10000 - 0x000007feed1fd000 	C:\Program Files\TortoiseSVN\bin\libsvn_tsvn.dll
0x0000000068c40000 - 0x0000000068c6b000 	C:\Program Files\TortoiseSVN\bin\libapr_tsvn.dll
0x00000000689a0000 - 0x00000000689e1000 	C:\Program Files\TortoiseSVN\bin\libaprutil_tsvn.dll
0x000007fefe010000 - 0x000007fefe062000 	C:\Windows\system32\WLDAP32.dll
0x000007fef9340000 - 0x000007fef9350000 	C:\Program Files\TortoiseSVN\bin\intl3_tsvn.dll
0x000007fef9070000 - 0x000007fef908a000 	C:\Program Files\TortoiseSVN\bin\libsasl.dll
0x000007fefc8e0000 - 0x000007fefc8eb000 	C:\Windows\system32\Secur32.dll
0x000007fefcb70000 - 0x000007fefcb95000 	C:\Windows\system32\SSPICLI.DLL
0x000007fefcff0000 - 0x000007fefd15c000 	C:\Windows\system32\CRYPT32.dll
0x000007fefcda0000 - 0x000007fefcdaf000 	C:\Windows\system32\MSASN1.dll
0x000007fef4c10000 - 0x000007fef4c45000 	C:\Windows\system32\EhStorShell.dll
0x000007feff110000 - 0x000007feff2e7000 	C:\Windows\system32\SETUPAPI.dll
0x000007fefcef0000 - 0x000007fefcf26000 	C:\Windows\system32\CFGMGR32.dll
0x000007fefcfd0000 - 0x000007fefcfea000 	C:\Windows\system32\DEVOBJ.dll
0x000007fefb250000 - 0x000007fefb37c000 	C:\Windows\system32\PROPSYS.dll
0x000007feec7a0000 - 0x000007feece0f000 	C:\PROGRA~1\MIF5BA~1\Office14\GROOVEEX.DLL
0x0000000068c10000 - 0x0000000068c3f000 	C:\Windows\WinSxS\amd64_microsoft.vc90.atl_1fc8b3b9a1e18e3b_9.0.30729.6161_none_0a1fd3a3a768b895\ATL90.DLL
0x000007feeb530000 - 0x000007feeb94a000 	C:\PROGRA~1\COMMON~1\MICROS~1\OFFICE14\Cultures\office.odf
0x000007feeaca0000 - 0x000007feeb528000 	C:\PROGRA~1\MIF5BA~1\Office14\1036\GrooveIntlResource.dll
0x000000006d070000 - 0x000000006d09a000 	C:\Program Files\Java\jdk1.7.0_11\jre\bin\dcpr.dll

VM Arguments:
jvm_args: -Xdebug -Xrunjdwp:transport=dt_shmem,address=javadebug -Dfile.encoding=UTF-8 
java_command: marcadministrationclient.mARCAdministrationClient
Launcher Type: SUN_STANDARD

Environment Variables:
PATH=C:\Program Files (x86)\ImageMagick-6.8.7-Q16;C:\Program Files\Common Files\Microsoft Shared\Windows Live;C:\Program Files (x86)\AMD APP\bin\x86_64;C:\Program Files (x86)\AMD APP\bin\x86;C:\Windows\system32;C:\Windows;C:\Windows\System32\Wbem;C:\Program Files (x86)\ATI Technologies\ATI.ACE\Core-Static;C:\Windows\System32\WindowsPowerShell\v1.0\;C:\Program Files\Microsoft\Web Platform Installer\;C:\Program Files (x86)\Microsoft ASP.NET\ASP.NET Web Pages\v1.0\;C:\Program Files\Microsoft SQL Server\110\Tools\Binn\;C:\Program Files (x86)\Microsoft SQL Server\90\Tools\binn\;C:\Windows\System32\WindowsPowerShell\v1.0\;C:\Program Files\TortoiseSVN\bin;C:\Program Files (x86)\Windows Kits\8.1\Windows Performance Toolkit\;C:\Program Files (x86)\Microsoft SDKs\TypeScript\1.0\;C:\Program Files\Common Files\Microsoft Shared\Windows Live;C:\Program Files (x86)\CMake 2.8\bin
USERNAME=patrice
OS=Windows_NT
PROCESSOR_IDENTIFIER=Intel64 Family 6 Model 42 Stepping 7, GenuineIntel



---------------  S Y S T E M  ---------------

OS: Windows 7 , 64 bit Build 7601 Service Pack 1

CPU:total 2 (2 cores per cpu, 2 threads per core) family 6 model 42 stepping 7, cmov, cx8, fxsr, mmx, sse, sse2, sse3, ssse3, sse4.1, sse4.2, popcnt, avx, ht, tsc, tscinvbit

Memory: 4k page, physical 8321392k(2655876k free), swap 16640920k(9852740k free)

vm_info: Java HotSpot(TM) 64-Bit Server VM (23.6-b04) for windows-amd64 JRE (1.7.0_11-b21), built on Jan 12 2013 02:38:42 by "java_re" with unknown MS VC++:1600

time: Sat Dec 20 17:32:44 2014
elapsed time: 2319 seconds

