#
# A fatal error has been detected by the Java Runtime Environment:
#
#  EXCEPTION_ACCESS_VIOLATION (0xc0000005) at pc=0x0000000002acb108, pid=9536, tid=4404
#
# JRE version: 7.0_11-b21
# Java VM: Java HotSpot(TM) 64-Bit Server VM (23.6-b04 mixed mode windows-amd64 compressed oops)
# Problematic frame:
# j  java.lang.ref.ReferenceQueue.reallyPoll()Ljava/lang/ref/Reference;+51
#
# Failed to write core dump. Minidumps are not enabled by default on client versions of Windows
#
# If you would like to submit a bug report, please visit:
#   http://bugreport.sun.com/bugreport/crash.jsp
#

---------------  T H R E A D  ---------------

Current thread (0x000000000ce2e800):  JavaThread "Java2D Disposer" daemon [_thread_in_Java, id=4404, stack(0x000000000ec30000,0x000000000ed30000)]

siginfo: ExceptionCode=0xc0000005, reading address 0x00000007f8000048

Registers:
RAX=0x000000077be30c70, RBX=0x000000000000002f, RCX=0x0000000000000048, RDX=0x00000007f8000000
RSP=0x000000000ed2ed60, RBP=0x000000000ed2eda0, RSI=0x00000000ef7f94e4, RDI=0x000000077cf0e1d8
R8 =0x000000077bed0df0, R9 =0x000000000000000c, R10=0x000000005a5659c0, R11=0x000000000ed2ed20
R12=0x0000000000000000, R13=0x000000077bed0587, R14=0x000000000ed2edb8, R15=0x000000000ce2e800
RIP=0x0000000002acb108, EFLAGS=0x0000000000010206

Top of Stack: (sp=0x000000000ed2ed60)
0x000000000ed2ed60:   000000000ed2ed60 000000077bed0583
0x000000000ed2ed70:   000000000ed2edb8 000000077bed0d90
0x000000000ed2ed80:   000000077cfefc98 000000077bed05a8
0x000000000ed2ed90:   0000000000000000 000000000ed2edb8
0x000000000ed2eda0:   000000000ed2ee10 0000000002aa6473
0x000000000ed2edb0:   0000000781a06660 000000078101dac8
0x000000000ed2edc0:   0000000000000003 000000078101dae8
0x000000000ed2edd0:   000000000ed2edc0 000000077bed0808
0x000000000ed2ede0:   000000000ed2ee48 000000077bed0d90
0x000000000ed2edf0:   000000077d001c00 000000077bed0858
0x000000000ed2ee00:   000000000ed2edb8 000000000ed2ee38
0x000000000ed2ee10:   000000000ed2ee90 0000000002aa6473
0x000000000ed2ee20:   0000000000000000 0000000000000000
0x000000000ed2ee30:   000000078101dae8 0000000000000000
0x000000000ed2ee40:   0000000002ac6b79 000000078101dac8
0x000000000ed2ee50:   000000000ed2ee50 000000077bed092a 

Instructions: (pc=0x0000000002acb108)
0x0000000002acb0e8:   89 51 10 bf 01 00 00 00 48 89 79 18 48 83 c1 30
0x0000000002acb0f8:   48 89 4d e0 48 3b d0 0f 84 5c 00 00 00 8b 48 1c
0x0000000002acb108:   48 3b 04 0a 0f 84 4f 00 00 00 83 f9 28 0f 85 25
0x0000000002acb118:   00 00 00 50 48 8b c0 57 48 8b 7a 30 8b 4f 0c 48 


Register to memory mapping:

RAX=0x000000077be30c70 is an oop
{instance class} 
 - klass: {other class}
RBX=0x000000000000002f is an unknown value
RCX=0x0000000000000048 is an unknown value
RDX=0x00000007f8000000 is an unallocated location in the heap
RSP=0x000000000ed2ed60 is pointing into the stack for thread: 0x000000000ce2e800
RBP=0x000000000ed2eda0 is pointing into the stack for thread: 0x000000000ce2e800
RSI=0x00000000ef7f94e4 is an unknown value
RDI=0x000000077cf0e1d8 is an oop
{instance class} 
 - klass: {other class}
R8 =0x000000077bed0df0 is an oop
{constant pool cache} 
 - klass: {other class}
R9 =0x000000000000000c is an unknown value
R10=0x000000005a5659c0 is an unknown value
R11=0x000000000ed2ed20 is pointing into the stack for thread: 0x000000000ce2e800
R12=0x0000000000000000 is an unknown value
R13=0x000000077bed0587 is an oop
{constMethod} 
 - klass: {other class}
 - method:       0x000000077bed05a8 {method} 'reallyPoll' '()Ljava/lang/ref/Reference;' in 'java/lang/ref/ReferenceQueue'
 - exceptions:   0x000000077be01d50
bci_from(000000077BED0587) = 55; print_codes():
R14=0x000000000ed2edb8 is pointing into the stack for thread: 0x000000000ce2e800
R15=0x000000000ce2e800 is a thread


Stack: [0x000000000ec30000,0x000000000ed30000],  sp=0x000000000ed2ed60,  free space=1019k
Native frames: (J=compiled Java code, j=interpreted, Vv=VM code, C=native code)
j  java.lang.ref.ReferenceQueue.reallyPoll()Ljava/lang/ref/Reference;+51
j  java.lang.ref.ReferenceQueue.remove(J)Ljava/lang/ref/Reference;+24
j  java.lang.ref.ReferenceQueue.remove()Ljava/lang/ref/Reference;+2
j  sun.java2d.Disposer.run()V+3
j  java.lang.Thread.run()V+11
v  ~StubRoutines::call_stub


---------------  P R O C E S S  ---------------

Java Threads: ( => current thread )
  0x000000000cd78000 JavaThread "SwingWorker-pool-1-thread-10" daemon [_thread_blocked, id=8916, stack(0x0000000012060000,0x0000000012160000)]
  0x000000000cd77000 JavaThread "SwingWorker-pool-1-thread-9" daemon [_thread_blocked, id=8288, stack(0x0000000011f40000,0x0000000012040000)]
  0x000000000cd76800 JavaThread "SwingWorker-pool-1-thread-8" daemon [_thread_blocked, id=9320, stack(0x0000000011d70000,0x0000000011e70000)]
  0x000000000cd75800 JavaThread "SwingWorker-pool-1-thread-7" daemon [_thread_blocked, id=9788, stack(0x0000000011b30000,0x0000000011c30000)]
  0x000000000cd75000 JavaThread "SwingWorker-pool-1-thread-6" daemon [_thread_blocked, id=5684, stack(0x0000000011280000,0x0000000011380000)]
  0x000000000ea98000 JavaThread "SwingWorker-pool-1-thread-5" daemon [_thread_in_native, id=10156, stack(0x00000000119b0000,0x0000000011ab0000)]
  0x000000000fd35000 JavaThread "SwingWorker-pool-1-thread-4" daemon [_thread_blocked, id=4244, stack(0x0000000011880000,0x0000000011980000)]
  0x000000000cc2e800 JavaThread "SwingWorker-pool-1-thread-3" daemon [_thread_blocked, id=8080, stack(0x0000000011700000,0x0000000011800000)]
  0x000000000fd10000 JavaThread "SwingWorker-pool-1-thread-2" daemon [_thread_blocked, id=7920, stack(0x00000000114c0000,0x00000000115c0000)]
  0x000000000e619000 JavaThread "SwingWorker-pool-1-thread-1" daemon [_thread_blocked, id=2052, stack(0x0000000011380000,0x0000000011480000)]
  0x000000000e8dd800 JavaThread "TimerQueue" daemon [_thread_blocked, id=9860, stack(0x000000000f3c0000,0x000000000f4c0000)]
  0x000000000e3dc000 JavaThread "org.netbeans.modules.debugger.jpda.visual AWT Access Loop" daemon [_thread_blocked, id=1772, stack(0x000000000f230000,0x000000000f330000)]
  0x000000000226f000 JavaThread "DestroyJavaVM" [_thread_blocked, id=8796, stack(0x0000000002770000,0x0000000002870000)]
  0x000000000e3d2800 JavaThread "AWT-EventQueue-0" [_thread_blocked, id=10052, stack(0x000000000ef80000,0x000000000f080000)]
  0x000000000ce30000 JavaThread "AWT-Windows" daemon [_thread_in_native, id=9924, stack(0x000000000edd0000,0x000000000eed0000)]
  0x000000000ce2f800 JavaThread "AWT-Shutdown" [_thread_blocked, id=10020, stack(0x000000000eb10000,0x000000000ec10000)]
=>0x000000000ce2e800 JavaThread "Java2D Disposer" daemon [_thread_in_Java, id=4404, stack(0x000000000ec30000,0x000000000ed30000)]
  0x000000000cb3b000 JavaThread "Service Thread" daemon [_thread_blocked, id=7188, stack(0x000000000e1b0000,0x000000000e2b0000)]
  0x000000000cb32000 JavaThread "C2 CompilerThread1" daemon [_thread_blocked, id=8624, stack(0x000000000e0a0000,0x000000000e1a0000)]
  0x000000000cb2e800 JavaThread "C2 CompilerThread0" daemon [_thread_blocked, id=8184, stack(0x000000000df70000,0x000000000e070000)]
  0x000000000ca55800 JavaThread "JDWP Command Reader" daemon [_thread_in_native, id=7336, stack(0x000000000d020000,0x000000000d120000)]
  0x000000000ca52000 JavaThread "JDWP Event Helper Thread" daemon [_thread_blocked, id=6220, stack(0x000000000c230000,0x000000000c330000)]
  0x000000000ca41800 JavaThread "JDWP Transport Listener: dt_shmem" daemon [_thread_blocked, id=4472, stack(0x000000000cee0000,0x000000000cfe0000)]
  0x000000000266c800 JavaThread "Attach Listener" daemon [_thread_blocked, id=5968, stack(0x000000000c940000,0x000000000ca40000)]
  0x000000000266b000 JavaThread "Signal Dispatcher" daemon [_thread_blocked, id=5980, stack(0x000000000c780000,0x000000000c880000)]
  0x00000000025e1800 JavaThread "Finalizer" daemon [_thread_blocked, id=6624, stack(0x000000000c590000,0x000000000c690000)]
  0x00000000025de000 JavaThread "Reference Handler" daemon [_thread_blocked, id=7156, stack(0x000000000c350000,0x000000000c450000)]

Other Threads:
  0x00000000025d6000 VMThread [stack: 0x000000000c130000,0x000000000c230000] [id=7928]
  0x000000000cb46000 WatcherThread [stack: 0x000000000ddc0000,0x000000000dec0000] [id=7400]

VM state:not at safepoint (normal execution)

VM Mutex/Monitor currently owned by a thread: None

Heap
 PSYoungGen      total 25664K, used 383K [0x00000007d5ab0000, 0x00000007d7400000, 0x0000000800000000)
  eden space 25408K, 1% used [0x00000007d5ab0000,0x00000007d5b0ffa0,0x00000007d7380000)
  from space 256K, 0% used [0x00000007d7380000,0x00000007d7380000,0x00000007d73c0000)
  to   space 256K, 0% used [0x00000007d73c0000,0x00000007d73c0000,0x00000007d7400000)
 ParOldGen       total 86720K, used 10294K [0x0000000781000000, 0x00000007864b0000, 0x00000007d5ab0000)
  object space 86720K, 11% used [0x0000000781000000,0x0000000781a0db98,0x00000007864b0000)
 PSPermGen       total 21504K, used 18652K [0x000000077be00000, 0x000000077d300000, 0x0000000781000000)
  object space 21504K, 86% used [0x000000077be00000,0x000000077d037028,0x000000077d300000)

Card table byte_map: [0x0000000005aa0000,0x0000000005ed0000] byte_map_base: 0x0000000001ec1000

Polling page: 0x0000000000430000

Code Cache  [0x0000000002aa0000, 0x0000000002df0000, 0x0000000005aa0000)
 total_blobs=1510 nmethods=1031 adapters=439 free_code_cache=45837Kb largest_free_block=46878592

Compilation events (10 events):
Event: 5058.586 Thread 0x000000000cb32000 1040  s          java.util.logging.LogManager::drainLoggerRefQueueBounded (48 bytes)
Event: 5058.590 Thread 0x000000000cb32000 nmethod 1040 0x0000000002dcd7d0 code [0x0000000002dcd940, 0x0000000002dce178]
Event: 5760.619 Thread 0x000000000cb2e800 1041   !         java.lang.Throwable::printStackTrace (177 bytes)
Event: 5760.637 Thread 0x000000000cb2e800 nmethod 1041 0x0000000002ddb6d0 code [0x0000000002ddb980, 0x0000000002ddceb8]
Event: 6276.797 Thread 0x000000000cb32000 1042             sun.awt.image.IntegerInterleavedRaster::getDataElements (154 bytes)
Event: 6276.800 Thread 0x000000000cb32000 nmethod 1042 0x0000000002dd9350 code [0x0000000002dd94a0, 0x0000000002dd98f8]
Event: 6276.817 Thread 0x000000000cb2e800 1043             sun.awt.image.IntegerInterleavedRaster::setDataElements (137 bytes)
Event: 6276.821 Thread 0x000000000cb2e800 nmethod 1043 0x0000000002dcce90 code [0x0000000002dccfe0, 0x0000000002dcd498]
Event: 6286.320 Thread 0x000000000cb32000 1044             javax.swing.plaf.nimbus.NimbusStyle::getBorderPainter (146 bytes)
Event: 6286.337 Thread 0x000000000cb32000 nmethod 1044 0x0000000002dd9d10 code [0x0000000002dd9f00, 0x0000000002ddac60]

GC Heap History (10 events):
Event: 7833.218 GC heap before
{Heap before GC invocations=30835 (full 15410):
 PSYoungGen      total 25664K, used 32K [0x00000007d5ab0000, 0x00000007d7400000, 0x0000000800000000)
  eden space 25408K, 0% used [0x00000007d5ab0000,0x00000007d5ab0000,0x00000007d7380000)
  from space 256K, 12% used [0x00000007d7380000,0x00000007d7388000,0x00000007d73c0000)
  to   space 256K, 0% used [0x00000007d73c0000,0x00000007d73c0000,0x00000007d7400000)
 ParOldGen       total 86720K, used 10299K [0x0000000781000000, 0x00000007864b0000, 0x00000007d5ab0000)
  object space 86720K, 11% used [0x0000000781000000,0x0000000781a0ed00,0x00000007864b0000)
 PSPermGen       total 21504K, used 18652K [0x000000077be00000, 0x000000077d300000, 0x0000000781000000)
  object space 21504K, 86% used [0x000000077be00000,0x000000077d037028,0x000000077d300000)
Event: 7833.279 GC heap after
Heap after GC invocations=30835 (full 15410):
 PSYoungGen      total 25664K, used 0K [0x00000007d5ab0000, 0x00000007d7400000, 0x0000000800000000)
  eden space 25408K, 0% used [0x00000007d5ab0000,0x00000007d5ab0000,0x00000007d7380000)
  from space 256K, 0% used [0x00000007d7380000,0x00000007d7380000,0x00000007d73c0000)
  to   space 256K, 0% used [0x00000007d73c0000,0x00000007d73c0000,0x00000007d7400000)
 ParOldGen       total 86720K, used 10294K [0x0000000781000000, 0x00000007864b0000, 0x00000007d5ab0000)
  object space 86720K, 11% used [0x0000000781000000,0x0000000781a0da48,0x00000007864b0000)
 PSPermGen       total 21504K, used 18652K [0x000000077be00000, 0x000000077d300000, 0x0000000781000000)
  object space 21504K, 86% used [0x000000077be00000,0x000000077d037028,0x000000077d300000)
}
Event: 7834.326 GC heap before
{Heap before GC invocations=30836 (full 15410):
 PSYoungGen      total 25664K, used 1642K [0x00000007d5ab0000, 0x00000007d7400000, 0x0000000800000000)
  eden space 25408K, 6% used [0x00000007d5ab0000,0x00000007d5c4a8f0,0x00000007d7380000)
  from space 256K, 0% used [0x00000007d7380000,0x00000007d7380000,0x00000007d73c0000)
  to   space 256K, 0% used [0x00000007d73c0000,0x00000007d73c0000,0x00000007d7400000)
 ParOldGen       total 86720K, used 10294K [0x0000000781000000, 0x00000007864b0000, 0x00000007d5ab0000)
  object space 86720K, 11% used [0x0000000781000000,0x0000000781a0da48,0x00000007864b0000)
 PSPermGen       total 21504K, used 18652K [0x000000077be00000, 0x000000077d300000, 0x0000000781000000)
  object space 21504K, 86% used [0x000000077be00000,0x000000077d037028,0x000000077d300000)
Event: 7834.341 GC heap after
Heap after GC invocations=30836 (full 15410):
 PSYoungGen      total 25664K, used 96K [0x00000007d5ab0000, 0x00000007d7400000, 0x0000000800000000)
  eden space 25408K, 0% used [0x00000007d5ab0000,0x00000007d5ab0000,0x00000007d7380000)
  from space 256K, 37% used [0x00000007d73c0000,0x00000007d73d8000,0x00000007d7400000)
  to   space 256K, 0% used [0x00000007d7380000,0x00000007d7380000,0x00000007d73c0000)
 ParOldGen       total 86720K, used 10294K [0x0000000781000000, 0x00000007864b0000, 0x00000007d5ab0000)
  object space 86720K, 11% used [0x0000000781000000,0x0000000781a0da48,0x00000007864b0000)
 PSPermGen       total 21504K, used 18652K [0x000000077be00000, 0x000000077d300000, 0x0000000781000000)
  object space 21504K, 86% used [0x000000077be00000,0x000000077d037028,0x000000077d300000)
}
Event: 7834.341 GC heap before
{Heap before GC invocations=30837 (full 15411):
 PSYoungGen      total 25664K, used 96K [0x00000007d5ab0000, 0x00000007d7400000, 0x0000000800000000)
  eden space 25408K, 0% used [0x00000007d5ab0000,0x00000007d5ab0000,0x00000007d7380000)
  from space 256K, 37% used [0x00000007d73c0000,0x00000007d73d8000,0x00000007d7400000)
  to   space 256K, 0% used [0x00000007d7380000,0x00000007d7380000,0x00000007d73c0000)
 ParOldGen       total 86720K, used 10294K [0x0000000781000000, 0x00000007864b0000, 0x00000007d5ab0000)
  object space 86720K, 11% used [0x0000000781000000,0x0000000781a0da48,0x00000007864b0000)
 PSPermGen       total 21504K, used 18652K [0x000000077be00000, 0x000000077d300000, 0x0000000781000000)
  object space 21504K, 86% used [0x000000077be00000,0x000000077d037028,0x000000077d300000)
Event: 7834.379 GC heap after
Heap after GC invocations=30837 (full 15411):
 PSYoungGen      total 25664K, used 0K [0x00000007d5ab0000, 0x00000007d7400000, 0x0000000800000000)
  eden space 25408K, 0% used [0x00000007d5ab0000,0x00000007d5ab0000,0x00000007d7380000)
  from space 256K, 0% used [0x00000007d73c0000,0x00000007d73c0000,0x00000007d7400000)
  to   space 256K, 0% used [0x00000007d7380000,0x00000007d7380000,0x00000007d73c0000)
 ParOldGen       total 86720K, used 10299K [0x0000000781000000, 0x00000007864b0000, 0x00000007d5ab0000)
  object space 86720K, 11% used [0x0000000781000000,0x0000000781a0ed00,0x00000007864b0000)
 PSPermGen       total 21504K, used 18652K [0x000000077be00000, 0x000000077d300000, 0x0000000781000000)
  object space 21504K, 86% used [0x000000077be00000,0x000000077d037028,0x000000077d300000)
}
Event: 7834.379 GC heap before
{Heap before GC invocations=30838 (full 15411):
 PSYoungGen      total 25664K, used 502K [0x00000007d5ab0000, 0x00000007d7400000, 0x0000000800000000)
  eden space 25408K, 1% used [0x00000007d5ab0000,0x00000007d5b2d890,0x00000007d7380000)
  from space 256K, 0% used [0x00000007d73c0000,0x00000007d73c0000,0x00000007d7400000)
  to   space 256K, 0% used [0x00000007d7380000,0x00000007d7380000,0x00000007d73c0000)
 ParOldGen       total 86720K, used 10299K [0x0000000781000000, 0x00000007864b0000, 0x00000007d5ab0000)
  object space 86720K, 11% used [0x0000000781000000,0x0000000781a0ed00,0x00000007864b0000)
 PSPermGen       total 21504K, used 18652K [0x000000077be00000, 0x000000077d300000, 0x0000000781000000)
  object space 21504K, 86% used [0x000000077be00000,0x000000077d037028,0x000000077d300000)
Event: 7834.380 GC heap after
Heap after GC invocations=30838 (full 15411):
 PSYoungGen      total 25664K, used 32K [0x00000007d5ab0000, 0x00000007d7400000, 0x0000000800000000)
  eden space 25408K, 0% used [0x00000007d5ab0000,0x00000007d5ab0000,0x00000007d7380000)
  from space 256K, 12% used [0x00000007d7380000,0x00000007d7388000,0x00000007d73c0000)
  to   space 256K, 0% used [0x00000007d73c0000,0x00000007d73c0000,0x00000007d7400000)
 ParOldGen       total 86720K, used 10299K [0x0000000781000000, 0x00000007864b0000, 0x00000007d5ab0000)
  object space 86720K, 11% used [0x0000000781000000,0x0000000781a0ed00,0x00000007864b0000)
 PSPermGen       total 21504K, used 18652K [0x000000077be00000, 0x000000077d300000, 0x0000000781000000)
  object space 21504K, 86% used [0x000000077be00000,0x000000077d037028,0x000000077d300000)
}
Event: 7834.380 GC heap before
{Heap before GC invocations=30839 (full 15412):
 PSYoungGen      total 25664K, used 32K [0x00000007d5ab0000, 0x00000007d7400000, 0x0000000800000000)
  eden space 25408K, 0% used [0x00000007d5ab0000,0x00000007d5ab0000,0x00000007d7380000)
  from space 256K, 12% used [0x00000007d7380000,0x00000007d7388000,0x00000007d73c0000)
  to   space 256K, 0% used [0x00000007d73c0000,0x00000007d73c0000,0x00000007d7400000)
 ParOldGen       total 86720K, used 10299K [0x0000000781000000, 0x00000007864b0000, 0x00000007d5ab0000)
  object space 86720K, 11% used [0x0000000781000000,0x0000000781a0ed00,0x00000007864b0000)
 PSPermGen       total 21504K, used 18652K [0x000000077be00000, 0x000000077d300000, 0x0000000781000000)
  object space 21504K, 86% used [0x000000077be00000,0x000000077d037028,0x000000077d300000)
Event: 7834.416 GC heap after
Heap after GC invocations=30839 (full 15412):
 PSYoungGen      total 25664K, used 0K [0x00000007d5ab0000, 0x00000007d7400000, 0x0000000800000000)
  eden space 25408K, 0% used [0x00000007d5ab0000,0x00000007d5ab0000,0x00000007d7380000)
  from space 256K, 0% used [0x00000007d7380000,0x00000007d7380000,0x00000007d73c0000)
  to   space 256K, 0% used [0x00000007d73c0000,0x00000007d73c0000,0x00000007d7400000)
 ParOldGen       total 86720K, used 10294K [0x0000000781000000, 0x00000007864b0000, 0x00000007d5ab0000)
  object space 86720K, 11% used [0x0000000781000000,0x0000000781a0db98,0x00000007864b0000)
 PSPermGen       total 21504K, used 18652K [0x000000077be00000, 0x000000077d300000, 0x0000000781000000)
  object space 21504K, 86% used [0x000000077be00000,0x000000077d037028,0x000000077d300000)
}

Deoptimization events (0 events):
No events

Internal exceptions (10 events):
Event: 43.710 Thread 0x000000000e3d2800 Threw 0x00000007d5ab8398 at C:\jdk7u1_64p\jdk7u11\hotspot\src\share\vm\prims\jvm.cpp:1166
Event: 43.712 Thread 0x000000000e3d2800 Threw 0x00000007d5abb5a0 at C:\jdk7u1_64p\jdk7u11\hotspot\src\share\vm\prims\jvm.cpp:1166
Event: 44.416 Thread 0x000000000e3d2800 Threw 0x00000007d6ce6df8 at C:\jdk7u1_64p\jdk7u11\hotspot\src\share\vm\prims\jvm.cpp:1166
Event: 52.470 Thread 0x000000000e3d2800 Threw 0x00000007d6d2bbb0 at C:\jdk7u1_64p\jdk7u11\hotspot\src\share\vm\prims\jvm.cpp:1166
Event: 52.499 Thread 0x000000000e3d2800 Threw 0x00000007d6d59118 at C:\jdk7u1_64p\jdk7u11\hotspot\src\share\vm\prims\jvm.cpp:1166
Event: 52.500 Thread 0x000000000e3d2800 Threw 0x00000007d6d5ba38 at C:\jdk7u1_64p\jdk7u11\hotspot\src\share\vm\prims\jvm.cpp:1166
Event: 52.708 Thread 0x000000000e3d2800 Threw 0x00000007d6dd2b50 at C:\jdk7u1_64p\jdk7u11\hotspot\src\share\vm\prims\jvm.cpp:1166
Event: 52.726 Thread 0x000000000e3d2800 Threw 0x00000007d6de5018 at C:\jdk7u1_64p\jdk7u11\hotspot\src\share\vm\prims\jvm.cpp:1166
Event: 52.738 Thread 0x000000000e3d2800 Threw 0x00000007d6df9ec8 at C:\jdk7u1_64p\jdk7u11\hotspot\src\share\vm\prims\jvm.cpp:1166
Event: 52.818 Thread 0x000000000e3d2800 Threw 0x00000007d6e31ac0 at C:\jdk7u1_64p\jdk7u11\hotspot\src\share\vm\prims\jvm.cpp:1166

Events (10 events):
Event: 7832.210 Executing VM operation: ParallelGCSystemGC
Event: 7832.245 Executing VM operation: ParallelGCSystemGC done
Event: 7833.181 Executing VM operation: ParallelGCSystemGC
Event: 7833.217 Executing VM operation: ParallelGCSystemGC done
Event: 7833.218 Executing VM operation: ParallelGCSystemGC
Event: 7833.279 Executing VM operation: ParallelGCSystemGC done
Event: 7834.326 Executing VM operation: ParallelGCSystemGC
Event: 7834.379 Executing VM operation: ParallelGCSystemGC done
Event: 7834.379 Executing VM operation: ParallelGCSystemGC
Event: 7834.416 Executing VM operation: ParallelGCSystemGC done


Dynamic libraries:
0x000000013f310000 - 0x000000013f343000 	C:\Program Files\Java\jdk1.7.0_11\bin\java.exe
0x0000000076ea0000 - 0x0000000077049000 	C:\Windows\SYSTEM32\ntdll.dll
0x0000000076d80000 - 0x0000000076e9f000 	C:\Windows\system32\kernel32.dll
0x000007fefcd00000 - 0x000007fefcd6c000 	C:\Windows\system32\KERNELBASE.dll
0x000007fefd980000 - 0x000007fefda5b000 	C:\Windows\system32\ADVAPI32.dll
0x000007fefd3e0000 - 0x000007fefd47f000 	C:\Windows\system32\msvcrt.dll
0x000007fefd020000 - 0x000007fefd03f000 	C:\Windows\SYSTEM32\sechost.dll
0x000007fefe140000 - 0x000007fefe26d000 	C:\Windows\system32\RPCRT4.dll
0x0000000076c80000 - 0x0000000076d7a000 	C:\Windows\system32\USER32.dll
0x000007fefe0d0000 - 0x000007fefe137000 	C:\Windows\system32\GDI32.dll
0x000007feff110000 - 0x000007feff11e000 	C:\Windows\system32\LPK.dll
0x000007fefd0e0000 - 0x000007fefd1a9000 	C:\Windows\system32\USP10.dll
0x000007fefb5a0000 - 0x000007fefb794000 	C:\Windows\WinSxS\amd64_microsoft.windows.common-controls_6595b64144ccf1df_6.0.7601.17514_none_fa396087175ac9ac\COMCTL32.dll
0x000007feff120000 - 0x000007feff191000 	C:\Windows\system32\SHLWAPI.dll
0x000007fefd1d0000 - 0x000007fefd1fe000 	C:\Windows\system32\IMM32.DLL
0x000007fefe270000 - 0x000007fefe379000 	C:\Windows\system32\MSCTF.dll
0x000000005ac20000 - 0x000000005acf1000 	C:\Program Files\Java\jdk1.7.0_11\jre\bin\msvcr100.dll
0x0000000059ec0000 - 0x000000005a5df000 	C:\Program Files\Java\jdk1.7.0_11\jre\bin\server\jvm.dll
0x000007fefa4b0000 - 0x000007fefa4b9000 	C:\Windows\system32\WSOCK32.dll
0x000007fefdc70000 - 0x000007fefdcbd000 	C:\Windows\system32\WS2_32.dll
0x000007feff1a0000 - 0x000007feff1a8000 	C:\Windows\system32\NSI.dll
0x000007fefb0a0000 - 0x000007fefb0db000 	C:\Windows\system32\WINMM.dll
0x0000000077060000 - 0x0000000077067000 	C:\Windows\system32\PSAPI.DLL
0x000000005aef0000 - 0x000000005af2f000 	C:\Program Files\Java\jdk1.7.0_11\jre\bin\splashscreen.dll
0x000000005aee0000 - 0x000000005aeef000 	C:\Program Files\Java\jdk1.7.0_11\jre\bin\verify.dll
0x000000005ae80000 - 0x000000005aea8000 	C:\Program Files\Java\jdk1.7.0_11\jre\bin\java.dll
0x0000000062370000 - 0x00000000623a5000 	C:\Program Files\Java\jdk1.7.0_11\jre\bin\jdwp.dll
0x00000000623e0000 - 0x00000000623e8000 	C:\Program Files\Java\jdk1.7.0_11\jre\bin\npt.dll
0x000007fefb030000 - 0x000007fefb086000 	C:\Windows\system32\uxtheme.dll
0x000000005aec0000 - 0x000000005aed5000 	C:\Program Files\Java\jdk1.7.0_11\jre\bin\zip.dll
0x0000000180000000 - 0x00000001800eb000 	C:\Program Files\Hewlett-Packard\HP ProtectTools Security Manager\Bin\DpoFeedb.dll
0x000007fefdff0000 - 0x000007fefe0c7000 	C:\Windows\system32\OLEAUT32.dll
0x000007fefda60000 - 0x000007fefdc63000 	C:\Windows\system32\ole32.dll
0x000007fefbf50000 - 0x000007fefbf5c000 	C:\Windows\system32\VERSION.dll
0x000007fefccd0000 - 0x000007fefccee000 	C:\Windows\system32\USERENV.dll
0x000007fefcc70000 - 0x000007fefcc7f000 	C:\Windows\system32\profapi.dll
0x0000000077660000 - 0x000000007766b000 	C:\Program Files\Java\jdk1.7.0_11\jre\bin\dt_shmem.dll
0x000007fefcac0000 - 0x000007fefcacf000 	C:\Windows\system32\CRYPTBASE.dll
0x000007feea1f0000 - 0x000007feea221000 	C:\Program Files\Hewlett-Packard\HP ProtectTools Security Manager\Bin\DpoSet.dll
0x00000000668a0000 - 0x0000000066973000 	C:\Windows\WinSxS\amd64_microsoft.vc90.crt_1fc8b3b9a1e18e3b_9.0.30729.6161_none_08e61857a83bc251\MSVCP90.dll
0x0000000072a80000 - 0x0000000072b23000 	C:\Windows\WinSxS\amd64_microsoft.vc90.crt_1fc8b3b9a1e18e3b_9.0.30729.6161_none_08e61857a83bc251\MSVCR90.dll
0x000000005a5e0000 - 0x000000005a773000 	C:\Program Files\Java\jdk1.7.0_11\jre\bin\awt.dll
0x000007fefaa90000 - 0x000007fefaaa8000 	C:\Windows\system32\dwmapi.dll
0x000007fefe380000 - 0x000007feff108000 	C:\Windows\system32\SHELL32.dll
0x00000000584c0000 - 0x00000000584f4000 	C:\Program Files\Java\jdk1.7.0_11\jre\bin\fontmanager.dll
0x000000005ae60000 - 0x000000005ae79000 	C:\Program Files\Java\jdk1.7.0_11\jre\bin\net.dll
0x000007fefc400000 - 0x000007fefc455000 	C:\Windows\system32\mswsock.dll
0x000007fefc3f0000 - 0x000007fefc3f7000 	C:\Windows\System32\wship6.dll
0x000000005ac00000 - 0x000000005ac11000 	C:\Program Files\Java\jdk1.7.0_11\jre\bin\nio.dll
0x0000000056c90000 - 0x0000000056cc0000 	C:\Program Files\Java\jdk1.7.0_11\jre\bin\jpeg.dll
0x0000000058c30000 - 0x0000000058c71000 	C:\Program Files\Java\jdk1.7.0_11\jre\bin\t2k.dll
0x000007fefd040000 - 0x000007fefd0d9000 	C:\Windows\system32\CLBCatQ.DLL
0x000007fefa4c0000 - 0x000007fefa621000 	C:\Windows\system32\WindowsCodecs.dll
0x000007fefca60000 - 0x000007fefcab7000 	C:\Windows\system32\apphelp.dll
0x000007feef6d0000 - 0x000007feef90d000 	C:\PROGRA~1\MIF5BA~1\Office15\GROOVEEX.DLL
0x0000000066fe0000 - 0x0000000067078000 	C:\Windows\system32\MSVCP100.dll
0x00000000726c0000 - 0x00000000726eb000 	C:\Windows\system32\ATL100.DLL
0x000007feef3b0000 - 0x000007feef6cd000 	C:\Windows\system32\msi.dll
0x000007feee620000 - 0x000007feeeeac000 	C:\PROGRA~1\MIF5BA~1\Office15\1036\GrooveIntlResource.dll
0x00000000726a0000 - 0x00000000726b6000 	C:\Program Files\Common Files\TortoiseOverlays\TortoiseOverlays.dll
0x00000000658d0000 - 0x00000000658e0000 	C:\Program Files\TortoiseSVN\bin\TortoiseStub.dll
0x0000000065850000 - 0x00000000658cb000 	C:\Program Files\TortoiseSVN\bin\TortoiseSVN.dll
0x000007fefdda0000 - 0x000007fefdfeb000 	C:\Windows\system32\WININET.dll
0x000007fefcd80000 - 0x000007fefcd84000 	C:\Windows\system32\api-ms-win-downlevel-user32-l1-1-0.dll
0x000007fefcf00000 - 0x000007fefcf04000 	C:\Windows\system32\api-ms-win-downlevel-shlwapi-l1-1-0.dll
0x000007fefccc0000 - 0x000007fefccc4000 	C:\Windows\system32\api-ms-win-downlevel-version-l1-1-0.dll
0x000007fefccf0000 - 0x000007fefccf3000 	C:\Windows\system32\api-ms-win-downlevel-normaliz-l1-1-0.dll
0x0000000077070000 - 0x0000000077073000 	C:\Windows\system32\normaliz.DLL
0x000007fefd610000 - 0x000007fefd8d7000 	C:\Windows\system32\iertutil.dll
0x000007fefcf70000 - 0x000007fefcf75000 	C:\Windows\system32\api-ms-win-downlevel-advapi32-l1-1-0.dll
0x000007fef3860000 - 0x000007fef3c4d000 	C:\Program Files\TortoiseSVN\bin\libsvn_tsvn.dll
0x00000000655e0000 - 0x000000006560b000 	C:\Program Files\TortoiseSVN\bin\libapr_tsvn.dll
0x0000000065590000 - 0x00000000655d1000 	C:\Program Files\TortoiseSVN\bin\libaprutil_tsvn.dll
0x000007fefdd40000 - 0x000007fefdd92000 	C:\Windows\system32\WLDAP32.dll
0x000007fef3850000 - 0x000007fef3860000 	C:\Program Files\TortoiseSVN\bin\intl3_tsvn.dll
0x000007fef3830000 - 0x000007fef384a000 	C:\Program Files\TortoiseSVN\bin\libsasl.dll
0x000007fefc860000 - 0x000007fefc86b000 	C:\Windows\system32\Secur32.dll
0x000007fefca30000 - 0x000007fefca55000 	C:\Windows\system32\SSPICLI.DLL
0x000007fefcd90000 - 0x000007fefcefc000 	C:\Windows\system32\CRYPT32.dll
0x000007fefcc60000 - 0x000007fefcc6f000 	C:\Windows\system32\MSASN1.dll
0x000007fef4ab0000 - 0x000007fef4ae5000 	C:\Windows\system32\EhStorShell.dll
0x000007fefd200000 - 0x000007fefd3d7000 	C:\Windows\system32\SETUPAPI.dll
0x000007fefcf30000 - 0x000007fefcf66000 	C:\Windows\system32\CFGMGR32.dll
0x000007fefcf10000 - 0x000007fefcf2a000 	C:\Windows\system32\DEVOBJ.dll
0x000007fefb1a0000 - 0x000007fefb2cc000 	C:\Windows\system32\PROPSYS.dll
0x000007feedfb0000 - 0x000007feee61f000 	C:\PROGRA~1\MIF5BA~1\Office14\GROOVEEX.DLL
0x00000000666e0000 - 0x000000006670f000 	C:\Windows\WinSxS\amd64_microsoft.vc90.atl_1fc8b3b9a1e18e3b_9.0.30729.6161_none_0a1fd3a3a768b895\ATL90.DLL
0x000007feedb90000 - 0x000007feedfaa000 	C:\PROGRA~1\COMMON~1\MICROS~1\OFFICE14\Cultures\office.odf
0x000007feed300000 - 0x000007feedb88000 	C:\PROGRA~1\MIF5BA~1\Office14\1036\GrooveIntlResource.dll
0x000000006fbd0000 - 0x000000006fbfa000 	C:\Program Files\Java\jdk1.7.0_11\jre\bin\dcpr.dll
0x000007fee7f80000 - 0x000007fee801e000 	C:\Windows\system32\RICHED20.DLL

VM Arguments:
jvm_args: -Xdebug -Xrunjdwp:transport=dt_shmem,address=javadebug -Dfile.encoding=UTF-8 
java_command: marcadministrationclient.MainJFrame
Launcher Type: SUN_STANDARD

Environment Variables:
PATH=C:\Program Files (x86)\ImageMagick-6.8.7-Q16;C:\Program Files\Common Files\Microsoft Shared\Windows Live;C:\Program Files (x86)\AMD APP\bin\x86_64;C:\Program Files (x86)\AMD APP\bin\x86;C:\Windows\system32;C:\Windows;C:\Windows\System32\Wbem;C:\Program Files (x86)\ATI Technologies\ATI.ACE\Core-Static;C:\Windows\System32\WindowsPowerShell\v1.0\;C:\Program Files\Microsoft\Web Platform Installer\;C:\Program Files (x86)\Microsoft ASP.NET\ASP.NET Web Pages\v1.0\;C:\Program Files\Microsoft SQL Server\110\Tools\Binn\;C:\Program Files (x86)\Microsoft SQL Server\90\Tools\binn\;C:\Windows\System32\WindowsPowerShell\v1.0\;C:\Program Files\TortoiseSVN\bin;C:\Program Files (x86)\Windows Kits\8.1\Windows Performance Toolkit\;C:\Program Files (x86)\Microsoft SDKs\TypeScript\1.0\;C:\Program Files\Common Files\Microsoft Shared\Windows Live;C:\Program Files (x86)\CMake 2.8\bin
USERNAME=patrice
OS=Windows_NT
PROCESSOR_IDENTIFIER=Intel64 Family 6 Model 42 Stepping 7, GenuineIntel



---------------  S Y S T E M  ---------------

OS: Windows 7 , 64 bit Build 7601 Service Pack 1

CPU:total 2 (2 cores per cpu, 2 threads per core) family 6 model 42 stepping 7, cmov, cx8, fxsr, mmx, sse, sse2, sse3, ssse3, sse4.1, sse4.2, popcnt, avx, ht, tsc, tscinvbit

Memory: 4k page, physical 8321392k(3160088k free), swap 16640920k(10320988k free)

vm_info: Java HotSpot(TM) 64-Bit Server VM (23.6-b04) for windows-amd64 JRE (1.7.0_11-b21), built on Jan 12 2013 02:38:42 by "java_re" with unknown MS VC++:1600

time: Tue Dec 02 14:09:18 2014
elapsed time: 7834 seconds

