#
# A fatal error has been detected by the Java Runtime Environment:
#
#  EXCEPTION_ACCESS_VIOLATION (0xc0000005) at pc=0x000000005b0953b0, pid=4424, tid=8332
#
# JRE version: 7.0_11-b21
# Java VM: Java HotSpot(TM) 64-Bit Server VM (23.6-b04 mixed mode windows-amd64 compressed oops)
# Problematic frame:
# V  [jvm.dll+0x253b0]
#
# Failed to write core dump. Minidumps are not enabled by default on client versions of Windows
#
# If you would like to submit a bug report, please visit:
#   http://bugreport.sun.com/bugreport/crash.jsp
#

---------------  T H R E A D  ---------------

Current thread (0x0000000001fe1800):  GCTaskThread [stack: 0x0000000006440000,0x0000000006540000] [id=8332]

siginfo: ExceptionCode=0xc0000005, reading address 0x0000000000000018

Registers:
RAX=0x0000000000000000, RBX=0x00000007d5b2d2a8, RCX=0x00000007d5b2d2a8, RDX=0x0000000000000010
RSP=0x000000000653efa8, RBP=0x0000000000000008, RSI=0x00000000021d6d00, RDI=0x0000000000000005
R8 =0xfffffffffffffffb, R9 =0x000000005b5c80b8, R10=0x0000000000000000, R11=0x000000000653f168
R12=0x0000000000000008, R13=0x0000000000000000, R14=0x000000000653f100, R15=0x0000000001fe2130
RIP=0x000000005b0953b0, EFLAGS=0x0000000000010202

Top of Stack: (sp=0x000000000653efa8)
0x000000000653efa8:   000000005b3d22c6 000000000000005d
0x000000000653efb8:   000007fefdc30001 000000000653ee70
0x000000000653efc8:   0000000001fe2130 000000000dc4ac00
0x000000000653efd8:   000000005b220b05 0000000001fe2180
0x000000000653efe8:   000000000c062288 000000000653f150
0x000000000653eff8:   000000000653f0e8 0000000000000008
0x000000000653f008:   000000005b3d4e24 000000000e3df3c8
0x000000000653f018:   0000000000000008 0000000000000023
0x000000000653f028:   0000000000000005 0000000000000020
0x000000000653f038:   000000005b0f31fe 0000000000000020
0x000000000653f048:   000000005b12cd1b 000000000dc8d5d8
0x000000000653f058:   000000000dc8d5e0 0000000000000043
0x000000000653f068:   000000000653f5c0 000000000653f280
0x000000000653f078:   000000005b21b2bf 000000000dbe2000
0x000000000653f088:   000000000dc8d5d8 000000000653f180
0x000000000653f098:   000000000653f5a0 00000005f8000701 

Instructions: (pc=0x000000005b0953b0)
0x000000005b095390:   0d 44 0f b7 c0 48 83 c1 48 e8 d8 7d 4c 00 48 83
0x000000005b0953a0:   c4 28 c3 cc cc cc cc cc cc cc cc cc cc cc cc cc
0x000000005b0953b0:   44 8b 42 08 4c 8b ca 45 85 c0 7e 0e 41 f6 c0 01
0x000000005b0953c0:   75 57 41 c1 f8 03 41 8b c0 c3 79 4d 80 3d 15 69 


Register to memory mapping:

RAX=0x0000000000000000 is an unknown value
RBX=0x00000007d5b2d2a8 is an unknown value
RCX=0x00000007d5b2d2a8 is an unknown value
RDX=0x0000000000000010 is an unknown value
RSP=0x000000000653efa8 is an unknown value
RBP=0x0000000000000008 is an unknown value
RSI=0x00000000021d6d00 is an unknown value
RDI=0x0000000000000005 is an unknown value
R8 =0xfffffffffffffffb is an unknown value
R9 =0x000000005b5c80b8 is an unknown value
R10=0x0000000000000000 is an unknown value
R11=0x000000000653f168 is an unknown value
R12=0x0000000000000008 is an unknown value
R13=0x0000000000000000 is an unknown value
R14=0x000000000653f100 is an unknown value
R15=0x0000000001fe2130 is an unknown value


Stack: [0x0000000006440000,0x0000000006540000],  sp=0x000000000653efa8,  free space=1019k
Native frames: (J=compiled Java code, j=interpreted, Vv=VM code, C=native code)
V  [jvm.dll+0x253b0]

[error occurred during error reporting (printing native stack), id 0xc0000005]

JavaThread 0x000000000dbe2000 (nid = 9044) was being processed
Java frames: (J=compiled Java code, j=interpreted, Vv=VM code)
j  sun.misc.Unsafe.park(ZJ)V+0
j  java.util.concurrent.locks.LockSupport.park(Ljava/lang/Object;)V+14
j  java.util.concurrent.locks.AbstractQueuedSynchronizer.parkAndCheckInterrupt()Z+1
j  java.util.concurrent.locks.AbstractQueuedSynchronizer.acquireQueued(Ljava/util/concurrent/locks/AbstractQueuedSynchronizer$Node;I)Z+67
j  java.util.concurrent.locks.AbstractQueuedSynchronizer$ConditionObject.awaitNanos(J)J+112
j  java.util.concurrent.DelayQueue.take()Ljava/util/concurrent/Delayed;+132
j  javax.swing.TimerQueue.run()V+20
j  java.lang.Thread.run()V+11
v  ~StubRoutines::call_stub

---------------  P R O C E S S  ---------------

Java Threads: ( => current thread )
  0x000000000209a800 JavaThread "SwingWorker-pool-2-thread-10" daemon [_thread_blocked, id=4832, stack(0x0000000012010000,0x0000000012110000)]
  0x0000000002099800 JavaThread "SwingWorker-pool-2-thread-9" daemon [_thread_blocked, id=4996, stack(0x0000000011ca0000,0x0000000011da0000)]
  0x0000000002099000 JavaThread "SwingWorker-pool-2-thread-8" daemon [_thread_blocked, id=8608, stack(0x0000000010c70000,0x0000000010d70000)]
  0x0000000002098000 JavaThread "SwingWorker-pool-2-thread-7" daemon [_thread_blocked, id=7660, stack(0x0000000011b30000,0x0000000011c30000)]
  0x0000000002097800 JavaThread "SwingWorker-pool-2-thread-6" daemon [_thread_blocked, id=5484, stack(0x00000000119f0000,0x0000000011af0000)]
  0x0000000002096800 JavaThread "SwingWorker-pool-2-thread-5" daemon [_thread_blocked, id=1340, stack(0x0000000011890000,0x0000000011990000)]
  0x000000000f4ce800 JavaThread "SwingWorker-pool-2-thread-4" daemon [_thread_blocked, id=2020, stack(0x0000000011660000,0x0000000011760000)]
  0x0000000001fed000 JavaThread "SwingWorker-pool-2-thread-3" daemon [_thread_blocked, id=4376, stack(0x0000000011530000,0x0000000011630000)]
  0x000000000dc37800 JavaThread "SwingWorker-pool-2-thread-2" daemon [_thread_blocked, id=8912, stack(0x0000000011390000,0x0000000011490000)]
  0x000000000dc3a800 JavaThread "SwingWorker-pool-2-thread-1" daemon [_thread_blocked, id=6872, stack(0x0000000010d70000,0x0000000010e70000)]
  0x000000000dc4c000 JavaThread "Swing-Shell" daemon [_thread_blocked, id=3868, stack(0x000000000e690000,0x000000000e790000)]
  0x000000000dbe2000 JavaThread "TimerQueue" daemon [_thread_blocked, id=9044, stack(0x000000000e2e0000,0x000000000e3e0000)]
  0x000000000da46000 JavaThread "org.netbeans.modules.debugger.jpda.visual AWT Access Loop" daemon [_thread_blocked, id=8188, stack(0x000000000ecf0000,0x000000000edf0000)]
  0x0000000001eef000 JavaThread "DestroyJavaVM" [_thread_blocked, id=4584, stack(0x00000000024a0000,0x00000000025a0000)]
  0x000000000da44000 JavaThread "AWT-EventQueue-0" [_thread_blocked, id=2804, stack(0x000000000eb40000,0x000000000ec40000)]
  0x000000000c1cb800 JavaThread "AWT-Windows" daemon [_thread_blocked, id=1876, stack(0x000000000e3f0000,0x000000000e4f0000)]
  0x000000000c1ec800 JavaThread "AWT-Shutdown" [_thread_blocked, id=7184, stack(0x000000000e180000,0x000000000e280000)]
  0x000000000c1e5000 JavaThread "Java2D Disposer" daemon [_thread_blocked, id=2796, stack(0x000000000d720000,0x000000000d820000)]
  0x000000000befe800 JavaThread "Service Thread" daemon [_thread_blocked, id=9124, stack(0x000000000d610000,0x000000000d710000)]
  0x000000000bef4000 JavaThread "C2 CompilerThread1" daemon [_thread_blocked, id=9156, stack(0x000000000d400000,0x000000000d500000)]
  0x000000000bef2800 JavaThread "C2 CompilerThread0" daemon [_thread_blocked, id=9112, stack(0x000000000d250000,0x000000000d350000)]
  0x000000000beda000 JavaThread "JDWP Command Reader" daemon [_thread_in_native, id=8696, stack(0x000000000d0f0000,0x000000000d1f0000)]
  0x000000000bed7000 JavaThread "JDWP Event Helper Thread" daemon [_thread_blocked, id=6900, stack(0x000000000cff0000,0x000000000d0f0000)]
  0x000000000bec6000 JavaThread "JDWP Transport Listener: dt_shmem" daemon [_thread_blocked, id=3020, stack(0x000000000cc70000,0x000000000cd70000)]
  0x000000000bec1800 JavaThread "Attach Listener" daemon [_thread_blocked, id=8168, stack(0x000000000cdf0000,0x000000000cef0000)]
  0x000000000bec0000 JavaThread "Signal Dispatcher" daemon [_thread_blocked, id=8712, stack(0x000000000cb60000,0x000000000cc60000)]
  0x00000000021e3000 JavaThread "Finalizer" daemon [_thread_blocked, id=1708, stack(0x000000000ca60000,0x000000000cb60000)]
  0x00000000021df800 JavaThread "Reference Handler" daemon [_thread_blocked, id=1232, stack(0x000000000c8f0000,0x000000000c9f0000)]

Other Threads:
  0x000000000be42800 VMThread [stack: 0x000000000c6f0000,0x000000000c7f0000] [id=5116]
  0x000000000bf09800 WatcherThread [stack: 0x000000000d860000,0x000000000d960000] [id=3032]

=>0x0000000001fe1800 (exited) GCTaskThread [stack: 0x0000000006440000,0x0000000006540000] [id=8332]

VM state:at safepoint (normal execution)

VM Mutex/Monitor currently owned by a thread:  ([mutex/lock_event])
[0x0000000001eec2d0] Threads_lock - owner thread: 0x000000000be42800
[0x0000000001eec7d0] Heap_lock - owner thread: 0x000000000da44000

Heap
 PSYoungGen      total 25600K, used 25408K [0x00000007d5ab0000, 0x00000007d73e0000, 0x0000000800000000)
  eden space 25408K, 100% used [0x00000007d5ab0000,0x00000007d7380000,0x00000007d7380000)
  from space 192K, 0% used [0x00000007d7380000,0x00000007d7380000,0x00000007d73b0000)
  to   space 192K, 100% used [0x00000007d73b0000,0x00000007d73e0000,0x00000007d73e0000)
 ParOldGen       total 86720K, used 10726K [0x0000000781000000, 0x00000007864b0000, 0x00000007d5ab0000)
  object space 86720K, 12% used [0x0000000781000000,0x0000000781a79958,0x00000007864b0000)
 PSPermGen       total 21248K, used 19483K [0x000000077be00000, 0x000000077d2c0000, 0x0000000781000000)
  object space 21248K, 91% used [0x000000077be00000,0x000000077d106d58,0x000000077d2c0000)

Card table byte_map: [0x0000000005d10000,0x0000000006140000] byte_map_base: 0x0000000002131000

Polling page: 0x0000000000270000

Code Cache  [0x0000000002d10000, 0x0000000002f80000, 0x0000000005d10000)
 total_blobs=1143 nmethods=661 adapters=442 free_code_cache=46861Kb largest_free_block=47919936

Compilation events (10 events):
Event: 604.661 Thread 0x000000000bef2800  670             java.awt.Component::contains (7 bytes)
Event: 604.662 Thread 0x000000000bef2800 nmethod 670 0x0000000002f33850 code [0x0000000002f33980, 0x0000000002f339f8]
Event: 606.121 Thread 0x000000000bef4000  671             sun.java2d.pipe.Region::dimAdd (20 bytes)
Event: 606.121 Thread 0x000000000bef4000 nmethod 671 0x0000000002f33650 code [0x0000000002f33780, 0x0000000002f337d8]
Event: 683.005 Thread 0x000000000bef2800  672             java.awt.GraphicsEnvironment::isHeadless (4 bytes)
Event: 683.005 Thread 0x000000000bef4000  673             java.awt.GraphicsEnvironment::getHeadlessProperty (24 bytes)
Event: 683.006 Thread 0x000000000bef4000 nmethod 673 0x0000000002f1e590 code [0x0000000002f1e6c0, 0x0000000002f1e718]
Event: 683.006 Thread 0x000000000bef2800 nmethod 672 0x0000000002f1e350 code [0x0000000002f1e480, 0x0000000002f1e4d8]
Event: 946.861 Thread 0x000000000bef4000  674   !         sun.dc.DuctusRenderingEngine::getAATileGenerator (1189 bytes)
Event: 946.928 Thread 0x000000000bef4000 nmethod 674 0x0000000002f55250 code [0x0000000002f55760, 0x0000000002f593a8]

GC Heap History (10 events):
Event: 384.235 GC heap after
Heap after GC invocations=1151 (full 568):
 PSYoungGen      total 25600K, used 0K [0x00000007d5ab0000, 0x00000007d73e0000, 0x0000000800000000)
  eden space 25408K, 0% used [0x00000007d5ab0000,0x00000007d5ab0000,0x00000007d7380000)
  from space 192K, 0% used [0x00000007d7380000,0x00000007d7380000,0x00000007d73b0000)
  to   space 192K, 0% used [0x00000007d73b0000,0x00000007d73b0000,0x00000007d73e0000)
 ParOldGen       total 86720K, used 10699K [0x0000000781000000, 0x00000007864b0000, 0x00000007d5ab0000)
  object space 86720K, 12% used [0x0000000781000000,0x0000000781a72f08,0x00000007864b0000)
 PSPermGen       total 21248K, used 19446K [0x000000077be00000, 0x000000077d2c0000, 0x0000000781000000)
  object space 21248K, 91% used [0x000000077be00000,0x000000077d0fd930,0x000000077d2c0000)
}
Event: 384.993 GC heap before
{Heap before GC invocations=1152 (full 568):
 PSYoungGen      total 25600K, used 1392K [0x00000007d5ab0000, 0x00000007d73e0000, 0x0000000800000000)
  eden space 25408K, 5% used [0x00000007d5ab0000,0x00000007d5c0c2d0,0x00000007d7380000)
  from space 192K, 0% used [0x00000007d7380000,0x00000007d7380000,0x00000007d73b0000)
  to   space 192K, 0% used [0x00000007d73b0000,0x00000007d73b0000,0x00000007d73e0000)
 ParOldGen       total 86720K, used 10699K [0x0000000781000000, 0x00000007864b0000, 0x00000007d5ab0000)
  object space 86720K, 12% used [0x0000000781000000,0x0000000781a72f08,0x00000007864b0000)
 PSPermGen       total 21248K, used 19446K [0x000000077be00000, 0x000000077d2c0000, 0x0000000781000000)
  object space 21248K, 91% used [0x000000077be00000,0x000000077d0fd930,0x000000077d2c0000)
Event: 384.994 GC heap after
Heap after GC invocations=1152 (full 568):
 PSYoungGen      total 25600K, used 96K [0x00000007d5ab0000, 0x00000007d73e0000, 0x0000000800000000)
  eden space 25408K, 0% used [0x00000007d5ab0000,0x00000007d5ab0000,0x00000007d7380000)
  from space 192K, 50% used [0x00000007d73b0000,0x00000007d73c8000,0x00000007d73e0000)
  to   space 192K, 0% used [0x00000007d7380000,0x00000007d7380000,0x00000007d73b0000)
 ParOldGen       total 86720K, used 10699K [0x0000000781000000, 0x00000007864b0000, 0x00000007d5ab0000)
  object space 86720K, 12% used [0x0000000781000000,0x0000000781a72f08,0x00000007864b0000)
 PSPermGen       total 21248K, used 19446K [0x000000077be00000, 0x000000077d2c0000, 0x0000000781000000)
  object space 21248K, 91% used [0x000000077be00000,0x000000077d0fd930,0x000000077d2c0000)
}
Event: 384.995 GC heap before
{Heap before GC invocations=1153 (full 569):
 PSYoungGen      total 25600K, used 96K [0x00000007d5ab0000, 0x00000007d73e0000, 0x0000000800000000)
  eden space 25408K, 0% used [0x00000007d5ab0000,0x00000007d5ab0000,0x00000007d7380000)
  from space 192K, 50% used [0x00000007d73b0000,0x00000007d73c8000,0x00000007d73e0000)
  to   space 192K, 0% used [0x00000007d7380000,0x00000007d7380000,0x00000007d73b0000)
 ParOldGen       total 86720K, used 10699K [0x0000000781000000, 0x00000007864b0000, 0x00000007d5ab0000)
  object space 86720K, 12% used [0x0000000781000000,0x0000000781a72f08,0x00000007864b0000)
 PSPermGen       total 21248K, used 19446K [0x000000077be00000, 0x000000077d2c0000, 0x0000000781000000)
  object space 21248K, 91% used [0x000000077be00000,0x000000077d0fd930,0x000000077d2c0000)
Event: 385.111 GC heap after
Heap after GC invocations=1153 (full 569):
 PSYoungGen      total 25600K, used 0K [0x00000007d5ab0000, 0x00000007d73e0000, 0x0000000800000000)
  eden space 25408K, 0% used [0x00000007d5ab0000,0x00000007d5ab0000,0x00000007d7380000)
  from space 192K, 0% used [0x00000007d73b0000,0x00000007d73b0000,0x00000007d73e0000)
  to   space 192K, 0% used [0x00000007d7380000,0x00000007d7380000,0x00000007d73b0000)
 ParOldGen       total 86720K, used 10709K [0x0000000781000000, 0x00000007864b0000, 0x00000007d5ab0000)
  object space 86720K, 12% used [0x0000000781000000,0x0000000781a754e0,0x00000007864b0000)
 PSPermGen       total 21248K, used 19446K [0x000000077be00000, 0x000000077d2c0000, 0x0000000781000000)
  object space 21248K, 91% used [0x000000077be00000,0x000000077d0fd930,0x000000077d2c0000)
}
Event: 385.112 GC heap before
{Heap before GC invocations=1154 (full 569):
 PSYoungGen      total 25600K, used 500K [0x00000007d5ab0000, 0x00000007d73e0000, 0x0000000800000000)
  eden space 25408K, 1% used [0x00000007d5ab0000,0x00000007d5b2d2c8,0x00000007d7380000)
  from space 192K, 0% used [0x00000007d73b0000,0x00000007d73b0000,0x00000007d73e0000)
  to   space 192K, 0% used [0x00000007d7380000,0x00000007d7380000,0x00000007d73b0000)
 ParOldGen       total 86720K, used 10709K [0x0000000781000000, 0x00000007864b0000, 0x00000007d5ab0000)
  object space 86720K, 12% used [0x0000000781000000,0x0000000781a754e0,0x00000007864b0000)
 PSPermGen       total 21248K, used 19446K [0x000000077be00000, 0x000000077d2c0000, 0x0000000781000000)
  object space 21248K, 91% used [0x000000077be00000,0x000000077d0fd930,0x000000077d2c0000)
Event: 385.114 GC heap after
Heap after GC invocations=1154 (full 569):
 PSYoungGen      total 25600K, used 64K [0x00000007d5ab0000, 0x00000007d73e0000, 0x0000000800000000)
  eden space 25408K, 0% used [0x00000007d5ab0000,0x00000007d5ab0000,0x00000007d7380000)
  from space 192K, 33% used [0x00000007d7380000,0x00000007d7390000,0x00000007d73b0000)
  to   space 192K, 0% used [0x00000007d73b0000,0x00000007d73b0000,0x00000007d73e0000)
 ParOldGen       total 86720K, used 10709K [0x0000000781000000, 0x00000007864b0000, 0x00000007d5ab0000)
  object space 86720K, 12% used [0x0000000781000000,0x0000000781a754e0,0x00000007864b0000)
 PSPermGen       total 21248K, used 19446K [0x000000077be00000, 0x000000077d2c0000, 0x0000000781000000)
  object space 21248K, 91% used [0x000000077be00000,0x000000077d0fd930,0x000000077d2c0000)
}
Event: 385.114 GC heap before
{Heap before GC invocations=1155 (full 570):
 PSYoungGen      total 25600K, used 64K [0x00000007d5ab0000, 0x00000007d73e0000, 0x0000000800000000)
  eden space 25408K, 0% used [0x00000007d5ab0000,0x00000007d5ab0000,0x00000007d7380000)
  from space 192K, 33% used [0x00000007d7380000,0x00000007d7390000,0x00000007d73b0000)
  to   space 192K, 0% used [0x00000007d73b0000,0x00000007d73b0000,0x00000007d73e0000)
 ParOldGen       total 86720K, used 10709K [0x0000000781000000, 0x00000007864b0000, 0x00000007d5ab0000)
  object space 86720K, 12% used [0x0000000781000000,0x0000000781a754e0,0x00000007864b0000)
 PSPermGen       total 21248K, used 19446K [0x000000077be00000, 0x000000077d2c0000, 0x0000000781000000)
  object space 21248K, 91% used [0x000000077be00000,0x000000077d0fd930,0x000000077d2c0000)
Event: 385.278 GC heap after
Heap after GC invocations=1155 (full 570):
 PSYoungGen      total 25600K, used 0K [0x00000007d5ab0000, 0x00000007d73e0000, 0x0000000800000000)
  eden space 25408K, 0% used [0x00000007d5ab0000,0x00000007d5ab0000,0x00000007d7380000)
  from space 192K, 0% used [0x00000007d7380000,0x00000007d7380000,0x00000007d73b0000)
  to   space 192K, 0% used [0x00000007d73b0000,0x00000007d73b0000,0x00000007d73e0000)
 ParOldGen       total 86720K, used 10698K [0x0000000781000000, 0x00000007864b0000, 0x00000007d5ab0000)
  object space 86720K, 12% used [0x0000000781000000,0x0000000781a72b88,0x00000007864b0000)
 PSPermGen       total 21248K, used 19446K [0x000000077be00000, 0x000000077d2c0000, 0x0000000781000000)
  object space 21248K, 91% used [0x000000077be00000,0x000000077d0fd930,0x000000077d2c0000)
}
Event: 962.865 GC heap before
{Heap before GC invocations=1156 (full 570):
 PSYoungGen      total 25600K, used 25408K [0x00000007d5ab0000, 0x00000007d73e0000, 0x0000000800000000)
  eden space 25408K, 100% used [0x00000007d5ab0000,0x00000007d7380000,0x00000007d7380000)
  from space 192K, 0% used [0x00000007d7380000,0x00000007d7380000,0x00000007d73b0000)
  to   space 192K, 0% used [0x00000007d73b0000,0x00000007d73b0000,0x00000007d73e0000)
 ParOldGen       total 86720K, used 10698K [0x0000000781000000, 0x00000007864b0000, 0x00000007d5ab0000)
  object space 86720K, 12% used [0x0000000781000000,0x0000000781a72b88,0x00000007864b0000)
 PSPermGen       total 21248K, used 19483K [0x000000077be00000, 0x000000077d2c0000, 0x0000000781000000)
  object space 21248K, 91% used [0x000000077be00000,0x000000077d106d58,0x000000077d2c0000)

Deoptimization events (0 events):
No events

Internal exceptions (10 events):
Event: 51.456 Thread 0x000000000da44000 Threw 0x00000007d5ab9728 at C:\jdk7u1_64p\jdk7u11\hotspot\src\share\vm\prims\jvm.cpp:1166
Event: 53.408 Thread 0x000000000da44000 Threw 0x00000007d6cc21f8 at C:\jdk7u1_64p\jdk7u11\hotspot\src\share\vm\prims\jvm.cpp:1166
Event: 67.361 Thread 0x000000000da44000 Threw 0x00000007d6e0a640 at C:\jdk7u1_64p\jdk7u11\hotspot\src\share\vm\prims\jvm.cpp:1166
Event: 67.362 Thread 0x000000000da44000 Threw 0x00000007d6e0cf60 at C:\jdk7u1_64p\jdk7u11\hotspot\src\share\vm\prims\jvm.cpp:1166
Event: 70.907 Thread 0x000000000da44000 Threw 0x00000007d6e4bd00 at C:\jdk7u1_64p\jdk7u11\hotspot\src\share\vm\prims\jvm.cpp:1166
Event: 78.741 Thread 0x000000000da44000 Threw 0x00000007d6e6b7a8 at C:\jdk7u1_64p\jdk7u11\hotspot\src\share\vm\prims\jvm.cpp:1166
Event: 79.641 Thread 0x000000000dc3a800 Threw 0x00000007d5b9e9b8 at C:\jdk7u1_64p\jdk7u11\hotspot\src\share\vm\prims\jvm.cpp:1166
Event: 79.671 Thread 0x000000000dc3a800 Threw 0x00000007d5bd1390 at C:\jdk7u1_64p\jdk7u11\hotspot\src\share\vm\prims\jvm.cpp:1166
Event: 79.809 Thread 0x000000000dc3a800 Threw 0x00000007d5be5f90 at C:\jdk7u1_64p\jdk7u11\hotspot\src\share\vm\prims\jvm.cpp:1166
Event: 93.078 Thread 0x000000000da44000 Threw 0x00000007d5bdd558 at C:\jdk7u1_64p\jdk7u11\hotspot\src\share\vm\prims\jvm.cpp:1166

Events (10 events):
Event: 956.308 Executing VM operation: GetOrSetLocal done
Event: 956.309 Executing VM operation: GetOrSetLocal
Event: 956.309 Executing VM operation: GetOrSetLocal done
Event: 956.310 Executing VM operation: GetOrSetLocal
Event: 956.310 Executing VM operation: GetOrSetLocal done
Event: 956.310 Executing VM operation: GetOrSetLocal
Event: 956.310 Executing VM operation: GetOrSetLocal done
Event: 956.310 Executing VM operation: GetOrSetLocal
Event: 956.310 Executing VM operation: GetOrSetLocal done
Event: 962.865 Executing VM operation: ParallelGCFailedAllocation


Dynamic libraries:
0x000000013f9f0000 - 0x000000013fa23000 	C:\Program Files\Java\jdk1.7.0_11\bin\java.exe
0x0000000077c30000 - 0x0000000077dd9000 	C:\Windows\SYSTEM32\ntdll.dll
0x0000000077b10000 - 0x0000000077c2f000 	C:\Windows\system32\kernel32.dll
0x000007fefdc30000 - 0x000007fefdc9c000 	C:\Windows\system32\KERNELBASE.dll
0x000007feff380000 - 0x000007feff45b000 	C:\Windows\system32\ADVAPI32.dll
0x000007feffb50000 - 0x000007feffbef000 	C:\Windows\system32\msvcrt.dll
0x000007fefe340000 - 0x000007fefe35f000 	C:\Windows\SYSTEM32\sechost.dll
0x000007feff170000 - 0x000007feff29d000 	C:\Windows\system32\RPCRT4.dll
0x0000000077a10000 - 0x0000000077b0a000 	C:\Windows\system32\USER32.dll
0x000007fefe2d0000 - 0x000007fefe337000 	C:\Windows\system32\GDI32.dll
0x000007feffb40000 - 0x000007feffb4e000 	C:\Windows\system32\LPK.dll
0x000007fefddb0000 - 0x000007fefde79000 	C:\Windows\system32\USP10.dll
0x000007fefc330000 - 0x000007fefc524000 	C:\Windows\WinSxS\amd64_microsoft.windows.common-controls_6595b64144ccf1df_6.0.7601.17514_none_fa396087175ac9ac\COMCTL32.dll
0x000007fefe360000 - 0x000007fefe3d1000 	C:\Windows\system32\SHLWAPI.dll
0x000007feffb10000 - 0x000007feffb3e000 	C:\Windows\system32\IMM32.DLL
0x000007feffa00000 - 0x000007feffb09000 	C:\Windows\system32\MSCTF.dll
0x000000005bdd0000 - 0x000000005bea1000 	C:\Program Files\Java\jdk1.7.0_11\jre\bin\msvcr100.dll
0x000000005b070000 - 0x000000005b78f000 	C:\Program Files\Java\jdk1.7.0_11\jre\bin\server\jvm.dll
0x000007fefb470000 - 0x000007fefb479000 	C:\Windows\system32\WSOCK32.dll
0x000007fefde80000 - 0x000007fefdecd000 	C:\Windows\system32\WS2_32.dll
0x000007fefe0b0000 - 0x000007fefe0b8000 	C:\Windows\system32\NSI.dll
0x000007fefbe60000 - 0x000007fefbe9b000 	C:\Windows\system32\WINMM.dll
0x0000000077e00000 - 0x0000000077e07000 	C:\Windows\system32\PSAPI.DLL
0x00000000748a0000 - 0x00000000748df000 	C:\Program Files\Java\jdk1.7.0_11\jre\bin\splashscreen.dll
0x000007fefbdb0000 - 0x000007fefbe06000 	C:\Windows\system32\uxtheme.dll
0x0000000180000000 - 0x00000001800eb000 	C:\Program Files\Hewlett-Packard\HP ProtectTools Security Manager\Bin\DpoFeedb.dll
0x000007feff2a0000 - 0x000007feff377000 	C:\Windows\system32\OLEAUT32.dll
0x000007feff460000 - 0x000007feff663000 	C:\Windows\system32\ole32.dll
0x000007fefcce0000 - 0x000007fefccec000 	C:\Windows\system32\VERSION.dll
0x000007fefdd60000 - 0x000007fefdd7e000 	C:\Windows\system32\USERENV.dll
0x000007fefda00000 - 0x000007fefda0f000 	C:\Windows\system32\profapi.dll
0x000007fefd850000 - 0x000007fefd85f000 	C:\Windows\system32\CRYPTBASE.dll
0x000007fef0190000 - 0x000007fef01c1000 	C:\Program Files\Hewlett-Packard\HP ProtectTools Security Manager\Bin\DpoSet.dll
0x0000000067d20000 - 0x0000000067df3000 	C:\Windows\WinSxS\amd64_microsoft.vc90.crt_1fc8b3b9a1e18e3b_9.0.30729.6161_none_08e61857a83bc251\MSVCP90.dll
0x0000000073810000 - 0x00000000738b3000 	C:\Windows\WinSxS\amd64_microsoft.vc90.crt_1fc8b3b9a1e18e3b_9.0.30729.6161_none_08e61857a83bc251\MSVCR90.dll
0x000000005d570000 - 0x000000005d57f000 	C:\Program Files\Java\jdk1.7.0_11\jre\bin\verify.dll
0x000000005caa0000 - 0x000000005cac8000 	C:\Program Files\Java\jdk1.7.0_11\jre\bin\java.dll
0x00000000568c0000 - 0x00000000568f5000 	C:\Program Files\Java\jdk1.7.0_11\jre\bin\jdwp.dll
0x0000000056950000 - 0x0000000056958000 	C:\Program Files\Java\jdk1.7.0_11\jre\bin\npt.dll
0x000000005cc30000 - 0x000000005cc45000 	C:\Program Files\Java\jdk1.7.0_11\jre\bin\zip.dll
0x0000000056a50000 - 0x0000000056a5b000 	C:\Program Files\Java\jdk1.7.0_11\jre\bin\dt_shmem.dll
0x0000000058e20000 - 0x0000000058fb3000 	C:\Program Files\Java\jdk1.7.0_11\jre\bin\awt.dll
0x000007fefb7a0000 - 0x000007fefb7b8000 	C:\Windows\system32\dwmapi.dll
0x000007fefe3e0000 - 0x000007feff168000 	C:\Windows\system32\SHELL32.dll
0x0000000057860000 - 0x0000000057894000 	C:\Program Files\Java\jdk1.7.0_11\jre\bin\fontmanager.dll
0x000000005ca60000 - 0x000000005ca79000 	C:\Program Files\Java\jdk1.7.0_11\jre\bin\net.dll
0x000007fefd190000 - 0x000007fefd1e5000 	C:\Windows\system32\mswsock.dll
0x000007fefd180000 - 0x000007fefd187000 	C:\Windows\System32\wship6.dll
0x000000005c390000 - 0x000000005c3a1000 	C:\Program Files\Java\jdk1.7.0_11\jre\bin\nio.dll
0x0000000054e90000 - 0x0000000054ec0000 	C:\Program Files\Java\jdk1.7.0_11\jre\bin\jpeg.dll
0x0000000057810000 - 0x0000000057851000 	C:\Program Files\Java\jdk1.7.0_11\jre\bin\t2k.dll
0x000007feff8c0000 - 0x000007feff959000 	C:\Windows\system32\CLBCatQ.DLL
0x000007fefb190000 - 0x000007fefb2f1000 	C:\Windows\system32\WindowsCodecs.dll
0x000007fefd7f0000 - 0x000007fefd847000 	C:\Windows\system32\apphelp.dll
0x000007fef4f10000 - 0x000007fef514d000 	C:\PROGRA~1\MIF5BA~1\Office15\GROOVEEX.DLL
0x0000000067fd0000 - 0x0000000068068000 	C:\Windows\system32\MSVCP100.dll
0x0000000073490000 - 0x00000000734bb000 	C:\Windows\system32\ATL100.DLL
0x000007fef3d90000 - 0x000007fef40ad000 	C:\Windows\system32\msi.dll
0x000007fef2ff0000 - 0x000007fef387c000 	C:\PROGRA~1\MIF5BA~1\Office15\1036\GrooveIntlResource.dll
0x0000000073470000 - 0x0000000073486000 	C:\Program Files\Common Files\TortoiseOverlays\TortoiseOverlays.dll
0x0000000073460000 - 0x0000000073470000 	C:\Program Files\TortoiseSVN\bin\TortoiseStub.dll
0x0000000067a70000 - 0x0000000067aeb000 	C:\Program Files\TortoiseSVN\bin\TortoiseSVN.dll
0x000007feff670000 - 0x000007feff8b8000 	C:\Windows\system32\WININET.dll
0x000007fefdda0000 - 0x000007fefdda4000 	C:\Windows\system32\api-ms-win-downlevel-user32-l1-1-0.dll
0x000007fefdb80000 - 0x000007fefdb84000 	C:\Windows\system32\api-ms-win-downlevel-shlwapi-l1-1-0.dll
0x000007fefdca0000 - 0x000007fefdca4000 	C:\Windows\system32\api-ms-win-downlevel-version-l1-1-0.dll
0x000007fefdd80000 - 0x000007fefdd83000 	C:\Windows\system32\api-ms-win-downlevel-normaliz-l1-1-0.dll
0x0000000077df0000 - 0x0000000077df3000 	C:\Windows\system32\normaliz.DLL
0x000007feffc70000 - 0x000007fefff37000 	C:\Windows\system32\iertutil.dll
0x000007fefdd90000 - 0x000007fefdd95000 	C:\Windows\system32\api-ms-win-downlevel-advapi32-l1-1-0.dll
0x000007fef2920000 - 0x000007fef2d0d000 	C:\Program Files\TortoiseSVN\bin\libsvn_tsvn.dll
0x0000000073430000 - 0x000000007345b000 	C:\Program Files\TortoiseSVN\bin\libapr_tsvn.dll
0x00000000681e0000 - 0x0000000068221000 	C:\Program Files\TortoiseSVN\bin\libaprutil_tsvn.dll
0x000007feffc10000 - 0x000007feffc62000 	C:\Windows\system32\WLDAP32.dll
0x000007fef4e60000 - 0x000007fef4e70000 	C:\Program Files\TortoiseSVN\bin\intl3_tsvn.dll
0x000007fef4e40000 - 0x000007fef4e5a000 	C:\Program Files\TortoiseSVN\bin\libsasl.dll
0x000007fefd5f0000 - 0x000007fefd5fb000 	C:\Windows\system32\Secur32.dll
0x000007fefd7b0000 - 0x000007fefd7d5000 	C:\Windows\system32\SSPICLI.DLL
0x000007fefda10000 - 0x000007fefdb7c000 	C:\Windows\system32\CRYPT32.dll
0x000007fefd9f0000 - 0x000007fefd9ff000 	C:\Windows\system32\MSASN1.dll
0x000007fef4c80000 - 0x000007fef4cb5000 	C:\Windows\system32\EhStorShell.dll
0x000007fefded0000 - 0x000007fefe0a7000 	C:\Windows\system32\SETUPAPI.dll
0x000007fefdce0000 - 0x000007fefdd16000 	C:\Windows\system32\CFGMGR32.dll
0x000007fefdcb0000 - 0x000007fefdcca000 	C:\Windows\system32\DEVOBJ.dll
0x000007fefbf30000 - 0x000007fefc05c000 	C:\Windows\system32\PROPSYS.dll
0x000007fef4610000 - 0x000007fef4c7f000 	C:\PROGRA~1\MIF5BA~1\Office14\GROOVEEX.DLL
0x00000000681b0000 - 0x00000000681df000 	C:\Windows\WinSxS\amd64_microsoft.vc90.atl_1fc8b3b9a1e18e3b_9.0.30729.6161_none_0a1fd3a3a768b895\ATL90.DLL
0x000007fef4190000 - 0x000007fef45aa000 	C:\PROGRA~1\COMMON~1\MICROS~1\OFFICE14\Cultures\office.odf
0x000007fef1230000 - 0x000007fef1ab8000 	C:\PROGRA~1\MIF5BA~1\Office14\1036\GrooveIntlResource.dll
0x0000000055cb0000 - 0x0000000055cda000 	C:\Program Files\Java\jdk1.7.0_11\jre\bin\dcpr.dll
0x000007fef7870000 - 0x000007fef7910000 	C:\Windows\WinSxS\amd64_microsoft.windows.common-controls_6595b64144ccf1df_5.82.7601.18201_none_a4d3b9377117c3df\comctl32.dll
0x000007fefbe30000 - 0x000007fefbe5d000 	C:\Windows\system32\ntmarta.dll
0x000007feefd20000 - 0x000007feefebc000 	C:\Windows\system32\NetworkExplorer.dll
0x000007fef09b0000 - 0x000007fef09e4000 	C:\Windows\System32\shdocvw.dll
0x000007fefb860000 - 0x000007fefb86b000 	C:\Windows\system32\slc.dll
0x000007fef5890000 - 0x000007fef58a8000 	C:\Windows\system32\MPR.dll
0x000007fefb630000 - 0x000007fefb63a000 	C:\Windows\System32\drprov.dll
0x000007fefd900000 - 0x000007fefd93d000 	C:\Windows\System32\WINSTA.dll
0x000007fefb600000 - 0x000007fefb622000 	C:\Windows\System32\ntlanman.dll
0x000007fefb5e0000 - 0x000007fefb5fd000 	C:\Windows\System32\davclnt.dll
0x000007fefc140000 - 0x000007fefc14a000 	C:\Windows\System32\DAVHLPR.dll
0x000007fefcd10000 - 0x000007fefcd25000 	C:\Windows\system32\wkscli.dll
0x000007fef5e40000 - 0x000007fef5e4f000 	C:\Windows\system32\cscapi.dll
0x000007fefce00000 - 0x000007fefce0c000 	C:\Windows\system32\netutils.dll
0x000007fee3710000 - 0x000007fee3981000 	C:\Windows\system32\wpdshext.dll
0x000007fefbb90000 - 0x000007fefbda6000 	C:\Windows\WinSxS\amd64_microsoft.windows.gdiplus_6595b64144ccf1df_1.1.7601.18455_none_2b283fd671e9bf4d\gdiplus.dll
0x000007feef690000 - 0x000007feef74d000 	C:\Windows\system32\PortableDeviceApi.dll
0x000007fefdd20000 - 0x000007fefdd5a000 	C:\Windows\system32\WINTRUST.dll
0x000007feefcd0000 - 0x000007feefcf7000 	C:\Windows\system32\EhStorAPI.dll
0x000007fee3f70000 - 0x000007fee3ff1000 	C:\Windows\system32\DeviceCenter.dll
0x000007fefba90000 - 0x000007fefbb82000 	C:\Windows\system32\DUI70.dll
0x000007fef2f60000 - 0x000007fef2f6c000 	C:\Windows\system32\LINKINFO.dll
0x000007fee4380000 - 0x000007fee441e000 	C:\Windows\system32\RICHED20.DLL
0x000007fef7430000 - 0x000007fef7555000 	C:\Windows\system32\dbghelp.dll

VM Arguments:
jvm_args: -Xdebug -Xrunjdwp:transport=dt_shmem,address=javadebug -Dfile.encoding=UTF-8 
java_command: marcadministrationclient.MainJFrame
Launcher Type: SUN_STANDARD

Environment Variables:
PATH=C:\Program Files (x86)\ImageMagick-6.8.7-Q16;C:\Program Files\Common Files\Microsoft Shared\Windows Live;C:\Program Files (x86)\AMD APP\bin\x86_64;C:\Program Files (x86)\AMD APP\bin\x86;C:\Windows\system32;C:\Windows;C:\Windows\System32\Wbem;C:\Program Files (x86)\ATI Technologies\ATI.ACE\Core-Static;C:\Windows\System32\WindowsPowerShell\v1.0\;C:\Program Files\Microsoft\Web Platform Installer\;C:\Program Files (x86)\Microsoft ASP.NET\ASP.NET Web Pages\v1.0\;C:\Program Files\Microsoft SQL Server\110\Tools\Binn\;C:\Program Files (x86)\Microsoft SQL Server\90\Tools\binn\;C:\Windows\System32\WindowsPowerShell\v1.0\;C:\Program Files\TortoiseSVN\bin;C:\Program Files (x86)\Windows Kits\8.1\Windows Performance Toolkit\;C:\Program Files (x86)\Microsoft SDKs\TypeScript\1.0\;C:\Program Files\Common Files\Microsoft Shared\Windows Live;C:\Program Files (x86)\CMake 2.8\bin
USERNAME=patrice
OS=Windows_NT
PROCESSOR_IDENTIFIER=Intel64 Family 6 Model 42 Stepping 7, GenuineIntel



---------------  S Y S T E M  ---------------

OS: Windows 7 , 64 bit Build 7601 Service Pack 1

CPU:total 2 (2 cores per cpu, 2 threads per core) family 6 model 42 stepping 7, cmov, cx8, fxsr, mmx, sse, sse2, sse3, ssse3, sse4.1, sse4.2, popcnt, avx, ht, tsc, tscinvbit

Memory: 4k page, physical 8321392k(3774880k free), swap 16640920k(10757328k free)

vm_info: Java HotSpot(TM) 64-Bit Server VM (23.6-b04) for windows-amd64 JRE (1.7.0_11-b21), built on Jan 12 2013 02:38:42 by "java_re" with unknown MS VC++:1600

time: Tue Dec 16 11:21:30 2014
elapsed time: 963 seconds

