#
# A fatal error has been detected by the Java Runtime Environment:
#
#  EXCEPTION_ACCESS_VIOLATION (0xc0000005) at pc=0x00000000779a9d28, pid=9092, tid=9204
#
# JRE version: 7.0_11-b21
# Java VM: Java HotSpot(TM) 64-Bit Server VM (23.6-b04 mixed mode windows-amd64 compressed oops)
# Problematic frame:
# V  [jvm.dll+0xc9d28]
#
# Failed to write core dump. Minidumps are not enabled by default on client versions of Windows
#
# If you would like to submit a bug report, please visit:
#   http://bugreport.sun.com/bugreport/crash.jsp
#

---------------  T H R E A D  ---------------

Current thread (0x000000000224d000):  GCTaskThread [stack: 0x0000000006380000,0x0000000006480000] [id=9204]

siginfo: ExceptionCode=0xc0000005, reading address 0x00000007ff778fc0

Registers:
RAX=0x00000007ff778fa8, RBX=0x00000007db6e2d78, RCX=0x0000000000000003, RDX=0x0000000000000000
RSP=0x000000000647f740, RBP=0x0000000781a73cc8, RSI=0x0000000002551ad0, RDI=0x0000000002551ad0
R8 =0x000000000000002f, R9 =0x0000000000000003, R10=0x0000000000000000, R11=0x000000000000000c
R12=0x0000000781a73cd8, R13=0x000000077bfed388, R14=0x000000077bfed390, R15=0x0000000781a73cb8
RIP=0x00000000779a9d28, EFLAGS=0x0000000000010202

Top of Stack: (sp=0x000000000647f740)
0x000000000647f740:   000000077bfed148 00000007813df788
0x000000000647f750:   0000000000000004 0000000077a96022
0x000000000647f760:   0000000000000000 000000000224d3a0
0x000000000647f770:   000000000224c3d0 000000000227a1a0
0x000000000647f780:   000000000001c6be 0000000077c3920c
0x000000000647f790:   000000000bd93630 0000000781a73cb8
0x000000000647f7a0:   0000000002551ad0 0000000077e37708
0x000000000647f7b0:   0000000077f8ac28 0000000000000006
0x000000000647f7c0:   0000000077e37708 000000007798e215
0x000000000647f7d0:   000000000bd91f98 0000000000000000
0x000000000647f7e0:   0000000002551ad0 000000000224c3d0
0x000000000647f7f0:   000000000224d3b0 000000000224d3a0
0x000000000647f800:   0000000077e37708 000000000227a1a0
0x000000000647f810:   0000000002551ad0 0000000000000000
0x000000000647f820:   000000000227a1a0 0000000077c369ca
0x000000000647f830:   000000000227a1a0 0000000000000000 

Instructions: (pc=0x00000000779a9d28)
0x00000000779a9d08:   82 55 01 00 00 80 3d d4 1f 5e 00 00 74 0e 8b 43
0x00000000779a9d18:   08 41 8b c9 48 d3 e0 49 03 c2 eb 04 48 8b 43 08
0x00000000779a9d28:   44 8b 40 18 48 8d 48 10 45 85 c0 7e 0c 41 f6 c0
0x00000000779a9d38:   01 75 50 41 c1 f8 03 eb 59 79 48 80 3d 9e 1f 5e 


Register to memory mapping:

RAX=0x00000007ff778fa8 is an unallocated location in the heap
RBX=0x00000007db6e2d78 is an unknown value
RCX=0x0000000000000003 is an unknown value
RDX=0x0000000000000000 is an unknown value
RSP=0x000000000647f740 is an unknown value
RBP=0x0000000781a73cc8 is an oop
java.util.concurrent.locks.AbstractQueuedSynchronizer$Node 
 - klass: 'java/util/concurrent/locks/AbstractQueuedSynchronizer$Node'
RSI=0x0000000002551ad0 is an unknown value
RDI=0x0000000002551ad0 is an unknown value
R8 =0x000000000000002f is an unknown value
R9 =0x0000000000000003 is an unknown value
R10=0x0000000000000000 is an unknown value
R11=0x000000000000000c is an unknown value
R12=0x0000000781a73cd8 is an oop
java.awt.EventQueue$3 
 - klass: 'java/awt/EventQueue$3'
R13=0x000000077bfed388 is an oop
{instance class} 
 - klass: {other class}
R14=0x000000077bfed390 is an oop
[S 
 - klass: {type array short}
 - length: 4
R15=0x0000000781a73cb8 is an oop
java.util.concurrent.locks.AbstractQueuedSynchronizer$Node 
 - klass: 'java/util/concurrent/locks/AbstractQueuedSynchronizer$Node'


Stack: [0x0000000006380000,0x0000000006480000],  sp=0x000000000647f740,  free space=1021k
Native frames: (J=compiled Java code, j=interpreted, Vv=VM code, C=native code)
V  [jvm.dll+0xc9d28]


---------------  P R O C E S S  ---------------

Java Threads: ( => current thread )
  0x000000000edca800 JavaThread "SwingWorker-pool-1-thread-10" daemon [_thread_blocked, id=9696, stack(0x0000000012450000,0x0000000012550000)]
  0x000000000edca000 JavaThread "SwingWorker-pool-1-thread-9" daemon [_thread_blocked, id=8944, stack(0x00000000118a0000,0x00000000119a0000)]
  0x000000000edc9000 JavaThread "SwingWorker-pool-1-thread-8" daemon [_thread_blocked, id=8236, stack(0x0000000012240000,0x0000000012340000)]
  0x000000000edc8800 JavaThread "SwingWorker-pool-1-thread-7" daemon [_thread_blocked, id=9796, stack(0x00000000120e0000,0x00000000121e0000)]
  0x000000000edc7800 JavaThread "SwingWorker-pool-1-thread-6" daemon [_thread_blocked, id=9012, stack(0x0000000011ed0000,0x0000000011fd0000)]
  0x000000000e9af800 JavaThread "SwingWorker-pool-1-thread-5" daemon [_thread_blocked, id=9064, stack(0x0000000011d90000,0x0000000011e90000)]
  0x000000000ffcc800 JavaThread "SwingWorker-pool-1-thread-4" daemon [_thread_blocked, id=3872, stack(0x0000000011be0000,0x0000000011ce0000)]
  0x000000000ec39000 JavaThread "SwingWorker-pool-1-thread-3" daemon [_thread_blocked, id=8780, stack(0x00000000119c0000,0x0000000011ac0000)]
  0x000000000ec6c800 JavaThread "SwingWorker-pool-1-thread-2" daemon [_thread_blocked, id=7536, stack(0x00000000115c0000,0x00000000116c0000)]
  0x000000000ca32800 JavaThread "SwingWorker-pool-1-thread-1" daemon [_thread_blocked, id=9592, stack(0x0000000011770000,0x0000000011870000)]
  0x000000000eaa4800 JavaThread "TimerQueue" daemon [_thread_blocked, id=9612, stack(0x000000000f870000,0x000000000f970000)]
  0x000000000ca71000 JavaThread "org.netbeans.modules.debugger.jpda.visual AWT Access Loop" daemon [_thread_blocked, id=9340, stack(0x000000000f000000,0x000000000f100000)]
  0x000000000221f000 JavaThread "DestroyJavaVM" [_thread_blocked, id=1688, stack(0x00000000026f0000,0x00000000027f0000)]
  0x000000000e902000 JavaThread "AWT-EventQueue-0" [_thread_blocked, id=9720, stack(0x000000000f6c0000,0x000000000f7c0000)]
  0x000000000e827000 JavaThread "AWT-Windows" daemon [_thread_in_native, id=8992, stack(0x000000000f490000,0x000000000f590000)]
  0x000000000e7fb800 JavaThread "AWT-Shutdown" [_thread_blocked, id=3104, stack(0x000000000f260000,0x000000000f360000)]
  0x000000000e821000 JavaThread "Java2D Disposer" daemon [_thread_blocked, id=1240, stack(0x000000000f120000,0x000000000f220000)]
  0x000000000c91c800 JavaThread "Service Thread" daemon [_thread_blocked, id=9268, stack(0x000000000e360000,0x000000000e460000)]
  0x000000000c914000 JavaThread "C2 CompilerThread1" daemon [_thread_blocked, id=9060, stack(0x000000000e6f0000,0x000000000e7f0000)]
  0x000000000c910800 JavaThread "C2 CompilerThread0" daemon [_thread_blocked, id=8304, stack(0x000000000e580000,0x000000000e680000)]
  0x000000000c8ca000 JavaThread "JDWP Command Reader" daemon [_thread_in_native, id=6320, stack(0x000000000dc80000,0x000000000dd80000)]
  0x000000000c8c7000 JavaThread "JDWP Event Helper Thread" daemon [_thread_blocked, id=10136, stack(0x000000000d6f0000,0x000000000d7f0000)]
  0x000000000c8b6000 JavaThread "JDWP Transport Listener: dt_shmem" daemon [_thread_blocked, id=6244, stack(0x000000000da20000,0x000000000db20000)]
  0x000000000264b800 JavaThread "Attach Listener" daemon [_thread_blocked, id=5248, stack(0x000000000d8a0000,0x000000000d9a0000)]
  0x000000000264a000 JavaThread "Signal Dispatcher" daemon [_thread_blocked, id=9856, stack(0x000000000d5c0000,0x000000000d6c0000)]
  0x00000000025c1800 JavaThread "Finalizer" daemon [_thread_blocked, id=1464, stack(0x000000000c6f0000,0x000000000c7f0000)]
  0x00000000025be000 JavaThread "Reference Handler" daemon [_thread_blocked, id=9676, stack(0x000000000c5d0000,0x000000000c6d0000)]

Other Threads:
  0x00000000025b6000 VMThread [stack: 0x000000000c390000,0x000000000c490000] [id=1120]
  0x000000000c927000 WatcherThread [stack: 0x000000000db40000,0x000000000dc40000] [id=4940]

=>0x000000000224d000 (exited) GCTaskThread [stack: 0x0000000006380000,0x0000000006480000] [id=9204]

VM state:at safepoint (normal execution)

VM Mutex/Monitor currently owned by a thread:  ([mutex/lock_event])
[0x000000000221c2d0] Threads_lock - owner thread: 0x00000000025b6000
[0x000000000221c7d0] Heap_lock - owner thread: 0x000000000e9af800

Heap
 PSYoungGen      total 94592K, used 190K [0x00000007d5ab0000, 0x00000007db760000, 0x0000000800000000)
  eden space 94400K, 0% used [0x00000007d5ab0000,0x00000007d5ab0000,0x00000007db6e0000)
  from space 192K, 99% used [0x00000007db6e0000,0x00000007db70faa8,0x00000007db710000)
  to   space 256K, 0% used [0x00000007db720000,0x00000007db720000,0x00000007db760000)
 ParOldGen       total 86720K, used 10892K [0x0000000781000000, 0x00000007864b0000, 0x00000007d5ab0000)
  object space 86720K, 12% used [0x0000000781000000,0x0000000781aa3048,0x00000007864b0000)
 PSPermGen       total 21248K, used 18510K [0x000000077be00000, 0x000000077d2c0000, 0x0000000781000000)
  object space 21248K, 87% used [0x000000077be00000,0x000000077d013840,0x000000077d2c0000)

Card table byte_map: [0x0000000005ab0000,0x0000000005ee0000] byte_map_base: 0x0000000001ed1000

Polling page: 0x0000000000230000

Code Cache  [0x00000000029f0000, 0x0000000002c60000, 0x00000000059f0000)
 total_blobs=1136 nmethods=657 adapters=439 free_code_cache=46879Kb largest_free_block=47966784

Compilation events (10 events):
Event: 4100.007 Thread 0x000000000c914000  661             sun.java2d.SunGraphics2D::getCompClip (19 bytes)
Event: 4100.009 Thread 0x000000000c914000 nmethod 661 0x0000000002c29450 code [0x0000000002c295a0, 0x0000000002c29668]
Event: 4100.148 Thread 0x000000000c910800  662             sun.awt.SunHints$Key::getIndex (5 bytes)
Event: 4100.149 Thread 0x000000000c910800 nmethod 662 0x0000000002c2bb10 code [0x0000000002c2bc40, 0x0000000002c2bc98]
Event: 4101.042 Thread 0x000000000c914000  663             java.awt.Component::contains (7 bytes)
Event: 4101.044 Thread 0x000000000c914000 nmethod 663 0x0000000002c2b910 code [0x0000000002c2ba40, 0x0000000002c2bab8]
Event: 4125.035 Thread 0x000000000c910800  664             sun.java2d.SunGraphics2D::dispose (12 bytes)
Event: 4125.036 Thread 0x000000000c910800 nmethod 664 0x0000000002c2b6d0 code [0x0000000002c2b800, 0x0000000002c2b898]
Event: 4125.136 Thread 0x000000000c910800  665             sun.java2d.SunGraphics2D::setColor (108 bytes)
Event: 4125.141 Thread 0x000000000c910800 nmethod 665 0x0000000002c2ce10 code [0x0000000002c2cfa0, 0x0000000002c2d4f8]

GC Heap History (10 events):
Event: 485.965 GC heap after
Heap after GC invocations=907 (full 448):
 PSYoungGen      total 94592K, used 96K [0x00000007d5ab0000, 0x00000007db740000, 0x0000000800000000)
  eden space 94400K, 0% used [0x00000007d5ab0000,0x00000007d5ab0000,0x00000007db6e0000)
  from space 192K, 50% used [0x00000007db6e0000,0x00000007db6f8000,0x00000007db710000)
  to   space 192K, 0% used [0x00000007db710000,0x00000007db710000,0x00000007db740000)
 ParOldGen       total 86720K, used 10706K [0x0000000781000000, 0x00000007864b0000, 0x00000007d5ab0000)
  object space 86720K, 12% used [0x0000000781000000,0x0000000781a74ac0,0x00000007864b0000)
 PSPermGen       total 21248K, used 18496K [0x000000077be00000, 0x000000077d2c0000, 0x0000000781000000)
  object space 21248K, 87% used [0x000000077be00000,0x000000077d0102f0,0x000000077d2c0000)
}
Event: 485.965 GC heap before
{Heap before GC invocations=908 (full 449):
 PSYoungGen      total 94592K, used 96K [0x00000007d5ab0000, 0x00000007db740000, 0x0000000800000000)
  eden space 94400K, 0% used [0x00000007d5ab0000,0x00000007d5ab0000,0x00000007db6e0000)
  from space 192K, 50% used [0x00000007db6e0000,0x00000007db6f8000,0x00000007db710000)
  to   space 192K, 0% used [0x00000007db710000,0x00000007db710000,0x00000007db740000)
 ParOldGen       total 86720K, used 10706K [0x0000000781000000, 0x00000007864b0000, 0x00000007d5ab0000)
  object space 86720K, 12% used [0x0000000781000000,0x0000000781a74ac0,0x00000007864b0000)
 PSPermGen       total 21248K, used 18496K [0x000000077be00000, 0x000000077d2c0000, 0x0000000781000000)
  object space 21248K, 87% used [0x000000077be00000,0x000000077d0102f0,0x000000077d2c0000)
Event: 486.135 GC heap after
Heap after GC invocations=908 (full 449):
 PSYoungGen      total 94592K, used 0K [0x00000007d5ab0000, 0x00000007db740000, 0x0000000800000000)
  eden space 94400K, 0% used [0x00000007d5ab0000,0x00000007d5ab0000,0x00000007db6e0000)
  from space 192K, 0% used [0x00000007db6e0000,0x00000007db6e0000,0x00000007db710000)
  to   space 192K, 0% used [0x00000007db710000,0x00000007db710000,0x00000007db740000)
 ParOldGen       total 86720K, used 10717K [0x0000000781000000, 0x00000007864b0000, 0x00000007d5ab0000)
  object space 86720K, 12% used [0x0000000781000000,0x0000000781a77420,0x00000007864b0000)
 PSPermGen       total 21248K, used 18496K [0x000000077be00000, 0x000000077d2c0000, 0x0000000781000000)
  object space 21248K, 87% used [0x000000077be00000,0x000000077d0102f0,0x000000077d2c0000)
}
Event: 486.136 GC heap before
{Heap before GC invocations=909 (full 449):
 PSYoungGen      total 94592K, used 1848K [0x00000007d5ab0000, 0x00000007db740000, 0x0000000800000000)
  eden space 94400K, 1% used [0x00000007d5ab0000,0x00000007d5c7e2b0,0x00000007db6e0000)
  from space 192K, 0% used [0x00000007db6e0000,0x00000007db6e0000,0x00000007db710000)
  to   space 192K, 0% used [0x00000007db710000,0x00000007db710000,0x00000007db740000)
 ParOldGen       total 86720K, used 10717K [0x0000000781000000, 0x00000007864b0000, 0x00000007d5ab0000)
  object space 86720K, 12% used [0x0000000781000000,0x0000000781a77420,0x00000007864b0000)
 PSPermGen       total 21248K, used 18496K [0x000000077be00000, 0x000000077d2c0000, 0x0000000781000000)
  object space 21248K, 87% used [0x000000077be00000,0x000000077d0102f0,0x000000077d2c0000)
Event: 486.208 GC heap after
Heap after GC invocations=909 (full 449):
 PSYoungGen      total 94592K, used 32K [0x00000007d5ab0000, 0x00000007db740000, 0x0000000800000000)
  eden space 94400K, 0% used [0x00000007d5ab0000,0x00000007d5ab0000,0x00000007db6e0000)
  from space 192K, 16% used [0x00000007db710000,0x00000007db718000,0x00000007db740000)
  to   space 192K, 0% used [0x00000007db6e0000,0x00000007db6e0000,0x00000007db710000)
 ParOldGen       total 86720K, used 10717K [0x0000000781000000, 0x00000007864b0000, 0x00000007d5ab0000)
  object space 86720K, 12% used [0x0000000781000000,0x0000000781a77420,0x00000007864b0000)
 PSPermGen       total 21248K, used 18496K [0x000000077be00000, 0x000000077d2c0000, 0x0000000781000000)
  object space 21248K, 87% used [0x000000077be00000,0x000000077d0102f0,0x000000077d2c0000)
}
Event: 486.208 GC heap before
{Heap before GC invocations=910 (full 450):
 PSYoungGen      total 94592K, used 32K [0x00000007d5ab0000, 0x00000007db740000, 0x0000000800000000)
  eden space 94400K, 0% used [0x00000007d5ab0000,0x00000007d5ab0000,0x00000007db6e0000)
  from space 192K, 16% used [0x00000007db710000,0x00000007db718000,0x00000007db740000)
  to   space 192K, 0% used [0x00000007db6e0000,0x00000007db6e0000,0x00000007db710000)
 ParOldGen       total 86720K, used 10717K [0x0000000781000000, 0x00000007864b0000, 0x00000007d5ab0000)
  object space 86720K, 12% used [0x0000000781000000,0x0000000781a77420,0x00000007864b0000)
 PSPermGen       total 21248K, used 18496K [0x000000077be00000, 0x000000077d2c0000, 0x0000000781000000)
  object space 21248K, 87% used [0x000000077be00000,0x000000077d0102f0,0x000000077d2c0000)
Event: 486.482 GC heap after
Heap after GC invocations=910 (full 450):
 PSYoungGen      total 94592K, used 0K [0x00000007d5ab0000, 0x00000007db740000, 0x0000000800000000)
  eden space 94400K, 0% used [0x00000007d5ab0000,0x00000007d5ab0000,0x00000007db6e0000)
  from space 192K, 0% used [0x00000007db710000,0x00000007db710000,0x00000007db740000)
  to   space 192K, 0% used [0x00000007db6e0000,0x00000007db6e0000,0x00000007db710000)
 ParOldGen       total 86720K, used 10706K [0x0000000781000000, 0x00000007864b0000, 0x00000007d5ab0000)
  object space 86720K, 12% used [0x0000000781000000,0x0000000781a74a98,0x00000007864b0000)
 PSPermGen       total 21248K, used 18496K [0x000000077be00000, 0x000000077d2c0000, 0x0000000781000000)
  object space 21248K, 87% used [0x000000077be00000,0x000000077d0102f0,0x000000077d2c0000)
}
Event: 4125.465 GC heap before
{Heap before GC invocations=911 (full 450):
 PSYoungGen      total 94592K, used 35962K [0x00000007d5ab0000, 0x00000007db740000, 0x0000000800000000)
  eden space 94400K, 38% used [0x00000007d5ab0000,0x00000007d7dce808,0x00000007db6e0000)
  from space 192K, 0% used [0x00000007db710000,0x00000007db710000,0x00000007db740000)
  to   space 192K, 0% used [0x00000007db6e0000,0x00000007db6e0000,0x00000007db710000)
 ParOldGen       total 86720K, used 10706K [0x0000000781000000, 0x00000007864b0000, 0x00000007d5ab0000)
  object space 86720K, 12% used [0x0000000781000000,0x0000000781a74a98,0x00000007864b0000)
 PSPermGen       total 21248K, used 18510K [0x000000077be00000, 0x000000077d2c0000, 0x0000000781000000)
  object space 21248K, 87% used [0x000000077be00000,0x000000077d013840,0x000000077d2c0000)
Event: 4125.468 GC heap after
Heap after GC invocations=911 (full 450):
 PSYoungGen      total 94592K, used 190K [0x00000007d5ab0000, 0x00000007db760000, 0x0000000800000000)
  eden space 94400K, 0% used [0x00000007d5ab0000,0x00000007d5ab0000,0x00000007db6e0000)
  from space 192K, 99% used [0x00000007db6e0000,0x00000007db70faa8,0x00000007db710000)
  to   space 256K, 0% used [0x00000007db720000,0x00000007db720000,0x00000007db760000)
 ParOldGen       total 86720K, used 10892K [0x0000000781000000, 0x00000007864b0000, 0x00000007d5ab0000)
  object space 86720K, 12% used [0x0000000781000000,0x0000000781aa3048,0x00000007864b0000)
 PSPermGen       total 21248K, used 18510K [0x000000077be00000, 0x000000077d2c0000, 0x0000000781000000)
  object space 21248K, 87% used [0x000000077be00000,0x000000077d013840,0x000000077d2c0000)
}
Event: 4125.468 GC heap before
{Heap before GC invocations=912 (full 451):
 PSYoungGen      total 94592K, used 190K [0x00000007d5ab0000, 0x00000007db760000, 0x0000000800000000)
  eden space 94400K, 0% used [0x00000007d5ab0000,0x00000007d5ab0000,0x00000007db6e0000)
  from space 192K, 99% used [0x00000007db6e0000,0x00000007db70faa8,0x00000007db710000)
  to   space 256K, 0% used [0x00000007db720000,0x00000007db720000,0x00000007db760000)
 ParOldGen       total 86720K, used 10892K [0x0000000781000000, 0x00000007864b0000, 0x00000007d5ab0000)
  object space 86720K, 12% used [0x0000000781000000,0x0000000781aa3048,0x00000007864b0000)
 PSPermGen       total 21248K, used 18510K [0x000000077be00000, 0x000000077d2c0000, 0x0000000781000000)
  object space 21248K, 87% used [0x000000077be00000,0x000000077d013840,0x000000077d2c0000)

Deoptimization events (0 events):
No events

Internal exceptions (10 events):
Event: 126.367 Thread 0x000000000e902000 Threw 0x00000007d6cac430 at C:\jdk7u1_64p\jdk7u11\hotspot\src\share\vm\prims\jvm.cpp:1166
Event: 134.780 Thread 0x000000000e902000 Threw 0x00000007d5bcd608 at C:\jdk7u1_64p\jdk7u11\hotspot\src\share\vm\prims\jvm.cpp:1166
Event: 134.781 Thread 0x000000000e902000 Threw 0x00000007d5bcff28 at C:\jdk7u1_64p\jdk7u11\hotspot\src\share\vm\prims\jvm.cpp:1166
Event: 136.242 Thread 0x000000000e902000 Threw 0x00000007d5c0f4c0 at C:\jdk7u1_64p\jdk7u11\hotspot\src\share\vm\prims\jvm.cpp:1166
Event: 137.396 Thread 0x000000000e902000 Threw 0x00000007d5c39f40 at C:\jdk7u1_64p\jdk7u11\hotspot\src\share\vm\prims\jvm.cpp:1166
Event: 137.415 Thread 0x000000000e902000 Threw 0x00000007d5c4c3b0 at C:\jdk7u1_64p\jdk7u11\hotspot\src\share\vm\prims\jvm.cpp:1166
Event: 137.450 Thread 0x000000000e902000 Threw 0x00000007d5c61200 at C:\jdk7u1_64p\jdk7u11\hotspot\src\share\vm\prims\jvm.cpp:1166
Event: 138.152 Thread 0x000000000e902000 Threw 0x00000007d5c7a038 at C:\jdk7u1_64p\jdk7u11\hotspot\src\share\vm\prims\jvm.cpp:1166
Event: 148.075 Thread 0x000000000e902000 Threw 0x00000007d5ab8cb0 at C:\jdk7u1_64p\jdk7u11\hotspot\src\share\vm\prims\jvm.cpp:1166
Event: 222.357 Thread 0x000000000e902000 Threw 0x00000007d5c7cd28 at C:\jdk7u1_64p\jdk7u11\hotspot\src\share\vm\prims\jvm.cpp:1166

Events (10 events):
Event: 4123.001 Executing VM operation: GetOrSetLocal done
Event: 4124.220 Executing VM operation: GetOrSetLocal
Event: 4124.220 Executing VM operation: GetOrSetLocal done
Event: 4125.463 Executing VM operation: GetCurrentLocation
Event: 4125.463 Executing VM operation: GetCurrentLocation done
Event: 4125.463 Executing VM operation: ChangeSingleStep
Event: 4125.463 Executing VM operation: ChangeSingleStep done
Event: 4125.465 Executing VM operation: ChangeSingleStep
Event: 4125.465 Executing VM operation: ChangeSingleStep done
Event: 4125.465 Executing VM operation: ParallelGCSystemGC


Dynamic libraries:
0x000000013f310000 - 0x000000013f343000 	C:\Program Files\Java\jdk1.7.0_11\bin\java.exe
0x0000000077550000 - 0x00000000776f9000 	C:\Windows\SYSTEM32\ntdll.dll
0x0000000077430000 - 0x000000007754f000 	C:\Windows\system32\kernel32.dll
0x000007fefd330000 - 0x000007fefd39c000 	C:\Windows\system32\KERNELBASE.dll
0x000007fefed70000 - 0x000007fefee4b000 	C:\Windows\system32\ADVAPI32.dll
0x000007feff270000 - 0x000007feff30f000 	C:\Windows\system32\msvcrt.dll
0x000007feff840000 - 0x000007feff85f000 	C:\Windows\SYSTEM32\sechost.dll
0x000007fefee50000 - 0x000007fefef7d000 	C:\Windows\system32\RPCRT4.dll
0x0000000077330000 - 0x000000007742a000 	C:\Windows\system32\USER32.dll
0x000007feff020000 - 0x000007feff087000 	C:\Windows\system32\GDI32.dll
0x000007feff5e0000 - 0x000007feff5ee000 	C:\Windows\system32\LPK.dll
0x000007feff1a0000 - 0x000007feff269000 	C:\Windows\system32\USP10.dll
0x000007fefbc50000 - 0x000007fefbe44000 	C:\Windows\WinSxS\amd64_microsoft.windows.common-controls_6595b64144ccf1df_6.0.7601.17514_none_fa396087175ac9ac\COMCTL32.dll
0x000007fefecf0000 - 0x000007fefed61000 	C:\Windows\system32\SHLWAPI.dll
0x000007fefe860000 - 0x000007fefe88e000 	C:\Windows\system32\IMM32.DLL
0x000007feff090000 - 0x000007feff199000 	C:\Windows\system32\MSCTF.dll
0x0000000050590000 - 0x0000000050661000 	C:\Program Files\Java\jdk1.7.0_11\jre\bin\msvcr100.dll
0x00000000778e0000 - 0x0000000077fff000 	C:\Program Files\Java\jdk1.7.0_11\jre\bin\server\jvm.dll
0x000007fefab60000 - 0x000007fefab69000 	C:\Windows\system32\WSOCK32.dll
0x000007fefda80000 - 0x000007fefdacd000 	C:\Windows\system32\WS2_32.dll
0x000007fefd7b0000 - 0x000007fefd7b8000 	C:\Windows\system32\NSI.dll
0x000007fefb750000 - 0x000007fefb78b000 	C:\Windows\system32\WINMM.dll
0x0000000077720000 - 0x0000000077727000 	C:\Windows\system32\PSAPI.DLL
0x0000000074940000 - 0x000000007497f000 	C:\Program Files\Java\jdk1.7.0_11\jre\bin\splashscreen.dll
0x000007fefb6f0000 - 0x000007fefb746000 	C:\Windows\system32\uxtheme.dll
0x0000000074930000 - 0x000000007493f000 	C:\Program Files\Java\jdk1.7.0_11\jre\bin\verify.dll
0x0000000054d70000 - 0x0000000054d98000 	C:\Program Files\Java\jdk1.7.0_11\jre\bin\java.dll
0x000000006ce50000 - 0x000000006ce85000 	C:\Program Files\Java\jdk1.7.0_11\jre\bin\jdwp.dll
0x00000000658e0000 - 0x00000000658e8000 	C:\Program Files\Java\jdk1.7.0_11\jre\bin\npt.dll
0x0000000051ef0000 - 0x0000000051f05000 	C:\Program Files\Java\jdk1.7.0_11\jre\bin\zip.dll
0x0000000180000000 - 0x00000001800eb000 	C:\Program Files\Hewlett-Packard\HP ProtectTools Security Manager\Bin\DpoFeedb.dll
0x000007fefd6d0000 - 0x000007fefd7a7000 	C:\Windows\system32\OLEAUT32.dll
0x000007fefe890000 - 0x000007fefea93000 	C:\Windows\system32\ole32.dll
0x000007fefc600000 - 0x000007fefc60c000 	C:\Windows\system32\VERSION.dll
0x000007fefd540000 - 0x000007fefd55e000 	C:\Windows\system32\USERENV.dll
0x000007fefd320000 - 0x000007fefd32f000 	C:\Windows\system32\profapi.dll
0x000007fefd170000 - 0x000007fefd17f000 	C:\Windows\system32\CRYPTBASE.dll
0x000007feead80000 - 0x000007feeadb1000 	C:\Program Files\Hewlett-Packard\HP ProtectTools Security Manager\Bin\DpoSet.dll
0x0000000063710000 - 0x00000000637e3000 	C:\Windows\WinSxS\amd64_microsoft.vc90.crt_1fc8b3b9a1e18e3b_9.0.30729.6161_none_08e61857a83bc251\MSVCP90.dll
0x0000000073120000 - 0x00000000731c3000 	C:\Windows\WinSxS\amd64_microsoft.vc90.crt_1fc8b3b9a1e18e3b_9.0.30729.6161_none_08e61857a83bc251\MSVCR90.dll
0x0000000051e50000 - 0x0000000051e5b000 	C:\Program Files\Java\jdk1.7.0_11\jre\bin\dt_shmem.dll
0x00000000503f0000 - 0x0000000050583000 	C:\Program Files\Java\jdk1.7.0_11\jre\bin\awt.dll
0x000007fefafb0000 - 0x000007fefafc8000 	C:\Windows\system32\dwmapi.dll
0x000007fefdad0000 - 0x000007fefe858000 	C:\Windows\system32\SHELL32.dll
0x0000000051e70000 - 0x0000000051ea4000 	C:\Program Files\Java\jdk1.7.0_11\jre\bin\fontmanager.dll
0x0000000051ed0000 - 0x0000000051ee9000 	C:\Program Files\Java\jdk1.7.0_11\jre\bin\net.dll
0x000007fefcab0000 - 0x000007fefcb05000 	C:\Windows\system32\mswsock.dll
0x000007fefcaa0000 - 0x000007fefcaa7000 	C:\Windows\System32\wship6.dll
0x0000000051eb0000 - 0x0000000051ec1000 	C:\Program Files\Java\jdk1.7.0_11\jre\bin\nio.dll
0x00000000506a0000 - 0x00000000506d0000 	C:\Program Files\Java\jdk1.7.0_11\jre\bin\jpeg.dll
0x0000000050700000 - 0x0000000050741000 	C:\Program Files\Java\jdk1.7.0_11\jre\bin\t2k.dll
0x000007feff7a0000 - 0x000007feff839000 	C:\Windows\system32\CLBCatQ.DLL
0x000007fefab70000 - 0x000007fefacd1000 	C:\Windows\system32\WindowsCodecs.dll
0x000007fefd110000 - 0x000007fefd167000 	C:\Windows\system32\apphelp.dll
0x000007fef1630000 - 0x000007fef186d000 	C:\PROGRA~1\MIF5BA~1\Office15\GROOVEEX.DLL
0x00000000679d0000 - 0x0000000067a68000 	C:\Windows\system32\MSVCP100.dll
0x0000000064f30000 - 0x0000000064f5b000 	C:\Windows\system32\ATL100.DLL
0x000007fef04c0000 - 0x000007fef07dd000 	C:\Windows\system32\msi.dll
0x000007feef730000 - 0x000007feeffbc000 	C:\PROGRA~1\MIF5BA~1\Office15\1036\GrooveIntlResource.dll
0x0000000064fb0000 - 0x0000000064fc6000 	C:\Program Files\Common Files\TortoiseOverlays\TortoiseOverlays.dll
0x0000000068170000 - 0x0000000068180000 	C:\Program Files\TortoiseSVN\bin\TortoiseStub.dll
0x0000000066c10000 - 0x0000000066c8b000 	C:\Program Files\TortoiseSVN\bin\TortoiseSVN.dll
0x000007fefeaa0000 - 0x000007fefeceb000 	C:\Windows\system32\WININET.dll
0x000007fefd4d0000 - 0x000007fefd4d4000 	C:\Windows\system32\api-ms-win-downlevel-user32-l1-1-0.dll
0x000007fefd460000 - 0x000007fefd464000 	C:\Windows\system32\api-ms-win-downlevel-shlwapi-l1-1-0.dll
0x000007fefd4c0000 - 0x000007fefd4c4000 	C:\Windows\system32\api-ms-win-downlevel-version-l1-1-0.dll
0x000007fefd450000 - 0x000007fefd453000 	C:\Windows\system32\api-ms-win-downlevel-normaliz-l1-1-0.dll
0x0000000077710000 - 0x0000000077713000 	C:\Windows\system32\normaliz.DLL
0x000007feff310000 - 0x000007feff5d7000 	C:\Windows\system32\iertutil.dll
0x000007fefd4b0000 - 0x000007fefd4b5000 	C:\Windows\system32\api-ms-win-downlevel-advapi32-l1-1-0.dll
0x000007fef3f30000 - 0x000007fef431d000 	C:\Program Files\TortoiseSVN\bin\libsvn_tsvn.dll
0x0000000066be0000 - 0x0000000066c0b000 	C:\Program Files\TortoiseSVN\bin\libapr_tsvn.dll
0x0000000066b90000 - 0x0000000066bd1000 	C:\Program Files\TortoiseSVN\bin\libaprutil_tsvn.dll
0x000007fefd840000 - 0x000007fefd892000 	C:\Windows\system32\WLDAP32.dll
0x000007fef4890000 - 0x000007fef48a0000 	C:\Program Files\TortoiseSVN\bin\intl3_tsvn.dll
0x000007fef3f10000 - 0x000007fef3f2a000 	C:\Program Files\TortoiseSVN\bin\libsasl.dll
0x000007fefcf20000 - 0x000007fefcf2b000 	C:\Windows\system32\Secur32.dll
0x000007fefd0d0000 - 0x000007fefd0f5000 	C:\Windows\system32\SSPICLI.DLL
0x000007fefd560000 - 0x000007fefd6cc000 	C:\Windows\system32\CRYPT32.dll
0x000007fefd310000 - 0x000007fefd31f000 	C:\Windows\system32\MSASN1.dll
0x000007fef1bd0000 - 0x000007fef1c05000 	C:\Windows\system32\EhStorShell.dll
0x000007fefd8a0000 - 0x000007fefda77000 	C:\Windows\system32\SETUPAPI.dll
0x000007fefd4e0000 - 0x000007fefd516000 	C:\Windows\system32\CFGMGR32.dll
0x000007fefd520000 - 0x000007fefd53a000 	C:\Windows\system32\DEVOBJ.dll
0x000007fefb870000 - 0x000007fefb99c000 	C:\Windows\system32\PROPSYS.dll
0x000007feef0c0000 - 0x000007feef72f000 	C:\PROGRA~1\MIF5BA~1\Office14\GROOVEEX.DLL
0x0000000064e40000 - 0x0000000064e6f000 	C:\Windows\WinSxS\amd64_microsoft.vc90.atl_1fc8b3b9a1e18e3b_9.0.30729.6161_none_0a1fd3a3a768b895\ATL90.DLL
0x000007fef1210000 - 0x000007fef162a000 	C:\PROGRA~1\COMMON~1\MICROS~1\OFFICE14\Cultures\office.odf
0x000007fef0980000 - 0x000007fef1208000 	C:\PROGRA~1\MIF5BA~1\Office14\1036\GrooveIntlResource.dll
0x00000000778b0000 - 0x00000000778da000 	C:\Program Files\Java\jdk1.7.0_11\jre\bin\dcpr.dll
0x000007fee3aa0000 - 0x000007fee3b3e000 	C:\Windows\system32\RICHED20.DLL
0x000007fef6f80000 - 0x000007fef70a5000 	C:\Windows\system32\dbghelp.dll

VM Arguments:
jvm_args: -Xdebug -Xrunjdwp:transport=dt_shmem,address=javadebug -Dfile.encoding=UTF-8 
java_command: marcadministrationclient.MainJFrame
Launcher Type: SUN_STANDARD

Environment Variables:
PATH=C:\Program Files (x86)\ImageMagick-6.8.7-Q16;C:\Program Files\Common Files\Microsoft Shared\Windows Live;C:\Program Files (x86)\AMD APP\bin\x86_64;C:\Program Files (x86)\AMD APP\bin\x86;C:\Windows\system32;C:\Windows;C:\Windows\System32\Wbem;C:\Program Files (x86)\ATI Technologies\ATI.ACE\Core-Static;C:\Windows\System32\WindowsPowerShell\v1.0\;C:\Program Files\Microsoft\Web Platform Installer\;C:\Program Files (x86)\Microsoft ASP.NET\ASP.NET Web Pages\v1.0\;C:\Program Files\Microsoft SQL Server\110\Tools\Binn\;C:\Program Files (x86)\Microsoft SQL Server\90\Tools\binn\;C:\Windows\System32\WindowsPowerShell\v1.0\;C:\Program Files\TortoiseSVN\bin;C:\Program Files (x86)\Windows Kits\8.1\Windows Performance Toolkit\;C:\Program Files (x86)\Microsoft SDKs\TypeScript\1.0\;C:\Program Files\Common Files\Microsoft Shared\Windows Live;C:\Program Files (x86)\CMake 2.8\bin
USERNAME=patrice
OS=Windows_NT
PROCESSOR_IDENTIFIER=Intel64 Family 6 Model 42 Stepping 7, GenuineIntel



---------------  S Y S T E M  ---------------

OS: Windows 7 , 64 bit Build 7601 Service Pack 1

CPU:total 2 (2 cores per cpu, 2 threads per core) family 6 model 42 stepping 7, cmov, cx8, fxsr, mmx, sse, sse2, sse3, ssse3, sse4.1, sse4.2, popcnt, avx, ht, tsc, tscinvbit

Memory: 4k page, physical 8321392k(3321460k free), swap 16640920k(10536564k free)

vm_info: Java HotSpot(TM) 64-Bit Server VM (23.6-b04) for windows-amd64 JRE (1.7.0_11-b21), built on Jan 12 2013 02:38:42 by "java_re" with unknown MS VC++:1600

time: Sat Dec 06 14:02:14 2014
elapsed time: 4125 seconds

