#
# A fatal error has been detected by the Java Runtime Environment:
#
#  EXCEPTION_ACCESS_VIOLATION (0xc0000005) at pc=0x000000006b8053b0, pid=8868, tid=7340
#
# JRE version: 7.0_11-b21
# Java VM: Java HotSpot(TM) 64-Bit Server VM (23.6-b04 mixed mode windows-amd64 compressed oops)
# Problematic frame:
# V  [jvm.dll+0x253b0]
#
# Failed to write core dump. Minidumps are not enabled by default on client versions of Windows
#
# If you would like to submit a bug report, please visit:
#   http://bugreport.sun.com/bugreport/crash.jsp
#

---------------  T H R E A D  ---------------

Current thread (0x000000000218c800):  GCTaskThread [stack: 0x00000000060d0000,0x00000000061d0000] [id=7340]

siginfo: ExceptionCode=0xc0000005, reading address 0x0000000000000040

Registers:
RAX=0x0000000000000002, RBX=0x00000007d5befcf0, RCX=0x00000007d5befcf0, RDX=0x0000000000000038
RSP=0x00000000061cefe8, RBP=0x0000000000000008, RSI=0x0000000002631ce0, RDI=0x0000000000000005
R8 =0xfffffffffffffffb, R9 =0x000000006bd380b8, R10=0x0000000000000000, R11=0x00000000061cf1a8
R12=0x0000000000000008, R13=0x000000010000007a, R14=0x00000000061cf100, R15=0x000000000218d0e0
RIP=0x000000006b8053b0, EFLAGS=0x0000000000010202

Top of Stack: (sp=0x00000000061cefe8)
0x00000000061cefe8:   000000006bb422c6 000000000000005d
0x00000000061ceff8:   0000000000000001 00000000061ceeb0
0x00000000061cf008:   000000000218d0e0 000000000f14c000
0x00000000061cf018:   000000006b990b05 000000000218d130
0x00000000061cf028:   00000000102d90f8 00000000061cf190
0x00000000061cf038:   00000000061cf128 0000000000000008
0x00000000061cf048:   000000006bb44e24 000000000d9cf248
0x00000000061cf058:   0000000000000008 0000000000000023
0x00000000061cf068:   0000000000000005 0000000000000020
0x00000000061cf078:   000000006b8631fe 0000000000000020
0x00000000061cf088:   000000006b89cd1b 000000000f1515a8
0x00000000061cf098:   000000000f1515b0 0000000000000043
0x00000000061cf0a8:   00000000061cf600 00000000061cf2c0
0x00000000061cf0b8:   000000006b98b2bf 000000000f599000
0x00000000061cf0c8:   000000000f1515a8 00000000061cf1c0
0x00000000061cf0d8:   00000000061cf5e0 0000000583000001 

Instructions: (pc=0x000000006b8053b0)
0x000000006b805390:   0d 44 0f b7 c0 48 83 c1 48 e8 d8 7d 4c 00 48 83
0x000000006b8053a0:   c4 28 c3 cc cc cc cc cc cc cc cc cc cc cc cc cc
0x000000006b8053b0:   44 8b 42 08 4c 8b ca 45 85 c0 7e 0e 41 f6 c0 01
0x000000006b8053c0:   75 57 41 c1 f8 03 41 8b c0 c3 79 4d 80 3d 15 69 


Register to memory mapping:

RAX=0x0000000000000002 is an unknown value
RBX=0x00000007d5befcf0 is an unknown value
RCX=0x00000007d5befcf0 is an unknown value
RDX=0x0000000000000038 is an unknown value
RSP=0x00000000061cefe8 is an unknown value
RBP=0x0000000000000008 is an unknown value
RSI=0x0000000002631ce0 is an unknown value
RDI=0x0000000000000005 is an unknown value
R8 =0xfffffffffffffffb is an unknown value
R9 =0x000000006bd380b8 is an unknown value
R10=0x0000000000000000 is an unknown value
R11=0x00000000061cf1a8 is an unknown value
R12=0x0000000000000008 is an unknown value
R13=0x000000010000007a is an unknown value
R14=0x00000000061cf100 is an unknown value
R15=0x000000000218d0e0 is an unknown value


Stack: [0x00000000060d0000,0x00000000061d0000],  sp=0x00000000061cefe8,  free space=1019k
Native frames: (J=compiled Java code, j=interpreted, Vv=VM code, C=native code)
V  [jvm.dll+0x253b0]

[error occurred during error reporting (printing native stack), id 0xc0000005]

JavaThread 0x000000000f599000 (nid = 4104) was being processed
Java frames: (J=compiled Java code, j=interpreted, Vv=VM code)
j  sun.misc.Unsafe.park(ZJ)V+0
j  java.util.concurrent.locks.LockSupport.park(Ljava/lang/Object;)V+14
j  java.util.concurrent.locks.AbstractQueuedSynchronizer.parkAndCheckInterrupt()Z+1
j  java.util.concurrent.locks.AbstractQueuedSynchronizer.acquireQueued(Ljava/util/concurrent/locks/AbstractQueuedSynchronizer$Node;I)Z+67
j  java.util.concurrent.locks.AbstractQueuedSynchronizer$ConditionObject.awaitNanos(J)J+112
j  java.util.concurrent.DelayQueue.take()Ljava/util/concurrent/Delayed;+132
j  javax.swing.TimerQueue.run()V+20
j  java.lang.Thread.run()V+11
v  ~StubRoutines::call_stub

---------------  P R O C E S S  ---------------

Java Threads: ( => current thread )
  0x000000000f59d000 JavaThread "SwingWorker-pool-1-thread-10" daemon [_thread_blocked, id=9984, stack(0x0000000012ef0000,0x0000000012ff0000)]
  0x000000000f59c800 JavaThread "SwingWorker-pool-1-thread-9" daemon [_thread_blocked, id=9964, stack(0x0000000012d60000,0x0000000012e60000)]
  0x000000000f59b800 JavaThread "SwingWorker-pool-1-thread-8" daemon [_thread_blocked, id=9904, stack(0x000000000dfe0000,0x000000000e0e0000)]
  0x000000000f59b000 JavaThread "SwingWorker-pool-1-thread-7" daemon [_thread_blocked, id=9868, stack(0x0000000012b50000,0x0000000012c50000)]
  0x000000000f59a000 JavaThread "SwingWorker-pool-1-thread-6" daemon [_thread_blocked, id=9836, stack(0x0000000012a40000,0x0000000012b40000)]
  0x000000000fb67800 JavaThread "SwingWorker-pool-1-thread-5" daemon [_thread_blocked, id=8940, stack(0x00000000127f0000,0x00000000128f0000)]
  0x000000000f14c800 JavaThread "SwingWorker-pool-1-thread-4" daemon [_thread_blocked, id=8116, stack(0x000000000fa60000,0x000000000fb60000)]
  0x000000000fd9d800 JavaThread "SwingWorker-pool-1-thread-3" daemon [_thread_blocked, id=9800, stack(0x000000000e0e0000,0x000000000e1e0000)]
  0x000000000fc20800 JavaThread "SwingWorker-pool-1-thread-2" daemon [_thread_blocked, id=3776, stack(0x000000000dee0000,0x000000000dfe0000)]
  0x000000001050a800 JavaThread "SwingWorker-pool-1-thread-1" daemon [_thread_blocked, id=8492, stack(0x000000000dd50000,0x000000000de50000)]
  0x000000000ee8a800 JavaThread "org.netbeans.modules.debugger.jpda.visual AWT Access Loop" daemon [_thread_blocked, id=1512, stack(0x000000000f610000,0x000000000f710000)]
  0x000000000f599000 JavaThread "TimerQueue" daemon [_thread_blocked, id=4104, stack(0x000000000d8d0000,0x000000000d9d0000)]
  0x000000000228f000 JavaThread "DestroyJavaVM" [_thread_blocked, id=5500, stack(0x00000000026e0000,0x00000000027e0000)]
  0x000000000ee32000 JavaThread "AWT-EventQueue-0" [_thread_blocked, id=9112, stack(0x000000000eb00000,0x000000000ec00000)]
  0x000000000c931800 JavaThread "AWT-Windows" daemon [_thread_in_native, id=1796, stack(0x000000000ecd0000,0x000000000edd0000)]
  0x000000000c930800 JavaThread "AWT-Shutdown" [_thread_blocked, id=8956, stack(0x000000000e1f0000,0x000000000e2f0000)]
  0x000000000c930000 JavaThread "Java2D Disposer" daemon [_thread_blocked, id=8464, stack(0x000000000e9f0000,0x000000000eaf0000)]
  0x000000000c697800 JavaThread "Service Thread" daemon [_thread_blocked, id=6764, stack(0x000000000e6a0000,0x000000000e7a0000)]
  0x000000000c68f000 JavaThread "C2 CompilerThread1" daemon [_thread_blocked, id=5160, stack(0x000000000e4b0000,0x000000000e5b0000)]
  0x000000000c68b800 JavaThread "C2 CompilerThread0" daemon [_thread_blocked, id=3692, stack(0x000000000e350000,0x000000000e450000)]
  0x000000000c680000 JavaThread "JDWP Command Reader" daemon [_thread_blocked, id=2436, stack(0x000000000db70000,0x000000000dc70000)]
  0x000000000c677000 JavaThread "JDWP Event Helper Thread" daemon [_thread_blocked, id=3612, stack(0x000000000d9d0000,0x000000000dad0000)]
  0x000000000c666000 JavaThread "JDWP Transport Listener: dt_shmem" daemon [_thread_blocked, id=2764, stack(0x000000000d7d0000,0x000000000d8d0000)]
  0x00000000026cb800 JavaThread "Attach Listener" daemon [_thread_blocked, id=7336, stack(0x000000000d5f0000,0x000000000d6f0000)]
  0x00000000026ca000 JavaThread "Signal Dispatcher" daemon [_thread_blocked, id=7832, stack(0x000000000d3d0000,0x000000000d4d0000)]
  0x0000000002641800 JavaThread "Finalizer" daemon [_thread_blocked, id=3492, stack(0x000000000c2f0000,0x000000000c3f0000)]
  0x000000000263e000 JavaThread "Reference Handler" daemon [_thread_blocked, id=8572, stack(0x000000000c150000,0x000000000c250000)]

Other Threads:
  0x0000000002636000 VMThread [stack: 0x000000000c010000,0x000000000c110000] [id=5368]
  0x000000000c6a0800 WatcherThread [stack: 0x000000000e820000,0x000000000e920000] [id=3952]

=>0x000000000218c800 (exited) GCTaskThread [stack: 0x00000000060d0000,0x00000000061d0000] [id=7340]

VM state:at safepoint (normal execution)

VM Mutex/Monitor currently owned by a thread:  ([mutex/lock_event])
[0x000000000228c010] Threads_lock - owner thread: 0x0000000002636000
[0x000000000228c510] Heap_lock - owner thread: 0x000000000ee32000

Heap
 PSYoungGen      total 37952K, used 32576K [0x00000007d5ab0000, 0x00000007d8500000, 0x0000000800000000)
  eden space 32576K, 100% used [0x00000007d5ab0000,0x00000007d7a80000,0x00000007d7a80000)
  from space 5376K, 0% used [0x00000007d7fc0000,0x00000007d7fc0000,0x00000007d8500000)
  to   space 5376K, 7% used [0x00000007d7a80000,0x00000007d7ae0000,0x00000007d7fc0000)
 ParOldGen       total 86720K, used 10653K [0x0000000781000000, 0x00000007864b0000, 0x00000007d5ab0000)
  object space 86720K, 12% used [0x0000000781000000,0x0000000781a676e0,0x00000007864b0000)
 PSPermGen       total 21248K, used 18580K [0x000000077be00000, 0x000000077d2c0000, 0x0000000781000000)
  object space 21248K, 87% used [0x000000077be00000,0x000000077d025160,0x000000077d2c0000)

Card table byte_map: [0x00000000058a0000,0x0000000005cd0000] byte_map_base: 0x0000000001cc1000

Polling page: 0x0000000000230000

Code Cache  [0x00000000027e0000, 0x0000000002a50000, 0x00000000057e0000)
 total_blobs=1139 nmethods=659 adapters=439 free_code_cache=46824Kb largest_free_block=47894080

Compilation events (10 events):
Event: 983.736 Thread 0x000000000c68f000  669             java.awt.geom.Path2D$Float::needRoom (123 bytes)
Event: 983.740 Thread 0x000000000c68f000 nmethod 669 0x0000000002a1c950 code [0x0000000002a1caa0, 0x0000000002a1ccd8]
Event: 983.974 Thread 0x000000000c68f000  670             java.awt.Container::countComponents (10 bytes)
Event: 983.975 Thread 0x000000000c68f000 nmethod 670 0x0000000002a0e390 code [0x0000000002a0e4e0, 0x0000000002a0e598]
Event: 987.198 Thread 0x000000000c68f000  671             java.lang.Math::ceil (5 bytes)
Event: 987.200 Thread 0x000000000c68f000 nmethod 671 0x0000000002a1c190 code [0x0000000002a1c300, 0x0000000002a1c3d8]
Event: 987.520 Thread 0x000000000c68f000  672             javax.swing.table.DefaultTableCellRenderer::firePropertyChange (52 bytes)
Event: 987.522 Thread 0x000000000c68f000 nmethod 672 0x0000000002a1c450 code [0x0000000002a1c5c0, 0x0000000002a1c718]
Event: 993.637 Thread 0x000000000c68f000  673             java.awt.image.DataBuffer::getOffset (5 bytes)
Event: 993.637 Thread 0x000000000c68f000 nmethod 673 0x0000000002a1ce50 code [0x0000000002a1cf80, 0x0000000002a1cfd8]

GC Heap History (10 events):
Event: 922.696 GC heap after
Heap after GC invocations=992 (full 494):
 PSYoungGen      total 37952K, used 0K [0x00000007d5ab0000, 0x00000007d8500000, 0x0000000800000000)
  eden space 32576K, 0% used [0x00000007d5ab0000,0x00000007d5ab0000,0x00000007d7a80000)
  from space 5376K, 0% used [0x00000007d7fc0000,0x00000007d7fc0000,0x00000007d8500000)
  to   space 5376K, 0% used [0x00000007d7a80000,0x00000007d7a80000,0x00000007d7fc0000)
 ParOldGen       total 86720K, used 10653K [0x0000000781000000, 0x00000007864b0000, 0x00000007d5ab0000)
  object space 86720K, 12% used [0x0000000781000000,0x0000000781a677c8,0x00000007864b0000)
 PSPermGen       total 21248K, used 18555K [0x000000077be00000, 0x000000077d2c0000, 0x0000000781000000)
  object space 21248K, 87% used [0x000000077be00000,0x000000077d01ef60,0x000000077d2c0000)
}
Event: 923.541 GC heap before
{Heap before GC invocations=993 (full 494):
 PSYoungGen      total 37952K, used 3198K [0x00000007d5ab0000, 0x00000007d8500000, 0x0000000800000000)
  eden space 32576K, 9% used [0x00000007d5ab0000,0x00000007d5dcf8a8,0x00000007d7a80000)
  from space 5376K, 0% used [0x00000007d7fc0000,0x00000007d7fc0000,0x00000007d8500000)
  to   space 5376K, 0% used [0x00000007d7a80000,0x00000007d7a80000,0x00000007d7fc0000)
 ParOldGen       total 86720K, used 10653K [0x0000000781000000, 0x00000007864b0000, 0x00000007d5ab0000)
  object space 86720K, 12% used [0x0000000781000000,0x0000000781a677c8,0x00000007864b0000)
 PSPermGen       total 21248K, used 18555K [0x000000077be00000, 0x000000077d2c0000, 0x0000000781000000)
  object space 21248K, 87% used [0x000000077be00000,0x000000077d01ef60,0x000000077d2c0000)
Event: 923.543 GC heap after
Heap after GC invocations=993 (full 494):
 PSYoungGen      total 37952K, used 96K [0x00000007d5ab0000, 0x00000007d8500000, 0x0000000800000000)
  eden space 32576K, 0% used [0x00000007d5ab0000,0x00000007d5ab0000,0x00000007d7a80000)
  from space 5376K, 1% used [0x00000007d7a80000,0x00000007d7a98000,0x00000007d7fc0000)
  to   space 5376K, 0% used [0x00000007d7fc0000,0x00000007d7fc0000,0x00000007d8500000)
 ParOldGen       total 86720K, used 10653K [0x0000000781000000, 0x00000007864b0000, 0x00000007d5ab0000)
  object space 86720K, 12% used [0x0000000781000000,0x0000000781a677c8,0x00000007864b0000)
 PSPermGen       total 21248K, used 18555K [0x000000077be00000, 0x000000077d2c0000, 0x0000000781000000)
  object space 21248K, 87% used [0x000000077be00000,0x000000077d01ef60,0x000000077d2c0000)
}
Event: 923.543 GC heap before
{Heap before GC invocations=994 (full 495):
 PSYoungGen      total 37952K, used 96K [0x00000007d5ab0000, 0x00000007d8500000, 0x0000000800000000)
  eden space 32576K, 0% used [0x00000007d5ab0000,0x00000007d5ab0000,0x00000007d7a80000)
  from space 5376K, 1% used [0x00000007d7a80000,0x00000007d7a98000,0x00000007d7fc0000)
  to   space 5376K, 0% used [0x00000007d7fc0000,0x00000007d7fc0000,0x00000007d8500000)
 ParOldGen       total 86720K, used 10653K [0x0000000781000000, 0x00000007864b0000, 0x00000007d5ab0000)
  object space 86720K, 12% used [0x0000000781000000,0x0000000781a677c8,0x00000007864b0000)
 PSPermGen       total 21248K, used 18555K [0x000000077be00000, 0x000000077d2c0000, 0x0000000781000000)
  object space 21248K, 87% used [0x000000077be00000,0x000000077d01ef60,0x000000077d2c0000)
Event: 923.620 GC heap after
Heap after GC invocations=994 (full 495):
 PSYoungGen      total 37952K, used 0K [0x00000007d5ab0000, 0x00000007d8500000, 0x0000000800000000)
  eden space 32576K, 0% used [0x00000007d5ab0000,0x00000007d5ab0000,0x00000007d7a80000)
  from space 5376K, 0% used [0x00000007d7a80000,0x00000007d7a80000,0x00000007d7fc0000)
  to   space 5376K, 0% used [0x00000007d7fc0000,0x00000007d7fc0000,0x00000007d8500000)
 ParOldGen       total 86720K, used 10663K [0x0000000781000000, 0x00000007864b0000, 0x00000007d5ab0000)
  object space 86720K, 12% used [0x0000000781000000,0x0000000781a69ed8,0x00000007864b0000)
 PSPermGen       total 21248K, used 18555K [0x000000077be00000, 0x000000077d2c0000, 0x0000000781000000)
  object space 21248K, 87% used [0x000000077be00000,0x000000077d01ef60,0x000000077d2c0000)
}
Event: 923.621 GC heap before
{Heap before GC invocations=995 (full 495):
 PSYoungGen      total 37952K, used 620K [0x00000007d5ab0000, 0x00000007d8500000, 0x0000000800000000)
  eden space 32576K, 1% used [0x00000007d5ab0000,0x00000007d5b4b290,0x00000007d7a80000)
  from space 5376K, 0% used [0x00000007d7a80000,0x00000007d7a80000,0x00000007d7fc0000)
  to   space 5376K, 0% used [0x00000007d7fc0000,0x00000007d7fc0000,0x00000007d8500000)
 ParOldGen       total 86720K, used 10663K [0x0000000781000000, 0x00000007864b0000, 0x00000007d5ab0000)
  object space 86720K, 12% used [0x0000000781000000,0x0000000781a69ed8,0x00000007864b0000)
 PSPermGen       total 21248K, used 18555K [0x000000077be00000, 0x000000077d2c0000, 0x0000000781000000)
  object space 21248K, 87% used [0x000000077be00000,0x000000077d01ef60,0x000000077d2c0000)
Event: 923.623 GC heap after
Heap after GC invocations=995 (full 495):
 PSYoungGen      total 37952K, used 32K [0x00000007d5ab0000, 0x00000007d8500000, 0x0000000800000000)
  eden space 32576K, 0% used [0x00000007d5ab0000,0x00000007d5ab0000,0x00000007d7a80000)
  from space 5376K, 0% used [0x00000007d7fc0000,0x00000007d7fc8000,0x00000007d8500000)
  to   space 5376K, 0% used [0x00000007d7a80000,0x00000007d7a80000,0x00000007d7fc0000)
 ParOldGen       total 86720K, used 10663K [0x0000000781000000, 0x00000007864b0000, 0x00000007d5ab0000)
  object space 86720K, 12% used [0x0000000781000000,0x0000000781a69ed8,0x00000007864b0000)
 PSPermGen       total 21248K, used 18555K [0x000000077be00000, 0x000000077d2c0000, 0x0000000781000000)
  object space 21248K, 87% used [0x000000077be00000,0x000000077d01ef60,0x000000077d2c0000)
}
Event: 923.623 GC heap before
{Heap before GC invocations=996 (full 496):
 PSYoungGen      total 37952K, used 32K [0x00000007d5ab0000, 0x00000007d8500000, 0x0000000800000000)
  eden space 32576K, 0% used [0x00000007d5ab0000,0x00000007d5ab0000,0x00000007d7a80000)
  from space 5376K, 0% used [0x00000007d7fc0000,0x00000007d7fc8000,0x00000007d8500000)
  to   space 5376K, 0% used [0x00000007d7a80000,0x00000007d7a80000,0x00000007d7fc0000)
 ParOldGen       total 86720K, used 10663K [0x0000000781000000, 0x00000007864b0000, 0x00000007d5ab0000)
  object space 86720K, 12% used [0x0000000781000000,0x0000000781a69ed8,0x00000007864b0000)
 PSPermGen       total 21248K, used 18555K [0x000000077be00000, 0x000000077d2c0000, 0x0000000781000000)
  object space 21248K, 87% used [0x000000077be00000,0x000000077d01ef60,0x000000077d2c0000)
Event: 923.697 GC heap after
Heap after GC invocations=996 (full 496):
 PSYoungGen      total 37952K, used 0K [0x00000007d5ab0000, 0x00000007d8500000, 0x0000000800000000)
  eden space 32576K, 0% used [0x00000007d5ab0000,0x00000007d5ab0000,0x00000007d7a80000)
  from space 5376K, 0% used [0x00000007d7fc0000,0x00000007d7fc0000,0x00000007d8500000)
  to   space 5376K, 0% used [0x00000007d7a80000,0x00000007d7a80000,0x00000007d7fc0000)
 ParOldGen       total 86720K, used 10653K [0x0000000781000000, 0x00000007864b0000, 0x00000007d5ab0000)
  object space 86720K, 12% used [0x0000000781000000,0x0000000781a676e0,0x00000007864b0000)
 PSPermGen       total 21248K, used 18555K [0x000000077be00000, 0x000000077d2c0000, 0x0000000781000000)
  object space 21248K, 87% used [0x000000077be00000,0x000000077d01ef60,0x000000077d2c0000)
}
Event: 993.691 GC heap before
{Heap before GC invocations=997 (full 496):
 PSYoungGen      total 37952K, used 32576K [0x00000007d5ab0000, 0x00000007d8500000, 0x0000000800000000)
  eden space 32576K, 100% used [0x00000007d5ab0000,0x00000007d7a80000,0x00000007d7a80000)
  from space 5376K, 0% used [0x00000007d7fc0000,0x00000007d7fc0000,0x00000007d8500000)
  to   space 5376K, 0% used [0x00000007d7a80000,0x00000007d7a80000,0x00000007d7fc0000)
 ParOldGen       total 86720K, used 10653K [0x0000000781000000, 0x00000007864b0000, 0x00000007d5ab0000)
  object space 86720K, 12% used [0x0000000781000000,0x0000000781a676e0,0x00000007864b0000)
 PSPermGen       total 21248K, used 18580K [0x000000077be00000, 0x000000077d2c0000, 0x0000000781000000)
  object space 21248K, 87% used [0x000000077be00000,0x000000077d025160,0x000000077d2c0000)

Deoptimization events (0 events):
No events

Internal exceptions (10 events):
Event: 355.440 Thread 0x000000000ee32000 Threw 0x00000007d670fc40 at C:\jdk7u1_64p\jdk7u11\hotspot\src\share\vm\prims\jvm.cpp:1166
Event: 358.653 Thread 0x000000000ee32000 Threw 0x00000007d673b290 at C:\jdk7u1_64p\jdk7u11\hotspot\src\share\vm\prims\jvm.cpp:1166
Event: 358.918 Thread 0x000000000ee32000 Threw 0x00000007d6752420 at C:\jdk7u1_64p\jdk7u11\hotspot\src\share\vm\prims\jvm.cpp:1166
Event: 358.920 Thread 0x000000000ee32000 Threw 0x00000007d6755860 at C:\jdk7u1_64p\jdk7u11\hotspot\src\share\vm\prims\jvm.cpp:1166
Event: 360.803 Thread 0x000000000ee32000 Threw 0x00000007d677b9d8 at C:\jdk7u1_64p\jdk7u11\hotspot\src\share\vm\prims\jvm.cpp:1166
Event: 467.666 Thread 0x000000000ee32000 Threw 0x00000007d5ae66e0 at C:\jdk7u1_64p\jdk7u11\hotspot\src\share\vm\prims\jvm.cpp:1166
Event: 568.423 Thread 0x000000000ee32000 Threw 0x00000007d5b87900 at C:\jdk7u1_64p\jdk7u11\hotspot\src\share\vm\prims\jvm.cpp:1166
Event: 602.413 Thread 0x000000000ee32000 Threw 0x00000007d5bb6aa0 at C:\jdk7u1_64p\jdk7u11\hotspot\src\share\vm\prims\jvm.cpp:1166
Event: 677.062 Thread 0x000000000f59a000 Threw 0x00000007d5d2b000 at C:\jdk7u1_64p\jdk7u11\hotspot\src\share\vm\prims\jvm.cpp:1166
Event: 977.302 Thread 0x000000000ee32000 Threw 0x00000007d7017b88 at C:\jdk7u1_64p\jdk7u11\hotspot\src\share\vm\prims\jvm.cpp:1166

Events (10 events):
Event: 978.075 Executing VM operation: ChangeBreakpoints done
Event: 978.192 Executing VM operation: ChangeBreakpoints
Event: 978.192 Executing VM operation: ChangeBreakpoints done
Event: 979.344 Executing VM operation: GetOrSetLocal
Event: 979.355 Executing VM operation: GetOrSetLocal done
Event: 991.829 Executing VM operation: GetOrSetLocal
Event: 991.829 Executing VM operation: GetOrSetLocal done
Event: 991.830 Executing VM operation: GetOrSetLocal
Event: 991.830 Executing VM operation: GetOrSetLocal done
Event: 993.691 Executing VM operation: ParallelGCFailedAllocation


Dynamic libraries:
0x000000013f370000 - 0x000000013f3a3000 	C:\Program Files\Java\jdk1.7.0_11\bin\java.exe
0x00000000775d0000 - 0x0000000077779000 	C:\Windows\SYSTEM32\ntdll.dll
0x00000000773b0000 - 0x00000000774cf000 	C:\Windows\system32\kernel32.dll
0x000007fefd3f0000 - 0x000007fefd45c000 	C:\Windows\system32\KERNELBASE.dll
0x000007feff7a0000 - 0x000007feff87b000 	C:\Windows\system32\ADVAPI32.dll
0x000007fefdb60000 - 0x000007fefdbff000 	C:\Windows\system32\msvcrt.dll
0x000007fefecc0000 - 0x000007fefecdf000 	C:\Windows\SYSTEM32\sechost.dll
0x000007fefee20000 - 0x000007fefef4d000 	C:\Windows\system32\RPCRT4.dll
0x00000000774d0000 - 0x00000000775ca000 	C:\Windows\system32\USER32.dll
0x000007fefdaf0000 - 0x000007fefdb57000 	C:\Windows\system32\GDI32.dll
0x000007fefda40000 - 0x000007fefda4e000 	C:\Windows\system32\LPK.dll
0x000007fefdd90000 - 0x000007fefde59000 	C:\Windows\system32\USP10.dll
0x000007fefbe70000 - 0x000007fefc064000 	C:\Windows\WinSxS\amd64_microsoft.windows.common-controls_6595b64144ccf1df_6.0.7601.17514_none_fa396087175ac9ac\COMCTL32.dll
0x000007fefef50000 - 0x000007fefefc1000 	C:\Windows\system32\SHLWAPI.dll
0x000007fefece0000 - 0x000007fefed0e000 	C:\Windows\system32\IMM32.DLL
0x000007feff2a0000 - 0x000007feff3a9000 	C:\Windows\system32\MSCTF.dll
0x000000006c700000 - 0x000000006c7d1000 	C:\Program Files\Java\jdk1.7.0_11\jre\bin\msvcr100.dll
0x000000006b7e0000 - 0x000000006beff000 	C:\Program Files\Java\jdk1.7.0_11\jre\bin\server\jvm.dll
0x000007fefa7a0000 - 0x000007fefa7a9000 	C:\Windows\system32\WSOCK32.dll
0x000007fefde60000 - 0x000007fefdead000 	C:\Windows\system32\WS2_32.dll
0x000007fefee10000 - 0x000007fefee18000 	C:\Windows\system32\NSI.dll
0x000007fefaf30000 - 0x000007fefaf6b000 	C:\Windows\system32\WINMM.dll
0x00000000777a0000 - 0x00000000777a7000 	C:\Windows\system32\PSAPI.DLL
0x000000006d130000 - 0x000000006d16f000 	C:\Program Files\Java\jdk1.7.0_11\jre\bin\splashscreen.dll
0x000000006dea0000 - 0x000000006deaf000 	C:\Program Files\Java\jdk1.7.0_11\jre\bin\verify.dll
0x000000006cc90000 - 0x000000006ccb8000 	C:\Program Files\Java\jdk1.7.0_11\jre\bin\java.dll
0x0000000053910000 - 0x0000000053945000 	C:\Program Files\Java\jdk1.7.0_11\jre\bin\jdwp.dll
0x000000006c2e0000 - 0x000000006c2e8000 	C:\Program Files\Java\jdk1.7.0_11\jre\bin\npt.dll
0x000000006cc40000 - 0x000000006cc55000 	C:\Program Files\Java\jdk1.7.0_11\jre\bin\zip.dll
0x000007fefbaf0000 - 0x000007fefbb46000 	C:\Windows\system32\uxtheme.dll
0x0000000180000000 - 0x00000001800eb000 	C:\Program Files\Hewlett-Packard\HP ProtectTools Security Manager\Bin\DpoFeedb.dll
0x000007fefed10000 - 0x000007fefede7000 	C:\Windows\system32\OLEAUT32.dll
0x000007feff590000 - 0x000007feff793000 	C:\Windows\system32\ole32.dll
0x000007fefc680000 - 0x000007fefc68c000 	C:\Windows\system32\VERSION.dll
0x000007fefd460000 - 0x000007fefd47e000 	C:\Windows\system32\USERENV.dll
0x000007fefd390000 - 0x000007fefd39f000 	C:\Windows\system32\profapi.dll
0x000007fefd230000 - 0x000007fefd23f000 	C:\Windows\system32\CRYPTBASE.dll
0x000007feee0d0000 - 0x000007feee101000 	C:\Program Files\Hewlett-Packard\HP ProtectTools Security Manager\Bin\DpoSet.dll
0x00000000687a0000 - 0x0000000068873000 	C:\Windows\WinSxS\amd64_microsoft.vc90.crt_1fc8b3b9a1e18e3b_9.0.30729.6161_none_08e61857a83bc251\MSVCP90.dll
0x00000000731e0000 - 0x0000000073283000 	C:\Windows\WinSxS\amd64_microsoft.vc90.crt_1fc8b3b9a1e18e3b_9.0.30729.6161_none_08e61857a83bc251\MSVCR90.dll
0x00000000610e0000 - 0x00000000610eb000 	C:\Program Files\Java\jdk1.7.0_11\jre\bin\dt_shmem.dll
0x000000006b4e0000 - 0x000000006b673000 	C:\Program Files\Java\jdk1.7.0_11\jre\bin\awt.dll
0x000007fefb6c0000 - 0x000007fefb6d8000 	C:\Windows\system32\dwmapi.dll
0x000007fefdf30000 - 0x000007fefecb8000 	C:\Windows\system32\SHELL32.dll
0x000000006a520000 - 0x000000006a554000 	C:\Program Files\Java\jdk1.7.0_11\jre\bin\fontmanager.dll
0x000000006cbe0000 - 0x000000006cbf9000 	C:\Program Files\Java\jdk1.7.0_11\jre\bin\net.dll
0x000007fefcb30000 - 0x000007fefcb85000 	C:\Windows\system32\mswsock.dll
0x000007fefcb20000 - 0x000007fefcb27000 	C:\Windows\System32\wship6.dll
0x000000006cbc0000 - 0x000000006cbd1000 	C:\Program Files\Java\jdk1.7.0_11\jre\bin\nio.dll
0x0000000050020000 - 0x0000000050050000 	C:\Program Files\Java\jdk1.7.0_11\jre\bin\jpeg.dll
0x00000000680b0000 - 0x00000000680f1000 	C:\Program Files\Java\jdk1.7.0_11\jre\bin\t2k.dll
0x000007fefda50000 - 0x000007fefdae9000 	C:\Windows\system32\CLBCatQ.DLL
0x000007fefb510000 - 0x000007fefb671000 	C:\Windows\system32\WindowsCodecs.dll
0x000007fefd1d0000 - 0x000007fefd227000 	C:\Windows\system32\apphelp.dll
0x000007fef3fb0000 - 0x000007fef41ed000 	C:\PROGRA~1\MIF5BA~1\Office15\GROOVEEX.DLL
0x0000000069cd0000 - 0x0000000069d68000 	C:\Windows\system32\MSVCP100.dll
0x0000000072e30000 - 0x0000000072e5b000 	C:\Windows\system32\ATL100.DLL
0x000007fef3c90000 - 0x000007fef3fad000 	C:\Windows\system32\msi.dll
0x000007fef2f00000 - 0x000007fef378c000 	C:\PROGRA~1\MIF5BA~1\Office15\1036\GrooveIntlResource.dll
0x0000000072e10000 - 0x0000000072e26000 	C:\Program Files\Common Files\TortoiseOverlays\TortoiseOverlays.dll
0x0000000068f40000 - 0x0000000068f50000 	C:\Program Files\TortoiseSVN\bin\TortoiseStub.dll
0x0000000068ec0000 - 0x0000000068f3b000 	C:\Program Files\TortoiseSVN\bin\TortoiseSVN.dll
0x000007fefd7f0000 - 0x000007fefda3b000 	C:\Windows\system32\WININET.dll
0x000007fefd710000 - 0x000007fefd714000 	C:\Windows\system32\api-ms-win-downlevel-user32-l1-1-0.dll
0x000007fefd4c0000 - 0x000007fefd4c4000 	C:\Windows\system32\api-ms-win-downlevel-shlwapi-l1-1-0.dll
0x000007fefd700000 - 0x000007fefd704000 	C:\Windows\system32\api-ms-win-downlevel-version-l1-1-0.dll
0x000007fefd6e0000 - 0x000007fefd6e3000 	C:\Windows\system32\api-ms-win-downlevel-normaliz-l1-1-0.dll
0x0000000077790000 - 0x0000000077793000 	C:\Windows\system32\normaliz.DLL
0x000007fefefd0000 - 0x000007feff297000 	C:\Windows\system32\iertutil.dll
0x000007fefd6f0000 - 0x000007fefd6f5000 	C:\Windows\system32\api-ms-win-downlevel-advapi32-l1-1-0.dll
0x000007fef5d20000 - 0x000007fef610d000 	C:\Program Files\TortoiseSVN\bin\libsvn_tsvn.dll
0x0000000068e90000 - 0x0000000068ebb000 	C:\Program Files\TortoiseSVN\bin\libapr_tsvn.dll
0x0000000068e40000 - 0x0000000068e81000 	C:\Program Files\TortoiseSVN\bin\libaprutil_tsvn.dll
0x000007feff880000 - 0x000007feff8d2000 	C:\Windows\system32\WLDAP32.dll
0x000007fef5d10000 - 0x000007fef5d20000 	C:\Program Files\TortoiseSVN\bin\intl3_tsvn.dll
0x000007fef5cf0000 - 0x000007fef5d0a000 	C:\Program Files\TortoiseSVN\bin\libsasl.dll
0x000007fefd160000 - 0x000007fefd16b000 	C:\Windows\system32\Secur32.dll
0x000007fefd1a0000 - 0x000007fefd1c5000 	C:\Windows\system32\SSPICLI.DLL
0x000007fefd4d0000 - 0x000007fefd63c000 	C:\Windows\system32\CRYPT32.dll
0x000007fefd3a0000 - 0x000007fefd3af000 	C:\Windows\system32\MSASN1.dll
0x000007fef2e30000 - 0x000007fef2e65000 	C:\Windows\system32\EhStorShell.dll
0x000007feff3b0000 - 0x000007feff587000 	C:\Windows\system32\SETUPAPI.dll
0x000007fefd3b0000 - 0x000007fefd3e6000 	C:\Windows\system32\CFGMGR32.dll
0x000007fefd720000 - 0x000007fefd73a000 	C:\Windows\system32\DEVOBJ.dll
0x000007fefbcf0000 - 0x000007fefbe1c000 	C:\Windows\system32\PROPSYS.dll
0x000007fef27c0000 - 0x000007fef2e2f000 	C:\PROGRA~1\MIF5BA~1\Office14\GROOVEEX.DLL
0x0000000072de0000 - 0x0000000072e0f000 	C:\Windows\WinSxS\amd64_microsoft.vc90.atl_1fc8b3b9a1e18e3b_9.0.30729.6161_none_0a1fd3a3a768b895\ATL90.DLL
0x000007fef4b90000 - 0x000007fef4faa000 	C:\PROGRA~1\COMMON~1\MICROS~1\OFFICE14\Cultures\office.odf
0x000007fef4300000 - 0x000007fef4b88000 	C:\PROGRA~1\MIF5BA~1\Office14\1036\GrooveIntlResource.dll
0x0000000050080000 - 0x00000000500aa000 	C:\Program Files\Java\jdk1.7.0_11\jre\bin\dcpr.dll
0x000007fee1bd0000 - 0x000007fee1c6e000 	C:\Windows\system32\RICHED20.DLL
0x000007fef6800000 - 0x000007fef6925000 	C:\Windows\system32\dbghelp.dll

VM Arguments:
jvm_args: -Xdebug -Xrunjdwp:transport=dt_shmem,address=javadebug -Dfile.encoding=UTF-8 
java_command: marcadministrationclient.MainJFrame
Launcher Type: SUN_STANDARD

Environment Variables:
PATH=C:\Program Files (x86)\ImageMagick-6.8.7-Q16;C:\Program Files\Common Files\Microsoft Shared\Windows Live;C:\Program Files (x86)\AMD APP\bin\x86_64;C:\Program Files (x86)\AMD APP\bin\x86;C:\Windows\system32;C:\Windows;C:\Windows\System32\Wbem;C:\Program Files (x86)\ATI Technologies\ATI.ACE\Core-Static;C:\Windows\System32\WindowsPowerShell\v1.0\;C:\Program Files\Microsoft\Web Platform Installer\;C:\Program Files (x86)\Microsoft ASP.NET\ASP.NET Web Pages\v1.0\;C:\Program Files\Microsoft SQL Server\110\Tools\Binn\;C:\Program Files (x86)\Microsoft SQL Server\90\Tools\binn\;C:\Windows\System32\WindowsPowerShell\v1.0\;C:\Program Files\TortoiseSVN\bin;C:\Program Files (x86)\Windows Kits\8.1\Windows Performance Toolkit\;C:\Program Files (x86)\Microsoft SDKs\TypeScript\1.0\;C:\Program Files\Common Files\Microsoft Shared\Windows Live;C:\Program Files (x86)\CMake 2.8\bin
USERNAME=patrice
OS=Windows_NT
PROCESSOR_IDENTIFIER=Intel64 Family 6 Model 42 Stepping 7, GenuineIntel



---------------  S Y S T E M  ---------------

OS: Windows 7 , 64 bit Build 7601 Service Pack 1

CPU:total 2 (2 cores per cpu, 2 threads per core) family 6 model 42 stepping 7, cmov, cx8, fxsr, mmx, sse, sse2, sse3, ssse3, sse4.1, sse4.2, popcnt, avx, ht, tsc, tscinvbit

Memory: 4k page, physical 8321392k(3618724k free), swap 16640920k(10741484k free)

vm_info: Java HotSpot(TM) 64-Bit Server VM (23.6-b04) for windows-amd64 JRE (1.7.0_11-b21), built on Jan 12 2013 02:38:42 by "java_re" with unknown MS VC++:1600

time: Sat Dec 06 16:40:31 2014
elapsed time: 993 seconds

