#
# A fatal error has been detected by the Java Runtime Environment:
#
#  EXCEPTION_ACCESS_VIOLATION (0xc0000005) at pc=0x000000005cf653b0, pid=8252, tid=6160
#
# JRE version: 7.0_11-b21
# Java VM: Java HotSpot(TM) 64-Bit Server VM (23.6-b04 mixed mode windows-amd64 compressed oops)
# Problematic frame:
# V  [jvm.dll+0x253b0]
#
# Failed to write core dump. Minidumps are not enabled by default on client versions of Windows
#
# If you would like to submit a bug report, please visit:
#   http://bugreport.sun.com/bugreport/crash.jsp
#

---------------  T H R E A D  ---------------

Current thread (0x000000000212d000):  GCTaskThread [stack: 0x0000000006110000,0x0000000006210000] [id=6160]

siginfo: ExceptionCode=0xc0000005, reading address 0x0000000000000070

Registers:
RAX=0x0000000000000000, RBX=0x00000007d5b2d330, RCX=0x00000007d5b2d330, RDX=0x0000000000000068
RSP=0x000000000620f428, RBP=0x00000000058cde6d, RSI=0x0000000002571f50, RDI=0x00000007819cd980
R8 =0x0000000002571f50, R9 =0x0000000000000000, R10=0x000001eaef7c00ca, R11=0x00000007d73b4fe8
R12=0x00000000058cde66, R13=0x00000096000000e8, R14=0x0000000000000000, R15=0x0000000002123b20
RIP=0x000000005cf653b0, EFLAGS=0x0000000000010202

Top of Stack: (sp=0x000000000620f428)
0x000000000620f428:   000000005d2a22c6 0000000000000009
0x000000000620f438:   0000000000000003 0000000002571f50
0x000000000620f448:   000000005d002136 00000007d73b0000
0x000000000620f458:   0000000000001000 0000000000000000
0x000000000620f468:   0000000000000010 0000000000000000
0x000000000620f478:   0000000002571f00 00000000058cde66
0x000000000620f488:   000000005d2a2650 00000007819cd71c
0x000000000620f498:   00000000058cde6d 0000000002571f50
0x000000000620f4a8:   00000007819cd980 00000007819cd71c
0x000000000620f4b8:   000000005d2a3212 0000000000b77ff5
0x000000000620f4c8:   000007fefd6410dc 0000000002511ad0
0x000000000620f4d8:   00000007819bdb18 0000000000b78000
0x000000000620f4e8:   000000005d2a0f2d 0000000000000000
0x000000000620f4f8:   0000000000b77ff7 00000007819cd980
0x000000000620f508:   000000005d008b83 00000007819cd97d
0x000000000620f518:   00000007819cd97d 00000007819cd944 

Instructions: (pc=0x000000005cf653b0)
0x000000005cf65390:   0d 44 0f b7 c0 48 83 c1 48 e8 d8 7d 4c 00 48 83
0x000000005cf653a0:   c4 28 c3 cc cc cc cc cc cc cc cc cc cc cc cc cc
0x000000005cf653b0:   44 8b 42 08 4c 8b ca 45 85 c0 7e 0e 41 f6 c0 01
0x000000005cf653c0:   75 57 41 c1 f8 03 41 8b c0 c3 79 4d 80 3d 15 69 


Register to memory mapping:

RAX=0x0000000000000000 is an unknown value
RBX=0x00000007d5b2d330 is an unknown value
RCX=0x00000007d5b2d330 is an unknown value
RDX=0x0000000000000068 is an unknown value
RSP=0x000000000620f428 is an unknown value
RBP=0x00000000058cde6d is an unknown value
RSI=0x0000000002571f50 is an unknown value
RDI=0x00000007819cd980 is an oop
[Ljava.lang.Object; 
 - klass: 'java/lang/Object'[]
 - length: 10
R8 =0x0000000002571f50 is an unknown value
R9 =0x0000000000000000 is an unknown value
R10=0x000001eaef7c00ca is an unknown value
R11=0x00000007d73b4fe8 is an oop
[C 
 - klass: {type array char}
 - length: 490
R12=0x00000000058cde66 is an unknown value
R13=0x00000096000000e8 is an unknown value
R14=0x0000000000000000 is an unknown value
R15=0x0000000002123b20 is an unknown value


Stack: [0x0000000006110000,0x0000000006210000],  sp=0x000000000620f428,  free space=1021k
Native frames: (J=compiled Java code, j=interpreted, Vv=VM code, C=native code)
V  [jvm.dll+0x253b0]


---------------  P R O C E S S  ---------------

Java Threads: ( => current thread )
  0x000000000f259000 JavaThread "SwingWorker-pool-1-thread-10" daemon [_thread_blocked, id=3812, stack(0x00000000119a0000,0x0000000011aa0000)]
  0x000000000f258000 JavaThread "SwingWorker-pool-1-thread-9" daemon [_thread_blocked, id=2076, stack(0x0000000011770000,0x0000000011870000)]
  0x000000000f257800 JavaThread "SwingWorker-pool-1-thread-8" daemon [_thread_blocked, id=7056, stack(0x0000000011620000,0x0000000011720000)]
  0x000000000f256800 JavaThread "SwingWorker-pool-1-thread-7" daemon [_thread_blocked, id=7568, stack(0x00000000114a0000,0x00000000115a0000)]
  0x000000000f256000 JavaThread "SwingWorker-pool-1-thread-6" daemon [_thread_blocked, id=7396, stack(0x0000000011380000,0x0000000011480000)]
  0x000000000f255000 JavaThread "SwingWorker-pool-1-thread-5" daemon [_thread_blocked, id=1364, stack(0x0000000011200000,0x0000000011300000)]
  0x000000000f254800 JavaThread "SwingWorker-pool-1-thread-4" daemon [_thread_blocked, id=1508, stack(0x00000000104e0000,0x00000000105e0000)]
  0x000000000ded7000 JavaThread "SwingWorker-pool-1-thread-3" daemon [_thread_blocked, id=7464, stack(0x00000000103b0000,0x00000000104b0000)]
  0x000000000ded5800 JavaThread "SwingWorker-pool-1-thread-2" daemon [_thread_blocked, id=5244, stack(0x0000000010250000,0x0000000010350000)]
  0x000000000ded6800 JavaThread "SwingWorker-pool-1-thread-1" daemon [_thread_blocked, id=9108, stack(0x0000000010150000,0x0000000010250000)]
  0x000000000ded5000 JavaThread "TimerQueue" daemon [_thread_blocked, id=1448, stack(0x000000000eb30000,0x000000000ec30000)]
  0x000000000ded4000 JavaThread "org.netbeans.modules.debugger.jpda.visual AWT Access Loop" daemon [_thread_blocked, id=3680, stack(0x000000000e6c0000,0x000000000e7c0000)]
  0x000000000ded3800 JavaThread "DestroyJavaVM" [_thread_blocked, id=8968, stack(0x0000000002630000,0x0000000002730000)]
  0x000000000ded2800 JavaThread "AWT-EventQueue-0" [_thread_blocked, id=7220, stack(0x000000000f020000,0x000000000f120000)]
  0x000000000ded2000 JavaThread "AWT-Windows" daemon [_thread_blocked, id=5192, stack(0x000000000e910000,0x000000000ea10000)]
  0x000000000ded1000 JavaThread "AWT-Shutdown" [_thread_blocked, id=2948, stack(0x000000000e7f0000,0x000000000e8f0000)]
  0x000000000ded0800 JavaThread "Java2D Disposer" daemon [_thread_blocked, id=8672, stack(0x000000000dcb0000,0x000000000ddb0000)]
  0x000000000c27a800 JavaThread "Service Thread" daemon [_thread_blocked, id=1688, stack(0x000000000d6d0000,0x000000000d7d0000)]
  0x000000000c272000 JavaThread "C2 CompilerThread1" daemon [_thread_blocked, id=3484, stack(0x000000000d9e0000,0x000000000dae0000)]
  0x000000000c26e000 JavaThread "C2 CompilerThread0" daemon [_thread_blocked, id=7932, stack(0x000000000d8c0000,0x000000000d9c0000)]
  0x000000000c24b000 JavaThread "JDWP Command Reader" daemon [_thread_in_native, id=2596, stack(0x000000000d4d0000,0x000000000d5d0000)]
  0x000000000c248000 JavaThread "JDWP Event Helper Thread" daemon [_thread_blocked, id=7656, stack(0x000000000d3d0000,0x000000000d4d0000)]
  0x000000000260f800 JavaThread "JDWP Transport Listener: dt_shmem" daemon [_thread_blocked, id=5960, stack(0x000000000d2b0000,0x000000000d3b0000)]
  0x000000000260a800 JavaThread "Attach Listener" daemon [_thread_blocked, id=6536, stack(0x000000000d0e0000,0x000000000d1e0000)]
  0x0000000002609000 JavaThread "Signal Dispatcher" daemon [_thread_blocked, id=8900, stack(0x000000000cfc0000,0x000000000d0c0000)]
  0x0000000002580000 JavaThread "Finalizer" daemon [_thread_blocked, id=3012, stack(0x000000000c8b0000,0x000000000c9b0000)]
  0x000000000257d000 JavaThread "Reference Handler" daemon [_thread_blocked, id=4416, stack(0x000000000c5f0000,0x000000000c6f0000)]

Other Threads:
  0x0000000002576000 VMThread [stack: 0x000000000be90000,0x000000000bf90000] [id=7000]
  0x000000000c28f000 WatcherThread [stack: 0x000000000dbb0000,0x000000000dcb0000] [id=1124]

=>0x000000000212d000 (exited) GCTaskThread [stack: 0x0000000006110000,0x0000000006210000] [id=6160]

VM state:at safepoint (normal execution)

VM Mutex/Monitor currently owned by a thread:  ([mutex/lock_event])
[0x000000000222c2d0] Threads_lock - owner thread: 0x0000000002576000
[0x000000000222c7d0] Heap_lock - owner thread: 0x000000000ded2800

Heap
 PSYoungGen      total 25600K, used 1979K [0x00000007d5ab0000, 0x00000007d73e0000, 0x0000000800000000)
  eden space 25408K, 7% used [0x00000007d5ab0000,0x00000007d5c9ee60,0x00000007d7380000)
  from space 192K, 0% used [0x00000007d7380000,0x00000007d7380000,0x00000007d73b0000)
  to   space 192K, 33% used [0x00000007d73b0000,0x00000007d73c0000,0x00000007d73e0000)
 ParOldGen       total 86720K, used 10038K [0x0000000781000000, 0x00000007864b0000, 0x00000007d5ab0000)
  object space 86720K, 11% used [0x0000000781000000,0x00000007819cd980,0x00000007864b0000)
 PSPermGen       total 21504K, used 18798K [0x000000077be00000, 0x000000077d300000, 0x0000000781000000)
  object space 21504K, 87% used [0x000000077be00000,0x000000077d05b860,0x000000077d300000)

Card table byte_map: [0x00000000058a0000,0x0000000005cd0000] byte_map_base: 0x0000000001cc1000

Polling page: 0x0000000000340000

Code Cache  [0x00000000028a0000, 0x0000000002c20000, 0x00000000058a0000)
 total_blobs=1499 nmethods=1020 adapters=439 free_code_cache=45637Kb largest_free_block=46676416

Compilation events (10 events):
Event: 4988.805 Thread 0x000000000c272000 1023             java.util.PriorityQueue::siftUpComparable (61 bytes)
Event: 4988.807 Thread 0x000000000c272000 nmethod 1023 0x0000000002bd7690 code [0x0000000002bd7800, 0x0000000002bd7b68]
Event: 5096.293 Thread 0x000000000c26e000 1024  s          java.util.logging.LogManager::drainLoggerRefQueueBounded (48 bytes)
Event: 5096.297 Thread 0x000000000c26e000 nmethod 1024 0x0000000002c181d0 code [0x0000000002c18340, 0x0000000002c18b78]
Event: 5103.508 Thread 0x000000000c272000 1025             marcadministrationclient.Server::TablesToTable (185 bytes)
Event: 5103.517 Thread 0x000000000c272000 nmethod 1025 0x0000000002c0ddd0 code [0x0000000002c0dfe0, 0x0000000002c0efb0]
Event: 5103.518 Thread 0x000000000c26e000 1026             marcadministrationclient.Server::BIndexesToTable (113 bytes)
Event: 5103.524 Thread 0x000000000c26e000 nmethod 1026 0x0000000002c1b610 code [0x0000000002c1b7c0, 0x0000000002c1be38]
Event: 5129.887 Thread 0x000000000c272000 1027             javax.swing.tree.DefaultTreeModel::fireTreeNodesChanged (78 bytes)
Event: 5129.890 Thread 0x000000000c272000 nmethod 1027 0x0000000002c19250 code [0x0000000002c193e0, 0x0000000002c197b8]

GC Heap History (10 events):
Event: 6464.545 GC heap after
Heap after GC invocations=25187 (full 12586):
 PSYoungGen      total 25600K, used 0K [0x00000007d5ab0000, 0x00000007d73e0000, 0x0000000800000000)
  eden space 25408K, 0% used [0x00000007d5ab0000,0x00000007d5ab0000,0x00000007d7380000)
  from space 192K, 0% used [0x00000007d7380000,0x00000007d7380000,0x00000007d73b0000)
  to   space 192K, 0% used [0x00000007d73b0000,0x00000007d73b0000,0x00000007d73e0000)
 ParOldGen       total 86720K, used 10038K [0x0000000781000000, 0x00000007864b0000, 0x00000007d5ab0000)
  object space 86720K, 11% used [0x0000000781000000,0x00000007819cd938,0x00000007864b0000)
 PSPermGen       total 21504K, used 18798K [0x000000077be00000, 0x000000077d300000, 0x0000000781000000)
  object space 21504K, 87% used [0x000000077be00000,0x000000077d05b860,0x000000077d300000)
}
Event: 6465.451 GC heap before
{Heap before GC invocations=25188 (full 12586):
 PSYoungGen      total 25600K, used 1980K [0x00000007d5ab0000, 0x00000007d73e0000, 0x0000000800000000)
  eden space 25408K, 7% used [0x00000007d5ab0000,0x00000007d5c9f0a0,0x00000007d7380000)
  from space 192K, 0% used [0x00000007d7380000,0x00000007d7380000,0x00000007d73b0000)
  to   space 192K, 0% used [0x00000007d73b0000,0x00000007d73b0000,0x00000007d73e0000)
 ParOldGen       total 86720K, used 10038K [0x0000000781000000, 0x00000007864b0000, 0x00000007d5ab0000)
  object space 86720K, 11% used [0x0000000781000000,0x00000007819cd938,0x00000007864b0000)
 PSPermGen       total 21504K, used 18798K [0x000000077be00000, 0x000000077d300000, 0x0000000781000000)
  object space 21504K, 87% used [0x000000077be00000,0x000000077d05b860,0x000000077d300000)
Event: 6465.453 GC heap after
Heap after GC invocations=25188 (full 12586):
 PSYoungGen      total 25600K, used 96K [0x00000007d5ab0000, 0x00000007d73e0000, 0x0000000800000000)
  eden space 25408K, 0% used [0x00000007d5ab0000,0x00000007d5ab0000,0x00000007d7380000)
  from space 192K, 50% used [0x00000007d73b0000,0x00000007d73c8000,0x00000007d73e0000)
  to   space 192K, 0% used [0x00000007d7380000,0x00000007d7380000,0x00000007d73b0000)
 ParOldGen       total 86720K, used 10038K [0x0000000781000000, 0x00000007864b0000, 0x00000007d5ab0000)
  object space 86720K, 11% used [0x0000000781000000,0x00000007819cd938,0x00000007864b0000)
 PSPermGen       total 21504K, used 18798K [0x000000077be00000, 0x000000077d300000, 0x0000000781000000)
  object space 21504K, 87% used [0x000000077be00000,0x000000077d05b860,0x000000077d300000)
}
Event: 6465.453 GC heap before
{Heap before GC invocations=25189 (full 12587):
 PSYoungGen      total 25600K, used 96K [0x00000007d5ab0000, 0x00000007d73e0000, 0x0000000800000000)
  eden space 25408K, 0% used [0x00000007d5ab0000,0x00000007d5ab0000,0x00000007d7380000)
  from space 192K, 50% used [0x00000007d73b0000,0x00000007d73c8000,0x00000007d73e0000)
  to   space 192K, 0% used [0x00000007d7380000,0x00000007d7380000,0x00000007d73b0000)
 ParOldGen       total 86720K, used 10038K [0x0000000781000000, 0x00000007864b0000, 0x00000007d5ab0000)
  object space 86720K, 11% used [0x0000000781000000,0x00000007819cd938,0x00000007864b0000)
 PSPermGen       total 21504K, used 18798K [0x000000077be00000, 0x000000077d300000, 0x0000000781000000)
  object space 21504K, 87% used [0x000000077be00000,0x000000077d05b860,0x000000077d300000)
Event: 6465.526 GC heap after
Heap after GC invocations=25189 (full 12587):
 PSYoungGen      total 25600K, used 0K [0x00000007d5ab0000, 0x00000007d73e0000, 0x0000000800000000)
  eden space 25408K, 0% used [0x00000007d5ab0000,0x00000007d5ab0000,0x00000007d7380000)
  from space 192K, 0% used [0x00000007d73b0000,0x00000007d73b0000,0x00000007d73e0000)
  to   space 192K, 0% used [0x00000007d7380000,0x00000007d7380000,0x00000007d73b0000)
 ParOldGen       total 86720K, used 10053K [0x0000000781000000, 0x00000007864b0000, 0x00000007d5ab0000)
  object space 86720K, 11% used [0x0000000781000000,0x00000007819d1418,0x00000007864b0000)
 PSPermGen       total 21504K, used 18798K [0x000000077be00000, 0x000000077d300000, 0x0000000781000000)
  object space 21504K, 87% used [0x000000077be00000,0x000000077d05b860,0x000000077d300000)
}
Event: 6465.527 GC heap before
{Heap before GC invocations=25190 (full 12587):
 PSYoungGen      total 25600K, used 575K [0x00000007d5ab0000, 0x00000007d73e0000, 0x0000000800000000)
  eden space 25408K, 2% used [0x00000007d5ab0000,0x00000007d5b3fd98,0x00000007d7380000)
  from space 192K, 0% used [0x00000007d73b0000,0x00000007d73b0000,0x00000007d73e0000)
  to   space 192K, 0% used [0x00000007d7380000,0x00000007d7380000,0x00000007d73b0000)
 ParOldGen       total 86720K, used 10053K [0x0000000781000000, 0x00000007864b0000, 0x00000007d5ab0000)
  object space 86720K, 11% used [0x0000000781000000,0x00000007819d1418,0x00000007864b0000)
 PSPermGen       total 21504K, used 18798K [0x000000077be00000, 0x000000077d300000, 0x0000000781000000)
  object space 21504K, 87% used [0x000000077be00000,0x000000077d05b860,0x000000077d300000)
Event: 6465.527 GC heap after
Heap after GC invocations=25190 (full 12587):
 PSYoungGen      total 25600K, used 32K [0x00000007d5ab0000, 0x00000007d73e0000, 0x0000000800000000)
  eden space 25408K, 0% used [0x00000007d5ab0000,0x00000007d5ab0000,0x00000007d7380000)
  from space 192K, 16% used [0x00000007d7380000,0x00000007d7388000,0x00000007d73b0000)
  to   space 192K, 0% used [0x00000007d73b0000,0x00000007d73b0000,0x00000007d73e0000)
 ParOldGen       total 86720K, used 10053K [0x0000000781000000, 0x00000007864b0000, 0x00000007d5ab0000)
  object space 86720K, 11% used [0x0000000781000000,0x00000007819d1418,0x00000007864b0000)
 PSPermGen       total 21504K, used 18798K [0x000000077be00000, 0x000000077d300000, 0x0000000781000000)
  object space 21504K, 87% used [0x000000077be00000,0x000000077d05b860,0x000000077d300000)
}
Event: 6465.527 GC heap before
{Heap before GC invocations=25191 (full 12588):
 PSYoungGen      total 25600K, used 32K [0x00000007d5ab0000, 0x00000007d73e0000, 0x0000000800000000)
  eden space 25408K, 0% used [0x00000007d5ab0000,0x00000007d5ab0000,0x00000007d7380000)
  from space 192K, 16% used [0x00000007d7380000,0x00000007d7388000,0x00000007d73b0000)
  to   space 192K, 0% used [0x00000007d73b0000,0x00000007d73b0000,0x00000007d73e0000)
 ParOldGen       total 86720K, used 10053K [0x0000000781000000, 0x00000007864b0000, 0x00000007d5ab0000)
  object space 86720K, 11% used [0x0000000781000000,0x00000007819d1418,0x00000007864b0000)
 PSPermGen       total 21504K, used 18798K [0x000000077be00000, 0x000000077d300000, 0x0000000781000000)
  object space 21504K, 87% used [0x000000077be00000,0x000000077d05b860,0x000000077d300000)
Event: 6465.563 GC heap after
Heap after GC invocations=25191 (full 12588):
 PSYoungGen      total 25600K, used 0K [0x00000007d5ab0000, 0x00000007d73e0000, 0x0000000800000000)
  eden space 25408K, 0% used [0x00000007d5ab0000,0x00000007d5ab0000,0x00000007d7380000)
  from space 192K, 0% used [0x00000007d7380000,0x00000007d7380000,0x00000007d73b0000)
  to   space 192K, 0% used [0x00000007d73b0000,0x00000007d73b0000,0x00000007d73e0000)
 ParOldGen       total 86720K, used 10038K [0x0000000781000000, 0x00000007864b0000, 0x00000007d5ab0000)
  object space 86720K, 11% used [0x0000000781000000,0x00000007819cd980,0x00000007864b0000)
 PSPermGen       total 21504K, used 18798K [0x000000077be00000, 0x000000077d300000, 0x0000000781000000)
  object space 21504K, 87% used [0x000000077be00000,0x000000077d05b860,0x000000077d300000)
}
Event: 6466.465 GC heap before
{Heap before GC invocations=25192 (full 12588):
 PSYoungGen      total 25600K, used 1979K [0x00000007d5ab0000, 0x00000007d73e0000, 0x0000000800000000)
  eden space 25408K, 7% used [0x00000007d5ab0000,0x00000007d5c9ee60,0x00000007d7380000)
  from space 192K, 0% used [0x00000007d7380000,0x00000007d7380000,0x00000007d73b0000)
  to   space 192K, 0% used [0x00000007d73b0000,0x00000007d73b0000,0x00000007d73e0000)
 ParOldGen       total 86720K, used 10038K [0x0000000781000000, 0x00000007864b0000, 0x00000007d5ab0000)
  object space 86720K, 11% used [0x0000000781000000,0x00000007819cd980,0x00000007864b0000)
 PSPermGen       total 21504K, used 18798K [0x000000077be00000, 0x000000077d300000, 0x0000000781000000)
  object space 21504K, 87% used [0x000000077be00000,0x000000077d05b860,0x000000077d300000)

Deoptimization events (0 events):
No events

Internal exceptions (10 events):
Event: 38.544 Thread 0x000000000ded2800 Threw 0x00000007d6cad0d0 at C:\jdk7u1_64p\jdk7u11\hotspot\src\share\vm\prims\jvm.cpp:1166
Event: 53.791 Thread 0x000000000ded2800 Threw 0x00000007d6ed8f08 at C:\jdk7u1_64p\jdk7u11\hotspot\src\share\vm\prims\jvm.cpp:1166
Event: 53.791 Thread 0x000000000ded2800 Threw 0x00000007d6edb828 at C:\jdk7u1_64p\jdk7u11\hotspot\src\share\vm\prims\jvm.cpp:1166
Event: 54.680 Thread 0x000000000ded2800 Threw 0x00000007d6f19ab0 at C:\jdk7u1_64p\jdk7u11\hotspot\src\share\vm\prims\jvm.cpp:1166
Event: 56.952 Thread 0x000000000ded2800 Threw 0x00000007d6f42d70 at C:\jdk7u1_64p\jdk7u11\hotspot\src\share\vm\prims\jvm.cpp:1166
Event: 57.097 Thread 0x000000000ded2800 Threw 0x00000007d6f54db0 at C:\jdk7u1_64p\jdk7u11\hotspot\src\share\vm\prims\jvm.cpp:1166
Event: 57.107 Thread 0x000000000ded2800 Threw 0x00000007d6f697d0 at C:\jdk7u1_64p\jdk7u11\hotspot\src\share\vm\prims\jvm.cpp:1166
Event: 58.460 Thread 0x000000000ded2800 Threw 0x00000007d6f81cb8 at C:\jdk7u1_64p\jdk7u11\hotspot\src\share\vm\prims\jvm.cpp:1166
Event: 94.472 Thread 0x000000000ded2800 Threw 0x00000007d5ca3af8 at C:\jdk7u1_64p\jdk7u11\hotspot\src\share\vm\prims\jvm.cpp:1166
Event: 95.199 Thread 0x000000000f256800 Threw 0x00000007d5bcd988 at C:\jdk7u1_64p\jdk7u11\hotspot\src\share\vm\prims\jvm.cpp:1166

Events (10 events):
Event: 6463.513 Executing VM operation: ParallelGCSystemGC done
Event: 6464.436 Executing VM operation: ParallelGCSystemGC
Event: 6464.508 Executing VM operation: ParallelGCSystemGC done
Event: 6464.509 Executing VM operation: ParallelGCSystemGC
Event: 6464.545 Executing VM operation: ParallelGCSystemGC done
Event: 6465.451 Executing VM operation: ParallelGCSystemGC
Event: 6465.526 Executing VM operation: ParallelGCSystemGC done
Event: 6465.527 Executing VM operation: ParallelGCSystemGC
Event: 6465.563 Executing VM operation: ParallelGCSystemGC done
Event: 6466.465 Executing VM operation: ParallelGCSystemGC


Dynamic libraries:
0x000000013f020000 - 0x000000013f053000 	C:\Program Files\Java\jdk1.7.0_11\bin\java.exe
0x00000000777b0000 - 0x0000000077959000 	C:\Windows\SYSTEM32\ntdll.dll
0x0000000077590000 - 0x00000000776af000 	C:\Windows\system32\kernel32.dll
0x000007fefd640000 - 0x000007fefd6ac000 	C:\Windows\system32\KERNELBASE.dll
0x000007fefe250000 - 0x000007fefe32b000 	C:\Windows\system32\ADVAPI32.dll
0x000007fefe080000 - 0x000007fefe11f000 	C:\Windows\system32\msvcrt.dll
0x000007feff460000 - 0x000007feff47f000 	C:\Windows\SYSTEM32\sechost.dll
0x000007fefe120000 - 0x000007fefe24d000 	C:\Windows\system32\RPCRT4.dll
0x00000000776b0000 - 0x00000000777aa000 	C:\Windows\system32\USER32.dll
0x000007fefdae0000 - 0x000007fefdb47000 	C:\Windows\system32\GDI32.dll
0x000007fefe330000 - 0x000007fefe33e000 	C:\Windows\system32\LPK.dll
0x000007feff310000 - 0x000007feff3d9000 	C:\Windows\system32\USP10.dll
0x000007fefbeb0000 - 0x000007fefc0a4000 	C:\Windows\WinSxS\amd64_microsoft.windows.common-controls_6595b64144ccf1df_6.0.7601.17514_none_fa396087175ac9ac\COMCTL32.dll
0x000007feff3e0000 - 0x000007feff451000 	C:\Windows\system32\SHLWAPI.dll
0x000007feff2e0000 - 0x000007feff30e000 	C:\Windows\system32\IMM32.DLL
0x000007fefdbb0000 - 0x000007fefdcb9000 	C:\Windows\system32\MSCTF.dll
0x000000005d800000 - 0x000000005d8d1000 	C:\Program Files\Java\jdk1.7.0_11\jre\bin\msvcr100.dll
0x000000005cf40000 - 0x000000005d65f000 	C:\Program Files\Java\jdk1.7.0_11\jre\bin\server\jvm.dll
0x000007fefadc0000 - 0x000007fefadc9000 	C:\Windows\system32\WSOCK32.dll
0x000007fefdb50000 - 0x000007fefdb9d000 	C:\Windows\system32\WS2_32.dll
0x000007fefdba0000 - 0x000007fefdba8000 	C:\Windows\system32\NSI.dll
0x000007fefb940000 - 0x000007fefb97b000 	C:\Windows\system32\WINMM.dll
0x0000000077970000 - 0x0000000077977000 	C:\Windows\system32\PSAPI.DLL
0x000000005d980000 - 0x000000005d9bf000 	C:\Program Files\Java\jdk1.7.0_11\jre\bin\splashscreen.dll
0x000007fefb980000 - 0x000007fefb9d6000 	C:\Windows\system32\uxtheme.dll
0x000000005d970000 - 0x000000005d97f000 	C:\Program Files\Java\jdk1.7.0_11\jre\bin\verify.dll
0x000000005d940000 - 0x000000005d968000 	C:\Program Files\Java\jdk1.7.0_11\jre\bin\java.dll
0x0000000056890000 - 0x00000000568c5000 	C:\Program Files\Java\jdk1.7.0_11\jre\bin\jdwp.dll
0x0000000073b20000 - 0x0000000073b28000 	C:\Program Files\Java\jdk1.7.0_11\jre\bin\npt.dll
0x000000005d920000 - 0x000000005d935000 	C:\Program Files\Java\jdk1.7.0_11\jre\bin\zip.dll
0x0000000180000000 - 0x00000001800eb000 	C:\Program Files\Hewlett-Packard\HP ProtectTools Security Manager\Bin\DpoFeedb.dll
0x000007fefdea0000 - 0x000007fefdf77000 	C:\Windows\system32\OLEAUT32.dll
0x000007fefe340000 - 0x000007fefe543000 	C:\Windows\system32\ole32.dll
0x000007fefc860000 - 0x000007fefc86c000 	C:\Windows\system32\VERSION.dll
0x000007fefd590000 - 0x000007fefd5ae000 	C:\Windows\system32\USERENV.dll
0x000007fefd570000 - 0x000007fefd57f000 	C:\Windows\system32\profapi.dll
0x000007fefd3d0000 - 0x000007fefd3df000 	C:\Windows\system32\CRYPTBASE.dll
0x0000000055f50000 - 0x0000000055f5b000 	C:\Program Files\Java\jdk1.7.0_11\jre\bin\dt_shmem.dll
0x000007fefaad0000 - 0x000007fefab01000 	C:\Program Files\Hewlett-Packard\HP ProtectTools Security Manager\Bin\DpoSet.dll
0x000000006a9a0000 - 0x000000006aa73000 	C:\Windows\WinSxS\amd64_microsoft.vc90.crt_1fc8b3b9a1e18e3b_9.0.30729.6161_none_08e61857a83bc251\MSVCP90.dll
0x0000000073390000 - 0x0000000073433000 	C:\Windows\WinSxS\amd64_microsoft.vc90.crt_1fc8b3b9a1e18e3b_9.0.30729.6161_none_08e61857a83bc251\MSVCR90.dll
0x000000005b5b0000 - 0x000000005b743000 	C:\Program Files\Java\jdk1.7.0_11\jre\bin\awt.dll
0x000007fefb6b0000 - 0x000007fefb6c8000 	C:\Windows\system32\dwmapi.dll
0x000007fefe550000 - 0x000007feff2d8000 	C:\Windows\system32\SHELL32.dll
0x000000005a430000 - 0x000000005a464000 	C:\Program Files\Java\jdk1.7.0_11\jre\bin\fontmanager.dll
0x000000005d7e0000 - 0x000000005d7f9000 	C:\Program Files\Java\jdk1.7.0_11\jre\bin\net.dll
0x000007fefcd10000 - 0x000007fefcd65000 	C:\Windows\system32\mswsock.dll
0x000007fefcd00000 - 0x000007fefcd07000 	C:\Windows\System32\wship6.dll
0x000000005d7c0000 - 0x000000005d7d1000 	C:\Program Files\Java\jdk1.7.0_11\jre\bin\nio.dll
0x0000000057040000 - 0x0000000057070000 	C:\Program Files\Java\jdk1.7.0_11\jre\bin\jpeg.dll
0x0000000059fa0000 - 0x0000000059fe1000 	C:\Program Files\Java\jdk1.7.0_11\jre\bin\t2k.dll
0x000007fefdf80000 - 0x000007fefe019000 	C:\Windows\system32\CLBCatQ.DLL
0x000007fefadd0000 - 0x000007fefaf31000 	C:\Windows\system32\WindowsCodecs.dll
0x000007fefd370000 - 0x000007fefd3c7000 	C:\Windows\system32\apphelp.dll
0x000007fef5150000 - 0x000007fef538d000 	C:\PROGRA~1\MIF5BA~1\Office15\GROOVEEX.DLL
0x000000006a790000 - 0x000000006a828000 	C:\Windows\system32\MSVCP100.dll
0x000000006a760000 - 0x000000006a78b000 	C:\Windows\system32\ATL100.DLL
0x000007fef4e30000 - 0x000007fef514d000 	C:\Windows\system32\msi.dll
0x000007fef40a0000 - 0x000007fef492c000 	C:\PROGRA~1\MIF5BA~1\Office15\1036\GrooveIntlResource.dll
0x000000006b020000 - 0x000000006b036000 	C:\Program Files\Common Files\TortoiseOverlays\TortoiseOverlays.dll
0x000000006d7d0000 - 0x000000006d7e0000 	C:\Program Files\TortoiseSVN\bin\TortoiseStub.dll
0x000000006a610000 - 0x000000006a68b000 	C:\Program Files\TortoiseSVN\bin\TortoiseSVN.dll
0x000007feff5a0000 - 0x000007feff7eb000 	C:\Windows\system32\WININET.dll
0x000007fefd6b0000 - 0x000007fefd6b4000 	C:\Windows\system32\api-ms-win-downlevel-user32-l1-1-0.dll
0x000007fefd5b0000 - 0x000007fefd5b4000 	C:\Windows\system32\api-ms-win-downlevel-shlwapi-l1-1-0.dll
0x000007fefd8e0000 - 0x000007fefd8e4000 	C:\Windows\system32\api-ms-win-downlevel-version-l1-1-0.dll
0x000007fefd630000 - 0x000007fefd633000 	C:\Windows\system32\api-ms-win-downlevel-normaliz-l1-1-0.dll
0x0000000077980000 - 0x0000000077983000 	C:\Windows\system32\normaliz.DLL
0x000007feff7f0000 - 0x000007feffab7000 	C:\Windows\system32\iertutil.dll
0x000007fefd5e0000 - 0x000007fefd5e5000 	C:\Windows\system32\api-ms-win-downlevel-advapi32-l1-1-0.dll
0x000007fef3bd0000 - 0x000007fef3fbd000 	C:\Program Files\TortoiseSVN\bin\libsvn_tsvn.dll
0x000000006a5e0000 - 0x000000006a60b000 	C:\Program Files\TortoiseSVN\bin\libapr_tsvn.dll
0x000000006a590000 - 0x000000006a5d1000 	C:\Program Files\TortoiseSVN\bin\libaprutil_tsvn.dll
0x000007fefe020000 - 0x000007fefe072000 	C:\Windows\system32\WLDAP32.dll
0x000007fef7650000 - 0x000007fef7660000 	C:\Program Files\TortoiseSVN\bin\intl3_tsvn.dll
0x000007fef73f0000 - 0x000007fef740a000 	C:\Program Files\TortoiseSVN\bin\libsasl.dll
0x000007fefd090000 - 0x000007fefd09b000 	C:\Windows\system32\Secur32.dll
0x000007fefd340000 - 0x000007fefd365000 	C:\Windows\system32\SSPICLI.DLL
0x000007fefd6c0000 - 0x000007fefd82c000 	C:\Windows\system32\CRYPT32.dll
0x000007fefd580000 - 0x000007fefd58f000 	C:\Windows\system32\MSASN1.dll
0x000007fef3b90000 - 0x000007fef3bc5000 	C:\Windows\system32\EhStorShell.dll
0x000007fefdcc0000 - 0x000007fefde97000 	C:\Windows\system32\SETUPAPI.dll
0x000007fefd5f0000 - 0x000007fefd626000 	C:\Windows\system32\CFGMGR32.dll
0x000007fefd5c0000 - 0x000007fefd5da000 	C:\Windows\system32\DEVOBJ.dll
0x000007fefbad0000 - 0x000007fefbbfc000 	C:\Windows\system32\PROPSYS.dll
0x000007fef3520000 - 0x000007fef3b8f000 	C:\PROGRA~1\MIF5BA~1\Office14\GROOVEEX.DLL
0x0000000069950000 - 0x000000006997f000 	C:\Windows\WinSxS\amd64_microsoft.vc90.atl_1fc8b3b9a1e18e3b_9.0.30729.6161_none_0a1fd3a3a768b895\ATL90.DLL
0x000007fef2f70000 - 0x000007fef338a000 	C:\PROGRA~1\COMMON~1\MICROS~1\OFFICE14\Cultures\office.odf
0x000007fef2610000 - 0x000007fef2e98000 	C:\PROGRA~1\MIF5BA~1\Office14\1036\GrooveIntlResource.dll
0x0000000057070000 - 0x000000005709a000 	C:\Program Files\Java\jdk1.7.0_11\jre\bin\dcpr.dll
0x000007fede0d0000 - 0x000007fede16e000 	C:\Windows\system32\RICHED20.DLL
0x000007fef8490000 - 0x000007fef85b5000 	C:\Windows\system32\dbghelp.dll

VM Arguments:
jvm_args: -Xdebug -Xrunjdwp:transport=dt_shmem,address=javadebug -Dfile.encoding=UTF-8 
java_command: marcadministrationclient.MainJFrame
Launcher Type: SUN_STANDARD

Environment Variables:
PATH=C:\Program Files (x86)\ImageMagick-6.8.7-Q16;C:\Program Files\Common Files\Microsoft Shared\Windows Live;C:\Program Files (x86)\AMD APP\bin\x86_64;C:\Program Files (x86)\AMD APP\bin\x86;C:\Windows\system32;C:\Windows;C:\Windows\System32\Wbem;C:\Program Files (x86)\ATI Technologies\ATI.ACE\Core-Static;C:\Windows\System32\WindowsPowerShell\v1.0\;C:\Program Files\Microsoft\Web Platform Installer\;C:\Program Files (x86)\Microsoft ASP.NET\ASP.NET Web Pages\v1.0\;C:\Program Files\Microsoft SQL Server\110\Tools\Binn\;C:\Program Files (x86)\Microsoft SQL Server\90\Tools\binn\;C:\Windows\System32\WindowsPowerShell\v1.0\;C:\Program Files\TortoiseSVN\bin;C:\Program Files (x86)\Windows Kits\8.1\Windows Performance Toolkit\;C:\Program Files (x86)\Microsoft SDKs\TypeScript\1.0\;C:\Program Files\Common Files\Microsoft Shared\Windows Live;C:\Program Files (x86)\CMake 2.8\bin
USERNAME=patrice
OS=Windows_NT
PROCESSOR_IDENTIFIER=Intel64 Family 6 Model 42 Stepping 7, GenuineIntel



---------------  S Y S T E M  ---------------

OS: Windows 7 , 64 bit Build 7601 Service Pack 1

CPU:total 2 (2 cores per cpu, 2 threads per core) family 6 model 42 stepping 7, cmov, cx8, fxsr, mmx, sse, sse2, sse3, ssse3, sse4.1, sse4.2, popcnt, avx, ht, tsc, tscinvbit

Memory: 4k page, physical 8321392k(3651288k free), swap 16640920k(11245748k free)

vm_info: Java HotSpot(TM) 64-Bit Server VM (23.6-b04) for windows-amd64 JRE (1.7.0_11-b21), built on Jan 12 2013 02:38:42 by "java_re" with unknown MS VC++:1600

time: Fri Dec 05 13:35:19 2014
elapsed time: 6466 seconds

