#
# A fatal error has been detected by the Java Runtime Environment:
#
#  EXCEPTION_ACCESS_VIOLATION (0xc0000005) at pc=0x00000000027a7842, pid=4012, tid=7052
#
# JRE version: 7.0_11-b21
# Java VM: Java HotSpot(TM) 64-Bit Server VM (23.6-b04 mixed mode windows-amd64 compressed oops)
# Problematic frame:
# j  java.util.concurrent.locks.AbstractQueuedSynchronizer.shouldParkAfterFailedAcquire(Ljava/util/concurrent/locks/AbstractQueuedSynchronizer$Node;Ljava/util/concurrent/locks/AbstractQueuedSynchronizer$Node;)Z+27
#
# Failed to write core dump. Minidumps are not enabled by default on client versions of Windows
#
# If you would like to submit a bug report, please visit:
#   http://bugreport.sun.com/bugreport/crash.jsp
#

---------------  T H R E A D  ---------------

Current thread (0x000000000e711800):  JavaThread "TimerQueue" daemon [_thread_in_Java, id=7052, stack(0x000000000e820000,0x000000000e920000)]

siginfo: ExceptionCode=0xc0000005, reading address 0x000000032b23aa28

Registers:
RAX=0x0000000032000006, RBX=0x000000000000000c, RCX=0x000000077bfebb90, RDX=0x0000000000000024
RSP=0x000000000e91f390, RBP=0x000000000e91f3d0, RSI=0x00000000ef7fda27, RDI=0x0000000002786590
R8 =0x000000077bfebcd0, R9 =0x000000032b23aa28, R10=0x0000000000000000, R11=0x000000000e91f350
R12=0x0000000000000000, R13=0x000000077bfe75ab, R14=0x000000000e91f3f0, R15=0x000000000e711800
RIP=0x00000000027a7842, EFLAGS=0x0000000000010206

Top of Stack: (sp=0x000000000e91f390)
0x000000000e91f390:   000000000e91f390 000000077bfe75ab
0x000000000e91f3a0:   000000000e91f3f0 000000077bfebb90
0x000000000e91f3b0:   0000000000000000 000000077bfe75d0
0x000000000e91f3c0:   0000000000000000 000000000e91f3e8
0x000000000e91f3d0:   000000000e91f438 0000000002786590
0x000000000e91f3e0:   000000003a656c62 0000000781af79b8
0x000000000e91f3f0:   000000032b23aa28 000000000e91f3f8
0x000000000e91f400:   000000077bfe78cc 000000000e91f480
0x000000000e91f410:   000000077bfebb90 0000000000000000
0x000000000e91f420:   000000077bfe7908 000000000e91f3e8
0x000000000e91f430:   000000000e91f470 000000000e91f4c8
0x000000000e91f440:   0000000002786590 0000000000000000
0x000000000e91f450:   0000000000000000 00000007d5b2b0a0
0x000000000e91f460:   0000000000000000 0000000000000001
0x000000000e91f470:   0000000000000001 0000000781af79b8
0x000000000e91f480:   00000007813de468 000000000e91f488 

Instructions: (pc=0x00000000027a7842)
0x00000000027a7822:   4c 8b 6d c8 4c 8b 75 d0 c3 41 0f b7 55 01 48 8b
0x00000000027a7832:   4d d8 c1 e2 02 48 8b 5c d1 30 8b 44 d1 38 41 59
0x00000000027a7842:   49 3b 01 c1 e8 1c 83 e0 0f 0f 85 5e 01 00 00 41
0x00000000027a7852:   0f be 04 19 50 41 b9 cc 00 00 00 41 0f b6 5d 00 


Register to memory mapping:

RAX=0x0000000032000006 is an unknown value
RBX=0x000000000000000c is an unknown value
RCX=0x000000077bfebb90 is an oop
{constant pool cache} 
 - klass: {other class}
RDX=0x0000000000000024 is an unknown value
RSP=0x000000000e91f390 is pointing into the stack for thread: 0x000000000e711800
RBP=0x000000000e91f3d0 is pointing into the stack for thread: 0x000000000e711800
RSI=0x00000000ef7fda27 is an unknown value
RDI=0x0000000002786590 is an Interpreter codelet
return entry points  [0x00000000027858c0, 0x00000000027876c0]  7680 bytes
R8 =0x000000077bfebcd0 is an oop
{constant pool cache} 
 - klass: {other class}
R9 =0x000000032b23aa28 is an unknown value
R10=0x0000000000000000 is an unknown value
R11=0x000000000e91f350 is pointing into the stack for thread: 0x000000000e711800
R12=0x0000000000000000 is an unknown value
R13=0x000000077bfe75ab is an oop
{constMethod} 
 - klass: {other class}
 - method:       0x000000077bfe75d0 {method} 'shouldParkAfterFailedAcquire' '(Ljava/util/concurrent/locks/AbstractQueuedSynchronizer$Node;Ljava/util/concurrent/locks/AbstractQueuedSynchronizer$Node;)Z' in 'java/util/concurrent/locks/AbstractQueuedSynchronizer'
 - exceptions:   0x000000077be01d50
bci_from(000000077BFE75AB) = 27; print_codes():
R14=0x000000000e91f3f0 is pointing into the stack for thread: 0x000000000e711800
R15=0x000000000e711800 is a thread


Stack: [0x000000000e820000,0x000000000e920000],  sp=0x000000000e91f390,  free space=1020k
Native frames: (J=compiled Java code, j=interpreted, Vv=VM code, C=native code)
j  java.util.concurrent.locks.AbstractQueuedSynchronizer.shouldParkAfterFailedAcquire(Ljava/util/concurrent/locks/AbstractQueuedSynchronizer$Node;Ljava/util/concurrent/locks/AbstractQueuedSynchronizer$Node;)Z+27
j  java.util.concurrent.locks.AbstractQueuedSynchronizer.acquireQueued(Ljava/util/concurrent/locks/AbstractQueuedSynchronizer$Node;I)Z+60
j  java.util.concurrent.locks.AbstractQueuedSynchronizer$ConditionObject.awaitNanos(J)J+112
j  java.util.concurrent.DelayQueue.take()Ljava/util/concurrent/Delayed;+132
j  javax.swing.TimerQueue.run()V+20
j  java.lang.Thread.run()V+11
v  ~StubRoutines::call_stub


---------------  P R O C E S S  ---------------

Java Threads: ( => current thread )
  0x000000000e2ba800 JavaThread "SwingWorker-pool-2-thread-10" daemon [_thread_blocked, id=8876, stack(0x0000000011920000,0x0000000011a20000)]
  0x000000000e2b9800 JavaThread "SwingWorker-pool-2-thread-9" daemon [_thread_blocked, id=5720, stack(0x0000000011de0000,0x0000000011ee0000)]
  0x000000000e2b9000 JavaThread "SwingWorker-pool-2-thread-8" daemon [_thread_blocked, id=1812, stack(0x0000000010e80000,0x0000000010f80000)]
  0x000000000e2b8000 JavaThread "SwingWorker-pool-2-thread-7" daemon [_thread_blocked, id=8784, stack(0x0000000011b40000,0x0000000011c40000)]
  0x000000000e2b7800 JavaThread "SwingWorker-pool-2-thread-6" daemon [_thread_blocked, id=6252, stack(0x0000000011a20000,0x0000000011b20000)]
  0x000000000e2b6800 JavaThread "SwingWorker-pool-2-thread-5" daemon [_thread_blocked, id=7848, stack(0x0000000011820000,0x0000000011920000)]
  0x000000000f072000 JavaThread "SwingWorker-pool-2-thread-4" daemon [_thread_blocked, id=1120, stack(0x0000000011620000,0x0000000011720000)]
  0x000000000e5e6000 JavaThread "SwingWorker-pool-2-thread-3" daemon [_thread_blocked, id=7300, stack(0x0000000011440000,0x0000000011540000)]
  0x000000000c1b8800 JavaThread "SwingWorker-pool-2-thread-2" daemon [_thread_blocked, id=5108, stack(0x0000000011250000,0x0000000011350000)]
  0x000000000e55d000 JavaThread "SwingWorker-pool-2-thread-1" daemon [_thread_blocked, id=4744, stack(0x00000000110f0000,0x00000000111f0000)]
  0x000000000e782000 JavaThread "Swing-Shell" daemon [_thread_blocked, id=7548, stack(0x0000000010f80000,0x0000000011080000)]
=>0x000000000e711800 JavaThread "TimerQueue" daemon [_thread_in_Java, id=7052, stack(0x000000000e820000,0x000000000e920000)]
  0x000000000e070800 JavaThread "org.netbeans.modules.debugger.jpda.visual AWT Access Loop" daemon [_thread_blocked, id=8424, stack(0x000000000db40000,0x000000000dc40000)]
  0x00000000003df000 JavaThread "DestroyJavaVM" [_thread_blocked, id=8552, stack(0x00000000024e0000,0x00000000025e0000)]
  0x000000000e063800 JavaThread "AWT-EventQueue-0" [_thread_blocked, id=8392, stack(0x000000000ed70000,0x000000000ee70000)]
  0x000000000df96000 JavaThread "AWT-Windows" daemon [_thread_in_native, id=5224, stack(0x000000000d650000,0x000000000d750000)]
  0x000000000df95800 JavaThread "AWT-Shutdown" [_thread_blocked, id=8864, stack(0x000000000d550000,0x000000000d650000)]
  0x000000000df94800 JavaThread "Java2D Disposer" daemon [_thread_blocked, id=9052, stack(0x000000000d2a0000,0x000000000d3a0000)]
  0x000000000bf7f000 JavaThread "Service Thread" daemon [_thread_blocked, id=3812, stack(0x000000000dc50000,0x000000000dd50000)]
  0x000000000bf76800 JavaThread "C2 CompilerThread1" daemon [_thread_blocked, id=7404, stack(0x000000000d9f0000,0x000000000daf0000)]
  0x000000000bf73000 JavaThread "C2 CompilerThread0" daemon [_thread_blocked, id=5444, stack(0x000000000d760000,0x000000000d860000)]
  0x000000000bf3d800 JavaThread "JDWP Command Reader" daemon [_thread_in_native, id=7596, stack(0x000000000d0a0000,0x000000000d1a0000)]
  0x000000000bf37000 JavaThread "JDWP Event Helper Thread" daemon [_thread_blocked, id=9156, stack(0x000000000c9f0000,0x000000000caf0000)]
  0x000000000bf2f000 JavaThread "JDWP Transport Listener: dt_shmem" daemon [_thread_blocked, id=8344, stack(0x000000000cee0000,0x000000000cfe0000)]
  0x000000000bf21800 JavaThread "Attach Listener" daemon [_thread_blocked, id=3820, stack(0x000000000cdb0000,0x000000000ceb0000)]
  0x000000000bf20000 JavaThread "Signal Dispatcher" daemon [_thread_blocked, id=5680, stack(0x000000000cc60000,0x000000000cd60000)]
  0x0000000002153000 JavaThread "Finalizer" daemon [_thread_blocked, id=8936, stack(0x000000000caf0000,0x000000000cbf0000)]
  0x000000000214f800 JavaThread "Reference Handler" daemon [_thread_blocked, id=8980, stack(0x000000000c850000,0x000000000c950000)]

Other Threads:
  0x000000000bea2800 VMThread [stack: 0x000000000c6d0000,0x000000000c7d0000] [id=7600]
  0x000000000bf8c000 WatcherThread [stack: 0x000000000de90000,0x000000000df90000] [id=5464]

VM state:not at safepoint (normal execution)

VM Mutex/Monitor currently owned by a thread: None

Heap
 PSYoungGen      total 25088K, used 747K [0x00000007d5ab0000, 0x00000007d7360000, 0x0000000800000000)
  eden space 24896K, 3% used [0x00000007d5ab0000,0x00000007d5b6aea0,0x00000007d7300000)
  from space 192K, 0% used [0x00000007d7330000,0x00000007d7330000,0x00000007d7360000)
  to   space 192K, 0% used [0x00000007d7300000,0x00000007d7300000,0x00000007d7330000)
 ParOldGen       total 86720K, used 11231K [0x0000000781000000, 0x00000007864b0000, 0x00000007d5ab0000)
  object space 86720K, 12% used [0x0000000781000000,0x0000000781af7c18,0x00000007864b0000)
 PSPermGen       total 21504K, used 20607K [0x000000077be00000, 0x000000077d300000, 0x0000000781000000)
  object space 21504K, 95% used [0x000000077be00000,0x000000077d21fea0,0x000000077d300000)

Card table byte_map: [0x0000000005840000,0x0000000005c70000] byte_map_base: 0x0000000001c61000

Polling page: 0x0000000000110000

Code Cache  [0x0000000002780000, 0x00000000029f0000, 0x0000000005780000)
 total_blobs=1166 nmethods=680 adapters=446 free_code_cache=46896Kb largest_free_block=47962368

Compilation events (10 events):
Event: 283.965 Thread 0x000000000bf73000 nmethod 688 0x0000000002996fd0 code [0x0000000002997180, 0x0000000002997af0]
Event: 284.000 Thread 0x000000000bf76800 nmethod 689 0x00000000029ac4d0 code [0x00000000029ac640, 0x00000000029ad198]
Event: 284.141 Thread 0x000000000bf73000  690             java.util.Properties::load0 (250 bytes)
Event: 284.224 Thread 0x000000000bf73000 nmethod 690 0x00000000029ad790 code [0x00000000029ad980, 0x00000000029af360]
Event: 306.670 Thread 0x000000000bf76800  691   !         java.lang.Throwable::printStackTrace (177 bytes)
Event: 306.742 Thread 0x000000000bf76800 nmethod 691 0x00000000029b0510 code [0x00000000029b07e0, 0x00000000029b21b8]
Event: 314.725 Thread 0x000000000bf73000  692             java.util.Formatter::parse (151 bytes)
Event: 315.030 Thread 0x000000000bf73000 nmethod 692 0x00000000029b8b10 code [0x00000000029b9500, 0x00000000029bd928]
Event: 327.793 Thread 0x000000000bf76800  693             javax.swing.text.GapContent::findSortIndex (128 bytes)
Event: 327.809 Thread 0x000000000bf76800 nmethod 693 0x00000000029a3890 code [0x00000000029a3a00, 0x00000000029a3e58]

GC Heap History (10 events):
Event: 334.666 GC heap before
{Heap before GC invocations=520 (full 252):
 PSYoungGen      total 25088K, used 32K [0x00000007d5ab0000, 0x00000007d7360000, 0x0000000800000000)
  eden space 24896K, 0% used [0x00000007d5ab0000,0x00000007d5ab0000,0x00000007d7300000)
  from space 192K, 16% used [0x00000007d7330000,0x00000007d7338000,0x00000007d7360000)
  to   space 192K, 0% used [0x00000007d7300000,0x00000007d7300000,0x00000007d7330000)
 ParOldGen       total 86720K, used 11241K [0x0000000781000000, 0x00000007864b0000, 0x00000007d5ab0000)
  object space 86720K, 12% used [0x0000000781000000,0x0000000781afa588,0x00000007864b0000)
 PSPermGen       total 21504K, used 20607K [0x000000077be00000, 0x000000077d300000, 0x0000000781000000)
  object space 21504K, 95% used [0x000000077be00000,0x000000077d21fd08,0x000000077d300000)
Event: 334.804 GC heap after
Heap after GC invocations=520 (full 252):
 PSYoungGen      total 25088K, used 0K [0x00000007d5ab0000, 0x00000007d7360000, 0x0000000800000000)
  eden space 24896K, 0% used [0x00000007d5ab0000,0x00000007d5ab0000,0x00000007d7300000)
  from space 192K, 0% used [0x00000007d7330000,0x00000007d7330000,0x00000007d7360000)
  to   space 192K, 0% used [0x00000007d7300000,0x00000007d7300000,0x00000007d7330000)
 ParOldGen       total 86720K, used 11231K [0x0000000781000000, 0x00000007864b0000, 0x00000007d5ab0000)
  object space 86720K, 12% used [0x0000000781000000,0x0000000781af7c00,0x00000007864b0000)
 PSPermGen       total 21504K, used 20607K [0x000000077be00000, 0x000000077d300000, 0x0000000781000000)
  object space 21504K, 95% used [0x000000077be00000,0x000000077d21fd08,0x000000077d300000)
}
Event: 335.581 GC heap before
{Heap before GC invocations=521 (full 252):
 PSYoungGen      total 25088K, used 1370K [0x00000007d5ab0000, 0x00000007d7360000, 0x0000000800000000)
  eden space 24896K, 5% used [0x00000007d5ab0000,0x00000007d5c06b58,0x00000007d7300000)
  from space 192K, 0% used [0x00000007d7330000,0x00000007d7330000,0x00000007d7360000)
  to   space 192K, 0% used [0x00000007d7300000,0x00000007d7300000,0x00000007d7330000)
 ParOldGen       total 86720K, used 11231K [0x0000000781000000, 0x00000007864b0000, 0x00000007d5ab0000)
  object space 86720K, 12% used [0x0000000781000000,0x0000000781af7c00,0x00000007864b0000)
 PSPermGen       total 21504K, used 20607K [0x000000077be00000, 0x000000077d300000, 0x0000000781000000)
  object space 21504K, 95% used [0x000000077be00000,0x000000077d21fea0,0x000000077d300000)
Event: 335.592 GC heap after
Heap after GC invocations=521 (full 252):
 PSYoungGen      total 25088K, used 64K [0x00000007d5ab0000, 0x00000007d7360000, 0x0000000800000000)
  eden space 24896K, 0% used [0x00000007d5ab0000,0x00000007d5ab0000,0x00000007d7300000)
  from space 192K, 33% used [0x00000007d7300000,0x00000007d7310000,0x00000007d7330000)
  to   space 192K, 0% used [0x00000007d7330000,0x00000007d7330000,0x00000007d7360000)
 ParOldGen       total 86720K, used 11231K [0x0000000781000000, 0x00000007864b0000, 0x00000007d5ab0000)
  object space 86720K, 12% used [0x0000000781000000,0x0000000781af7c00,0x00000007864b0000)
 PSPermGen       total 21504K, used 20607K [0x000000077be00000, 0x000000077d300000, 0x0000000781000000)
  object space 21504K, 95% used [0x000000077be00000,0x000000077d21fea0,0x000000077d300000)
}
Event: 335.592 GC heap before
{Heap before GC invocations=522 (full 253):
 PSYoungGen      total 25088K, used 64K [0x00000007d5ab0000, 0x00000007d7360000, 0x0000000800000000)
  eden space 24896K, 0% used [0x00000007d5ab0000,0x00000007d5ab0000,0x00000007d7300000)
  from space 192K, 33% used [0x00000007d7300000,0x00000007d7310000,0x00000007d7330000)
  to   space 192K, 0% used [0x00000007d7330000,0x00000007d7330000,0x00000007d7360000)
 ParOldGen       total 86720K, used 11231K [0x0000000781000000, 0x00000007864b0000, 0x00000007d5ab0000)
  object space 86720K, 12% used [0x0000000781000000,0x0000000781af7c00,0x00000007864b0000)
 PSPermGen       total 21504K, used 20607K [0x000000077be00000, 0x000000077d300000, 0x0000000781000000)
  object space 21504K, 95% used [0x000000077be00000,0x000000077d21fea0,0x000000077d300000)
Event: 335.732 GC heap after
Heap after GC invocations=522 (full 253):
 PSYoungGen      total 25088K, used 0K [0x00000007d5ab0000, 0x00000007d7360000, 0x0000000800000000)
  eden space 24896K, 0% used [0x00000007d5ab0000,0x00000007d5ab0000,0x00000007d7300000)
  from space 192K, 0% used [0x00000007d7300000,0x00000007d7300000,0x00000007d7330000)
  to   space 192K, 0% used [0x00000007d7330000,0x00000007d7330000,0x00000007d7360000)
 ParOldGen       total 86720K, used 11241K [0x0000000781000000, 0x00000007864b0000, 0x00000007d5ab0000)
  object space 86720K, 12% used [0x0000000781000000,0x0000000781afa580,0x00000007864b0000)
 PSPermGen       total 21504K, used 20607K [0x000000077be00000, 0x000000077d300000, 0x0000000781000000)
  object space 21504K, 95% used [0x000000077be00000,0x000000077d21fea0,0x000000077d300000)
}
Event: 335.733 GC heap before
{Heap before GC invocations=523 (full 253):
 PSYoungGen      total 25088K, used 492K [0x00000007d5ab0000, 0x00000007d7360000, 0x0000000800000000)
  eden space 24896K, 1% used [0x00000007d5ab0000,0x00000007d5b2b0c0,0x00000007d7300000)
  from space 192K, 0% used [0x00000007d7300000,0x00000007d7300000,0x00000007d7330000)
  to   space 192K, 0% used [0x00000007d7330000,0x00000007d7330000,0x00000007d7360000)
 ParOldGen       total 86720K, used 11241K [0x0000000781000000, 0x00000007864b0000, 0x00000007d5ab0000)
  object space 86720K, 12% used [0x0000000781000000,0x0000000781afa580,0x00000007864b0000)
 PSPermGen       total 21504K, used 20607K [0x000000077be00000, 0x000000077d300000, 0x0000000781000000)
  object space 21504K, 95% used [0x000000077be00000,0x000000077d21fea0,0x000000077d300000)
Event: 335.734 GC heap after
Heap after GC invocations=523 (full 253):
 PSYoungGen      total 25088K, used 32K [0x00000007d5ab0000, 0x00000007d7360000, 0x0000000800000000)
  eden space 24896K, 0% used [0x00000007d5ab0000,0x00000007d5ab0000,0x00000007d7300000)
  from space 192K, 16% used [0x00000007d7330000,0x00000007d7338000,0x00000007d7360000)
  to   space 192K, 0% used [0x00000007d7300000,0x00000007d7300000,0x00000007d7330000)
 ParOldGen       total 86720K, used 11241K [0x0000000781000000, 0x00000007864b0000, 0x00000007d5ab0000)
  object space 86720K, 12% used [0x0000000781000000,0x0000000781afa580,0x00000007864b0000)
 PSPermGen       total 21504K, used 20607K [0x000000077be00000, 0x000000077d300000, 0x0000000781000000)
  object space 21504K, 95% used [0x000000077be00000,0x000000077d21fea0,0x000000077d300000)
}
Event: 335.734 GC heap before
{Heap before GC invocations=524 (full 254):
 PSYoungGen      total 25088K, used 32K [0x00000007d5ab0000, 0x00000007d7360000, 0x0000000800000000)
  eden space 24896K, 0% used [0x00000007d5ab0000,0x00000007d5ab0000,0x00000007d7300000)
  from space 192K, 16% used [0x00000007d7330000,0x00000007d7338000,0x00000007d7360000)
  to   space 192K, 0% used [0x00000007d7300000,0x00000007d7300000,0x00000007d7330000)
 ParOldGen       total 86720K, used 11241K [0x0000000781000000, 0x00000007864b0000, 0x00000007d5ab0000)
  object space 86720K, 12% used [0x0000000781000000,0x0000000781afa580,0x00000007864b0000)
 PSPermGen       total 21504K, used 20607K [0x000000077be00000, 0x000000077d300000, 0x0000000781000000)
  object space 21504K, 95% used [0x000000077be00000,0x000000077d21fea0,0x000000077d300000)
Event: 335.822 GC heap after
Heap after GC invocations=524 (full 254):
 PSYoungGen      total 25088K, used 0K [0x00000007d5ab0000, 0x00000007d7360000, 0x0000000800000000)
  eden space 24896K, 0% used [0x00000007d5ab0000,0x00000007d5ab0000,0x00000007d7300000)
  from space 192K, 0% used [0x00000007d7330000,0x00000007d7330000,0x00000007d7360000)
  to   space 192K, 0% used [0x00000007d7300000,0x00000007d7300000,0x00000007d7330000)
 ParOldGen       total 86720K, used 11231K [0x0000000781000000, 0x00000007864b0000, 0x00000007d5ab0000)
  object space 86720K, 12% used [0x0000000781000000,0x0000000781af7c18,0x00000007864b0000)
 PSPermGen       total 21504K, used 20607K [0x000000077be00000, 0x000000077d300000, 0x0000000781000000)
  object space 21504K, 95% used [0x000000077be00000,0x000000077d21fea0,0x000000077d300000)
}

Deoptimization events (0 events):
No events

Internal exceptions (10 events):
Event: 284.034 Thread 0x000000000e063800 Threw 0x00000007d5b575f8 at C:\jdk7u1_64p\jdk7u11\hotspot\src\share\vm\prims\jvm.cpp:1166
Event: 284.061 Thread 0x000000000e063800 Threw 0x00000007d5b5a978 at C:\jdk7u1_64p\jdk7u11\hotspot\src\share\vm\prims\jvm.cpp:1166
Event: 284.066 Thread 0x000000000e063800 Threw 0x00000007d5b5e8f8 at C:\jdk7u1_64p\jdk7u11\hotspot\src\share\vm\prims\jvm.cpp:1166
Event: 284.069 Thread 0x000000000e063800 Threw 0x00000007d5b61728 at C:\jdk7u1_64p\jdk7u11\hotspot\src\share\vm\prims\jvm.cpp:1166
Event: 284.134 Thread 0x000000000e063800 Threw 0x00000007d5c1a5f0 at C:\jdk7u1_64p\jdk7u11\hotspot\src\share\vm\prims\jvm.cpp:1166
Event: 284.136 Thread 0x000000000e063800 Threw 0x00000007d5c1d4a0 at C:\jdk7u1_64p\jdk7u11\hotspot\src\share\vm\prims\jvm.cpp:1166
Event: 284.191 Thread 0x000000000e063800 Threw 0x00000007d5c3ab38 at C:\jdk7u1_64p\jdk7u11\hotspot\src\share\vm\prims\jvm.cpp:1166
Event: 284.194 Thread 0x000000000e063800 Threw 0x00000007d5c3db68 at C:\jdk7u1_64p\jdk7u11\hotspot\src\share\vm\prims\jvm.cpp:1166
Event: 284.198 Thread 0x000000000e063800 Threw 0x00000007d5c411d0 at C:\jdk7u1_64p\jdk7u11\hotspot\src\share\vm\prims\jvm.cpp:1170
Event: 284.198 Thread 0x000000000e063800 Threw 0x00000007d5c411d0 at C:\jdk7u1_64p\jdk7u11\hotspot\src\share\vm\prims\jvm.cpp:1170

Events (10 events):
Event: 333.627 Executing VM operation: ParallelGCSystemGC
Event: 333.725 Executing VM operation: ParallelGCSystemGC done
Event: 334.525 Executing VM operation: ParallelGCSystemGC
Event: 334.663 Executing VM operation: ParallelGCSystemGC done
Event: 334.663 Executing VM operation: ParallelGCSystemGC
Event: 334.804 Executing VM operation: ParallelGCSystemGC done
Event: 335.581 Executing VM operation: ParallelGCSystemGC
Event: 335.733 Executing VM operation: ParallelGCSystemGC done
Event: 335.733 Executing VM operation: ParallelGCSystemGC
Event: 335.822 Executing VM operation: ParallelGCSystemGC done


Dynamic libraries:
0x000000013f4b0000 - 0x000000013f4e3000 	C:\Program Files\Java\jdk1.7.0_11\bin\java.exe
0x0000000077330000 - 0x00000000774d9000 	C:\Windows\SYSTEM32\ntdll.dll
0x0000000077210000 - 0x000000007732f000 	C:\Windows\system32\kernel32.dll
0x000007fefd300000 - 0x000007fefd36c000 	C:\Windows\system32\KERNELBASE.dll
0x000007fefd550000 - 0x000007fefd62b000 	C:\Windows\system32\ADVAPI32.dll
0x000007fefe1f0000 - 0x000007fefe28f000 	C:\Windows\system32\msvcrt.dll
0x000007feff620000 - 0x000007feff63f000 	C:\Windows\SYSTEM32\sechost.dll
0x000007fefde70000 - 0x000007fefdf9d000 	C:\Windows\system32\RPCRT4.dll
0x0000000077110000 - 0x000000007720a000 	C:\Windows\system32\USER32.dll
0x000007fefe290000 - 0x000007fefe2f7000 	C:\Windows\system32\GDI32.dll
0x000007feff610000 - 0x000007feff61e000 	C:\Windows\system32\LPK.dll
0x000007fefdfa0000 - 0x000007fefe069000 	C:\Windows\system32\USP10.dll
0x000007fefb240000 - 0x000007fefb434000 	C:\Windows\WinSxS\amd64_microsoft.windows.common-controls_6595b64144ccf1df_6.0.7601.17514_none_fa396087175ac9ac\COMCTL32.dll
0x000007fefd4b0000 - 0x000007fefd521000 	C:\Windows\system32\SHLWAPI.dll
0x000007fefda60000 - 0x000007fefda8e000 	C:\Windows\system32\IMM32.DLL
0x000007feff320000 - 0x000007feff429000 	C:\Windows\system32\MSCTF.dll
0x0000000059120000 - 0x00000000591f1000 	C:\Program Files\Java\jdk1.7.0_11\jre\bin\msvcr100.dll
0x00000000583c0000 - 0x0000000058adf000 	C:\Program Files\Java\jdk1.7.0_11\jre\bin\server\jvm.dll
0x000007fefad30000 - 0x000007fefad39000 	C:\Windows\system32\WSOCK32.dll
0x000007feff430000 - 0x000007feff47d000 	C:\Windows\system32\WS2_32.dll
0x000007fefda90000 - 0x000007fefda98000 	C:\Windows\system32\NSI.dll
0x000007fefbaf0000 - 0x000007fefbb2b000 	C:\Windows\system32\WINMM.dll
0x0000000077500000 - 0x0000000077507000 	C:\Windows\system32\PSAPI.DLL
0x000000005cc40000 - 0x000000005cc7f000 	C:\Program Files\Java\jdk1.7.0_11\jre\bin\splashscreen.dll
0x0000000072bb0000 - 0x0000000072bbf000 	C:\Program Files\Java\jdk1.7.0_11\jre\bin\verify.dll
0x0000000059d90000 - 0x0000000059db8000 	C:\Program Files\Java\jdk1.7.0_11\jre\bin\java.dll
0x00000000557e0000 - 0x0000000055815000 	C:\Program Files\Java\jdk1.7.0_11\jre\bin\jdwp.dll
0x0000000055850000 - 0x0000000055858000 	C:\Program Files\Java\jdk1.7.0_11\jre\bin\npt.dll
0x000007fefaf70000 - 0x000007fefafc6000 	C:\Windows\system32\uxtheme.dll
0x0000000180000000 - 0x00000001800eb000 	C:\Program Files\Hewlett-Packard\HP ProtectTools Security Manager\Bin\DpoFeedb.dll
0x000007fefe070000 - 0x000007fefe147000 	C:\Windows\system32\OLEAUT32.dll
0x000007fefe380000 - 0x000007fefe583000 	C:\Windows\system32\ole32.dll
0x000007fefc470000 - 0x000007fefc47c000 	C:\Windows\system32\VERSION.dll
0x000007fefd3d0000 - 0x000007fefd3ee000 	C:\Windows\system32\USERENV.dll
0x000007fefd100000 - 0x000007fefd10f000 	C:\Windows\system32\profapi.dll
0x0000000059fc0000 - 0x0000000059fd5000 	C:\Program Files\Java\jdk1.7.0_11\jre\bin\zip.dll
0x000007fefcf90000 - 0x000007fefcf9f000 	C:\Windows\system32\CRYPTBASE.dll
0x000007fef43e0000 - 0x000007fef4411000 	C:\Program Files\Hewlett-Packard\HP ProtectTools Security Manager\Bin\DpoSet.dll
0x000000006cfd0000 - 0x000000006d0a3000 	C:\Windows\WinSxS\amd64_microsoft.vc90.crt_1fc8b3b9a1e18e3b_9.0.30729.6161_none_08e61857a83bc251\MSVCP90.dll
0x0000000072f00000 - 0x0000000072fa3000 	C:\Windows\WinSxS\amd64_microsoft.vc90.crt_1fc8b3b9a1e18e3b_9.0.30729.6161_none_08e61857a83bc251\MSVCR90.dll
0x0000000070790000 - 0x000000007079b000 	C:\Program Files\Java\jdk1.7.0_11\jre\bin\dt_shmem.dll
0x0000000056f10000 - 0x00000000570a3000 	C:\Program Files\Java\jdk1.7.0_11\jre\bin\awt.dll
0x000007fefa7c0000 - 0x000007fefa7d8000 	C:\Windows\system32\dwmapi.dll
0x000007fefe590000 - 0x000007feff318000 	C:\Windows\system32\SHELL32.dll
0x0000000055930000 - 0x0000000055964000 	C:\Program Files\Java\jdk1.7.0_11\jre\bin\fontmanager.dll
0x0000000059fa0000 - 0x0000000059fb9000 	C:\Program Files\Java\jdk1.7.0_11\jre\bin\net.dll
0x000007fefc8d0000 - 0x000007fefc925000 	C:\Windows\system32\mswsock.dll
0x000007fefc8c0000 - 0x000007fefc8c7000 	C:\Windows\System32\wship6.dll
0x0000000059100000 - 0x0000000059111000 	C:\Program Files\Java\jdk1.7.0_11\jre\bin\nio.dll
0x0000000054d40000 - 0x0000000054d70000 	C:\Program Files\Java\jdk1.7.0_11\jre\bin\jpeg.dll
0x0000000055860000 - 0x00000000558a1000 	C:\Program Files\Java\jdk1.7.0_11\jre\bin\t2k.dll
0x000007fefdaa0000 - 0x000007fefdb39000 	C:\Windows\system32\CLBCatQ.DLL
0x000007fefa5d0000 - 0x000007fefa731000 	C:\Windows\system32\WindowsCodecs.dll
0x000007fefcf30000 - 0x000007fefcf87000 	C:\Windows\system32\apphelp.dll
0x000007fef74c0000 - 0x000007fef76fd000 	C:\PROGRA~1\MIF5BA~1\Office15\GROOVEEX.DLL
0x000000006d2a0000 - 0x000000006d338000 	C:\Windows\system32\MSVCP100.dll
0x000000006d270000 - 0x000000006d29b000 	C:\Windows\system32\ATL100.DLL
0x000007fef81a0000 - 0x000007fef84bd000 	C:\Windows\system32\msi.dll
0x000007fef5b60000 - 0x000007fef63ec000 	C:\PROGRA~1\MIF5BA~1\Office15\1036\GrooveIntlResource.dll
0x000000006d1c0000 - 0x000000006d1d6000 	C:\Program Files\Common Files\TortoiseOverlays\TortoiseOverlays.dll
0x000000006d1b0000 - 0x000000006d1c0000 	C:\Program Files\TortoiseSVN\bin\TortoiseStub.dll
0x000000006d130000 - 0x000000006d1ab000 	C:\Program Files\TortoiseSVN\bin\TortoiseSVN.dll
0x000007fefd630000 - 0x000007fefd878000 	C:\Windows\system32\WININET.dll
0x000007fefd2b0000 - 0x000007fefd2b4000 	C:\Windows\system32\api-ms-win-downlevel-user32-l1-1-0.dll
0x000007fefd110000 - 0x000007fefd114000 	C:\Windows\system32\api-ms-win-downlevel-shlwapi-l1-1-0.dll
0x000007fefd370000 - 0x000007fefd374000 	C:\Windows\system32\api-ms-win-downlevel-version-l1-1-0.dll
0x000007fefd4a0000 - 0x000007fefd4a3000 	C:\Windows\system32\api-ms-win-downlevel-normaliz-l1-1-0.dll
0x00000000774f0000 - 0x00000000774f3000 	C:\Windows\system32\normaliz.DLL
0x000007fefdb40000 - 0x000007fefde07000 	C:\Windows\system32\iertutil.dll
0x000007fefd3f0000 - 0x000007fefd3f5000 	C:\Windows\system32\api-ms-win-downlevel-advapi32-l1-1-0.dll
0x000007fef78b0000 - 0x000007fef7c9d000 	C:\Program Files\TortoiseSVN\bin\libsvn_tsvn.dll
0x000000006d100000 - 0x000000006d12b000 	C:\Program Files\TortoiseSVN\bin\libapr_tsvn.dll
0x000000006d0b0000 - 0x000000006d0f1000 	C:\Program Files\TortoiseSVN\bin\libaprutil_tsvn.dll
0x000007fefde10000 - 0x000007fefde62000 	C:\Windows\system32\WLDAP32.dll
0x000007fef8df0000 - 0x000007fef8e00000 	C:\Program Files\TortoiseSVN\bin\intl3_tsvn.dll
0x000007fef8dd0000 - 0x000007fef8dea000 	C:\Program Files\TortoiseSVN\bin\libsasl.dll
0x000007fefced0000 - 0x000007fefcedb000 	C:\Windows\system32\Secur32.dll
0x000007fefcf00000 - 0x000007fefcf25000 	C:\Windows\system32\SSPICLI.DLL
0x000007fefd140000 - 0x000007fefd2ac000 	C:\Windows\system32\CRYPT32.dll
0x000007fefd0f0000 - 0x000007fefd0ff000 	C:\Windows\system32\MSASN1.dll
0x000007fef7870000 - 0x000007fef78a5000 	C:\Windows\system32\EhStorShell.dll
0x000007fefd880000 - 0x000007fefda57000 	C:\Windows\system32\SETUPAPI.dll
0x000007fefd380000 - 0x000007fefd3b6000 	C:\Windows\system32\CFGMGR32.dll
0x000007fefd120000 - 0x000007fefd13a000 	C:\Windows\system32\DEVOBJ.dll
0x000007fefb770000 - 0x000007fefb89c000 	C:\Windows\system32\PROPSYS.dll
0x000007fef54f0000 - 0x000007fef5b5f000 	C:\PROGRA~1\MIF5BA~1\Office14\GROOVEEX.DLL
0x000000006cfa0000 - 0x000000006cfcf000 	C:\Windows\WinSxS\amd64_microsoft.vc90.atl_1fc8b3b9a1e18e3b_9.0.30729.6161_none_0a1fd3a3a768b895\ATL90.DLL
0x000007fef50d0000 - 0x000007fef54ea000 	C:\PROGRA~1\COMMON~1\MICROS~1\OFFICE14\Cultures\office.odf
0x000007fef4840000 - 0x000007fef50c8000 	C:\PROGRA~1\MIF5BA~1\Office14\1036\GrooveIntlResource.dll
0x0000000059ee0000 - 0x0000000059f0a000 	C:\Program Files\Java\jdk1.7.0_11\jre\bin\dcpr.dll
0x000007fef2610000 - 0x000007fef26b0000 	C:\Windows\WinSxS\amd64_microsoft.windows.common-controls_6595b64144ccf1df_5.82.7601.18201_none_a4d3b9377117c3df\comctl32.dll
0x000007fefba70000 - 0x000007fefba9d000 	C:\Windows\system32\ntmarta.dll
0x000007fef3590000 - 0x000007fef372c000 	C:\Windows\system32\NetworkExplorer.dll
0x000007fef77a0000 - 0x000007fef77d4000 	C:\Windows\System32\shdocvw.dll
0x000007fefb5d0000 - 0x000007fefb5db000 	C:\Windows\system32\slc.dll
0x000007fef8d80000 - 0x000007fef8d98000 	C:\Windows\system32\MPR.dll
0x000007fef9560000 - 0x000007fef956a000 	C:\Windows\System32\drprov.dll
0x000007fefc3a0000 - 0x000007fefc3dd000 	C:\Windows\System32\WINSTA.dll
0x000007fee56d0000 - 0x000007fee56f2000 	C:\Windows\System32\ntlanman.dll
0x000007fee50a0000 - 0x000007fee50bd000 	C:\Windows\System32\davclnt.dll
0x000007fee8770000 - 0x000007fee877a000 	C:\Windows\System32\DAVHLPR.dll
0x000007fefc4a0000 - 0x000007fefc4b5000 	C:\Windows\system32\wkscli.dll
0x000007fef4420000 - 0x000007fef442f000 	C:\Windows\system32\cscapi.dll
0x000007fefc4c0000 - 0x000007fefc4cc000 	C:\Windows\system32\netutils.dll
0x000007fee3e70000 - 0x000007fee40e1000 	C:\Windows\system32\wpdshext.dll
0x000007fefad50000 - 0x000007fefaf66000 	C:\Windows\WinSxS\amd64_microsoft.windows.gdiplus_6595b64144ccf1df_1.1.7601.18455_none_2b283fd671e9bf4d\gdiplus.dll
0x000007fef07d0000 - 0x000007fef088d000 	C:\Windows\system32\PortableDeviceApi.dll
0x000007fefd2c0000 - 0x000007fefd2fa000 	C:\Windows\system32\WINTRUST.dll
0x000007fef4440000 - 0x000007fef4479000 	C:\Windows\system32\PortableDeviceTypes.dll
0x000007fefb470000 - 0x000007fefb497000 	C:\Windows\system32\EhStorAPI.dll
0x000007fee7df0000 - 0x000007fee7e71000 	C:\Windows\system32\DeviceCenter.dll
0x000007fefab50000 - 0x000007fefac42000 	C:\Windows\system32\DUI70.dll
0x000007fef8da0000 - 0x000007fef8dac000 	C:\Windows\system32\LINKINFO.dll
0x000007feddc30000 - 0x000007feddcce000 	C:\Windows\system32\RICHED20.DLL

VM Arguments:
jvm_args: -Xdebug -Xrunjdwp:transport=dt_shmem,address=javadebug -Dfile.encoding=UTF-8 
java_command: marcadministrationclient.MainJFrame
Launcher Type: SUN_STANDARD

Environment Variables:
PATH=C:\Program Files (x86)\ImageMagick-6.8.7-Q16;C:\Program Files\Common Files\Microsoft Shared\Windows Live;C:\Program Files (x86)\AMD APP\bin\x86_64;C:\Program Files (x86)\AMD APP\bin\x86;C:\Windows\system32;C:\Windows;C:\Windows\System32\Wbem;C:\Program Files (x86)\ATI Technologies\ATI.ACE\Core-Static;C:\Windows\System32\WindowsPowerShell\v1.0\;C:\Program Files\Microsoft\Web Platform Installer\;C:\Program Files (x86)\Microsoft ASP.NET\ASP.NET Web Pages\v1.0\;C:\Program Files\Microsoft SQL Server\110\Tools\Binn\;C:\Program Files (x86)\Microsoft SQL Server\90\Tools\binn\;C:\Windows\System32\WindowsPowerShell\v1.0\;C:\Program Files\TortoiseSVN\bin;C:\Program Files (x86)\Windows Kits\8.1\Windows Performance Toolkit\;C:\Program Files (x86)\Microsoft SDKs\TypeScript\1.0\;C:\Program Files\Common Files\Microsoft Shared\Windows Live;C:\Program Files (x86)\CMake 2.8\bin
USERNAME=patrice
OS=Windows_NT
PROCESSOR_IDENTIFIER=Intel64 Family 6 Model 42 Stepping 7, GenuineIntel



---------------  S Y S T E M  ---------------

OS: Windows 7 , 64 bit Build 7601 Service Pack 1

CPU:total 2 (2 cores per cpu, 2 threads per core) family 6 model 42 stepping 7, cmov, cx8, fxsr, mmx, sse, sse2, sse3, ssse3, sse4.1, sse4.2, popcnt, avx, ht, tsc, tscinvbit

Memory: 4k page, physical 8321392k(3987560k free), swap 16640920k(11249540k free)

vm_info: Java HotSpot(TM) 64-Bit Server VM (23.6-b04) for windows-amd64 JRE (1.7.0_11-b21), built on Jan 12 2013 02:38:42 by "java_re" with unknown MS VC++:1600

time: Mon Dec 15 09:40:10 2014
elapsed time: 337 seconds

