#
# A fatal error has been detected by the Java Runtime Environment:
#
#  EXCEPTION_ACCESS_VIOLATION (0xc0000005) at pc=0x000000006e1f53b0, pid=11876, tid=11712
#
# JRE version: 7.0_11-b21
# Java VM: Java HotSpot(TM) 64-Bit Server VM (23.6-b04 mixed mode windows-amd64 compressed oops)
# Problematic frame:
# V  [jvm.dll+0x253b0]
#
# Failed to write core dump. Minidumps are not enabled by default on client versions of Windows
#
# If you would like to submit a bug report, please visit:
#   http://bugreport.sun.com/bugreport/crash.jsp
#

---------------  T H R E A D  ---------------

Current thread (0x0000000001d8d000):  GCTaskThread [stack: 0x0000000005eb0000,0x0000000005fb0000] [id=11712]

siginfo: ExceptionCode=0xc0000005, reading address 0x0000000000000018

Registers:
RAX=0x0000000000000000, RBX=0x00000007d5b38a48, RCX=0x00000007d5b38a48, RDX=0x0000000000000010
RSP=0x0000000005faf398, RBP=0x00000000057e2c79, RSI=0x0000000002082070, RDI=0x0000000782388a08
R8 =0x0000000002082070, R9 =0x0000000000000004, R10=0x0000000005be0000, R11=0x0000000001fd8000
R12=0x00000000057e2c44, R13=0x0000000000000000, R14=0x0000000000000000, R15=0x0000000001d83b70
RIP=0x000000006e1f53b0, EFLAGS=0x0000000000010202

Top of Stack: (sp=0x0000000005faf398)
0x0000000005faf398:   000000006e5322c6 0000000000000009
0x0000000005faf3a8:   0000000000000003 0000000002082070
0x0000000005faf3b8:   000000006e292136 00000007d7aa8000
0x0000000005faf3c8:   0000000000001000 0000000781c1ce74
0x0000000005faf3d8:   0000000000000010 0000000000000000
0x0000000005faf3e8:   0000000002082000 00000000057e2c44
0x0000000005faf3f8:   000000006e532650 00000007823889dc
0x0000000005faf408:   00000000057e2c79 0000000002082070
0x0000000005faf418:   0000000782388a08 00000007823889dc
0x0000000005faf428:   000000006e533212 0000000000bc5ffc
0x0000000005faf438:   000007fefd0d10dc 0000000002021bf0
0x0000000005faf448:   0000000781c2ff10 0000000000bc6000
0x0000000005faf458:   000000006e530f2d 0000000000000000
0x0000000005faf468:   0000000000bc5fff 0000000782307950
0x0000000005faf478:   000000006e298b83 0000000782307949
0x0000000005faf488:   0000000782307949 00000007823889d8 

Instructions: (pc=0x000000006e1f53b0)
0x000000006e1f5390:   0d 44 0f b7 c0 48 83 c1 48 e8 d8 7d 4c 00 48 83
0x000000006e1f53a0:   c4 28 c3 cc cc cc cc cc cc cc cc cc cc cc cc cc
0x000000006e1f53b0:   44 8b 42 08 4c 8b ca 45 85 c0 7e 0e 41 f6 c0 01
0x000000006e1f53c0:   75 57 41 c1 f8 03 41 8b c0 c3 79 4d 80 3d 15 69 


Register to memory mapping:

RAX=0x0000000000000000 is an unknown value
RBX=0x00000007d5b38a48 is an unknown value
RCX=0x00000007d5b38a48 is an unknown value
RDX=0x0000000000000010 is an unknown value
RSP=0x0000000005faf398 is an unknown value
RBP=0x00000000057e2c79 is an unknown value
RSI=0x0000000002082070 is an unknown value
RDI=0x0000000782388a08 is an oop
java.lang.ref.PhantomReference 
 - klass: 'java/lang/ref/PhantomReference'
R8 =0x0000000002082070 is an unknown value
R9 =0x0000000000000004 is an unknown value
R10=0x0000000005be0000 is an unknown value
R11=0x0000000001fd8000 is an unknown value
R12=0x00000000057e2c44 is an unknown value
R13=0x0000000000000000 is an unknown value
R14=0x0000000000000000 is an unknown value
R15=0x0000000001d83b70 is an unknown value


Stack: [0x0000000005eb0000,0x0000000005fb0000],  sp=0x0000000005faf398,  free space=1020k
Native frames: (J=compiled Java code, j=interpreted, Vv=VM code, C=native code)
V  [jvm.dll+0x253b0]


---------------  P R O C E S S  ---------------

Java Threads: ( => current thread )
  0x000000000e78e800 JavaThread "SwingWorker-pool-1-thread-10" daemon [_thread_blocked, id=4592, stack(0x0000000011fc0000,0x00000000120c0000)]
  0x000000000e78d800 JavaThread "SwingWorker-pool-1-thread-9" daemon [_thread_blocked, id=12116, stack(0x0000000011ce0000,0x0000000011de0000)]
  0x000000000e78d000 JavaThread "SwingWorker-pool-1-thread-8" daemon [_thread_blocked, id=10372, stack(0x00000000118b0000,0x00000000119b0000)]
  0x000000000e78c000 JavaThread "SwingWorker-pool-1-thread-7" daemon [_thread_blocked, id=6528, stack(0x0000000011ba0000,0x0000000011ca0000)]
  0x000000000e78b800 JavaThread "SwingWorker-pool-1-thread-6" daemon [_thread_blocked, id=11332, stack(0x0000000011a00000,0x0000000011b00000)]
  0x000000000e8ff800 JavaThread "SwingWorker-pool-1-thread-5" daemon [_thread_blocked, id=10536, stack(0x0000000011450000,0x0000000011550000)]
  0x000000000c03a000 JavaThread "SwingWorker-pool-1-thread-4" daemon [_thread_blocked, id=10216, stack(0x0000000010f20000,0x0000000011020000)]
  0x000000000e46a800 JavaThread "SwingWorker-pool-1-thread-3" daemon [_thread_blocked, id=11236, stack(0x0000000010b50000,0x0000000010c50000)]
  0x000000000e313800 JavaThread "SwingWorker-pool-1-thread-2" daemon [_thread_blocked, id=10920, stack(0x000000000fba0000,0x000000000fca0000)]
  0x000000000ec77800 JavaThread "SwingWorker-pool-1-thread-1" daemon [_thread_blocked, id=8708, stack(0x000000000f9c0000,0x000000000fac0000)]
  0x000000000e342800 JavaThread "org.netbeans.modules.debugger.jpda.visual AWT Access Loop" daemon [_thread_blocked, id=11104, stack(0x0000000010de0000,0x0000000010ee0000)]
  0x000000000e456000 JavaThread "TimerQueue" daemon [_thread_blocked, id=11496, stack(0x000000000dec0000,0x000000000dfc0000)]
  0x0000000001f1f000 JavaThread "DestroyJavaVM" [_thread_blocked, id=3952, stack(0x00000000024d0000,0x00000000025d0000)]
  0x000000000c182000 JavaThread "AWT-EventQueue-0" [_thread_blocked, id=10828, stack(0x000000000dd70000,0x000000000de70000)]
  0x000000000c17c000 JavaThread "AWT-Windows" daemon [_thread_blocked, id=11380, stack(0x000000000d780000,0x000000000d880000)]
  0x000000000c12c000 JavaThread "AWT-Shutdown" [_thread_blocked, id=8744, stack(0x000000000dc40000,0x000000000dd40000)]
  0x000000000c129800 JavaThread "Java2D Disposer" daemon [_thread_blocked, id=9808, stack(0x000000000dac0000,0x000000000dbc0000)]
  0x000000000bf5f800 JavaThread "Service Thread" daemon [_thread_blocked, id=11336, stack(0x000000000d520000,0x000000000d620000)]
  0x000000000bf5d000 JavaThread "C2 CompilerThread1" daemon [_thread_blocked, id=9956, stack(0x000000000cd70000,0x000000000ce70000)]
  0x000000000bf51800 JavaThread "C2 CompilerThread0" daemon [_thread_blocked, id=8080, stack(0x000000000d250000,0x000000000d350000)]
  0x000000000bf3d800 JavaThread "JDWP Command Reader" daemon [_thread_in_native, id=4084, stack(0x000000000d140000,0x000000000d240000)]
  0x000000000bf3a800 JavaThread "JDWP Event Helper Thread" daemon [_thread_blocked, id=11520, stack(0x000000000d020000,0x000000000d120000)]
  0x000000000bf32800 JavaThread "JDWP Transport Listener: dt_shmem" daemon [_thread_blocked, id=10520, stack(0x000000000ce80000,0x000000000cf80000)]
  0x000000000211b800 JavaThread "Attach Listener" daemon [_thread_blocked, id=11684, stack(0x000000000cc30000,0x000000000cd30000)]
  0x000000000211a000 JavaThread "Signal Dispatcher" daemon [_thread_blocked, id=11200, stack(0x000000000cb20000,0x000000000cc20000)]
  0x0000000002090000 JavaThread "Finalizer" daemon [_thread_blocked, id=11784, stack(0x000000000c600000,0x000000000c700000)]
  0x000000000208d000 JavaThread "Reference Handler" daemon [_thread_blocked, id=8632, stack(0x000000000c480000,0x000000000c580000)]

Other Threads:
  0x0000000002086000 VMThread [stack: 0x000000000bd60000,0x000000000be60000] [id=11548]
  0x000000000bf6c800 WatcherThread [stack: 0x000000000d680000,0x000000000d780000] [id=12092]

=>0x0000000001d8d000 (exited) GCTaskThread [stack: 0x0000000005eb0000,0x0000000005fb0000] [id=11712]

VM state:at safepoint (normal execution)

VM Mutex/Monitor currently owned by a thread:  ([mutex/lock_event])
[0x0000000001f1d310] Threads_lock - owner thread: 0x0000000002086000
[0x0000000001f1d810] Heap_lock - owner thread: 0x000000000c182000

Heap
 PSYoungGen      total 37952K, used 32576K [0x00000007d5ab0000, 0x00000007d8500000, 0x0000000800000000)
  eden space 32576K, 100% used [0x00000007d5ab0000,0x00000007d7a80000,0x00000007d7a80000)
  from space 5376K, 0% used [0x00000007d7fc0000,0x00000007d7fc0000,0x00000007d8500000)
  to   space 5376K, 4% used [0x00000007d7a80000,0x00000007d7ab8000,0x00000007d7fc0000)
 ParOldGen       total 86720K, used 20028K [0x0000000781000000, 0x00000007864b0000, 0x00000007d5ab0000)
  object space 86720K, 23% used [0x0000000781000000,0x000000078238f0d0,0x00000007864b0000)
 PSPermGen       total 21504K, used 20438K [0x000000077be00000, 0x000000077d300000, 0x0000000781000000)
  object space 21504K, 95% used [0x000000077be00000,0x000000077d1f58d8,0x000000077d300000)

Card table byte_map: [0x00000000057b0000,0x0000000005be0000] byte_map_base: 0x0000000001bd1000

Polling page: 0x0000000000160000

Code Cache  [0x00000000027b0000, 0x0000000002af0000, 0x00000000057b0000)
 total_blobs=1448 nmethods=960 adapters=448 free_code_cache=45943Kb largest_free_block=46988672

Compilation events (10 events):
Event: 3704.705 Thread 0x000000000bf51800  969   !         sun.awt.AWTAutoShutdown::setToolkitBusy (124 bytes)
Event: 3704.717 Thread 0x000000000bf51800 nmethod 969 0x0000000002aba990 code [0x0000000002abab40, 0x0000000002abb6d0]
Event: 3705.123 Thread 0x000000000bf5d000  970             java.awt.Container::getMouseEventTarget (50 bytes)
Event: 3705.126 Thread 0x000000000bf5d000 nmethod 970 0x0000000002ac6950 code [0x0000000002ac6aa0, 0x0000000002ac6b98]
Event: 3708.645 Thread 0x000000000bf51800  971             java.awt.Component::contains (7 bytes)
Event: 3708.646 Thread 0x000000000bf51800 nmethod 971 0x0000000002ac6750 code [0x0000000002ac6880, 0x0000000002ac68f8]
Event: 3730.554 Thread 0x000000000bf5d000  972             java.awt.AWTEvent::<init> (81 bytes)
Event: 3730.558 Thread 0x000000000bf5d000 nmethod 972 0x0000000002ad7010 code [0x0000000002ad7180, 0x0000000002ad7368]
Event: 3737.368 Thread 0x000000000bf51800  974             javax.swing.plaf.synth.SynthStyle::getColor (215 bytes)
Event: 3737.387 Thread 0x000000000bf51800 nmethod 974 0x0000000002ab99d0 code [0x0000000002ab9ba0, 0x0000000002aba348]

GC Heap History (10 events):
Event: 911.466 GC heap after
Heap after GC invocations=2956 (full 1476):
 PSYoungGen      total 37952K, used 0K [0x00000007d5ab0000, 0x00000007d8500000, 0x0000000800000000)
  eden space 32576K, 0% used [0x00000007d5ab0000,0x00000007d5ab0000,0x00000007d7a80000)
  from space 5376K, 0% used [0x00000007d7fc0000,0x00000007d7fc0000,0x00000007d8500000)
  to   space 5376K, 0% used [0x00000007d7a80000,0x00000007d7a80000,0x00000007d7fc0000)
 ParOldGen       total 86720K, used 20028K [0x0000000781000000, 0x00000007864b0000, 0x00000007d5ab0000)
  object space 86720K, 23% used [0x0000000781000000,0x000000078238f0c0,0x00000007864b0000)
 PSPermGen       total 21504K, used 20429K [0x000000077be00000, 0x000000077d300000, 0x0000000781000000)
  object space 21504K, 95% used [0x000000077be00000,0x000000077d1f3428,0x000000077d300000)
}
Event: 912.213 GC heap before
{Heap before GC invocations=2957 (full 1476):
 PSYoungGen      total 37952K, used 1931K [0x00000007d5ab0000, 0x00000007d8500000, 0x0000000800000000)
  eden space 32576K, 5% used [0x00000007d5ab0000,0x00000007d5c92cb8,0x00000007d7a80000)
  from space 5376K, 0% used [0x00000007d7fc0000,0x00000007d7fc0000,0x00000007d8500000)
  to   space 5376K, 0% used [0x00000007d7a80000,0x00000007d7a80000,0x00000007d7fc0000)
 ParOldGen       total 86720K, used 20028K [0x0000000781000000, 0x00000007864b0000, 0x00000007d5ab0000)
  object space 86720K, 23% used [0x0000000781000000,0x000000078238f0c0,0x00000007864b0000)
 PSPermGen       total 21504K, used 20429K [0x000000077be00000, 0x000000077d300000, 0x0000000781000000)
  object space 21504K, 95% used [0x000000077be00000,0x000000077d1f3428,0x000000077d300000)
Event: 912.215 GC heap after
Heap after GC invocations=2957 (full 1476):
 PSYoungGen      total 37952K, used 96K [0x00000007d5ab0000, 0x00000007d8500000, 0x0000000800000000)
  eden space 32576K, 0% used [0x00000007d5ab0000,0x00000007d5ab0000,0x00000007d7a80000)
  from space 5376K, 1% used [0x00000007d7a80000,0x00000007d7a98000,0x00000007d7fc0000)
  to   space 5376K, 0% used [0x00000007d7fc0000,0x00000007d7fc0000,0x00000007d8500000)
 ParOldGen       total 86720K, used 20028K [0x0000000781000000, 0x00000007864b0000, 0x00000007d5ab0000)
  object space 86720K, 23% used [0x0000000781000000,0x000000078238f0c0,0x00000007864b0000)
 PSPermGen       total 21504K, used 20429K [0x000000077be00000, 0x000000077d300000, 0x0000000781000000)
  object space 21504K, 95% used [0x000000077be00000,0x000000077d1f3428,0x000000077d300000)
}
Event: 912.215 GC heap before
{Heap before GC invocations=2958 (full 1477):
 PSYoungGen      total 37952K, used 96K [0x00000007d5ab0000, 0x00000007d8500000, 0x0000000800000000)
  eden space 32576K, 0% used [0x00000007d5ab0000,0x00000007d5ab0000,0x00000007d7a80000)
  from space 5376K, 1% used [0x00000007d7a80000,0x00000007d7a98000,0x00000007d7fc0000)
  to   space 5376K, 0% used [0x00000007d7fc0000,0x00000007d7fc0000,0x00000007d8500000)
 ParOldGen       total 86720K, used 20028K [0x0000000781000000, 0x00000007864b0000, 0x00000007d5ab0000)
  object space 86720K, 23% used [0x0000000781000000,0x000000078238f0c0,0x00000007864b0000)
 PSPermGen       total 21504K, used 20429K [0x000000077be00000, 0x000000077d300000, 0x0000000781000000)
  object space 21504K, 95% used [0x000000077be00000,0x000000077d1f3428,0x000000077d300000)
Event: 912.337 GC heap after
Heap after GC invocations=2958 (full 1477):
 PSYoungGen      total 37952K, used 0K [0x00000007d5ab0000, 0x00000007d8500000, 0x0000000800000000)
  eden space 32576K, 0% used [0x00000007d5ab0000,0x00000007d5ab0000,0x00000007d7a80000)
  from space 5376K, 0% used [0x00000007d7a80000,0x00000007d7a80000,0x00000007d7fc0000)
  to   space 5376K, 0% used [0x00000007d7fc0000,0x00000007d7fc0000,0x00000007d8500000)
 ParOldGen       total 86720K, used 20042K [0x0000000781000000, 0x00000007864b0000, 0x00000007d5ab0000)
  object space 86720K, 23% used [0x0000000781000000,0x0000000782392920,0x00000007864b0000)
 PSPermGen       total 21504K, used 20429K [0x000000077be00000, 0x000000077d300000, 0x0000000781000000)
  object space 21504K, 95% used [0x000000077be00000,0x000000077d1f3428,0x000000077d300000)
}
Event: 912.338 GC heap before
{Heap before GC invocations=2959 (full 1477):
 PSYoungGen      total 37952K, used 546K [0x00000007d5ab0000, 0x00000007d8500000, 0x0000000800000000)
  eden space 32576K, 1% used [0x00000007d5ab0000,0x00000007d5b38a68,0x00000007d7a80000)
  from space 5376K, 0% used [0x00000007d7a80000,0x00000007d7a80000,0x00000007d7fc0000)
  to   space 5376K, 0% used [0x00000007d7fc0000,0x00000007d7fc0000,0x00000007d8500000)
 ParOldGen       total 86720K, used 20042K [0x0000000781000000, 0x00000007864b0000, 0x00000007d5ab0000)
  object space 86720K, 23% used [0x0000000781000000,0x0000000782392920,0x00000007864b0000)
 PSPermGen       total 21504K, used 20429K [0x000000077be00000, 0x000000077d300000, 0x0000000781000000)
  object space 21504K, 95% used [0x000000077be00000,0x000000077d1f3428,0x000000077d300000)
Event: 912.340 GC heap after
Heap after GC invocations=2959 (full 1477):
 PSYoungGen      total 37952K, used 64K [0x00000007d5ab0000, 0x00000007d8500000, 0x0000000800000000)
  eden space 32576K, 0% used [0x00000007d5ab0000,0x00000007d5ab0000,0x00000007d7a80000)
  from space 5376K, 1% used [0x00000007d7fc0000,0x00000007d7fd0000,0x00000007d8500000)
  to   space 5376K, 0% used [0x00000007d7a80000,0x00000007d7a80000,0x00000007d7fc0000)
 ParOldGen       total 86720K, used 20042K [0x0000000781000000, 0x00000007864b0000, 0x00000007d5ab0000)
  object space 86720K, 23% used [0x0000000781000000,0x0000000782392920,0x00000007864b0000)
 PSPermGen       total 21504K, used 20429K [0x000000077be00000, 0x000000077d300000, 0x0000000781000000)
  object space 21504K, 95% used [0x000000077be00000,0x000000077d1f3428,0x000000077d300000)
}
Event: 912.341 GC heap before
{Heap before GC invocations=2960 (full 1478):
 PSYoungGen      total 37952K, used 64K [0x00000007d5ab0000, 0x00000007d8500000, 0x0000000800000000)
  eden space 32576K, 0% used [0x00000007d5ab0000,0x00000007d5ab0000,0x00000007d7a80000)
  from space 5376K, 1% used [0x00000007d7fc0000,0x00000007d7fd0000,0x00000007d8500000)
  to   space 5376K, 0% used [0x00000007d7a80000,0x00000007d7a80000,0x00000007d7fc0000)
 ParOldGen       total 86720K, used 20042K [0x0000000781000000, 0x00000007864b0000, 0x00000007d5ab0000)
  object space 86720K, 23% used [0x0000000781000000,0x0000000782392920,0x00000007864b0000)
 PSPermGen       total 21504K, used 20429K [0x000000077be00000, 0x000000077d300000, 0x0000000781000000)
  object space 21504K, 95% used [0x000000077be00000,0x000000077d1f3428,0x000000077d300000)
Event: 912.461 GC heap after
Heap after GC invocations=2960 (full 1478):
 PSYoungGen      total 37952K, used 0K [0x00000007d5ab0000, 0x00000007d8500000, 0x0000000800000000)
  eden space 32576K, 0% used [0x00000007d5ab0000,0x00000007d5ab0000,0x00000007d7a80000)
  from space 5376K, 0% used [0x00000007d7fc0000,0x00000007d7fc0000,0x00000007d8500000)
  to   space 5376K, 0% used [0x00000007d7a80000,0x00000007d7a80000,0x00000007d7fc0000)
 ParOldGen       total 86720K, used 20028K [0x0000000781000000, 0x00000007864b0000, 0x00000007d5ab0000)
  object space 86720K, 23% used [0x0000000781000000,0x000000078238f0d0,0x00000007864b0000)
 PSPermGen       total 21504K, used 20429K [0x000000077be00000, 0x000000077d300000, 0x0000000781000000)
  object space 21504K, 95% used [0x000000077be00000,0x000000077d1f3428,0x000000077d300000)
}
Event: 3756.833 GC heap before
{Heap before GC invocations=2961 (full 1478):
 PSYoungGen      total 37952K, used 32576K [0x00000007d5ab0000, 0x00000007d8500000, 0x0000000800000000)
  eden space 32576K, 100% used [0x00000007d5ab0000,0x00000007d7a80000,0x00000007d7a80000)
  from space 5376K, 0% used [0x00000007d7fc0000,0x00000007d7fc0000,0x00000007d8500000)
  to   space 5376K, 0% used [0x00000007d7a80000,0x00000007d7a80000,0x00000007d7fc0000)
 ParOldGen       total 86720K, used 20028K [0x0000000781000000, 0x00000007864b0000, 0x00000007d5ab0000)
  object space 86720K, 23% used [0x0000000781000000,0x000000078238f0d0,0x00000007864b0000)
 PSPermGen       total 21504K, used 20438K [0x000000077be00000, 0x000000077d300000, 0x0000000781000000)
  object space 21504K, 95% used [0x000000077be00000,0x000000077d1f58d8,0x000000077d300000)

Deoptimization events (0 events):
No events

Internal exceptions (10 events):
Event: 46.498 Thread 0x000000000c182000 Threw 0x00000007d5ae2c28 at C:\jdk7u1_64p\jdk7u11\hotspot\src\share\vm\prims\jvm.cpp:1166
Event: 46.499 Thread 0x000000000c182000 Threw 0x00000007d5ae5548 at C:\jdk7u1_64p\jdk7u11\hotspot\src\share\vm\prims\jvm.cpp:1166
Event: 47.904 Thread 0x000000000c182000 Threw 0x00000007d6af0e58 at C:\jdk7u1_64p\jdk7u11\hotspot\src\share\vm\prims\jvm.cpp:1166
Event: 55.128 Thread 0x000000000c182000 Threw 0x00000007d708a7e8 at C:\jdk7u1_64p\jdk7u11\hotspot\src\share\vm\prims\jvm.cpp:1166
Event: 70.875 Thread 0x000000000c182000 Threw 0x00000007d5bdd280 at C:\jdk7u1_64p\jdk7u11\hotspot\src\share\vm\prims\jvm.cpp:1166
Event: 70.887 Thread 0x000000000c182000 Threw 0x00000007d5bef838 at C:\jdk7u1_64p\jdk7u11\hotspot\src\share\vm\prims\jvm.cpp:1166
Event: 70.904 Thread 0x000000000c182000 Threw 0x00000007d5c04368 at C:\jdk7u1_64p\jdk7u11\hotspot\src\share\vm\prims\jvm.cpp:1166
Event: 77.918 Thread 0x000000000c182000 Threw 0x00000007d5c3b2f0 at C:\jdk7u1_64p\jdk7u11\hotspot\src\share\vm\prims\jvm.cpp:1166
Event: 83.453 Thread 0x000000000c182000 Threw 0x00000007d5ac0210 at C:\jdk7u1_64p\jdk7u11\hotspot\src\share\vm\prims\jvm.cpp:1166
Event: 87.595 Thread 0x000000000c182000 Threw 0x00000007d63f8bf8 at C:\jdk7u1_64p\jdk7u11\hotspot\src\share\vm\prims\jvm.cpp:1166

Events (10 events):
Event: 912.461 Executing VM operation: ParallelGCSystemGC done
Event: 3710.281 Executing VM operation: BulkRevokeBias
Event: 3710.281 Executing VM operation: BulkRevokeBias done
Event: 3713.990 Executing VM operation: ForceSafepoint
Event: 3713.990 Executing VM operation: ForceSafepoint done
Event: 3750.006 Executing VM operation: ChangeBreakpoints
Event: 3750.008 Executing VM operation: ChangeBreakpoints done
Event: 3753.861 Executing VM operation: BulkRevokeBias
Event: 3753.862 Executing VM operation: BulkRevokeBias done
Event: 3756.833 Executing VM operation: ParallelGCFailedAllocation


Dynamic libraries:
0x000000013fbc0000 - 0x000000013fbf3000 	C:\Program Files\Java\jdk1.7.0_11\bin\java.exe
0x00000000772c0000 - 0x0000000077469000 	C:\Windows\SYSTEM32\ntdll.dll
0x00000000770a0000 - 0x00000000771bf000 	C:\Windows\system32\kernel32.dll
0x000007fefd0d0000 - 0x000007fefd13c000 	C:\Windows\system32\KERNELBASE.dll
0x000007fefe9c0000 - 0x000007fefea9b000 	C:\Windows\system32\ADVAPI32.dll
0x000007fefe8c0000 - 0x000007fefe95f000 	C:\Windows\system32\msvcrt.dll
0x000007fefe8a0000 - 0x000007fefe8bf000 	C:\Windows\SYSTEM32\sechost.dll
0x000007fefd600000 - 0x000007fefd72d000 	C:\Windows\system32\RPCRT4.dll
0x00000000771c0000 - 0x00000000772ba000 	C:\Windows\system32\USER32.dll
0x000007fefd440000 - 0x000007fefd4a7000 	C:\Windows\system32\GDI32.dll
0x000007fefebb0000 - 0x000007fefebbe000 	C:\Windows\system32\LPK.dll
0x000007feff500000 - 0x000007feff5c9000 	C:\Windows\system32\USP10.dll
0x000007fefbb60000 - 0x000007fefbd54000 	C:\Windows\WinSxS\amd64_microsoft.windows.common-controls_6595b64144ccf1df_6.0.7601.17514_none_fa396087175ac9ac\COMCTL32.dll
0x000007fefe7f0000 - 0x000007fefe861000 	C:\Windows\system32\SHLWAPI.dll
0x000007fefe870000 - 0x000007fefe89e000 	C:\Windows\system32\IMM32.DLL
0x000007fefeaa0000 - 0x000007fefeba9000 	C:\Windows\system32\MSCTF.dll
0x00000000791f0000 - 0x00000000792c1000 	C:\Program Files\Java\jdk1.7.0_11\jre\bin\msvcr100.dll
0x000000006e1d0000 - 0x000000006e8ef000 	C:\Program Files\Java\jdk1.7.0_11\jre\bin\server\jvm.dll
0x000007fefa490000 - 0x000007fefa499000 	C:\Windows\system32\WSOCK32.dll
0x000007feff070000 - 0x000007feff0bd000 	C:\Windows\system32\WS2_32.dll
0x000007fefd550000 - 0x000007fefd558000 	C:\Windows\system32\NSI.dll
0x000007fefab70000 - 0x000007fefabab000 	C:\Windows\system32\WINMM.dll
0x0000000077490000 - 0x0000000077497000 	C:\Windows\system32\PSAPI.DLL
0x0000000000120000 - 0x000000000015f000 	C:\Program Files\Java\jdk1.7.0_11\jre\bin\splashscreen.dll
0x000007fefb7e0000 - 0x000007fefb836000 	C:\Windows\system32\uxtheme.dll
0x00000000511b0000 - 0x00000000511bf000 	C:\Program Files\Java\jdk1.7.0_11\jre\bin\verify.dll
0x0000000051040000 - 0x0000000051068000 	C:\Program Files\Java\jdk1.7.0_11\jre\bin\java.dll
0x0000000050ba0000 - 0x0000000050bd5000 	C:\Program Files\Java\jdk1.7.0_11\jre\bin\jdwp.dll
0x00000000588a0000 - 0x00000000588a8000 	C:\Program Files\Java\jdk1.7.0_11\jre\bin\npt.dll
0x0000000051190000 - 0x00000000511a5000 	C:\Program Files\Java\jdk1.7.0_11\jre\bin\zip.dll
0x0000000180000000 - 0x00000001800eb000 	C:\Program Files\Hewlett-Packard\HP ProtectTools Security Manager\Bin\DpoFeedb.dll
0x000007fefe710000 - 0x000007fefe7e7000 	C:\Windows\system32\OLEAUT32.dll
0x000007feff0c0000 - 0x000007feff2c3000 	C:\Windows\system32\ole32.dll
0x000007fefc3c0000 - 0x000007fefc3cc000 	C:\Windows\system32\VERSION.dll
0x000007fefd3c0000 - 0x000007fefd3de000 	C:\Windows\system32\USERENV.dll
0x000007fefd090000 - 0x000007fefd09f000 	C:\Windows\system32\profapi.dll
0x000007fefcee0000 - 0x000007fefceef000 	C:\Windows\system32\CRYPTBASE.dll
0x000007fef1b70000 - 0x000007fef1ba1000 	C:\Program Files\Hewlett-Packard\HP ProtectTools Security Manager\Bin\DpoSet.dll
0x0000000069160000 - 0x0000000069233000 	C:\Windows\WinSxS\amd64_microsoft.vc90.crt_1fc8b3b9a1e18e3b_9.0.30729.6161_none_08e61857a83bc251\MSVCP90.dll
0x0000000072ed0000 - 0x0000000072f73000 	C:\Windows\WinSxS\amd64_microsoft.vc90.crt_1fc8b3b9a1e18e3b_9.0.30729.6161_none_08e61857a83bc251\MSVCR90.dll
0x0000000055940000 - 0x000000005594b000 	C:\Program Files\Java\jdk1.7.0_11\jre\bin\dt_shmem.dll
0x000000006c580000 - 0x000000006c713000 	C:\Program Files\Java\jdk1.7.0_11\jre\bin\awt.dll
0x000007fefb3b0000 - 0x000007fefb3c8000 	C:\Windows\system32\dwmapi.dll
0x000000006d040000 - 0x000000006d074000 	C:\Program Files\Java\jdk1.7.0_11\jre\bin\fontmanager.dll
0x0000000001ed0000 - 0x0000000001ee9000 	C:\Program Files\Java\jdk1.7.0_11\jre\bin\net.dll
0x000007fefc820000 - 0x000007fefc875000 	C:\Windows\system32\mswsock.dll
0x000007fefc810000 - 0x000007fefc817000 	C:\Windows\System32\wship6.dll
0x000000006e150000 - 0x000000006e161000 	C:\Program Files\Java\jdk1.7.0_11\jre\bin\nio.dll
0x000000006dd80000 - 0x000000006ddc1000 	C:\Program Files\Java\jdk1.7.0_11\jre\bin\t2k.dll
0x000007fefd730000 - 0x000007fefe4b8000 	C:\Windows\system32\SHELL32.dll
0x000000006e180000 - 0x000000006e1b0000 	C:\Program Files\Java\jdk1.7.0_11\jre\bin\jpeg.dll
0x000007fefd4b0000 - 0x000007fefd549000 	C:\Windows\system32\CLBCatQ.DLL
0x000007fefb200000 - 0x000007fefb361000 	C:\Windows\system32\WindowsCodecs.dll
0x000007fefce80000 - 0x000007fefced7000 	C:\Windows\system32\apphelp.dll
0x000007fef6270000 - 0x000007fef64ad000 	C:\PROGRA~1\MIF5BA~1\Office15\GROOVEEX.DLL
0x000000006acc0000 - 0x000000006ad58000 	C:\Windows\system32\MSVCP100.dll
0x000000006ac90000 - 0x000000006acbb000 	C:\Windows\system32\ATL100.DLL
0x000007fef5b50000 - 0x000007fef5e6d000 	C:\Windows\system32\msi.dll
0x000007fef3cf0000 - 0x000007fef457c000 	C:\PROGRA~1\MIF5BA~1\Office15\1036\GrooveIntlResource.dll
0x000000006a920000 - 0x000000006a936000 	C:\Program Files\Common Files\TortoiseOverlays\TortoiseOverlays.dll
0x0000000072a20000 - 0x0000000072a30000 	C:\Program Files\TortoiseSVN\bin\TortoiseStub.dll
0x000000006a8a0000 - 0x000000006a91b000 	C:\Program Files\TortoiseSVN\bin\TortoiseSVN.dll
0x000007fefe4c0000 - 0x000007fefe708000 	C:\Windows\system32\WININET.dll
0x000007fefd3b0000 - 0x000007fefd3b4000 	C:\Windows\system32\api-ms-win-downlevel-user32-l1-1-0.dll
0x000007fefd390000 - 0x000007fefd394000 	C:\Windows\system32\api-ms-win-downlevel-shlwapi-l1-1-0.dll
0x000007fefd3f0000 - 0x000007fefd3f4000 	C:\Windows\system32\api-ms-win-downlevel-version-l1-1-0.dll
0x000007fefd3a0000 - 0x000007fefd3a3000 	C:\Windows\system32\api-ms-win-downlevel-normaliz-l1-1-0.dll
0x0000000077480000 - 0x0000000077483000 	C:\Windows\system32\normaliz.DLL
0x000007fefebc0000 - 0x000007fefee87000 	C:\Windows\system32\iertutil.dll
0x000007fefd0a0000 - 0x000007fefd0a5000 	C:\Windows\system32\api-ms-win-downlevel-advapi32-l1-1-0.dll
0x000007fef3560000 - 0x000007fef394d000 	C:\Program Files\TortoiseSVN\bin\libsvn_tsvn.dll
0x00000000693b0000 - 0x00000000693db000 	C:\Program Files\TortoiseSVN\bin\libapr_tsvn.dll
0x0000000069360000 - 0x00000000693a1000 	C:\Program Files\TortoiseSVN\bin\libaprutil_tsvn.dll
0x000007fefe960000 - 0x000007fefe9b2000 	C:\Windows\system32\WLDAP32.dll
0x000007fef3c20000 - 0x000007fef3c30000 	C:\Program Files\TortoiseSVN\bin\intl3_tsvn.dll
0x000007fef3540000 - 0x000007fef355a000 	C:\Program Files\TortoiseSVN\bin\libsasl.dll
0x000007fefca70000 - 0x000007fefca7b000 	C:\Windows\system32\Secur32.dll
0x000007fefccd0000 - 0x000007fefccf5000 	C:\Windows\system32\SSPICLI.DLL
0x000007fefd1e0000 - 0x000007fefd34c000 	C:\Windows\system32\CRYPT32.dll
0x000007fefd080000 - 0x000007fefd08f000 	C:\Windows\system32\MSASN1.dll
0x000007fef34e0000 - 0x000007fef3515000 	C:\Windows\system32\EhStorShell.dll
0x000007fefee90000 - 0x000007feff067000 	C:\Windows\system32\SETUPAPI.dll
0x000007fefd400000 - 0x000007fefd436000 	C:\Windows\system32\CFGMGR32.dll
0x000007fefd0b0000 - 0x000007fefd0ca000 	C:\Windows\system32\DEVOBJ.dll
0x000007fefb840000 - 0x000007fefb96c000 	C:\Windows\system32\PROPSYS.dll
0x000007fef2e70000 - 0x000007fef34df000 	C:\PROGRA~1\MIF5BA~1\Office14\GROOVEEX.DLL
0x0000000069130000 - 0x000000006915f000 	C:\Windows\WinSxS\amd64_microsoft.vc90.atl_1fc8b3b9a1e18e3b_9.0.30729.6161_none_0a1fd3a3a768b895\ATL90.DLL
0x000007fef2a50000 - 0x000007fef2e6a000 	C:\PROGRA~1\COMMON~1\MICROS~1\OFFICE14\Cultures\office.odf
0x000007fef21c0000 - 0x000007fef2a48000 	C:\PROGRA~1\MIF5BA~1\Office14\1036\GrooveIntlResource.dll
0x0000000002240000 - 0x000000000226a000 	C:\Program Files\Java\jdk1.7.0_11\jre\bin\dcpr.dll
0x000007fefc880000 - 0x000007fefc897000 	C:\Windows\system32\CRYPTSP.dll
0x000007fefc580000 - 0x000007fefc5c7000 	C:\Windows\system32\rsaenh.dll
0x000007fefa9b0000 - 0x000007fefa9c5000 	C:\Windows\system32\NLAapi.dll
0x000007fef3c70000 - 0x000007fef3c85000 	C:\Windows\system32\napinsp.dll
0x000007fef3c50000 - 0x000007fef3c69000 	C:\Windows\system32\pnrpnsp.dll
0x000007fef3c40000 - 0x000007fef3c50000 	C:\Windows\system32\wshbth.dll
0x000000006af10000 - 0x000000006af36000 	C:\Program Files\Bonjour\mdnsNSP.dll
0x000007fefa440000 - 0x000007fefa467000 	C:\Windows\system32\Iphlpapi.DLL
0x000007fefa430000 - 0x000007fefa43b000 	C:\Windows\system32\WINNSI.DLL
0x000007fefc6a0000 - 0x000007fefc6fb000 	C:\Windows\system32\DNSAPI.dll
0x000007fef3c30000 - 0x000007fef3c3b000 	C:\Windows\System32\winrnr.dll
0x000000006ae80000 - 0x000000006aeae000 	c:\Program Files\Common Files\Microsoft Shared\Windows Live\WLIDNSP.DLL
0x000007fefc160000 - 0x000007fefc167000 	C:\Windows\System32\wshtcpip.dll
0x000007fef5b30000 - 0x000007fef5b38000 	C:\Windows\system32\rasadhlp.dll
0x000007fefa2c0000 - 0x000007fefa313000 	C:\Windows\System32\fwpuclnt.dll
0x000007fef66c0000 - 0x000007fef67e5000 	C:\Windows\system32\dbghelp.dll

VM Arguments:
jvm_args: -Xdebug -Xrunjdwp:transport=dt_shmem,address=javadebug -Dfile.encoding=UTF-8 
java_command: marcadministrationclient.mARCAdministrationClient
Launcher Type: SUN_STANDARD

Environment Variables:
PATH=C:\Program Files (x86)\ImageMagick-6.8.7-Q16;C:\Program Files\Common Files\Microsoft Shared\Windows Live;C:\Program Files (x86)\AMD APP\bin\x86_64;C:\Program Files (x86)\AMD APP\bin\x86;C:\Windows\system32;C:\Windows;C:\Windows\System32\Wbem;C:\Program Files (x86)\ATI Technologies\ATI.ACE\Core-Static;C:\Windows\System32\WindowsPowerShell\v1.0\;C:\Program Files\Microsoft\Web Platform Installer\;C:\Program Files (x86)\Microsoft ASP.NET\ASP.NET Web Pages\v1.0\;C:\Program Files\Microsoft SQL Server\110\Tools\Binn\;C:\Program Files (x86)\Microsoft SQL Server\90\Tools\binn\;C:\Windows\System32\WindowsPowerShell\v1.0\;C:\Program Files\TortoiseSVN\bin;C:\Program Files (x86)\Windows Kits\8.1\Windows Performance Toolkit\;C:\Program Files (x86)\Microsoft SDKs\TypeScript\1.0\;C:\Program Files\Common Files\Microsoft Shared\Windows Live;C:\Program Files (x86)\CMake 2.8\bin
USERNAME=patrice
OS=Windows_NT
PROCESSOR_IDENTIFIER=Intel64 Family 6 Model 42 Stepping 7, GenuineIntel



---------------  S Y S T E M  ---------------

OS: Windows 7 , 64 bit Build 7601 Service Pack 1

CPU:total 2 (2 cores per cpu, 2 threads per core) family 6 model 42 stepping 7, cmov, cx8, fxsr, mmx, sse, sse2, sse3, ssse3, sse4.1, sse4.2, popcnt, avx, ht, tsc, tscinvbit

Memory: 4k page, physical 8321392k(2660836k free), swap 16640920k(9850124k free)

vm_info: Java HotSpot(TM) 64-Bit Server VM (23.6-b04) for windows-amd64 JRE (1.7.0_11-b21), built on Jan 12 2013 02:38:42 by "java_re" with unknown MS VC++:1600

time: Mon Dec 22 21:43:01 2014
elapsed time: 3757 seconds

