#
# A fatal error has been detected by the Java Runtime Environment:
#
#  EXCEPTION_ACCESS_VIOLATION (0xc0000005) at pc=0x0000000051c553b0, pid=8880, tid=2900
#
# JRE version: 7.0_11-b21
# Java VM: Java HotSpot(TM) 64-Bit Server VM (23.6-b04 mixed mode windows-amd64 compressed oops)
# Problematic frame:
# V  [jvm.dll+0x253b0]
#
# Failed to write core dump. Minidumps are not enabled by default on client versions of Windows
#
# If you would like to submit a bug report, please visit:
#   http://bugreport.sun.com/bugreport/crash.jsp
#

---------------  T H R E A D  ---------------

Current thread (0x000000000217d800):  GCTaskThread [stack: 0x0000000005dc0000,0x0000000005ec0000] [id=2900]

siginfo: ExceptionCode=0xc0000005, reading address 0x00000006bfc048f0

Registers:
RAX=0x0000000000000000, RBX=0x00000007d5b480f0, RCX=0x00000007d5b480f0, RDX=0x00000006bfc048e8
RSP=0x0000000005ebf878, RBP=0x00000000055ac52d, RSI=0x000000000b47c8e0, RDI=0x00000007816a5600
R8 =0x000000000b47c8e0, R9 =0x0000000000000008, R10=0x00000000059b0000, R11=0x0000000001da8000
R12=0x00000000055ac529, R13=0x0000000000000000, R14=0x0000000000000000, R15=0x0000000002178510
RIP=0x0000000051c553b0, EFLAGS=0x0000000000010206

Top of Stack: (sp=0x0000000005ebf878)
0x0000000005ebf878:   0000000051f922c6 00000007d5b48200
0x0000000005ebf888:   0000000000000004 000000000b47c8e0
0x0000000005ebf898:   0000000051cf2136 00000007d7f80000
0x0000000005ebf8a8:   0000000000001000 0000000000000002
0x0000000005ebf8b8:   0000000000000010 0000000000000000
0x0000000005ebf8c8:   000000000b47c800 00000000055ac529
0x0000000005ebf8d8:   0000000051f92650 00000007816a55dc
0x0000000005ebf8e8:   00000000055ac52d 000000000b47c8e0
0x0000000005ebf8f8:   00000007816a5600 00000007816a55dc
0x0000000005ebf908:   0000000051f93212 0000000000b13fdb
0x0000000005ebf918:   000007fefd4110dc 000000000b41c460
0x0000000005ebf928:   000000078169fc58 0000000000b14000
0x0000000005ebf938:   0000000051f90f2d 0000000000000000
0x0000000005ebf948:   0000000000b13fe0 00000007816a1954
0x0000000005ebf958:   0000000051cf8b83 00000007816a1949
0x0000000005ebf968:   00000007816a1949 00000007816a55d8 

Instructions: (pc=0x0000000051c553b0)
0x0000000051c55390:   0d 44 0f b7 c0 48 83 c1 48 e8 d8 7d 4c 00 48 83
0x0000000051c553a0:   c4 28 c3 cc cc cc cc cc cc cc cc cc cc cc cc cc
0x0000000051c553b0:   44 8b 42 08 4c 8b ca 45 85 c0 7e 0e 41 f6 c0 01
0x0000000051c553c0:   75 57 41 c1 f8 03 41 8b c0 c3 79 4d 80 3d 15 69 


Register to memory mapping:

RAX=0x0000000000000000 is an unknown value
RBX=0x00000007d5b480f0 is an unknown value
RCX=0x00000007d5b480f0 is an unknown value
RDX=0x00000006bfc048e8 is an unknown value
RSP=0x0000000005ebf878 is an unknown value
RBP=0x00000000055ac52d is an unknown value
RSI=0x000000000b47c8e0 is an unknown value
RDI=0x00000007816a5600 is an oop
java.security.AccessControlContext 
 - klass: 'java/security/AccessControlContext'
R8 =0x000000000b47c8e0 is an unknown value
R9 =0x0000000000000008 is an unknown value
R10=0x00000000059b0000 is an unknown value
R11=0x0000000001da8000 is an unknown value
R12=0x00000000055ac529 is an unknown value
R13=0x0000000000000000 is an unknown value
R14=0x0000000000000000 is an unknown value
R15=0x0000000002178510 is an unknown value


Stack: [0x0000000005dc0000,0x0000000005ec0000],  sp=0x0000000005ebf878,  free space=1022k
Native frames: (J=compiled Java code, j=interpreted, Vv=VM code, C=native code)
V  [jvm.dll+0x253b0]


---------------  P R O C E S S  ---------------

Java Threads: ( => current thread )
  0x000000000e6ba000 JavaThread "TimerQueue" daemon [_thread_blocked, id=8564, stack(0x000000000e270000,0x000000000e370000)]
  0x000000000d2a2000 JavaThread "org.netbeans.modules.debugger.jpda.visual AWT Access Loop" daemon [_thread_blocked, id=1528, stack(0x000000000da10000,0x000000000db10000)]
  0x000000000226e800 JavaThread "DestroyJavaVM" [_thread_blocked, id=2972, stack(0x0000000002320000,0x0000000002420000)]
  0x000000000d231000 JavaThread "AWT-EventQueue-0" [_thread_blocked, id=8720, stack(0x000000000d850000,0x000000000d950000)]
  0x000000000d230800 JavaThread "AWT-Windows" daemon [_thread_blocked, id=4332, stack(0x000000000d740000,0x000000000d840000)]
  0x000000000b5db000 JavaThread "AWT-Shutdown" [_thread_blocked, id=1736, stack(0x000000000d130000,0x000000000d230000)]
  0x000000000b5da000 JavaThread "Java2D Disposer" daemon [_thread_blocked, id=4032, stack(0x000000000cf00000,0x000000000d000000)]
  0x000000000b549800 JavaThread "Service Thread" daemon [_thread_blocked, id=8576, stack(0x000000000cbe0000,0x000000000cce0000)]
  0x000000000b549000 JavaThread "C2 CompilerThread1" daemon [_thread_blocked, id=7808, stack(0x000000000ca40000,0x000000000cb40000)]
  0x000000000b543800 JavaThread "C2 CompilerThread0" daemon [_thread_blocked, id=8552, stack(0x000000000c810000,0x000000000c910000)]
  0x000000000b535800 JavaThread "JDWP Command Reader" daemon [_thread_in_native, id=7588, stack(0x000000000bfd0000,0x000000000c0d0000)]
  0x000000000b535000 JavaThread "JDWP Event Helper Thread" daemon [_thread_blocked, id=5076, stack(0x000000000c660000,0x000000000c760000)]
  0x000000000b520000 JavaThread "JDWP Transport Listener: dt_shmem" daemon [_thread_blocked, id=8136, stack(0x000000000c4d0000,0x000000000c5d0000)]
  0x000000000b518800 JavaThread "Attach Listener" daemon [_thread_blocked, id=7156, stack(0x000000000c1f0000,0x000000000c2f0000)]
  0x000000000b515000 JavaThread "Signal Dispatcher" daemon [_thread_blocked, id=7604, stack(0x000000000c300000,0x000000000c400000)]
  0x000000000b48b000 JavaThread "Finalizer" daemon [_thread_blocked, id=8676, stack(0x000000000c0f0000,0x000000000c1f0000)]
  0x000000000b488800 JavaThread "Reference Handler" daemon [_thread_blocked, id=6416, stack(0x000000000bec0000,0x000000000bfc0000)]

Other Threads:
  0x000000000b480800 VMThread [stack: 0x000000000bdb0000,0x000000000beb0000] [id=6704]
  0x000000000b54a800 WatcherThread [stack: 0x000000000cd20000,0x000000000ce20000] [id=620]

=>0x000000000217d800 (exited) GCTaskThread [stack: 0x0000000005dc0000,0x0000000005ec0000] [id=2900]

VM state:at safepoint (normal execution)

VM Mutex/Monitor currently owned by a thread:  ([mutex/lock_event])
[0x000000000226ca10] Threads_lock - owner thread: 0x000000000b480800
[0x000000000226cf10] Heap_lock - owner thread: 0x000000000d231000

Heap
 PSYoungGen      total 31872K, used 1537K [0x00000007d5ab0000, 0x00000007d8540000, 0x0000000800000000)
  eden space 31808K, 4% used [0x00000007d5ab0000,0x00000007d5c30740,0x00000007d79c0000)
  from space 64K, 0% used [0x00000007d79c0000,0x00000007d79c0000,0x00000007d79d0000)
  to   space 5888K, 1% used [0x00000007d7f80000,0x00000007d7f90000,0x00000007d8540000)
 ParOldGen       total 86720K, used 6806K [0x0000000781000000, 0x00000007864b0000, 0x00000007d5ab0000)
  object space 86720K, 7% used [0x0000000781000000,0x00000007816a5878,0x00000007864b0000)
 PSPermGen       total 22528K, used 14991K [0x000000077be00000, 0x000000077d400000, 0x0000000781000000)
  object space 22528K, 66% used [0x000000077be00000,0x000000077cca3c80,0x000000077d400000)

Card table byte_map: [0x0000000005580000,0x00000000059b0000] byte_map_base: 0x00000000019a1000

Polling page: 0x00000000001c0000

Code Cache  [0x00000000024c0000, 0x0000000002730000, 0x00000000054c0000)
 total_blobs=685 nmethods=223 adapters=422 free_code_cache=48168Kb largest_free_block=49301184

Compilation events (10 events):
Event: 41.608 Thread 0x000000000b549000 nmethod 217 0x00000000025b4350 code [0x00000000025b44c0, 0x00000000025b4818]
Event: 41.618 Thread 0x000000000b549000  219             sun.nio.cs.SingleByte$Decoder::decode (63 bytes)
Event: 41.623 Thread 0x000000000b549000 nmethod 219 0x00000000025b3b10 code [0x00000000025b3c60, 0x00000000025b4118]
Event: 41.628 Thread 0x000000000b543800 nmethod 218 0x00000000025b8110 code [0x00000000025b83e0, 0x00000000025b94d0]
Event: 41.706 Thread 0x000000000b549000  220             sun.font.FontDesignMetrics::charsWidth (201 bytes)
Event: 41.710 Thread 0x000000000b549000 nmethod 220 0x00000000025b73d0 code [0x00000000025b75a0, 0x00000000025b7b40]
Event: 41.756 Thread 0x000000000b543800  221             javax.swing.text.Utilities::getTabbedTextWidth (348 bytes)
Event: 41.761 Thread 0x000000000b543800 nmethod 221 0x00000000025bab10 code [0x00000000025baca0, 0x00000000025bb2f8]
Event: 42.589 Thread 0x000000000b549000  223             java.lang.StringBuilder::append (8 bytes)
Event: 42.593 Thread 0x000000000b549000 nmethod 223 0x00000000025b3350 code [0x00000000025b34a0, 0x00000000025b3818]

GC Heap History (10 events):
Event: 40.645 GC heap after
Heap after GC invocations=21 (full 8):
 PSYoungGen      total 31872K, used 0K [0x00000007d5ab0000, 0x00000007d8620000, 0x0000000800000000)
  eden space 31808K, 0% used [0x00000007d5ab0000,0x00000007d5ab0000,0x00000007d79c0000)
  from space 64K, 0% used [0x00000007d79c0000,0x00000007d79c0000,0x00000007d79d0000)
  to   space 6336K, 0% used [0x00000007d7ff0000,0x00000007d7ff0000,0x00000007d8620000)
 ParOldGen       total 86720K, used 6795K [0x0000000781000000, 0x00000007864b0000, 0x00000007d5ab0000)
  object space 86720K, 7% used [0x0000000781000000,0x00000007816a2d90,0x00000007864b0000)
 PSPermGen       total 25408K, used 14955K [0x000000077be00000, 0x000000077d6d0000, 0x0000000781000000)
  object space 25408K, 58% used [0x000000077be00000,0x000000077cc9aeb0,0x000000077d6d0000)
}
Event: 41.637 GC heap before
{Heap before GC invocations=22 (full 8):
 PSYoungGen      total 31872K, used 1867K [0x00000007d5ab0000, 0x00000007d8620000, 0x0000000800000000)
  eden space 31808K, 5% used [0x00000007d5ab0000,0x00000007d5c82d10,0x00000007d79c0000)
  from space 64K, 0% used [0x00000007d79c0000,0x00000007d79c0000,0x00000007d79d0000)
  to   space 6336K, 0% used [0x00000007d7ff0000,0x00000007d7ff0000,0x00000007d8620000)
 ParOldGen       total 86720K, used 6795K [0x0000000781000000, 0x00000007864b0000, 0x00000007d5ab0000)
  object space 86720K, 7% used [0x0000000781000000,0x00000007816a2d90,0x00000007864b0000)
 PSPermGen       total 25408K, used 14987K [0x000000077be00000, 0x000000077d6d0000, 0x0000000781000000)
  object space 25408K, 58% used [0x000000077be00000,0x000000077cca2cd0,0x000000077d6d0000)
Event: 41.638 GC heap after
Heap after GC invocations=22 (full 8):
 PSYoungGen      total 37632K, used 96K [0x00000007d5ab0000, 0x00000007d85a0000, 0x0000000800000000)
  eden space 31808K, 0% used [0x00000007d5ab0000,0x00000007d5ab0000,0x00000007d79c0000)
  from space 5824K, 1% used [0x00000007d7ff0000,0x00000007d8008000,0x00000007d85a0000)
  to   space 6080K, 0% used [0x00000007d79c0000,0x00000007d79c0000,0x00000007d7fb0000)
 ParOldGen       total 86720K, used 6795K [0x0000000781000000, 0x00000007864b0000, 0x00000007d5ab0000)
  object space 86720K, 7% used [0x0000000781000000,0x00000007816a2d90,0x00000007864b0000)
 PSPermGen       total 25408K, used 14987K [0x000000077be00000, 0x000000077d6d0000, 0x0000000781000000)
  object space 25408K, 58% used [0x000000077be00000,0x000000077cca2cd0,0x000000077d6d0000)
}
Event: 41.638 GC heap before
{Heap before GC invocations=23 (full 9):
 PSYoungGen      total 37632K, used 96K [0x00000007d5ab0000, 0x00000007d85a0000, 0x0000000800000000)
  eden space 31808K, 0% used [0x00000007d5ab0000,0x00000007d5ab0000,0x00000007d79c0000)
  from space 5824K, 1% used [0x00000007d7ff0000,0x00000007d8008000,0x00000007d85a0000)
  to   space 6080K, 0% used [0x00000007d79c0000,0x00000007d79c0000,0x00000007d7fb0000)
 ParOldGen       total 86720K, used 6795K [0x0000000781000000, 0x00000007864b0000, 0x00000007d5ab0000)
  object space 86720K, 7% used [0x0000000781000000,0x00000007816a2d90,0x00000007864b0000)
 PSPermGen       total 25408K, used 14987K [0x000000077be00000, 0x000000077d6d0000, 0x0000000781000000)
  object space 25408K, 58% used [0x000000077be00000,0x000000077cca2cd0,0x000000077d6d0000)
Event: 41.667 GC heap after
Heap after GC invocations=23 (full 9):
 PSYoungGen      total 37632K, used 0K [0x00000007d5ab0000, 0x00000007d85a0000, 0x0000000800000000)
  eden space 31808K, 0% used [0x00000007d5ab0000,0x00000007d5ab0000,0x00000007d79c0000)
  from space 5824K, 0% used [0x00000007d7ff0000,0x00000007d7ff0000,0x00000007d85a0000)
  to   space 6080K, 0% used [0x00000007d79c0000,0x00000007d79c0000,0x00000007d7fb0000)
 ParOldGen       total 86720K, used 6806K [0x0000000781000000, 0x00000007864b0000, 0x00000007d5ab0000)
  object space 86720K, 7% used [0x0000000781000000,0x00000007816a5ae0,0x00000007864b0000)
 PSPermGen       total 23680K, used 14987K [0x000000077be00000, 0x000000077d520000, 0x0000000781000000)
  object space 23680K, 63% used [0x000000077be00000,0x000000077cca2cd0,0x000000077d520000)
}
Event: 41.667 GC heap before
{Heap before GC invocations=24 (full 9):
 PSYoungGen      total 37632K, used 821K [0x00000007d5ab0000, 0x00000007d85a0000, 0x0000000800000000)
  eden space 31808K, 2% used [0x00000007d5ab0000,0x00000007d5b7d5b0,0x00000007d79c0000)
  from space 5824K, 0% used [0x00000007d7ff0000,0x00000007d7ff0000,0x00000007d85a0000)
  to   space 6080K, 0% used [0x00000007d79c0000,0x00000007d79c0000,0x00000007d7fb0000)
 ParOldGen       total 86720K, used 6806K [0x0000000781000000, 0x00000007864b0000, 0x00000007d5ab0000)
  object space 86720K, 7% used [0x0000000781000000,0x00000007816a5ae0,0x00000007864b0000)
 PSPermGen       total 23680K, used 14987K [0x000000077be00000, 0x000000077d520000, 0x0000000781000000)
  object space 23680K, 63% used [0x000000077be00000,0x000000077cca2cd0,0x000000077d520000)
Event: 41.669 GC heap after
Heap after GC invocations=24 (full 9):
 PSYoungGen      total 31872K, used 32K [0x00000007d5ab0000, 0x00000007d8540000, 0x0000000800000000)
  eden space 31808K, 0% used [0x00000007d5ab0000,0x00000007d5ab0000,0x00000007d79c0000)
  from space 64K, 50% used [0x00000007d79c0000,0x00000007d79c8000,0x00000007d79d0000)
  to   space 5888K, 0% used [0x00000007d7f80000,0x00000007d7f80000,0x00000007d8540000)
 ParOldGen       total 86720K, used 6806K [0x0000000781000000, 0x00000007864b0000, 0x00000007d5ab0000)
  object space 86720K, 7% used [0x0000000781000000,0x00000007816a5ae0,0x00000007864b0000)
 PSPermGen       total 23680K, used 14987K [0x000000077be00000, 0x000000077d520000, 0x0000000781000000)
  object space 23680K, 63% used [0x000000077be00000,0x000000077cca2cd0,0x000000077d520000)
}
Event: 41.669 GC heap before
{Heap before GC invocations=25 (full 10):
 PSYoungGen      total 31872K, used 32K [0x00000007d5ab0000, 0x00000007d8540000, 0x0000000800000000)
  eden space 31808K, 0% used [0x00000007d5ab0000,0x00000007d5ab0000,0x00000007d79c0000)
  from space 64K, 50% used [0x00000007d79c0000,0x00000007d79c8000,0x00000007d79d0000)
  to   space 5888K, 0% used [0x00000007d7f80000,0x00000007d7f80000,0x00000007d8540000)
 ParOldGen       total 86720K, used 6806K [0x0000000781000000, 0x00000007864b0000, 0x00000007d5ab0000)
  object space 86720K, 7% used [0x0000000781000000,0x00000007816a5ae0,0x00000007864b0000)
 PSPermGen       total 23680K, used 14987K [0x000000077be00000, 0x000000077d520000, 0x0000000781000000)
  object space 23680K, 63% used [0x000000077be00000,0x000000077cca2cd0,0x000000077d520000)
Event: 41.703 GC heap after
Heap after GC invocations=25 (full 10):
 PSYoungGen      total 31872K, used 0K [0x00000007d5ab0000, 0x00000007d8540000, 0x0000000800000000)
  eden space 31808K, 0% used [0x00000007d5ab0000,0x00000007d5ab0000,0x00000007d79c0000)
  from space 64K, 0% used [0x00000007d79c0000,0x00000007d79c0000,0x00000007d79d0000)
  to   space 5888K, 0% used [0x00000007d7f80000,0x00000007d7f80000,0x00000007d8540000)
 ParOldGen       total 86720K, used 6806K [0x0000000781000000, 0x00000007864b0000, 0x00000007d5ab0000)
  object space 86720K, 7% used [0x0000000781000000,0x00000007816a5878,0x00000007864b0000)
 PSPermGen       total 22528K, used 14987K [0x000000077be00000, 0x000000077d400000, 0x0000000781000000)
  object space 22528K, 66% used [0x000000077be00000,0x000000077cca2cd0,0x000000077d400000)
}
Event: 42.626 GC heap before
{Heap before GC invocations=26 (full 10):
 PSYoungGen      total 31872K, used 1537K [0x00000007d5ab0000, 0x00000007d8540000, 0x0000000800000000)
  eden space 31808K, 4% used [0x00000007d5ab0000,0x00000007d5c30740,0x00000007d79c0000)
  from space 64K, 0% used [0x00000007d79c0000,0x00000007d79c0000,0x00000007d79d0000)
  to   space 5888K, 0% used [0x00000007d7f80000,0x00000007d7f80000,0x00000007d8540000)
 ParOldGen       total 86720K, used 6806K [0x0000000781000000, 0x00000007864b0000, 0x00000007d5ab0000)
  object space 86720K, 7% used [0x0000000781000000,0x00000007816a5878,0x00000007864b0000)
 PSPermGen       total 22528K, used 14991K [0x000000077be00000, 0x000000077d400000, 0x0000000781000000)
  object space 22528K, 66% used [0x000000077be00000,0x000000077cca3c80,0x000000077d400000)

Deoptimization events (0 events):
No events

Internal exceptions (10 events):
Event: 32.062 Thread 0x000000000d231000 Threw 0x00000007d5d174e8 at C:\jdk7u1_64p\jdk7u11\hotspot\src\share\vm\prims\jvm.cpp:1166
Event: 36.428 Thread 0x000000000d231000 Threw 0x00000007d5e363d0 at C:\jdk7u1_64p\jdk7u11\hotspot\src\share\vm\prims\jvm.cpp:1166
Event: 36.440 Thread 0x000000000d231000 Threw 0x00000007d5e52280 at C:\jdk7u1_64p\jdk7u11\hotspot\src\share\vm\prims\jvm.cpp:1166
Event: 36.503 Thread 0x000000000d231000 Threw 0x00000007d5b4cca8 at C:\jdk7u1_64p\jdk7u11\hotspot\src\share\vm\prims\jvm.cpp:1166
Event: 36.550 Thread 0x000000000d231000 Threw 0x00000007d5ada7c8 at C:\jdk7u1_64p\jdk7u11\hotspot\src\share\vm\prims\jvm.cpp:1166
Event: 36.550 Thread 0x000000000d231000 Threw 0x00000007d5adc570 at C:\jdk7u1_64p\jdk7u11\hotspot\src\share\vm\prims\jvm.cpp:1166
Event: 36.598 Thread 0x000000000d231000 Threw 0x00000007d5b1eaa8 at C:\jdk7u1_64p\jdk7u11\hotspot\src\share\vm\prims\jvm.cpp:1166
Event: 38.551 Thread 0x000000000d231000 Threw 0x00000007d5bf8d90 at C:\jdk7u1_64p\jdk7u11\hotspot\src\share\vm\prims\jvm.cpp:1166
Event: 38.560 Thread 0x000000000d231000 Threw 0x00000007d5c0e1e0 at C:\jdk7u1_64p\jdk7u11\hotspot\src\share\vm\prims\jvm.cpp:1166
Event: 38.573 Thread 0x000000000d231000 Threw 0x00000007d5c42138 at C:\jdk7u1_64p\jdk7u11\hotspot\src\share\vm\prims\jvm.cpp:1166

Events (10 events):
Event: 40.645 Executing VM operation: ParallelGCSystemGC done
Event: 40.645 loading class 0x000000000b4aa990
Event: 40.645 loading class 0x000000000b4aa990 done
Event: 40.721 loading class 0x000000000d2f77c0
Event: 40.721 loading class 0x000000000d2f77c0 done
Event: 41.637 Executing VM operation: ParallelGCSystemGC
Event: 41.667 Executing VM operation: ParallelGCSystemGC done
Event: 41.667 Executing VM operation: ParallelGCSystemGC
Event: 41.703 Executing VM operation: ParallelGCSystemGC done
Event: 42.626 Executing VM operation: ParallelGCSystemGC


Dynamic libraries:
0x000000013f530000 - 0x000000013f563000 	C:\Program Files\Java\jdk1.7.0_11\bin\java.exe
0x00000000774c0000 - 0x0000000077669000 	C:\Windows\SYSTEM32\ntdll.dll
0x00000000772a0000 - 0x00000000773bf000 	C:\Windows\system32\kernel32.dll
0x000007fefd410000 - 0x000007fefd47c000 	C:\Windows\system32\KERNELBASE.dll
0x000007fefe8c0000 - 0x000007fefe99b000 	C:\Windows\system32\ADVAPI32.dll
0x000007fefe560000 - 0x000007fefe5ff000 	C:\Windows\system32\msvcrt.dll
0x000007feff730000 - 0x000007feff74f000 	C:\Windows\SYSTEM32\sechost.dll
0x000007fefe100000 - 0x000007fefe22d000 	C:\Windows\system32\RPCRT4.dll
0x00000000773c0000 - 0x00000000774ba000 	C:\Windows\system32\USER32.dll
0x000007fefdfc0000 - 0x000007fefe027000 	C:\Windows\system32\GDI32.dll
0x000007fefe8b0000 - 0x000007fefe8be000 	C:\Windows\system32\LPK.dll
0x000007fefe290000 - 0x000007fefe359000 	C:\Windows\system32\USP10.dll
0x000007fefbdb0000 - 0x000007fefbfa4000 	C:\Windows\WinSxS\amd64_microsoft.windows.common-controls_6595b64144ccf1df_6.0.7601.17514_none_fa396087175ac9ac\COMCTL32.dll
0x000007fefdc50000 - 0x000007fefdcc1000 	C:\Windows\system32\SHLWAPI.dll
0x000007fefe030000 - 0x000007fefe05e000 	C:\Windows\system32\IMM32.DLL
0x000007fefdd80000 - 0x000007fefde89000 	C:\Windows\system32\MSCTF.dll
0x0000000054380000 - 0x0000000054451000 	C:\Program Files\Java\jdk1.7.0_11\jre\bin\msvcr100.dll
0x0000000051c30000 - 0x000000005234f000 	C:\Program Files\Java\jdk1.7.0_11\jre\bin\server\jvm.dll
0x000007fefa6e0000 - 0x000007fefa6e9000 	C:\Windows\system32\WSOCK32.dll
0x000007fefdf70000 - 0x000007fefdfbd000 	C:\Windows\system32\WS2_32.dll
0x000007fefdd70000 - 0x000007fefdd78000 	C:\Windows\system32\NSI.dll
0x000007fefb000000 - 0x000007fefb03b000 	C:\Windows\system32\WINMM.dll
0x0000000077680000 - 0x0000000077687000 	C:\Windows\system32\PSAPI.DLL
0x0000000058150000 - 0x000000005815f000 	C:\Program Files\Java\jdk1.7.0_11\jre\bin\verify.dll
0x00000000544e0000 - 0x0000000054508000 	C:\Program Files\Java\jdk1.7.0_11\jre\bin\java.dll
0x000000006d520000 - 0x000000006d555000 	C:\Program Files\Java\jdk1.7.0_11\jre\bin\jdwp.dll
0x0000000059090000 - 0x0000000059098000 	C:\Program Files\Java\jdk1.7.0_11\jre\bin\npt.dll
0x0000000054520000 - 0x0000000054535000 	C:\Program Files\Java\jdk1.7.0_11\jre\bin\zip.dll
0x000000006ca60000 - 0x000000006ca6b000 	C:\Program Files\Java\jdk1.7.0_11\jre\bin\dt_shmem.dll
0x00000000528d0000 - 0x0000000052a63000 	C:\Program Files\Java\jdk1.7.0_11\jre\bin\awt.dll
0x000007fefde90000 - 0x000007fefdf67000 	C:\Windows\system32\OLEAUT32.dll
0x000007fefd690000 - 0x000007fefd893000 	C:\Windows\system32\ole32.dll
0x000007fefba30000 - 0x000007fefba86000 	C:\Windows\system32\uxtheme.dll
0x0000000180000000 - 0x00000001800eb000 	C:\Program Files\Hewlett-Packard\HP ProtectTools Security Manager\Bin\DpoFeedb.dll
0x000007fefc5c0000 - 0x000007fefc5cc000 	C:\Windows\system32\VERSION.dll
0x000007fefd4d0000 - 0x000007fefd4ee000 	C:\Windows\system32\USERENV.dll
0x000007fefd2d0000 - 0x000007fefd2df000 	C:\Windows\system32\profapi.dll
0x000007fefb600000 - 0x000007fefb618000 	C:\Windows\system32\dwmapi.dll
0x000007fefd170000 - 0x000007fefd17f000 	C:\Windows\system32\CRYPTBASE.dll
0x000007fef1540000 - 0x000007fef1571000 	C:\Program Files\Hewlett-Packard\HP ProtectTools Security Manager\Bin\DpoSet.dll
0x0000000067b10000 - 0x0000000067be3000 	C:\Windows\WinSxS\amd64_microsoft.vc90.crt_1fc8b3b9a1e18e3b_9.0.30729.6161_none_08e61857a83bc251\MSVCP90.dll
0x0000000073120000 - 0x00000000731c3000 	C:\Windows\WinSxS\amd64_microsoft.vc90.crt_1fc8b3b9a1e18e3b_9.0.30729.6161_none_08e61857a83bc251\MSVCR90.dll
0x000007fefe9a0000 - 0x000007feff728000 	C:\Windows\system32\SHELL32.dll
0x00000000544c0000 - 0x00000000544d9000 	C:\Program Files\Java\jdk1.7.0_11\jre\bin\net.dll
0x000007fefcab0000 - 0x000007fefcb05000 	C:\Windows\system32\mswsock.dll
0x000007fefcaa0000 - 0x000007fefcaa7000 	C:\Windows\System32\wship6.dll
0x00000000544a0000 - 0x00000000544b1000 	C:\Program Files\Java\jdk1.7.0_11\jre\bin\nio.dll
0x0000000054300000 - 0x0000000054330000 	C:\Program Files\Java\jdk1.7.0_11\jre\bin\jpeg.dll
0x0000000054460000 - 0x0000000054494000 	C:\Program Files\Java\jdk1.7.0_11\jre\bin\fontmanager.dll
0x0000000054330000 - 0x0000000054371000 	C:\Program Files\Java\jdk1.7.0_11\jre\bin\t2k.dll
0x000007fefe060000 - 0x000007fefe0f9000 	C:\Windows\system32\CLBCatQ.DLL
0x000007fefb420000 - 0x000007fefb581000 	C:\Windows\system32\WindowsCodecs.dll
0x000007fefd110000 - 0x000007fefd167000 	C:\Windows\system32\apphelp.dll
0x000007fef7f70000 - 0x000007fef81ad000 	C:\PROGRA~1\MIF5BA~1\Office15\GROOVEEX.DLL
0x0000000068f70000 - 0x0000000069008000 	C:\Windows\system32\MSVCP100.dll
0x0000000068f40000 - 0x0000000068f6b000 	C:\Windows\system32\ATL100.DLL
0x000007fef5330000 - 0x000007fef564c000 	C:\Windows\system32\msi.dll
0x000007fef4410000 - 0x000007fef4c9c000 	C:\PROGRA~1\MIF5BA~1\Office15\1036\GrooveIntlResource.dll
0x0000000068450000 - 0x0000000068466000 	C:\Program Files\Common Files\TortoiseOverlays\TortoiseOverlays.dll
0x0000000068c10000 - 0x0000000068c20000 	C:\Program Files\TortoiseSVN\bin\TortoiseStub.dll
0x0000000067ce0000 - 0x0000000067d5b000 	C:\Program Files\TortoiseSVN\bin\TortoiseSVN.dll
0x000007fefda10000 - 0x000007fefdc4b000 	C:\Windows\system32\WININET.dll
0x000007fefd340000 - 0x000007fefd344000 	C:\Windows\system32\api-ms-win-downlevel-user32-l1-1-0.dll
0x000007fefd4c0000 - 0x000007fefd4c4000 	C:\Windows\system32\api-ms-win-downlevel-shlwapi-l1-1-0.dll
0x000007fefd2f0000 - 0x000007fefd2f4000 	C:\Windows\system32\api-ms-win-downlevel-version-l1-1-0.dll
0x000007fefd670000 - 0x000007fefd673000 	C:\Windows\system32\api-ms-win-downlevel-normaliz-l1-1-0.dll
0x0000000077690000 - 0x0000000077693000 	C:\Windows\system32\normaliz.DLL
0x000007fefe600000 - 0x000007fefe8b0000 	C:\Windows\system32\iertutil.dll
0x000007fefd680000 - 0x000007fefd685000 	C:\Windows\system32\api-ms-win-downlevel-advapi32-l1-1-0.dll
0x000007fef4020000 - 0x000007fef440d000 	C:\Program Files\TortoiseSVN\bin\libsvn_tsvn.dll
0x0000000068420000 - 0x000000006844b000 	C:\Program Files\TortoiseSVN\bin\libapr_tsvn.dll
0x0000000067bf0000 - 0x0000000067c31000 	C:\Program Files\TortoiseSVN\bin\libaprutil_tsvn.dll
0x000007fefe230000 - 0x000007fefe282000 	C:\Windows\system32\WLDAP32.dll
0x000007fef8cb0000 - 0x000007fef8cc0000 	C:\Program Files\TortoiseSVN\bin\intl3_tsvn.dll
0x000007fef8c90000 - 0x000007fef8caa000 	C:\Program Files\TortoiseSVN\bin\libsasl.dll
0x000007fefd0b0000 - 0x000007fefd0bb000 	C:\Windows\system32\Secur32.dll
0x000007fefd0e0000 - 0x000007fefd105000 	C:\Windows\system32\SSPICLI.DLL
0x000007fefd4f0000 - 0x000007fefd65c000 	C:\Windows\system32\CRYPT32.dll
0x000007fefd2e0000 - 0x000007fefd2ef000 	C:\Windows\system32\MSASN1.dll
0x000007fef7420000 - 0x000007fef7455000 	C:\Windows\system32\EhStorShell.dll
0x000007fefe380000 - 0x000007fefe557000 	C:\Windows\system32\SETUPAPI.dll
0x000007fefd480000 - 0x000007fefd4b6000 	C:\Windows\system32\CFGMGR32.dll
0x000007fefd350000 - 0x000007fefd36a000 	C:\Windows\system32\DEVOBJ.dll
0x000007fefba90000 - 0x000007fefbbbc000 	C:\Windows\system32\PROPSYS.dll
0x000007fef2f80000 - 0x000007fef35ef000 	C:\PROGRA~1\MIF5BA~1\Office14\GROOVEEX.DLL
0x00000000683f0000 - 0x000000006841f000 	C:\Windows\WinSxS\amd64_microsoft.vc90.atl_1fc8b3b9a1e18e3b_9.0.30729.6161_none_0a1fd3a3a768b895\ATL90.DLL
0x000007fef2b60000 - 0x000007fef2f7a000 	C:\PROGRA~1\COMMON~1\MICROS~1\OFFICE14\Cultures\office.odf
0x000007fef22d0000 - 0x000007fef2b58000 	C:\PROGRA~1\MIF5BA~1\Office14\1036\GrooveIntlResource.dll
0x000007fee1b90000 - 0x000007fee1c2e000 	C:\Windows\system32\RICHED20.DLL
0x000007fef0cb0000 - 0x000007fef0dd5000 	C:\Windows\system32\dbghelp.dll

VM Arguments:
jvm_args: -Xdebug -Xrunjdwp:transport=dt_shmem,address=javadebug -Dfile.encoding=UTF-8 
java_command: marcadministrationclient.MARCAdministrationClient
Launcher Type: SUN_STANDARD

Environment Variables:
PATH=C:\Program Files (x86)\ImageMagick-6.8.7-Q16;C:\Program Files\Common Files\Microsoft Shared\Windows Live;C:\Program Files (x86)\AMD APP\bin\x86_64;C:\Program Files (x86)\AMD APP\bin\x86;C:\Windows\system32;C:\Windows;C:\Windows\System32\Wbem;C:\Program Files (x86)\ATI Technologies\ATI.ACE\Core-Static;C:\Windows\System32\WindowsPowerShell\v1.0\;C:\Program Files\Microsoft\Web Platform Installer\;C:\Program Files (x86)\Microsoft ASP.NET\ASP.NET Web Pages\v1.0\;C:\Program Files\Microsoft SQL Server\110\Tools\Binn\;C:\Program Files (x86)\Microsoft SQL Server\90\Tools\binn\;C:\Windows\System32\WindowsPowerShell\v1.0\;C:\Program Files\TortoiseSVN\bin;C:\Program Files (x86)\Windows Kits\8.1\Windows Performance Toolkit\;C:\Program Files (x86)\Microsoft SDKs\TypeScript\1.0\;C:\Program Files\Common Files\Microsoft Shared\Windows Live;C:\Program Files (x86)\CMake 2.8\bin
USERNAME=patrice
OS=Windows_NT
PROCESSOR_IDENTIFIER=Intel64 Family 6 Model 42 Stepping 7, GenuineIntel



---------------  S Y S T E M  ---------------

OS: Windows 7 , 64 bit Build 7601 Service Pack 1

CPU:total 2 (2 cores per cpu, 2 threads per core) family 6 model 42 stepping 7, cmov, cx8, fxsr, mmx, sse, sse2, sse3, ssse3, sse4.1, sse4.2, popcnt, avx, ht, tsc, tscinvbit

Memory: 4k page, physical 8321392k(3178344k free), swap 16640920k(10242808k free)

vm_info: Java HotSpot(TM) 64-Bit Server VM (23.6-b04) for windows-amd64 JRE (1.7.0_11-b21), built on Jan 12 2013 02:38:42 by "java_re" with unknown MS VC++:1600

time: Fri Oct 31 14:15:33 2014
elapsed time: 42 seconds

