#
# A fatal error has been detected by the Java Runtime Environment:
#
#  EXCEPTION_ACCESS_VIOLATION (0xc0000005) at pc=0x00000000583e53b0, pid=8080, tid=6232
#
# JRE version: 7.0_11-b21
# Java VM: Java HotSpot(TM) 64-Bit Server VM (23.6-b04 mixed mode windows-amd64 compressed oops)
# Problematic frame:
# V  [jvm.dll+0x253b0]
#
# Failed to write core dump. Minidumps are not enabled by default on client versions of Windows
#
# If you would like to submit a bug report, please visit:
#   http://bugreport.sun.com/bugreport/crash.jsp
#

---------------  T H R E A D  ---------------

Current thread (0x0000000001e01800):  GCTaskThread [stack: 0x0000000006020000,0x0000000006120000] [id=6232]

siginfo: ExceptionCode=0xc0000005, reading address 0x0000000004d003c0

Registers:
RAX=0x0000000000000000, RBX=0x00000007d5b2a9f0, RCX=0x00000007d5b2a9f0, RDX=0x0000000004d003b8
RSP=0x000000000611f5f8, RBP=0x000000000585e460, RSI=0x00000000022d6e30, RDI=0x0000000781a8be08
R8 =0x00000000022d6e30, R9 =0x0000000000000000, R10=0x004b004b00630061, R11=0x00000007d7302410
R12=0x000000000585e45b, R13=0x0000000000000000, R14=0x0000000000000000, R15=0x0000000001df88a0
RIP=0x00000000583e53b0, EFLAGS=0x0000000000010206

Top of Stack: (sp=0x000000000611f5f8)
0x000000000611f5f8:   00000000587222c6 0000000000000009
0x000000000611f608:   0000000000000003 00000000022d6e30
0x000000000611f618:   0000000058482136 00000007d7300000
0x000000000611f628:   0000000000001000 0000000000000002
0x000000000611f638:   0000000000000010 0000000000000000
0x000000000611f648:   00000000022d6e00 000000000585e45b
0x000000000611f658:   0000000058722650 0000000781a8bb84
0x000000000611f668:   000000000585e460 00000000022d6e30
0x000000000611f678:   0000000781a8be08 0000000781a8bb84
0x000000000611f688:   0000000058723212 0000000000b8df18
0x000000000611f698:   000007fefd3010dc 00000000022b69d0
0x000000000611f6a8:   0000000781a6f698 0000000000b8e000
0x000000000611f6b8:   0000000058720f2d 0000000000000000
0x000000000611f6c8:   0000000000b8df20 0000000781a8bdf0
0x000000000611f6d8:   0000000058488b83 0000000781a8bded
0x000000000611f6e8:   0000000781a8bded 0000000781a8bdb4 

Instructions: (pc=0x00000000583e53b0)
0x00000000583e5390:   0d 44 0f b7 c0 48 83 c1 48 e8 d8 7d 4c 00 48 83
0x00000000583e53a0:   c4 28 c3 cc cc cc cc cc cc cc cc cc cc cc cc cc
0x00000000583e53b0:   44 8b 42 08 4c 8b ca 45 85 c0 7e 0e 41 f6 c0 01
0x00000000583e53c0:   75 57 41 c1 f8 03 41 8b c0 c3 79 4d 80 3d 15 69 


Register to memory mapping:

RAX=0x0000000000000000 is an unknown value
RBX=0x00000007d5b2a9f0 is an unknown value
RCX=0x00000007d5b2a9f0 is an unknown value
RDX=0x0000000004d003b8 is an unknown value
RSP=0x000000000611f5f8 is an unknown value
RBP=0x000000000585e460 is an unknown value
RSI=0x00000000022d6e30 is an unknown value
RDI=
[error occurred during error reporting (printing register info), id 0xc0000005]

Stack: [0x0000000006020000,0x0000000006120000],  sp=0x000000000611f5f8,  free space=1021k
Native frames: (J=compiled Java code, j=interpreted, Vv=VM code, C=native code)
V  [jvm.dll+0x253b0]


---------------  P R O C E S S  ---------------

Java Threads: ( => current thread )
  0x000000000e2a3000 JavaThread "SwingWorker-pool-2-thread-10" daemon [_thread_blocked, id=1440, stack(0x0000000011c40000,0x0000000011d40000)]
  0x000000000e2a2800 JavaThread "SwingWorker-pool-2-thread-9" daemon [_thread_blocked, id=8784, stack(0x0000000011b00000,0x0000000011c00000)]
  0x000000000e2a1800 JavaThread "SwingWorker-pool-2-thread-8" daemon [_thread_blocked, id=7160, stack(0x0000000011190000,0x0000000011290000)]
  0x000000000e2a1000 JavaThread "SwingWorker-pool-2-thread-7" daemon [_thread_blocked, id=8860, stack(0x00000000118f0000,0x00000000119f0000)]
  0x000000000e2a0000 JavaThread "SwingWorker-pool-2-thread-6" daemon [_thread_blocked, id=7844, stack(0x0000000011750000,0x0000000011850000)]
  0x000000000e29f800 JavaThread "SwingWorker-pool-2-thread-5" daemon [_thread_blocked, id=7852, stack(0x0000000011540000,0x0000000011640000)]
  0x000000000e3e6800 JavaThread "SwingWorker-pool-2-thread-4" daemon [_thread_blocked, id=8380, stack(0x000000000ffc0000,0x00000000100c0000)]
  0x000000000bb4e800 JavaThread "SwingWorker-pool-2-thread-3" daemon [_thread_blocked, id=8628, stack(0x00000000112a0000,0x00000000113a0000)]
  0x000000000e38d000 JavaThread "SwingWorker-pool-2-thread-2" daemon [_thread_blocked, id=8876, stack(0x00000000100c0000,0x00000000101c0000)]
  0x000000000e2ae800 JavaThread "SwingWorker-pool-2-thread-1" daemon [_thread_blocked, id=7572, stack(0x0000000010d90000,0x0000000010e90000)]
  0x000000000e682800 JavaThread "Swing-Shell" daemon [_thread_blocked, id=8580, stack(0x0000000011080000,0x0000000011180000)]
  0x000000000e2d5800 JavaThread "TimerQueue" daemon [_thread_blocked, id=8368, stack(0x000000000d620000,0x000000000d720000)]
  0x000000000e06e000 JavaThread "org.netbeans.modules.debugger.jpda.visual AWT Access Loop" daemon [_thread_blocked, id=4160, stack(0x000000000eb70000,0x000000000ec70000)]
  0x0000000001e7f000 JavaThread "DestroyJavaVM" [_thread_blocked, id=9004, stack(0x0000000001ed0000,0x0000000001fd0000)]
  0x000000000e05e000 JavaThread "AWT-EventQueue-0" [_thread_blocked, id=5652, stack(0x000000000e930000,0x000000000ea30000)]
  0x000000000bc82800 JavaThread "AWT-Windows" daemon [_thread_in_native, id=8928, stack(0x000000000dc70000,0x000000000dd70000)]
  0x000000000bbe9000 JavaThread "AWT-Shutdown" [_thread_blocked, id=7784, stack(0x000000000ce10000,0x000000000cf10000)]
  0x000000000bbc6800 JavaThread "Java2D Disposer" daemon [_thread_blocked, id=3048, stack(0x000000000dec0000,0x000000000dfc0000)]
  0x000000000ba5f000 JavaThread "Service Thread" daemon [_thread_blocked, id=5768, stack(0x000000000d050000,0x000000000d150000)]
  0x000000000ba5e800 JavaThread "C2 CompilerThread1" daemon [_thread_blocked, id=8908, stack(0x000000000d970000,0x000000000da70000)]
  0x000000000ba53000 JavaThread "C2 CompilerThread0" daemon [_thread_blocked, id=3188, stack(0x000000000db50000,0x000000000dc50000)]
  0x000000000ba20000 JavaThread "JDWP Command Reader" daemon [_thread_in_native, id=2328, stack(0x000000000d2b0000,0x000000000d3b0000)]
  0x000000000ba17000 JavaThread "JDWP Event Helper Thread" daemon [_thread_blocked, id=5868, stack(0x000000000d190000,0x000000000d290000)]
  0x000000000ba06800 JavaThread "JDWP Transport Listener: dt_shmem" daemon [_thread_blocked, id=916, stack(0x000000000cf40000,0x000000000d040000)]
  0x000000000ba01800 JavaThread "Attach Listener" daemon [_thread_blocked, id=1812, stack(0x000000000cd00000,0x000000000ce00000)]
  0x000000000ba00000 JavaThread "Signal Dispatcher" daemon [_thread_blocked, id=3244, stack(0x000000000c8b0000,0x000000000c9b0000)]
  0x00000000022e3000 JavaThread "Finalizer" daemon [_thread_blocked, id=4472, stack(0x000000000cb50000,0x000000000cc50000)]
  0x00000000022e0000 JavaThread "Reference Handler" daemon [_thread_blocked, id=5108, stack(0x000000000ca10000,0x000000000cb10000)]

Other Threads:
  0x000000000b982800 VMThread [stack: 0x000000000c360000,0x000000000c460000] [id=4468]
  0x000000000ba6c000 WatcherThread [stack: 0x000000000dda0000,0x000000000dea0000] [id=6008]

=>0x0000000001e01800 (exited) GCTaskThread [stack: 0x0000000006020000,0x0000000006120000] [id=6232]

VM state:at safepoint (normal execution)

VM Mutex/Monitor currently owned by a thread:  ([mutex/lock_event])
[0x0000000001e7c2d0] Threads_lock - owner thread: 0x000000000b982800
[0x0000000001e7c7d0] Heap_lock - owner thread: 0x000000000e05e000

Heap
 PSYoungGen      total 25024K, used 1411K [0x00000007d5ab0000, 0x00000007d7360000, 0x0000000800000000)
  eden space 24896K, 5% used [0x00000007d5ab0000,0x00000007d5c10fd8,0x00000007d7300000)
  from space 128K, 0% used [0x00000007d7340000,0x00000007d7340000,0x00000007d7360000)
  to   space 192K, 33% used [0x00000007d7300000,0x00000007d7310000,0x00000007d7330000)
 ParOldGen       total 86720K, used 10799K [0x0000000781000000, 0x00000007864b0000, 0x00000007d5ab0000)
  object space 86720K, 12% used [0x0000000781000000,0x0000000781a8be08,0x00000007864b0000)
 PSPermGen       total 21248K, used 19393K [0x000000077be00000, 0x000000077d2c0000, 0x0000000781000000)
  object space 21248K, 91% used [0x000000077be00000,0x000000077d0f0638,0x000000077d2c0000)

Card table byte_map: [0x0000000005830000,0x0000000005c60000] byte_map_base: 0x0000000001c51000

Polling page: 0x0000000000120000

Code Cache  [0x0000000002770000, 0x00000000029e0000, 0x0000000005770000)
 total_blobs=1011 nmethods=529 adapters=442 free_code_cache=47347Kb largest_free_block=48441792

Compilation events (10 events):
Event: 199.020 Thread 0x000000000ba5e800  538             sun.awt.SunHints$Key::getIndex (5 bytes)
Event: 199.021 Thread 0x000000000ba5e800 nmethod 538 0x000000000292da90 code [0x000000000292dbc0, 0x000000000292dc18]
Event: 199.023 Thread 0x000000000ba53000  539             java.awt.RenderingHints$Key::intKey (5 bytes)
Event: 199.023 Thread 0x000000000ba53000 nmethod 539 0x000000000292d890 code [0x000000000292d9c0, 0x000000000292da18]
Event: 199.139 Thread 0x000000000ba53000  540             java.awt.Container::checkAddToSelf (37 bytes)
Event: 199.141 Thread 0x000000000ba53000 nmethod 540 0x000000000292d590 code [0x000000000292d6e0, 0x000000000292d7b8]
Event: 199.459 Thread 0x000000000ba53000  541             sun.java2d.SunGraphics2D::dispose (12 bytes)
Event: 199.460 Thread 0x000000000ba53000 nmethod 541 0x0000000002930d10 code [0x0000000002930e40, 0x0000000002930ed8]
Event: 200.078 Thread 0x000000000ba5e800  542             sun.java2d.SunGraphics2D::setColor (108 bytes)
Event: 200.086 Thread 0x000000000ba5e800 nmethod 542 0x0000000002930050 code [0x00000000029301e0, 0x0000000002930738]

GC Heap History (10 events):
Event: 198.177 GC heap after
Heap after GC invocations=192 (full 88):
 PSYoungGen      total 25088K, used 0K [0x00000007d5ab0000, 0x00000007d7360000, 0x0000000800000000)
  eden space 24896K, 0% used [0x00000007d5ab0000,0x00000007d5ab0000,0x00000007d7300000)
  from space 192K, 0% used [0x00000007d7330000,0x00000007d7330000,0x00000007d7360000)
  to   space 192K, 0% used [0x00000007d7300000,0x00000007d7300000,0x00000007d7330000)
 ParOldGen       total 86720K, used 10796K [0x0000000781000000, 0x00000007864b0000, 0x00000007d5ab0000)
  object space 86720K, 12% used [0x0000000781000000,0x0000000781a8b288,0x00000007864b0000)
 PSPermGen       total 21248K, used 19388K [0x000000077be00000, 0x000000077d2c0000, 0x0000000781000000)
  object space 21248K, 91% used [0x000000077be00000,0x000000077d0ef230,0x000000077d2c0000)
}
Event: 199.873 GC heap before
{Heap before GC invocations=193 (full 88):
 PSYoungGen      total 25088K, used 4872K [0x00000007d5ab0000, 0x00000007d7360000, 0x0000000800000000)
  eden space 24896K, 19% used [0x00000007d5ab0000,0x00000007d5f72020,0x00000007d7300000)
  from space 192K, 0% used [0x00000007d7330000,0x00000007d7330000,0x00000007d7360000)
  to   space 192K, 0% used [0x00000007d7300000,0x00000007d7300000,0x00000007d7330000)
 ParOldGen       total 86720K, used 10796K [0x0000000781000000, 0x00000007864b0000, 0x00000007d5ab0000)
  object space 86720K, 12% used [0x0000000781000000,0x0000000781a8b288,0x00000007864b0000)
 PSPermGen       total 21248K, used 19391K [0x000000077be00000, 0x000000077d2c0000, 0x0000000781000000)
  object space 21248K, 91% used [0x000000077be00000,0x000000077d0effe8,0x000000077d2c0000)
Event: 199.875 GC heap after
Heap after GC invocations=193 (full 88):
 PSYoungGen      total 25088K, used 160K [0x00000007d5ab0000, 0x00000007d7380000, 0x0000000800000000)
  eden space 24896K, 0% used [0x00000007d5ab0000,0x00000007d5ab0000,0x00000007d7300000)
  from space 192K, 83% used [0x00000007d7300000,0x00000007d7328000,0x00000007d7330000)
  to   space 256K, 0% used [0x00000007d7340000,0x00000007d7340000,0x00000007d7380000)
 ParOldGen       total 86720K, used 10796K [0x0000000781000000, 0x00000007864b0000, 0x00000007d5ab0000)
  object space 86720K, 12% used [0x0000000781000000,0x0000000781a8b288,0x00000007864b0000)
 PSPermGen       total 21248K, used 19391K [0x000000077be00000, 0x000000077d2c0000, 0x0000000781000000)
  object space 21248K, 91% used [0x000000077be00000,0x000000077d0effe8,0x000000077d2c0000)
}
Event: 199.875 GC heap before
{Heap before GC invocations=194 (full 89):
 PSYoungGen      total 25088K, used 160K [0x00000007d5ab0000, 0x00000007d7380000, 0x0000000800000000)
  eden space 24896K, 0% used [0x00000007d5ab0000,0x00000007d5ab0000,0x00000007d7300000)
  from space 192K, 83% used [0x00000007d7300000,0x00000007d7328000,0x00000007d7330000)
  to   space 256K, 0% used [0x00000007d7340000,0x00000007d7340000,0x00000007d7380000)
 ParOldGen       total 86720K, used 10796K [0x0000000781000000, 0x00000007864b0000, 0x00000007d5ab0000)
  object space 86720K, 12% used [0x0000000781000000,0x0000000781a8b288,0x00000007864b0000)
 PSPermGen       total 21248K, used 19391K [0x000000077be00000, 0x000000077d2c0000, 0x0000000781000000)
  object space 21248K, 91% used [0x000000077be00000,0x000000077d0effe8,0x000000077d2c0000)
Event: 199.952 GC heap after
Heap after GC invocations=194 (full 89):
 PSYoungGen      total 25088K, used 0K [0x00000007d5ab0000, 0x00000007d7380000, 0x0000000800000000)
  eden space 24896K, 0% used [0x00000007d5ab0000,0x00000007d5ab0000,0x00000007d7300000)
  from space 192K, 0% used [0x00000007d7300000,0x00000007d7300000,0x00000007d7330000)
  to   space 256K, 0% used [0x00000007d7340000,0x00000007d7340000,0x00000007d7380000)
 ParOldGen       total 86720K, used 10814K [0x0000000781000000, 0x00000007864b0000, 0x00000007d5ab0000)
  object space 86720K, 12% used [0x0000000781000000,0x0000000781a8f828,0x00000007864b0000)
 PSPermGen       total 21248K, used 19391K [0x000000077be00000, 0x000000077d2c0000, 0x0000000781000000)
  object space 21248K, 91% used [0x000000077be00000,0x000000077d0effe8,0x000000077d2c0000)
}
Event: 199.953 GC heap before
{Heap before GC invocations=195 (full 89):
 PSYoungGen      total 25088K, used 537K [0x00000007d5ab0000, 0x00000007d7380000, 0x0000000800000000)
  eden space 24896K, 2% used [0x00000007d5ab0000,0x00000007d5b367e0,0x00000007d7300000)
  from space 192K, 0% used [0x00000007d7300000,0x00000007d7300000,0x00000007d7330000)
  to   space 256K, 0% used [0x00000007d7340000,0x00000007d7340000,0x00000007d7380000)
 ParOldGen       total 86720K, used 10814K [0x0000000781000000, 0x00000007864b0000, 0x00000007d5ab0000)
  object space 86720K, 12% used [0x0000000781000000,0x0000000781a8f828,0x00000007864b0000)
 PSPermGen       total 21248K, used 19391K [0x000000077be00000, 0x000000077d2c0000, 0x0000000781000000)
  object space 21248K, 91% used [0x000000077be00000,0x000000077d0effe8,0x000000077d2c0000)
Event: 199.954 GC heap after
Heap after GC invocations=195 (full 89):
 PSYoungGen      total 25024K, used 32K [0x00000007d5ab0000, 0x00000007d7360000, 0x0000000800000000)
  eden space 24896K, 0% used [0x00000007d5ab0000,0x00000007d5ab0000,0x00000007d7300000)
  from space 128K, 25% used [0x00000007d7340000,0x00000007d7348000,0x00000007d7360000)
  to   space 192K, 0% used [0x00000007d7300000,0x00000007d7300000,0x00000007d7330000)
 ParOldGen       total 86720K, used 10814K [0x0000000781000000, 0x00000007864b0000, 0x00000007d5ab0000)
  object space 86720K, 12% used [0x0000000781000000,0x0000000781a8f828,0x00000007864b0000)
 PSPermGen       total 21248K, used 19391K [0x000000077be00000, 0x000000077d2c0000, 0x0000000781000000)
  object space 21248K, 91% used [0x000000077be00000,0x000000077d0effe8,0x000000077d2c0000)
}
Event: 199.955 GC heap before
{Heap before GC invocations=196 (full 90):
 PSYoungGen      total 25024K, used 32K [0x00000007d5ab0000, 0x00000007d7360000, 0x0000000800000000)
  eden space 24896K, 0% used [0x00000007d5ab0000,0x00000007d5ab0000,0x00000007d7300000)
  from space 128K, 25% used [0x00000007d7340000,0x00000007d7348000,0x00000007d7360000)
  to   space 192K, 0% used [0x00000007d7300000,0x00000007d7300000,0x00000007d7330000)
 ParOldGen       total 86720K, used 10814K [0x0000000781000000, 0x00000007864b0000, 0x00000007d5ab0000)
  object space 86720K, 12% used [0x0000000781000000,0x0000000781a8f828,0x00000007864b0000)
 PSPermGen       total 21248K, used 19391K [0x000000077be00000, 0x000000077d2c0000, 0x0000000781000000)
  object space 21248K, 91% used [0x000000077be00000,0x000000077d0effe8,0x000000077d2c0000)
Event: 200.034 GC heap after
Heap after GC invocations=196 (full 90):
 PSYoungGen      total 25024K, used 0K [0x00000007d5ab0000, 0x00000007d7360000, 0x0000000800000000)
  eden space 24896K, 0% used [0x00000007d5ab0000,0x00000007d5ab0000,0x00000007d7300000)
  from space 128K, 0% used [0x00000007d7340000,0x00000007d7340000,0x00000007d7360000)
  to   space 192K, 0% used [0x00000007d7300000,0x00000007d7300000,0x00000007d7330000)
 ParOldGen       total 86720K, used 10799K [0x0000000781000000, 0x00000007864b0000, 0x00000007d5ab0000)
  object space 86720K, 12% used [0x0000000781000000,0x0000000781a8be08,0x00000007864b0000)
 PSPermGen       total 21248K, used 19391K [0x000000077be00000, 0x000000077d2c0000, 0x0000000781000000)
  object space 21248K, 91% used [0x000000077be00000,0x000000077d0effe8,0x000000077d2c0000)
}
Event: 203.216 GC heap before
{Heap before GC invocations=197 (full 90):
 PSYoungGen      total 25024K, used 1411K [0x00000007d5ab0000, 0x00000007d7360000, 0x0000000800000000)
  eden space 24896K, 5% used [0x00000007d5ab0000,0x00000007d5c10fd8,0x00000007d7300000)
  from space 128K, 0% used [0x00000007d7340000,0x00000007d7340000,0x00000007d7360000)
  to   space 192K, 0% used [0x00000007d7300000,0x00000007d7300000,0x00000007d7330000)
 ParOldGen       total 86720K, used 10799K [0x0000000781000000, 0x00000007864b0000, 0x00000007d5ab0000)
  object space 86720K, 12% used [0x0000000781000000,0x0000000781a8be08,0x00000007864b0000)
 PSPermGen       total 21248K, used 19393K [0x000000077be00000, 0x000000077d2c0000, 0x0000000781000000)
  object space 21248K, 91% used [0x000000077be00000,0x000000077d0f0638,0x000000077d2c0000)

Deoptimization events (0 events):
No events

Internal exceptions (10 events):
Event: 65.505 Thread 0x000000000e05e000 Threw 0x00000007d6cb5b08 at C:\jdk7u1_64p\jdk7u11\hotspot\src\share\vm\prims\jvm.cpp:1166
Event: 81.061 Thread 0x000000000e05e000 Threw 0x00000007d5f4aea0 at C:\jdk7u1_64p\jdk7u11\hotspot\src\share\vm\prims\jvm.cpp:1166
Event: 81.062 Thread 0x000000000e05e000 Threw 0x00000007d5f4d7c0 at C:\jdk7u1_64p\jdk7u11\hotspot\src\share\vm\prims\jvm.cpp:1166
Event: 86.403 Thread 0x000000000e05e000 Threw 0x00000007d5f8c178 at C:\jdk7u1_64p\jdk7u11\hotspot\src\share\vm\prims\jvm.cpp:1166
Event: 104.408 Thread 0x000000000e05e000 Threw 0x00000007d5fabce8 at C:\jdk7u1_64p\jdk7u11\hotspot\src\share\vm\prims\jvm.cpp:1166
Event: 106.102 Thread 0x000000000e2ae800 Threw 0x00000007d5bbbd38 at C:\jdk7u1_64p\jdk7u11\hotspot\src\share\vm\prims\jvm.cpp:1166
Event: 106.128 Thread 0x000000000e2ae800 Threw 0x00000007d5c122f8 at C:\jdk7u1_64p\jdk7u11\hotspot\src\share\vm\prims\jvm.cpp:1166
Event: 106.130 Thread 0x000000000e2ae800 Threw 0x00000007d5c15538 at C:\jdk7u1_64p\jdk7u11\hotspot\src\share\vm\prims\jvm.cpp:1166
Event: 143.371 Thread 0x000000000e05e000 Threw 0x00000007d5aef478 at C:\jdk7u1_64p\jdk7u11\hotspot\src\share\vm\prims\jvm.cpp:1166
Event: 178.848 Thread 0x000000000e05e000 Threw 0x00000007d5af9b78 at C:\jdk7u1_64p\jdk7u11\hotspot\src\share\vm\prims\jvm.cpp:1166

Events (10 events):
Event: 201.200 Executing VM operation: GetOrSetLocal done
Event: 201.835 Executing VM operation: GetOrSetLocal
Event: 201.835 Executing VM operation: GetOrSetLocal done
Event: 203.046 Executing VM operation: GetOrSetLocal
Event: 203.047 Executing VM operation: GetOrSetLocal done
Event: 203.089 Executing VM operation: GetOrSetLocal
Event: 203.089 Executing VM operation: GetOrSetLocal done
Event: 203.089 Executing VM operation: GetOrSetLocal
Event: 203.089 Executing VM operation: GetOrSetLocal done
Event: 203.216 Executing VM operation: ParallelGCSystemGC


Dynamic libraries:
0x000000013f020000 - 0x000000013f053000 	C:\Program Files\Java\jdk1.7.0_11\bin\java.exe
0x0000000077330000 - 0x00000000774d9000 	C:\Windows\SYSTEM32\ntdll.dll
0x0000000077210000 - 0x000000007732f000 	C:\Windows\system32\kernel32.dll
0x000007fefd300000 - 0x000007fefd36c000 	C:\Windows\system32\KERNELBASE.dll
0x000007fefd550000 - 0x000007fefd62b000 	C:\Windows\system32\ADVAPI32.dll
0x000007fefe1f0000 - 0x000007fefe28f000 	C:\Windows\system32\msvcrt.dll
0x000007feff620000 - 0x000007feff63f000 	C:\Windows\SYSTEM32\sechost.dll
0x000007fefde70000 - 0x000007fefdf9d000 	C:\Windows\system32\RPCRT4.dll
0x0000000077110000 - 0x000000007720a000 	C:\Windows\system32\USER32.dll
0x000007fefe290000 - 0x000007fefe2f7000 	C:\Windows\system32\GDI32.dll
0x000007feff610000 - 0x000007feff61e000 	C:\Windows\system32\LPK.dll
0x000007fefdfa0000 - 0x000007fefe069000 	C:\Windows\system32\USP10.dll
0x000007fefb240000 - 0x000007fefb434000 	C:\Windows\WinSxS\amd64_microsoft.windows.common-controls_6595b64144ccf1df_6.0.7601.17514_none_fa396087175ac9ac\COMCTL32.dll
0x000007fefd4b0000 - 0x000007fefd521000 	C:\Windows\system32\SHLWAPI.dll
0x000007fefda60000 - 0x000007fefda8e000 	C:\Windows\system32\IMM32.DLL
0x000007feff320000 - 0x000007feff429000 	C:\Windows\system32\MSCTF.dll
0x0000000059120000 - 0x00000000591f1000 	C:\Program Files\Java\jdk1.7.0_11\jre\bin\msvcr100.dll
0x00000000583c0000 - 0x0000000058adf000 	C:\Program Files\Java\jdk1.7.0_11\jre\bin\server\jvm.dll
0x000007fefad30000 - 0x000007fefad39000 	C:\Windows\system32\WSOCK32.dll
0x000007feff430000 - 0x000007feff47d000 	C:\Windows\system32\WS2_32.dll
0x000007fefda90000 - 0x000007fefda98000 	C:\Windows\system32\NSI.dll
0x000007fefbaf0000 - 0x000007fefbb2b000 	C:\Windows\system32\WINMM.dll
0x0000000077500000 - 0x0000000077507000 	C:\Windows\system32\PSAPI.DLL
0x000000005cc40000 - 0x000000005cc7f000 	C:\Program Files\Java\jdk1.7.0_11\jre\bin\splashscreen.dll
0x000007fefaf70000 - 0x000007fefafc6000 	C:\Windows\system32\uxtheme.dll
0x0000000180000000 - 0x00000001800eb000 	C:\Program Files\Hewlett-Packard\HP ProtectTools Security Manager\Bin\DpoFeedb.dll
0x000007fefe070000 - 0x000007fefe147000 	C:\Windows\system32\OLEAUT32.dll
0x000007fefe380000 - 0x000007fefe583000 	C:\Windows\system32\ole32.dll
0x000007fefc470000 - 0x000007fefc47c000 	C:\Windows\system32\VERSION.dll
0x000007fefd3d0000 - 0x000007fefd3ee000 	C:\Windows\system32\USERENV.dll
0x000007fefd100000 - 0x000007fefd10f000 	C:\Windows\system32\profapi.dll
0x0000000072bb0000 - 0x0000000072bbf000 	C:\Program Files\Java\jdk1.7.0_11\jre\bin\verify.dll
0x0000000059d90000 - 0x0000000059db8000 	C:\Program Files\Java\jdk1.7.0_11\jre\bin\java.dll
0x00000000506c0000 - 0x00000000506f5000 	C:\Program Files\Java\jdk1.7.0_11\jre\bin\jdwp.dll
0x00000000506b0000 - 0x00000000506b8000 	C:\Program Files\Java\jdk1.7.0_11\jre\bin\npt.dll
0x0000000059fc0000 - 0x0000000059fd5000 	C:\Program Files\Java\jdk1.7.0_11\jre\bin\zip.dll
0x000007fefcf90000 - 0x000007fefcf9f000 	C:\Windows\system32\CRYPTBASE.dll
0x000007fef43e0000 - 0x000007fef4411000 	C:\Program Files\Hewlett-Packard\HP ProtectTools Security Manager\Bin\DpoSet.dll
0x000000006cfd0000 - 0x000000006d0a3000 	C:\Windows\WinSxS\amd64_microsoft.vc90.crt_1fc8b3b9a1e18e3b_9.0.30729.6161_none_08e61857a83bc251\MSVCP90.dll
0x0000000072f00000 - 0x0000000072fa3000 	C:\Windows\WinSxS\amd64_microsoft.vc90.crt_1fc8b3b9a1e18e3b_9.0.30729.6161_none_08e61857a83bc251\MSVCR90.dll
0x0000000070790000 - 0x000000007079b000 	C:\Program Files\Java\jdk1.7.0_11\jre\bin\dt_shmem.dll
0x0000000056f10000 - 0x00000000570a3000 	C:\Program Files\Java\jdk1.7.0_11\jre\bin\awt.dll
0x000007fefa7c0000 - 0x000007fefa7d8000 	C:\Windows\system32\dwmapi.dll
0x000007fefe590000 - 0x000007feff318000 	C:\Windows\system32\SHELL32.dll
0x0000000055930000 - 0x0000000055964000 	C:\Program Files\Java\jdk1.7.0_11\jre\bin\fontmanager.dll
0x0000000059fa0000 - 0x0000000059fb9000 	C:\Program Files\Java\jdk1.7.0_11\jre\bin\net.dll
0x000007fefc8d0000 - 0x000007fefc925000 	C:\Windows\system32\mswsock.dll
0x000007fefc8c0000 - 0x000007fefc8c7000 	C:\Windows\System32\wship6.dll
0x0000000059100000 - 0x0000000059111000 	C:\Program Files\Java\jdk1.7.0_11\jre\bin\nio.dll
0x0000000054d40000 - 0x0000000054d70000 	C:\Program Files\Java\jdk1.7.0_11\jre\bin\jpeg.dll
0x0000000055860000 - 0x00000000558a1000 	C:\Program Files\Java\jdk1.7.0_11\jre\bin\t2k.dll
0x000007fefdaa0000 - 0x000007fefdb39000 	C:\Windows\system32\CLBCatQ.DLL
0x000007fefa5d0000 - 0x000007fefa731000 	C:\Windows\system32\WindowsCodecs.dll
0x000007fefcf30000 - 0x000007fefcf87000 	C:\Windows\system32\apphelp.dll
0x000007fef74c0000 - 0x000007fef76fd000 	C:\PROGRA~1\MIF5BA~1\Office15\GROOVEEX.DLL
0x000000006d2a0000 - 0x000000006d338000 	C:\Windows\system32\MSVCP100.dll
0x000000006d270000 - 0x000000006d29b000 	C:\Windows\system32\ATL100.DLL
0x000007fef81a0000 - 0x000007fef84bd000 	C:\Windows\system32\msi.dll
0x000007fef5b60000 - 0x000007fef63ec000 	C:\PROGRA~1\MIF5BA~1\Office15\1036\GrooveIntlResource.dll
0x000000006d1c0000 - 0x000000006d1d6000 	C:\Program Files\Common Files\TortoiseOverlays\TortoiseOverlays.dll
0x000000006d1b0000 - 0x000000006d1c0000 	C:\Program Files\TortoiseSVN\bin\TortoiseStub.dll
0x000000006d130000 - 0x000000006d1ab000 	C:\Program Files\TortoiseSVN\bin\TortoiseSVN.dll
0x000007fefd630000 - 0x000007fefd878000 	C:\Windows\system32\WININET.dll
0x000007fefd2b0000 - 0x000007fefd2b4000 	C:\Windows\system32\api-ms-win-downlevel-user32-l1-1-0.dll
0x000007fefd110000 - 0x000007fefd114000 	C:\Windows\system32\api-ms-win-downlevel-shlwapi-l1-1-0.dll
0x000007fefd370000 - 0x000007fefd374000 	C:\Windows\system32\api-ms-win-downlevel-version-l1-1-0.dll
0x000007fefd4a0000 - 0x000007fefd4a3000 	C:\Windows\system32\api-ms-win-downlevel-normaliz-l1-1-0.dll
0x00000000774f0000 - 0x00000000774f3000 	C:\Windows\system32\normaliz.DLL
0x000007fefdb40000 - 0x000007fefde07000 	C:\Windows\system32\iertutil.dll
0x000007fefd3f0000 - 0x000007fefd3f5000 	C:\Windows\system32\api-ms-win-downlevel-advapi32-l1-1-0.dll
0x000007fef78b0000 - 0x000007fef7c9d000 	C:\Program Files\TortoiseSVN\bin\libsvn_tsvn.dll
0x000000006d100000 - 0x000000006d12b000 	C:\Program Files\TortoiseSVN\bin\libapr_tsvn.dll
0x000000006d0b0000 - 0x000000006d0f1000 	C:\Program Files\TortoiseSVN\bin\libaprutil_tsvn.dll
0x000007fefde10000 - 0x000007fefde62000 	C:\Windows\system32\WLDAP32.dll
0x000007fef8df0000 - 0x000007fef8e00000 	C:\Program Files\TortoiseSVN\bin\intl3_tsvn.dll
0x000007fef8dd0000 - 0x000007fef8dea000 	C:\Program Files\TortoiseSVN\bin\libsasl.dll
0x000007fefced0000 - 0x000007fefcedb000 	C:\Windows\system32\Secur32.dll
0x000007fefcf00000 - 0x000007fefcf25000 	C:\Windows\system32\SSPICLI.DLL
0x000007fefd140000 - 0x000007fefd2ac000 	C:\Windows\system32\CRYPT32.dll
0x000007fefd0f0000 - 0x000007fefd0ff000 	C:\Windows\system32\MSASN1.dll
0x000007fef7870000 - 0x000007fef78a5000 	C:\Windows\system32\EhStorShell.dll
0x000007fefd880000 - 0x000007fefda57000 	C:\Windows\system32\SETUPAPI.dll
0x000007fefd380000 - 0x000007fefd3b6000 	C:\Windows\system32\CFGMGR32.dll
0x000007fefd120000 - 0x000007fefd13a000 	C:\Windows\system32\DEVOBJ.dll
0x000007fefb770000 - 0x000007fefb89c000 	C:\Windows\system32\PROPSYS.dll
0x000007fef54f0000 - 0x000007fef5b5f000 	C:\PROGRA~1\MIF5BA~1\Office14\GROOVEEX.DLL
0x000000006cfa0000 - 0x000000006cfcf000 	C:\Windows\WinSxS\amd64_microsoft.vc90.atl_1fc8b3b9a1e18e3b_9.0.30729.6161_none_0a1fd3a3a768b895\ATL90.DLL
0x000007fef50d0000 - 0x000007fef54ea000 	C:\PROGRA~1\COMMON~1\MICROS~1\OFFICE14\Cultures\office.odf
0x000007fef4840000 - 0x000007fef50c8000 	C:\PROGRA~1\MIF5BA~1\Office14\1036\GrooveIntlResource.dll
0x0000000059ee0000 - 0x0000000059f0a000 	C:\Program Files\Java\jdk1.7.0_11\jre\bin\dcpr.dll
0x000007fef2610000 - 0x000007fef26b0000 	C:\Windows\WinSxS\amd64_microsoft.windows.common-controls_6595b64144ccf1df_5.82.7601.18201_none_a4d3b9377117c3df\comctl32.dll
0x000007fefba70000 - 0x000007fefba9d000 	C:\Windows\system32\ntmarta.dll
0x000007fef3590000 - 0x000007fef372c000 	C:\Windows\system32\NetworkExplorer.dll
0x000007fef77a0000 - 0x000007fef77d4000 	C:\Windows\System32\shdocvw.dll
0x000007fefb5d0000 - 0x000007fefb5db000 	C:\Windows\system32\slc.dll
0x000007fef8d80000 - 0x000007fef8d98000 	C:\Windows\system32\MPR.dll
0x000007fef9560000 - 0x000007fef956a000 	C:\Windows\System32\drprov.dll
0x000007fefc3a0000 - 0x000007fefc3dd000 	C:\Windows\System32\WINSTA.dll
0x000007fee56d0000 - 0x000007fee56f2000 	C:\Windows\System32\ntlanman.dll
0x000007fee50a0000 - 0x000007fee50bd000 	C:\Windows\System32\davclnt.dll
0x000007fee8770000 - 0x000007fee877a000 	C:\Windows\System32\DAVHLPR.dll
0x000007fefc4a0000 - 0x000007fefc4b5000 	C:\Windows\system32\wkscli.dll
0x000007fef4420000 - 0x000007fef442f000 	C:\Windows\system32\cscapi.dll
0x000007fefc4c0000 - 0x000007fefc4cc000 	C:\Windows\system32\netutils.dll
0x000007fee3e70000 - 0x000007fee40e1000 	C:\Windows\system32\wpdshext.dll
0x000007fefad50000 - 0x000007fefaf66000 	C:\Windows\WinSxS\amd64_microsoft.windows.gdiplus_6595b64144ccf1df_1.1.7601.18455_none_2b283fd671e9bf4d\gdiplus.dll
0x000007fef07d0000 - 0x000007fef088d000 	C:\Windows\system32\PortableDeviceApi.dll
0x000007fefd2c0000 - 0x000007fefd2fa000 	C:\Windows\system32\WINTRUST.dll
0x000007fef4440000 - 0x000007fef4479000 	C:\Windows\system32\PortableDeviceTypes.dll
0x000007fee3bc0000 - 0x000007fee3be7000 	C:\Windows\system32\EhStorAPI.dll
0x000007fef40d0000 - 0x000007fef4151000 	C:\Windows\system32\DeviceCenter.dll
0x000007fefab50000 - 0x000007fefac42000 	C:\Windows\system32\DUI70.dll
0x000007fef8da0000 - 0x000007fef8dac000 	C:\Windows\system32\LINKINFO.dll
0x000007feddc30000 - 0x000007feddcce000 	C:\Windows\system32\RICHED20.DLL
0x000007feefdb0000 - 0x000007feefed5000 	C:\Windows\system32\dbghelp.dll

VM Arguments:
jvm_args: -Xdebug -Xrunjdwp:transport=dt_shmem,address=javadebug -Dfile.encoding=UTF-8 
java_command: marcadministrationclient.MainJFrame
Launcher Type: SUN_STANDARD

Environment Variables:
PATH=C:\Program Files (x86)\ImageMagick-6.8.7-Q16;C:\Program Files\Common Files\Microsoft Shared\Windows Live;C:\Program Files (x86)\AMD APP\bin\x86_64;C:\Program Files (x86)\AMD APP\bin\x86;C:\Windows\system32;C:\Windows;C:\Windows\System32\Wbem;C:\Program Files (x86)\ATI Technologies\ATI.ACE\Core-Static;C:\Windows\System32\WindowsPowerShell\v1.0\;C:\Program Files\Microsoft\Web Platform Installer\;C:\Program Files (x86)\Microsoft ASP.NET\ASP.NET Web Pages\v1.0\;C:\Program Files\Microsoft SQL Server\110\Tools\Binn\;C:\Program Files (x86)\Microsoft SQL Server\90\Tools\binn\;C:\Windows\System32\WindowsPowerShell\v1.0\;C:\Program Files\TortoiseSVN\bin;C:\Program Files (x86)\Windows Kits\8.1\Windows Performance Toolkit\;C:\Program Files (x86)\Microsoft SDKs\TypeScript\1.0\;C:\Program Files\Common Files\Microsoft Shared\Windows Live;C:\Program Files (x86)\CMake 2.8\bin
USERNAME=patrice
OS=Windows_NT
PROCESSOR_IDENTIFIER=Intel64 Family 6 Model 42 Stepping 7, GenuineIntel



---------------  S Y S T E M  ---------------

OS: Windows 7 , 64 bit Build 7601 Service Pack 1

CPU:total 2 (2 cores per cpu, 2 threads per core) family 6 model 42 stepping 7, cmov, cx8, fxsr, mmx, sse, sse2, sse3, ssse3, sse4.1, sse4.2, popcnt, avx, ht, tsc, tscinvbit

Memory: 4k page, physical 8321392k(4152748k free), swap 16640920k(11320316k free)

vm_info: Java HotSpot(TM) 64-Bit Server VM (23.6-b04) for windows-amd64 JRE (1.7.0_11-b21), built on Jan 12 2013 02:38:42 by "java_re" with unknown MS VC++:1600

time: Mon Dec 15 09:17:00 2014
elapsed time: 203 seconds

