#
# A fatal error has been detected by the Java Runtime Environment:
#
#  EXCEPTION_ACCESS_VIOLATION (0xc0000005) at pc=0x00000000507053b0, pid=15368, tid=11252
#
# JRE version: 7.0_11-b21
# Java VM: Java HotSpot(TM) 64-Bit Server VM (23.6-b04 mixed mode windows-amd64 compressed oops)
# Problematic frame:
# V  [jvm.dll+0x253b0]
#
# Failed to write core dump. Minidumps are not enabled by default on client versions of Windows
#
# If you would like to submit a bug report, please visit:
#   http://bugreport.sun.com/bugreport/crash.jsp
#

---------------  T H R E A D  ---------------

Current thread (0x0000000001ff6000):  VMThread [stack: 0x000000000bb90000,0x000000000bc90000] [id=11252]

siginfo: ExceptionCode=0xc0000005, reading address 0x0000000000000018

Registers:
RAX=0x0000000005f20000, RBX=0x00000007823eeff0, RCX=0x00000007823eeff0, RDX=0x0000000000000010
RSP=0x000000000bc8ee58, RBP=0x0000000001fd1ef0, RSI=0x00000007823ef004, RDI=0x00000007823eeff0
R8 =0x0000000000032f77, R9 =0x0000000001fd1ef0, R10=0x000000000000000b, R11=0x00000007823edc40
R12=0x00000007823ef008, R13=0x000000000000000a, R14=0x00000007823eefd0, R15=0x000000000000000a
RIP=0x00000000507053b0, EFLAGS=0x0000000000010202

Top of Stack: (sp=0x000000000bc8ee58)
0x000000000bc8ee58:   000000005078df4b 00000007823edc40
0x000000000bc8ee68:   0000000001fd1ef0 00000007823eefec
0x000000000bc8ee78:   0000000000000003 00000007823eeff0
0x000000000bc8ee88:   00000000507d03fa 0000000000000008
0x000000000bc8ee98:   00000000507a9dc9 00000007823eefd0
0x000000000bc8eea8:   00000007823eefcc 0000000001fd1ef0
0x000000000bc8eeb8:   00000000507d068d 0000000000000000
0x000000000bc8eec8:   0000000000000000 000000000e9bef60
0x000000000bc8eed8:   00000007823eefd0 0000000000000008
0x000000000bc8eee8:   0000000050a3920c 0000000001fd1ef0
0x000000000bc8eef8:   00001c4e00000000 0000000001f8d380
0x000000000bc8ef08:   0000000001f8d380 00001c4e00000000
0x000000000bc8ef18:   0000000000000000 0000000001f8d380
0x000000000bc8ef28:   000000005078e215 000000000b750040
0x000000000bc8ef38:   00000007823ecac8 000000000bc8f150
0x000000000bc8ef48:   000000000e9bef60 000000000e9bf330 

Instructions: (pc=0x00000000507053b0)
0x0000000050705390:   0d 44 0f b7 c0 48 83 c1 48 e8 d8 7d 4c 00 48 83
0x00000000507053a0:   c4 28 c3 cc cc cc cc cc cc cc cc cc cc cc cc cc
0x00000000507053b0:   44 8b 42 08 4c 8b ca 45 85 c0 7e 0e 41 f6 c0 01
0x00000000507053c0:   75 57 41 c1 f8 03 41 8b c0 c3 79 4d 80 3d 15 69 


Register to memory mapping:

RAX=0x0000000005f20000 is an unknown value
RBX=0x00000007823eeff0 is an oop
[Ljava.lang.Object; 
 - klass: 'java/lang/Object'[]
 - length: 10
RCX=0x00000007823eeff0 is an oop
[Ljava.lang.Object; 
 - klass: 'java/lang/Object'[]
 - length: 10
RDX=0x0000000000000010 is an unknown value
RSP=0x000000000bc8ee58 is an unknown value
RBP=0x0000000001fd1ef0 is an unknown value
RSI=0x00000007823ef004 is an oop
[Ljava.lang.Object; 
 - klass: 'java/lang/Object'[]
 - length: 10
RDI=0x00000007823eeff0 is an oop
[Ljava.lang.Object; 
 - klass: 'java/lang/Object'[]
 - length: 10
R8 =0x0000000000032f77 is an unknown value
R9 =0x0000000001fd1ef0 is an unknown value
R10=0x000000000000000b is an unknown value
R11=0x00000007823edc40 is an oop
java.lang.String 
 - klass: 'java/lang/String'
R12=0x00000007823ef008 is an oop
java.util.Hashtable$Entry 
 - klass: 'java/util/Hashtable$Entry'
R13=0x000000000000000a is an unknown value
R14=0x00000007823eefd0 is an oop
[Ljava.lang.Object; 
 - klass: 'java/lang/Object'[]
 - length: 10
R15=0x000000000000000a is an unknown value


Stack: [0x000000000bb90000,0x000000000bc90000],  sp=0x000000000bc8ee58,  free space=1019k
Native frames: (J=compiled Java code, j=interpreted, Vv=VM code, C=native code)
V  [jvm.dll+0x253b0]

VM_Operation (0x000000000e50e0e0): ParallelGCSystemGC, mode: safepoint, requested by thread 0x000000000c5bd800


---------------  P R O C E S S  ---------------

Java Threads: ( => current thread )
  0x000000000eee7000 JavaThread "SwingWorker-pool-1-thread-10" daemon [_thread_blocked, id=16308, stack(0x0000000013060000,0x0000000013160000)]
  0x000000000eee6000 JavaThread "SwingWorker-pool-1-thread-9" daemon [_thread_blocked, id=13092, stack(0x0000000012f40000,0x0000000013040000)]
  0x000000000eee5800 JavaThread "SwingWorker-pool-1-thread-8" daemon [_thread_blocked, id=16068, stack(0x0000000012980000,0x0000000012a80000)]
  0x000000000eee4800 JavaThread "SwingWorker-pool-1-thread-7" daemon [_thread_blocked, id=15604, stack(0x0000000012b80000,0x0000000012c80000)]
  0x000000000eee4000 JavaThread "SwingWorker-pool-1-thread-6" daemon [_thread_blocked, id=7136, stack(0x0000000012e20000,0x0000000012f20000)]
  0x000000000f7c9000 JavaThread "SwingWorker-pool-1-thread-5" daemon [_thread_blocked, id=13980, stack(0x0000000012c90000,0x0000000012d90000)]
  0x000000000f7bd800 JavaThread "org.netbeans.modules.debugger.jpda.visual AWT Access Loop" daemon [_thread_blocked, id=16160, stack(0x0000000012450000,0x0000000012550000)]
  0x000000000ea02800 JavaThread "SwingWorker-pool-1-thread-4" daemon [_thread_blocked, id=10532, stack(0x0000000010f60000,0x0000000011060000)]
  0x000000000ef87000 JavaThread "SwingWorker-pool-1-thread-3" daemon [_thread_blocked, id=14588, stack(0x0000000011060000,0x0000000011160000)]
  0x000000000f6be000 JavaThread "SwingWorker-pool-1-thread-2" daemon [_thread_blocked, id=15072, stack(0x0000000012310000,0x0000000012410000)]
  0x000000000fbf9000 JavaThread "SwingWorker-pool-1-thread-1" daemon [_thread_blocked, id=11812, stack(0x0000000012180000,0x0000000012280000)]
  0x000000000ed77000 JavaThread "TimerQueue" daemon [_thread_blocked, id=16304, stack(0x000000000d5a0000,0x000000000d6a0000)]
  0x000000000023f000 JavaThread "DestroyJavaVM" [_thread_blocked, id=6760, stack(0x0000000002440000,0x0000000002540000)]
  0x000000000c5bd800 JavaThread "AWT-EventQueue-0" [_thread_blocked, id=16112, stack(0x000000000e410000,0x000000000e510000)]
  0x000000000c5b6800 JavaThread "AWT-Windows" daemon [_thread_in_native, id=10480, stack(0x000000000e2c0000,0x000000000e3c0000)]
  0x000000000c5b5800 JavaThread "AWT-Shutdown" [_thread_blocked, id=15396, stack(0x000000000e070000,0x000000000e170000)]
  0x000000000c5b5000 JavaThread "Java2D Disposer" daemon [_thread_blocked, id=7424, stack(0x000000000dee0000,0x000000000dfe0000)]
  0x000000000c416800 JavaThread "Service Thread" daemon [_thread_blocked, id=12388, stack(0x000000000db50000,0x000000000dc50000)]
  0x000000000c40e000 JavaThread "C2 CompilerThread1" daemon [_thread_blocked, id=16120, stack(0x000000000da20000,0x000000000db20000)]
  0x000000000c40a800 JavaThread "C2 CompilerThread0" daemon [_thread_blocked, id=16332, stack(0x000000000d7d0000,0x000000000d8d0000)]
  0x000000000c3fd800 JavaThread "JDWP Command Reader" daemon [_thread_in_native, id=15784, stack(0x000000000cec0000,0x000000000cfc0000)]
  0x000000000c332000 JavaThread "JDWP Event Helper Thread" daemon [_thread_blocked, id=9380, stack(0x000000000c8a0000,0x000000000c9a0000)]
  0x000000000c321800 JavaThread "JDWP Transport Listener: dt_shmem" daemon [_thread_blocked, id=11616, stack(0x000000000c790000,0x000000000c890000)]
  0x000000000208c800 JavaThread "Attach Listener" daemon [_thread_blocked, id=11784, stack(0x000000000c220000,0x000000000c320000)]
  0x000000000208b000 JavaThread "Signal Dispatcher" daemon [_thread_blocked, id=11776, stack(0x000000000beb0000,0x000000000bfb0000)]
  0x0000000002001800 JavaThread "Finalizer" daemon [_thread_blocked, id=15980, stack(0x000000000c010000,0x000000000c110000)]
  0x0000000001ffe000 JavaThread "Reference Handler" daemon [_thread_blocked, id=9800, stack(0x000000000bd20000,0x000000000be20000)]

Other Threads:
=>0x0000000001ff6000 VMThread [stack: 0x000000000bb90000,0x000000000bc90000] [id=11252]
  0x000000000c41f800 WatcherThread [stack: 0x000000000dc50000,0x000000000dd50000] [id=9764]

VM state:at safepoint (normal execution)

VM Mutex/Monitor currently owned by a thread:  ([mutex/lock_event])
[0x000000000023d050] Threads_lock - owner thread: 0x0000000001ff6000
[0x000000000023d550] Heap_lock - owner thread: 0x000000000c5bd800

Heap
 PSYoungGen      total 37952K, used 96K [0x00000007d5ab0000, 0x00000007d8500000, 0x0000000800000000)
  eden space 32576K, 0% used [0x00000007d5ab0000,0x00000007d5ab0000,0x00000007d7a80000)
  from space 5376K, 1% used [0x00000007d7a80000,0x00000007d7a98000,0x00000007d7fc0000)
  to   space 5376K, 0% used [0x00000007d7fc0000,0x00000007d7fc0000,0x00000007d8500000)
 ParOldGen       total 86720K, used 20432K [0x0000000781000000, 0x00000007864b0000, 0x00000007d5ab0000)
  object space 86720K, 23% used [0x0000000781000000,0x00000007823f42a8,0x00000007864b0000)
 PSPermGen       total 21248K, used 20622K [0x000000077be00000, 0x000000077d2c0000, 0x0000000781000000)
  object space 21248K, 97% used [0x000000077be00000,0x000000077d223b90,0x000000077d2c0000)

Card table byte_map: [0x0000000005540000,0x0000000005970000] byte_map_base: 0x0000000001961000

Polling page: 0x0000000000210000

Code Cache  [0x0000000002540000, 0x00000000028d0000, 0x0000000005540000)
 total_blobs=1507 nmethods=1019 adapters=447 free_code_cache=45588Kb largest_free_block=46605568

Compilation events (10 events):
Event: 1676.139 Thread 0x000000000c40a800 nmethod 1043 0x0000000002890710 code [0x0000000002890860, 0x00000000028908c8]
Event: 1676.139 Thread 0x000000000c40e000 nmethod 1042 0x00000000028904d0 code [0x0000000002890620, 0x0000000002890688]
Event: 1729.404 Thread 0x000000000c40a800 1044             javax.swing.plaf.synth.SynthTreeUI::paint (707 bytes)
Event: 1729.565 Thread 0x000000000c40a800 nmethod 1044 0x00000000028c5190 code [0x00000000028c56a0, 0x00000000028c8240]
Event: 1773.959 Thread 0x000000000c40e000 1045             java.util.concurrent.locks.AbstractQueuedSynchronizer$ConditionObject::awaitNanos (158 bytes)
Event: 1774.028 Thread 0x000000000c40e000 nmethod 1045 0x0000000002891610 code [0x0000000002891840, 0x0000000002892698]
Event: 1866.286 Thread 0x000000000c40a800 1046             javax.swing.tree.DefaultMutableTreeNode::getLevel (23 bytes)
Event: 1866.288 Thread 0x000000000c40a800 nmethod 1046 0x0000000002890210 code [0x0000000002890360, 0x0000000002890418]
Event: 1940.292 Thread 0x000000000c40e000 1047             java.util.concurrent.locks.AbstractQueuedSynchronizer$ConditionObject::await (98 bytes)
Event: 1940.326 Thread 0x000000000c40e000 nmethod 1047 0x00000000028b6310 code [0x00000000028b6520, 0x00000000028b6f60]

GC Heap History (10 events):
Event: 1943.977 GC heap after
Heap after GC invocations=4843 (full 2420):
 PSYoungGen      total 37952K, used 96K [0x00000007d5ab0000, 0x00000007d8500000, 0x0000000800000000)
  eden space 32576K, 0% used [0x00000007d5ab0000,0x00000007d5ab0000,0x00000007d7a80000)
  from space 5376K, 1% used [0x00000007d7a80000,0x00000007d7a98000,0x00000007d7fc0000)
  to   space 5376K, 0% used [0x00000007d7fc0000,0x00000007d7fc0000,0x00000007d8500000)
 ParOldGen       total 86720K, used 20432K [0x0000000781000000, 0x00000007864b0000, 0x00000007d5ab0000)
  object space 86720K, 23% used [0x0000000781000000,0x00000007823f42a8,0x00000007864b0000)
 PSPermGen       total 21248K, used 20621K [0x000000077be00000, 0x000000077d2c0000, 0x0000000781000000)
  object space 21248K, 97% used [0x000000077be00000,0x000000077d223680,0x000000077d2c0000)
}
Event: 1943.977 GC heap before
{Heap before GC invocations=4844 (full 2421):
 PSYoungGen      total 37952K, used 96K [0x00000007d5ab0000, 0x00000007d8500000, 0x0000000800000000)
  eden space 32576K, 0% used [0x00000007d5ab0000,0x00000007d5ab0000,0x00000007d7a80000)
  from space 5376K, 1% used [0x00000007d7a80000,0x00000007d7a98000,0x00000007d7fc0000)
  to   space 5376K, 0% used [0x00000007d7fc0000,0x00000007d7fc0000,0x00000007d8500000)
 ParOldGen       total 86720K, used 20432K [0x0000000781000000, 0x00000007864b0000, 0x00000007d5ab0000)
  object space 86720K, 23% used [0x0000000781000000,0x00000007823f42a8,0x00000007864b0000)
 PSPermGen       total 21248K, used 20621K [0x000000077be00000, 0x000000077d2c0000, 0x0000000781000000)
  object space 21248K, 97% used [0x000000077be00000,0x000000077d223680,0x000000077d2c0000)
Event: 1944.100 GC heap after
Heap after GC invocations=4844 (full 2421):
 PSYoungGen      total 37952K, used 0K [0x00000007d5ab0000, 0x00000007d8500000, 0x0000000800000000)
  eden space 32576K, 0% used [0x00000007d5ab0000,0x00000007d5ab0000,0x00000007d7a80000)
  from space 5376K, 0% used [0x00000007d7a80000,0x00000007d7a80000,0x00000007d7fc0000)
  to   space 5376K, 0% used [0x00000007d7fc0000,0x00000007d7fc0000,0x00000007d8500000)
 ParOldGen       total 86720K, used 20446K [0x0000000781000000, 0x00000007864b0000, 0x00000007d5ab0000)
  object space 86720K, 23% used [0x0000000781000000,0x00000007823f7988,0x00000007864b0000)
 PSPermGen       total 21248K, used 20621K [0x000000077be00000, 0x000000077d2c0000, 0x0000000781000000)
  object space 21248K, 97% used [0x000000077be00000,0x000000077d223680,0x000000077d2c0000)
}
Event: 1944.101 GC heap before
{Heap before GC invocations=4845 (full 2421):
 PSYoungGen      total 37952K, used 450K [0x00000007d5ab0000, 0x00000007d8500000, 0x0000000800000000)
  eden space 32576K, 1% used [0x00000007d5ab0000,0x00000007d5b20978,0x00000007d7a80000)
  from space 5376K, 0% used [0x00000007d7a80000,0x00000007d7a80000,0x00000007d7fc0000)
  to   space 5376K, 0% used [0x00000007d7fc0000,0x00000007d7fc0000,0x00000007d8500000)
 ParOldGen       total 86720K, used 20446K [0x0000000781000000, 0x00000007864b0000, 0x00000007d5ab0000)
  object space 86720K, 23% used [0x0000000781000000,0x00000007823f7988,0x00000007864b0000)
 PSPermGen       total 21248K, used 20621K [0x000000077be00000, 0x000000077d2c0000, 0x0000000781000000)
  object space 21248K, 97% used [0x000000077be00000,0x000000077d223680,0x000000077d2c0000)
Event: 1944.104 GC heap after
Heap after GC invocations=4845 (full 2421):
 PSYoungGen      total 37952K, used 32K [0x00000007d5ab0000, 0x00000007d8500000, 0x0000000800000000)
  eden space 32576K, 0% used [0x00000007d5ab0000,0x00000007d5ab0000,0x00000007d7a80000)
  from space 5376K, 0% used [0x00000007d7fc0000,0x00000007d7fc8000,0x00000007d8500000)
  to   space 5376K, 0% used [0x00000007d7a80000,0x00000007d7a80000,0x00000007d7fc0000)
 ParOldGen       total 86720K, used 20446K [0x0000000781000000, 0x00000007864b0000, 0x00000007d5ab0000)
  object space 86720K, 23% used [0x0000000781000000,0x00000007823f7988,0x00000007864b0000)
 PSPermGen       total 21248K, used 20621K [0x000000077be00000, 0x000000077d2c0000, 0x0000000781000000)
  object space 21248K, 97% used [0x000000077be00000,0x000000077d223680,0x000000077d2c0000)
}
Event: 1944.104 GC heap before
{Heap before GC invocations=4846 (full 2422):
 PSYoungGen      total 37952K, used 32K [0x00000007d5ab0000, 0x00000007d8500000, 0x0000000800000000)
  eden space 32576K, 0% used [0x00000007d5ab0000,0x00000007d5ab0000,0x00000007d7a80000)
  from space 5376K, 0% used [0x00000007d7fc0000,0x00000007d7fc8000,0x00000007d8500000)
  to   space 5376K, 0% used [0x00000007d7a80000,0x00000007d7a80000,0x00000007d7fc0000)
 ParOldGen       total 86720K, used 20446K [0x0000000781000000, 0x00000007864b0000, 0x00000007d5ab0000)
  object space 86720K, 23% used [0x0000000781000000,0x00000007823f7988,0x00000007864b0000)
 PSPermGen       total 21248K, used 20621K [0x000000077be00000, 0x000000077d2c0000, 0x0000000781000000)
  object space 21248K, 97% used [0x000000077be00000,0x000000077d223680,0x000000077d2c0000)
Event: 1944.212 GC heap after
Heap after GC invocations=4846 (full 2422):
 PSYoungGen      total 37952K, used 0K [0x00000007d5ab0000, 0x00000007d8500000, 0x0000000800000000)
  eden space 32576K, 0% used [0x00000007d5ab0000,0x00000007d5ab0000,0x00000007d7a80000)
  from space 5376K, 0% used [0x00000007d7fc0000,0x00000007d7fc0000,0x00000007d8500000)
  to   space 5376K, 0% used [0x00000007d7a80000,0x00000007d7a80000,0x00000007d7fc0000)
 ParOldGen       total 86720K, used 20432K [0x0000000781000000, 0x00000007864b0000, 0x00000007d5ab0000)
  object space 86720K, 23% used [0x0000000781000000,0x00000007823f42a8,0x00000007864b0000)
 PSPermGen       total 21248K, used 20621K [0x000000077be00000, 0x000000077d2c0000, 0x0000000781000000)
  object space 21248K, 97% used [0x000000077be00000,0x000000077d223680,0x000000077d2c0000)
}
Event: 1945.494 GC heap before
{Heap before GC invocations=4847 (full 2422):
 PSYoungGen      total 37952K, used 1708K [0x00000007d5ab0000, 0x00000007d8500000, 0x0000000800000000)
  eden space 32576K, 5% used [0x00000007d5ab0000,0x00000007d5c5b260,0x00000007d7a80000)
  from space 5376K, 0% used [0x00000007d7fc0000,0x00000007d7fc0000,0x00000007d8500000)
  to   space 5376K, 0% used [0x00000007d7a80000,0x00000007d7a80000,0x00000007d7fc0000)
 ParOldGen       total 86720K, used 20432K [0x0000000781000000, 0x00000007864b0000, 0x00000007d5ab0000)
  object space 86720K, 23% used [0x0000000781000000,0x00000007823f42a8,0x00000007864b0000)
 PSPermGen       total 21248K, used 20622K [0x000000077be00000, 0x000000077d2c0000, 0x0000000781000000)
  object space 21248K, 97% used [0x000000077be00000,0x000000077d223b90,0x000000077d2c0000)
Event: 1945.497 GC heap after
Heap after GC invocations=4847 (full 2422):
 PSYoungGen      total 37952K, used 96K [0x00000007d5ab0000, 0x00000007d8500000, 0x0000000800000000)
  eden space 32576K, 0% used [0x00000007d5ab0000,0x00000007d5ab0000,0x00000007d7a80000)
  from space 5376K, 1% used [0x00000007d7a80000,0x00000007d7a98000,0x00000007d7fc0000)
  to   space 5376K, 0% used [0x00000007d7fc0000,0x00000007d7fc0000,0x00000007d8500000)
 ParOldGen       total 86720K, used 20432K [0x0000000781000000, 0x00000007864b0000, 0x00000007d5ab0000)
  object space 86720K, 23% used [0x0000000781000000,0x00000007823f42a8,0x00000007864b0000)
 PSPermGen       total 21248K, used 20622K [0x000000077be00000, 0x000000077d2c0000, 0x0000000781000000)
  object space 21248K, 97% used [0x000000077be00000,0x000000077d223b90,0x000000077d2c0000)
}
Event: 1945.497 GC heap before
{Heap before GC invocations=4848 (full 2423):
 PSYoungGen      total 37952K, used 96K [0x00000007d5ab0000, 0x00000007d8500000, 0x0000000800000000)
  eden space 32576K, 0% used [0x00000007d5ab0000,0x00000007d5ab0000,0x00000007d7a80000)
  from space 5376K, 1% used [0x00000007d7a80000,0x00000007d7a98000,0x00000007d7fc0000)
  to   space 5376K, 0% used [0x00000007d7fc0000,0x00000007d7fc0000,0x00000007d8500000)
 ParOldGen       total 86720K, used 20432K [0x0000000781000000, 0x00000007864b0000, 0x00000007d5ab0000)
  object space 86720K, 23% used [0x0000000781000000,0x00000007823f42a8,0x00000007864b0000)
 PSPermGen       total 21248K, used 20622K [0x000000077be00000, 0x000000077d2c0000, 0x0000000781000000)
  object space 21248K, 97% used [0x000000077be00000,0x000000077d223b90,0x000000077d2c0000)

Deoptimization events (10 events):
Event: 11.005 Thread 0x000000000c5bd800 Uncommon trap -83 fr.pc 0x00000000025d56d4
Event: 11.122 Thread 0x000000000c5bd800 Uncommon trap -83 fr.pc 0x00000000026891c8
Event: 11.318 Thread 0x000000000c5bd800 Uncommon trap -34 fr.pc 0x00000000025d8dec
Event: 11.318 Thread 0x000000000c5bd800 Uncommon trap -34 fr.pc 0x00000000025d8dec
Event: 11.318 Thread 0x000000000c5bd800 Uncommon trap -34 fr.pc 0x00000000025d8dec
Event: 11.318 Thread 0x000000000c5bd800 Uncommon trap -34 fr.pc 0x00000000025d8dec
Event: 11.318 Thread 0x000000000c5bd800 Uncommon trap -34 fr.pc 0x000000000262bcb4
Event: 11.318 Thread 0x000000000c5bd800 Uncommon trap -34 fr.pc 0x000000000262d18c
Event: 11.979 Thread 0x000000000c5bd800 Uncommon trap -34 fr.pc 0x0000000002675be8
Event: 12.006 Thread 0x000000000c5bd800 Uncommon trap -83 fr.pc 0x0000000002676fd4

Internal exceptions (10 events):
Event: 10.230 Thread 0x000000000c5bd800 Threw 0x00000007d5c14fa0 at C:\jdk7u1_64p\jdk7u11\hotspot\src\share\vm\prims\jvm.cpp:1166
Event: 10.258 Thread 0x000000000c5bd800 Threw 0x00000007d5c47018 at C:\jdk7u1_64p\jdk7u11\hotspot\src\share\vm\prims\jvm.cpp:1166
Event: 10.277 Thread 0x000000000c5bd800 Threw 0x00000007d5c5fd10 at C:\jdk7u1_64p\jdk7u11\hotspot\src\share\vm\prims\jvm.cpp:1166
Event: 10.612 Thread 0x000000000c5bd800 Threw 0x00000007d5ab2948 at C:\jdk7u1_64p\jdk7u11\hotspot\src\share\vm\prims\jvm.cpp:1166
Event: 11.122 Thread 0x000000000c5bd800 Implicit null exception at 0x0000000002688672 to 0x00000000026891bd
Event: 59.154 Thread 0x000000000c5bd800 Threw 0x00000007d5ab7310 at C:\jdk7u1_64p\jdk7u11\hotspot\src\share\vm\prims\jvm.cpp:1166
Event: 223.957 Thread 0x000000000c5bd800 Threw 0x00000007d5cf4108 at C:\jdk7u1_64p\jdk7u11\hotspot\src\share\vm\prims\jvm.cpp:1166
Event: 224.801 Thread 0x000000000ef87000 Threw 0x00000007d5bbddf0 at C:\jdk7u1_64p\jdk7u11\hotspot\src\share\vm\prims\jvm.cpp:1166
Event: 1070.508 Thread 0x000000000c5b5000 Threw 0x00000007d5b04c30 at C:\jdk7u1_64p\jdk7u11\hotspot\src\share\vm\interpreter\interpreterRuntime.cpp:362
Event: 1944.611 Thread 0x000000000c5bd800 Threw 0x00000007d5b30ff8 at C:\jdk7u1_64p\jdk7u11\hotspot\src\share\vm\prims\jvm.cpp:1170

Events (10 events):
Event: 1944.100 Executing VM operation: ParallelGCSystemGC done
Event: 1944.101 Executing VM operation: RevokeBias
Event: 1944.101 Executing VM operation: RevokeBias done
Event: 1944.101 Executing VM operation: RevokeBias
Event: 1944.101 Executing VM operation: RevokeBias done
Event: 1944.101 Executing VM operation: ParallelGCSystemGC
Event: 1944.212 Executing VM operation: ParallelGCSystemGC done
Event: 1944.610 loading class 0x000000000c5570b0
Event: 1944.610 loading class 0x000000000c5570b0 done
Event: 1945.494 Executing VM operation: ParallelGCSystemGC


Dynamic libraries:
0x000000013ff50000 - 0x000000013ff83000 	C:\Program Files\Java\jdk1.7.0_11\bin\java.exe
0x0000000077a30000 - 0x0000000077bd9000 	C:\Windows\SYSTEM32\ntdll.dll
0x0000000077810000 - 0x000000007792f000 	C:\Windows\system32\kernel32.dll
0x000007fefdae0000 - 0x000007fefdb4c000 	C:\Windows\system32\KERNELBASE.dll
0x000007fefe470000 - 0x000007fefe54b000 	C:\Windows\system32\ADVAPI32.dll
0x000007fefe300000 - 0x000007fefe39f000 	C:\Windows\system32\msvcrt.dll
0x000007fefdbc0000 - 0x000007fefdbdf000 	C:\Windows\SYSTEM32\sechost.dll
0x000007fefddc0000 - 0x000007fefdeed000 	C:\Windows\system32\RPCRT4.dll
0x0000000077930000 - 0x0000000077a2a000 	C:\Windows\system32\USER32.dll
0x000007fefe7f0000 - 0x000007fefe857000 	C:\Windows\system32\GDI32.dll
0x000007fefe550000 - 0x000007fefe55e000 	C:\Windows\system32\LPK.dll
0x000007fefe3a0000 - 0x000007fefe469000 	C:\Windows\system32\USP10.dll
0x000007fefc130000 - 0x000007fefc324000 	C:\Windows\WinSxS\amd64_microsoft.windows.common-controls_6595b64144ccf1df_6.0.7601.17514_none_fa396087175ac9ac\COMCTL32.dll
0x000007fefe560000 - 0x000007fefe5d1000 	C:\Windows\system32\SHLWAPI.dll
0x000007fefe860000 - 0x000007fefe88e000 	C:\Windows\system32\IMM32.DLL
0x000007feffc30000 - 0x000007feffd39000 	C:\Windows\system32\MSCTF.dll
0x0000000050520000 - 0x00000000505f1000 	C:\Program Files\Java\jdk1.7.0_11\jre\bin\msvcr100.dll
0x00000000506e0000 - 0x0000000050dff000 	C:\Program Files\Java\jdk1.7.0_11\jre\bin\server\jvm.dll
0x000007fefafd0000 - 0x000007fefafd9000 	C:\Windows\system32\WSOCK32.dll
0x000007feff870000 - 0x000007feff8bd000 	C:\Windows\system32\WS2_32.dll
0x000007fefdbb0000 - 0x000007fefdbb8000 	C:\Windows\system32\NSI.dll
0x000007fefbc30000 - 0x000007fefbc6b000 	C:\Windows\system32\WINMM.dll
0x0000000077c00000 - 0x0000000077c07000 	C:\Windows\system32\PSAPI.DLL
0x00000000506a0000 - 0x00000000506df000 	C:\Program Files\Java\jdk1.7.0_11\jre\bin\splashscreen.dll
0x0000000050690000 - 0x000000005069f000 	C:\Program Files\Java\jdk1.7.0_11\jre\bin\verify.dll
0x0000000050660000 - 0x0000000050688000 	C:\Program Files\Java\jdk1.7.0_11\jre\bin\java.dll
0x0000000056080000 - 0x00000000560b5000 	C:\Program Files\Java\jdk1.7.0_11\jre\bin\jdwp.dll
0x00000000572e0000 - 0x00000000572e8000 	C:\Program Files\Java\jdk1.7.0_11\jre\bin\npt.dll
0x0000000050640000 - 0x0000000050655000 	C:\Program Files\Java\jdk1.7.0_11\jre\bin\zip.dll
0x000007fefbbd0000 - 0x000007fefbc26000 	C:\Windows\system32\uxtheme.dll
0x000000005c9c0000 - 0x000000005c9cb000 	C:\Program Files\Java\jdk1.7.0_11\jre\bin\dt_shmem.dll
0x0000000180000000 - 0x00000001800eb000 	C:\Program Files\Hewlett-Packard\HP ProtectTools Security Manager\Bin\DpoFeedb.dll
0x000007fefe160000 - 0x000007fefe237000 	C:\Windows\system32\OLEAUT32.dll
0x000007fefe5e0000 - 0x000007fefe7e3000 	C:\Windows\system32\ole32.dll
0x000007fefcae0000 - 0x000007fefcaec000 	C:\Windows\system32\VERSION.dll
0x000007fefd930000 - 0x000007fefd94e000 	C:\Windows\system32\USERENV.dll
0x000007fefd800000 - 0x000007fefd80f000 	C:\Windows\system32\profapi.dll
0x000007fefd650000 - 0x000007fefd65f000 	C:\Windows\system32\CRYPTBASE.dll
0x000007fef01f0000 - 0x000007fef0221000 	C:\Program Files\Hewlett-Packard\HP ProtectTools Security Manager\Bin\DpoSet.dll
0x000000006fa00000 - 0x000000006fad3000 	C:\Windows\WinSxS\amd64_microsoft.vc90.crt_1fc8b3b9a1e18e3b_9.0.30729.6161_none_08e61857a83bc251\MSVCP90.dll
0x0000000073610000 - 0x00000000736b3000 	C:\Windows\WinSxS\amd64_microsoft.vc90.crt_1fc8b3b9a1e18e3b_9.0.30729.6161_none_08e61857a83bc251\MSVCR90.dll
0x0000000050380000 - 0x0000000050513000 	C:\Program Files\Java\jdk1.7.0_11\jre\bin\awt.dll
0x000007fefb760000 - 0x000007fefb778000 	C:\Windows\system32\dwmapi.dll
0x0000000050340000 - 0x0000000050374000 	C:\Program Files\Java\jdk1.7.0_11\jre\bin\fontmanager.dll
0x0000000050620000 - 0x0000000050639000 	C:\Program Files\Java\jdk1.7.0_11\jre\bin\net.dll
0x000007fefcf90000 - 0x000007fefcfe5000 	C:\Windows\system32\mswsock.dll
0x000007fefcf80000 - 0x000007fefcf87000 	C:\Windows\System32\wship6.dll
0x0000000050600000 - 0x0000000050611000 	C:\Program Files\Java\jdk1.7.0_11\jre\bin\nio.dll
0x00000000502f0000 - 0x0000000050331000 	C:\Program Files\Java\jdk1.7.0_11\jre\bin\t2k.dll
0x000007fefe890000 - 0x000007feff618000 	C:\Windows\system32\SHELL32.dll
0x0000000050220000 - 0x0000000050250000 	C:\Program Files\Java\jdk1.7.0_11\jre\bin\jpeg.dll
0x000007feffb90000 - 0x000007feffc29000 	C:\Windows\system32\CLBCatQ.DLL
0x000007fefb070000 - 0x000007fefb1d1000 	C:\Windows\system32\WindowsCodecs.dll
0x000007fefd5f0000 - 0x000007fefd647000 	C:\Windows\system32\apphelp.dll
0x000007fef8910000 - 0x000007fef8b4d000 	C:\PROGRA~1\MIF5BA~1\Office15\GROOVEEX.DLL
0x0000000071520000 - 0x00000000715b8000 	C:\Windows\system32\MSVCP100.dll
0x00000000714f0000 - 0x000000007151b000 	C:\Windows\system32\ATL100.DLL
0x000007fef8210000 - 0x000007fef852d000 	C:\Windows\system32\msi.dll
0x000007fef5ce0000 - 0x000007fef656c000 	C:\PROGRA~1\MIF5BA~1\Office15\1036\GrooveIntlResource.dll
0x0000000070f70000 - 0x0000000070f86000 	C:\Program Files\Common Files\TortoiseOverlays\TortoiseOverlays.dll
0x0000000070f60000 - 0x0000000070f70000 	C:\Program Files\TortoiseSVN\bin\TortoiseStub.dll
0x0000000070220000 - 0x000000007029b000 	C:\Program Files\TortoiseSVN\bin\TortoiseSVN.dll
0x000007feff620000 - 0x000007feff868000 	C:\Windows\system32\WININET.dll
0x000007fefd960000 - 0x000007fefd964000 	C:\Windows\system32\api-ms-win-downlevel-user32-l1-1-0.dll
0x000007fefdb50000 - 0x000007fefdb54000 	C:\Windows\system32\api-ms-win-downlevel-shlwapi-l1-1-0.dll
0x000007fefd950000 - 0x000007fefd954000 	C:\Windows\system32\api-ms-win-downlevel-version-l1-1-0.dll
0x000007fefd8e0000 - 0x000007fefd8e3000 	C:\Windows\system32\api-ms-win-downlevel-normaliz-l1-1-0.dll
0x0000000077bf0000 - 0x0000000077bf3000 	C:\Windows\system32\normaliz.DLL
0x000007feff8c0000 - 0x000007feffb87000 	C:\Windows\system32\iertutil.dll
0x000007fefdba0000 - 0x000007fefdba5000 	C:\Windows\system32\api-ms-win-downlevel-advapi32-l1-1-0.dll
0x000007fef58f0000 - 0x000007fef5cdd000 	C:\Program Files\TortoiseSVN\bin\libsvn_tsvn.dll
0x00000000701f0000 - 0x000000007021b000 	C:\Program Files\TortoiseSVN\bin\libapr_tsvn.dll
0x000000006fbd0000 - 0x000000006fc11000 	C:\Program Files\TortoiseSVN\bin\libaprutil_tsvn.dll
0x000007fefdef0000 - 0x000007fefdf42000 	C:\Windows\system32\WLDAP32.dll
0x000007fef8130000 - 0x000007fef8140000 	C:\Program Files\TortoiseSVN\bin\intl3_tsvn.dll
0x000007fef7b20000 - 0x000007fef7b3a000 	C:\Program Files\TortoiseSVN\bin\libsasl.dll
0x000007fefd330000 - 0x000007fefd33b000 	C:\Windows\system32\Secur32.dll
0x000007fefd5b0000 - 0x000007fefd5d5000 	C:\Windows\system32\SSPICLI.DLL
0x000007fefd970000 - 0x000007fefdadc000 	C:\Windows\system32\CRYPT32.dll
0x000007fefd7f0000 - 0x000007fefd7ff000 	C:\Windows\system32\MSASN1.dll
0x000007fef7ae0000 - 0x000007fef7b15000 	C:\Windows\system32\EhStorShell.dll
0x000007fefdbe0000 - 0x000007fefddb7000 	C:\Windows\system32\SETUPAPI.dll
0x000007fefdb60000 - 0x000007fefdb96000 	C:\Windows\system32\CFGMGR32.dll
0x000007fefd810000 - 0x000007fefd82a000 	C:\Windows\system32\DEVOBJ.dll
0x000007fefbd30000 - 0x000007fefbe5c000 	C:\Windows\system32\PROPSYS.dll
0x000007fef5100000 - 0x000007fef576f000 	C:\PROGRA~1\MIF5BA~1\Office14\GROOVEEX.DLL
0x000000006f930000 - 0x000000006f95f000 	C:\Windows\WinSxS\amd64_microsoft.vc90.atl_1fc8b3b9a1e18e3b_9.0.30729.6161_none_0a1fd3a3a768b895\ATL90.DLL
0x000007fef4340000 - 0x000007fef475a000 	C:\PROGRA~1\COMMON~1\MICROS~1\OFFICE14\Cultures\office.odf
0x000007fef3ab0000 - 0x000007fef4338000 	C:\PROGRA~1\MIF5BA~1\Office14\1036\GrooveIntlResource.dll
0x0000000050250000 - 0x000000005027a000 	C:\Program Files\Java\jdk1.7.0_11\jre\bin\dcpr.dll
0x000007fefcff0000 - 0x000007fefd007000 	C:\Windows\system32\CRYPTSP.dll
0x000007fefccf0000 - 0x000007fefcd37000 	C:\Windows\system32\rsaenh.dll
0x000007fefb740000 - 0x000007fefb755000 	C:\Windows\system32\NLAapi.dll
0x000007fef8550000 - 0x000007fef8565000 	C:\Windows\system32\napinsp.dll
0x000007fef8530000 - 0x000007fef8549000 	C:\Windows\system32\pnrpnsp.dll
0x000007fef80c0000 - 0x000007fef80d0000 	C:\Windows\system32\wshbth.dll
0x0000000071970000 - 0x0000000071996000 	C:\Program Files\Bonjour\mdnsNSP.dll
0x000007fefadc0000 - 0x000007fefade7000 	C:\Windows\system32\Iphlpapi.DLL
0x000007fefad30000 - 0x000007fefad3b000 	C:\Windows\system32\WINNSI.DLL
0x000007fefce10000 - 0x000007fefce6b000 	C:\Windows\system32\DNSAPI.dll
0x000007fef8120000 - 0x000007fef812b000 	C:\Windows\System32\winrnr.dll
0x0000000071940000 - 0x000000007196e000 	c:\Program Files\Common Files\Microsoft Shared\Windows Live\WLIDNSP.DLL
0x000007fefc8d0000 - 0x000007fefc8d7000 	C:\Windows\System32\wshtcpip.dll
0x000007fef9ac0000 - 0x000007fef9ac8000 	C:\Windows\system32\rasadhlp.dll
0x000007fefac50000 - 0x000007fefaca3000 	C:\Windows\System32\fwpuclnt.dll
0x000007fef8c30000 - 0x000007fef8d55000 	C:\Windows\system32\dbghelp.dll

VM Arguments:
jvm_args: -Xdebug -Xrunjdwp:transport=dt_shmem,address=javadebug -Dfile.encoding=UTF-8 
java_command: marcadministrationclient.mARCAdministrationClient
Launcher Type: SUN_STANDARD

Environment Variables:
PATH=C:\Program Files (x86)\ImageMagick-6.8.7-Q16;C:\Program Files\Common Files\Microsoft Shared\Windows Live;C:\Program Files (x86)\AMD APP\bin\x86_64;C:\Program Files (x86)\AMD APP\bin\x86;C:\Windows\system32;C:\Windows;C:\Windows\System32\Wbem;C:\Program Files (x86)\ATI Technologies\ATI.ACE\Core-Static;C:\Windows\System32\WindowsPowerShell\v1.0\;C:\Program Files\Microsoft\Web Platform Installer\;C:\Program Files (x86)\Microsoft ASP.NET\ASP.NET Web Pages\v1.0\;C:\Program Files\Microsoft SQL Server\110\Tools\Binn\;C:\Program Files (x86)\Microsoft SQL Server\90\Tools\binn\;C:\Windows\System32\WindowsPowerShell\v1.0\;C:\Program Files\TortoiseSVN\bin;C:\Program Files (x86)\Windows Kits\8.1\Windows Performance Toolkit\;C:\Program Files (x86)\Microsoft SDKs\TypeScript\1.0\;C:\Program Files\Common Files\Microsoft Shared\Windows Live;C:\Program Files (x86)\CMake 2.8\bin
USERNAME=patrice
OS=Windows_NT
PROCESSOR_IDENTIFIER=Intel64 Family 6 Model 42 Stepping 7, GenuineIntel



---------------  S Y S T E M  ---------------

OS: Windows 7 , 64 bit Build 7601 Service Pack 1

CPU:total 2 (2 cores per cpu, 2 threads per core) family 6 model 42 stepping 7, cmov, cx8, fxsr, mmx, sse, sse2, sse3, ssse3, sse4.1, sse4.2, popcnt, avx, ht, tsc, tscinvbit

Memory: 4k page, physical 8321392k(2769112k free), swap 16640920k(10326600k free)

vm_info: Java HotSpot(TM) 64-Bit Server VM (23.6-b04) for windows-amd64 JRE (1.7.0_11-b21), built on Jan 12 2013 02:38:42 by "java_re" with unknown MS VC++:1600

time: Tue Dec 23 11:56:26 2014
elapsed time: 1945 seconds

