#
# A fatal error has been detected by the Java Runtime Environment:
#
#  EXCEPTION_ACCESS_VIOLATION (0xc0000005) at pc=0x00000000025fb108, pid=21984, tid=20740
#
# JRE version: 7.0_11-b21
# Java VM: Java HotSpot(TM) 64-Bit Server VM (23.6-b04 mixed mode windows-amd64 compressed oops)
# Problematic frame:
# j  java.lang.ref.ReferenceQueue.reallyPoll()Ljava/lang/ref/Reference;+51
#
# Failed to write core dump. Minidumps are not enabled by default on client versions of Windows
#
# If you would like to submit a bug report, please visit:
#   http://bugreport.sun.com/bugreport/crash.jsp
#

---------------  T H R E A D  ---------------

Current thread (0x000000000f289800):  JavaThread "SwingWorker-pool-1-thread-8" daemon [_thread_in_Java, id=20740, stack(0x0000000011a80000,0x0000000011b80000)]

siginfo: ExceptionCode=0xc0000005, reading address 0x00000007f8000048

Registers:
RAX=0x000000077be30c70, RBX=0x000000000000002f, RCX=0x0000000000000048, RDX=0x00000007f8000000
RSP=0x0000000011b7efb8, RBP=0x0000000011b7eff8, RSI=0x00000000ef7fd701, RDI=0x000000077cfa4d30
R8 =0x000000077bed0df0, R9 =0x000000000000000c, R10=0x0000000050d859c0, R11=0x0000000011b7ef80
R12=0x0000000000000000, R13=0x000000077bed0587, R14=0x0000000011b7f010, R15=0x000000000f289800
RIP=0x00000000025fb108, EFLAGS=0x0000000000010206

Top of Stack: (sp=0x0000000011b7efb8)
0x0000000011b7efb8:   0000000011b7efb8 000000077bed0583
0x0000000011b7efc8:   0000000011b7f010 000000077bed0d90
0x0000000011b7efd8:   000000077d1bf2b8 000000077bed05a8
0x0000000011b7efe8:   0000000000000000 0000000011b7f010
0x0000000011b7eff8:   0000000011b7f068 00000000025d6473
0x0000000011b7f008:   0000000782338ee0 0000000781be7b90
0x0000000011b7f018:   0000000000000019 0000000781be7bb0
0x0000000011b7f028:   0000000011b7f018 000000077bed06b9
0x0000000011b7f038:   0000000011b7f088 000000077bed0d90
0x0000000011b7f048:   000000077d024510 000000077bed06d0
0x0000000011b7f058:   0000000011b7f010 0000000011b7f088
0x0000000011b7f068:   0000000011b7f0e0 00000000025d6473
0x0000000011b7f078:   0000000000000000 0000000781be7bb0
0x0000000011b7f088:   0000000781be7b90 0000000000000000
0x0000000011b7f098:   0000000781be6fc0 0000000011b7f090
0x0000000011b7f0a8:   000000077cf9b47f 0000000011b7f100 

Instructions: (pc=0x00000000025fb108)
0x00000000025fb0e8:   89 51 10 bf 01 00 00 00 48 89 79 18 48 83 c1 30
0x00000000025fb0f8:   48 89 4d e0 48 3b d0 0f 84 5c 00 00 00 8b 48 1c
0x00000000025fb108:   48 3b 04 0a 0f 84 4f 00 00 00 83 f9 28 0f 85 25
0x00000000025fb118:   00 00 00 50 48 8b c0 57 48 8b 7a 30 8b 4f 0c 48 


Register to memory mapping:

RAX=0x000000077be30c70 is an oop
{instance class} 
 - klass: {other class}
RBX=0x000000000000002f is an unknown value
RCX=0x0000000000000048 is an unknown value
RDX=0x00000007f8000000 is an unallocated location in the heap
RSP=0x0000000011b7efb8 is pointing into the stack for thread: 0x000000000f289800
RBP=0x0000000011b7eff8 is pointing into the stack for thread: 0x000000000f289800
RSI=0x00000000ef7fd701 is an unknown value
RDI=0x000000077cfa4d30 is an oop
{instance class} 
 - klass: {other class}
R8 =0x000000077bed0df0 is an oop
{constant pool cache} 
 - klass: {other class}
R9 =0x000000000000000c is an unknown value
R10=0x0000000050d859c0 is an unknown value
R11=0x0000000011b7ef80 is pointing into the stack for thread: 0x000000000f289800
R12=0x0000000000000000 is an unknown value
R13=0x000000077bed0587 is an oop
{constMethod} 
 - klass: {other class}
 - method:       0x000000077bed05a8 {method} 'reallyPoll' '()Ljava/lang/ref/Reference;' in 'java/lang/ref/ReferenceQueue'
 - exceptions:   0x000000077be01d50
bci_from(000000077BED0587) = 55; print_codes():
R14=0x0000000011b7f010 is pointing into the stack for thread: 0x000000000f289800
R15=0x000000000f289800 is a thread


Stack: [0x0000000011a80000,0x0000000011b80000],  sp=0x0000000011b7efb8,  free space=1019k
Native frames: (J=compiled Java code, j=interpreted, Vv=VM code, C=native code)
j  java.lang.ref.ReferenceQueue.reallyPoll()Ljava/lang/ref/Reference;+51
j  java.lang.ref.ReferenceQueue.poll()Ljava/lang/ref/Reference;+17
j  java.util.logging.LogManager.drainLoggerRefQueueBounded()V+23
j  java.util.logging.LogManager.addLogger(Ljava/util/logging/Logger;)Z+18
j  java.util.logging.LogManager.demandLogger(Ljava/lang/String;)Ljava/util/logging/Logger;+22
j  java.util.logging.Logger.getLogger(Ljava/lang/String;)Ljava/util/logging/Logger;+6
j  mARC.Connector.Connector.connect()Z+37
j  marcadministrationclient.UpdateServerWorker.doInBackground()Ljava/lang/Void;+4
j  marcadministrationclient.UpdateServerWorker.doInBackground()Ljava/lang/Object;+1
j  javax.swing.SwingWorker$1.call()Ljava/lang/Object;+14
j  java.util.concurrent.FutureTask$Sync.innerRun()V+29
j  java.util.concurrent.FutureTask.run()V+4
j  javax.swing.SwingWorker.run()V+4
j  java.util.concurrent.ThreadPoolExecutor.runWorker(Ljava/util/concurrent/ThreadPoolExecutor$Worker;)V+46
j  java.util.concurrent.ThreadPoolExecutor$Worker.run()V+5
j  java.lang.Thread.run()V+11
v  ~StubRoutines::call_stub


---------------  P R O C E S S  ---------------

Java Threads: ( => current thread )
  0x000000000f28b000 JavaThread "SwingWorker-pool-1-thread-10" daemon [_thread_blocked, id=21284, stack(0x0000000011e70000,0x0000000011f70000)]
  0x000000000f28a000 JavaThread "SwingWorker-pool-1-thread-9" daemon [_thread_blocked, id=22272, stack(0x0000000011d00000,0x0000000011e00000)]
=>0x000000000f289800 JavaThread "SwingWorker-pool-1-thread-8" daemon [_thread_in_Java, id=20740, stack(0x0000000011a80000,0x0000000011b80000)]
  0x000000000f288800 JavaThread "SwingWorker-pool-1-thread-7" daemon [_thread_blocked, id=23260, stack(0x0000000011810000,0x0000000011910000)]
  0x000000000f288000 JavaThread "SwingWorker-pool-1-thread-6" daemon [_thread_blocked, id=22116, stack(0x0000000011910000,0x0000000011a10000)]
  0x000000000212f800 JavaThread "SwingWorker-pool-1-thread-5" daemon [_thread_blocked, id=22072, stack(0x00000000116c0000,0x00000000117c0000)]
  0x000000000f2eb800 JavaThread "SwingWorker-pool-1-thread-4" daemon [_thread_blocked, id=22228, stack(0x0000000011580000,0x0000000011680000)]
  0x000000000c148000 JavaThread "SwingWorker-pool-1-thread-3" daemon [_thread_blocked, id=22148, stack(0x00000000102a0000,0x00000000103a0000)]
  0x000000000f1be800 JavaThread "SwingWorker-pool-1-thread-2" daemon [_thread_blocked, id=19272, stack(0x0000000010160000,0x0000000010260000)]
  0x000000000c1e4000 JavaThread "SwingWorker-pool-1-thread-1" daemon [_thread_blocked, id=21020, stack(0x000000000ff50000,0x0000000010050000)]
  0x000000000c215000 JavaThread "org.netbeans.modules.debugger.jpda.visual AWT Access Loop" daemon [_thread_blocked, id=18964, stack(0x00000000111e0000,0x00000000112e0000)]
  0x000000000f21b800 JavaThread "TimerQueue" daemon [_thread_blocked, id=21772, stack(0x000000000eca0000,0x000000000eda0000)]
  0x0000000001f0f000 JavaThread "DestroyJavaVM" [_thread_blocked, id=16244, stack(0x00000000024d0000,0x00000000025d0000)]
  0x000000000c30f000 JavaThread "AWT-EventQueue-0" [_thread_blocked, id=22092, stack(0x000000000e100000,0x000000000e200000)]
  0x000000000c2be800 JavaThread "AWT-Windows" daemon [_thread_in_native, id=21152, stack(0x000000000dfa0000,0x000000000e0a0000)]
  0x000000000c2bd800 JavaThread "AWT-Shutdown" [_thread_blocked, id=22316, stack(0x000000000dd80000,0x000000000de80000)]
  0x000000000c2bd000 JavaThread "Java2D Disposer" daemon [_thread_blocked, id=22336, stack(0x000000000da70000,0x000000000db70000)]
  0x000000000c100000 JavaThread "Service Thread" daemon [_thread_blocked, id=22468, stack(0x000000000d6d0000,0x000000000d7d0000)]
  0x000000000c0f5000 JavaThread "C2 CompilerThread1" daemon [_thread_blocked, id=20584, stack(0x000000000d970000,0x000000000da70000)]
  0x000000000c0f1800 JavaThread "C2 CompilerThread0" daemon [_thread_blocked, id=22464, stack(0x000000000d5d0000,0x000000000d6d0000)]
  0x000000000c0de000 JavaThread "JDWP Command Reader" daemon [_thread_in_native, id=16832, stack(0x000000000c480000,0x000000000c580000)]
  0x000000000c0da800 JavaThread "JDWP Event Helper Thread" daemon [_thread_blocked, id=21348, stack(0x000000000d380000,0x000000000d480000)]
  0x000000000c0d2800 JavaThread "JDWP Transport Listener: dt_shmem" daemon [_thread_blocked, id=14116, stack(0x000000000d1e0000,0x000000000d2e0000)]
  0x000000000229b800 JavaThread "Attach Listener" daemon [_thread_blocked, id=21912, stack(0x000000000cbc0000,0x000000000ccc0000)]
  0x000000000229a000 JavaThread "Signal Dispatcher" daemon [_thread_blocked, id=21056, stack(0x000000000ce90000,0x000000000cf90000)]
  0x0000000002210000 JavaThread "Finalizer" daemon [_thread_blocked, id=21972, stack(0x000000000cd40000,0x000000000ce40000)]
  0x000000000220d000 JavaThread "Reference Handler" daemon [_thread_blocked, id=18208, stack(0x000000000ca50000,0x000000000cb50000)]

Other Threads:
  0x0000000002206000 VMThread [stack: 0x000000000bd20000,0x000000000be20000] [id=22200]
  0x000000000c10d000 WatcherThread [stack: 0x000000000dbf0000,0x000000000dcf0000] [id=22320]

VM state:not at safepoint (normal execution)

VM Mutex/Monitor currently owned by a thread: None

Heap
 PSYoungGen      total 32000K, used 212K [0x00000007d5ab0000, 0x00000007d7a20000, 0x0000000800000000)
  eden space 31808K, 0% used [0x00000007d5ab0000,0x00000007d5ae50c0,0x00000007d79c0000)
  from space 192K, 0% used [0x00000007d79c0000,0x00000007d79c0000,0x00000007d79f0000)
  to   space 192K, 0% used [0x00000007d79f0000,0x00000007d79f0000,0x00000007d7a20000)
 ParOldGen       total 86720K, used 19701K [0x0000000781000000, 0x00000007864b0000, 0x00000007d5ab0000)
  object space 86720K, 22% used [0x0000000781000000,0x000000078233d410,0x00000007864b0000)
 PSPermGen       total 21248K, used 20298K [0x000000077be00000, 0x000000077d2c0000, 0x0000000781000000)
  object space 21248K, 95% used [0x000000077be00000,0x000000077d1d2b68,0x000000077d2c0000)

Card table byte_map: [0x00000000055d0000,0x0000000005a00000] byte_map_base: 0x00000000019f1000

Polling page: 0x0000000000110000

Code Cache  [0x00000000025d0000, 0x0000000002840000, 0x00000000055d0000)
 total_blobs=1213 nmethods=725 adapters=448 free_code_cache=46814Kb largest_free_block=47862144

Compilation events (10 events):
Event: 3040.696 Thread 0x000000000c0f5000  734             sun.awt.NullComponentPeer::insets (12 bytes)
Event: 3040.697 Thread 0x000000000c0f5000 nmethod 734 0x0000000002807690 code [0x00000000028077e0, 0x0000000002807898]
Event: 3043.556 Thread 0x000000000c0f1800  736   !         java.util.Formatter::format (271 bytes)
Event: 3043.995 Thread 0x000000000c0f1800 nmethod 736 0x000000000281a1d0 code [0x000000000281b4c0, 0x0000000002822148]
Event: 3045.834 Thread 0x000000000c0f5000  737             javax.swing.DefaultBoundedRangeModel::fireStateChanged (69 bytes)
Event: 3045.841 Thread 0x000000000c0f5000 nmethod 737 0x000000000280df10 code [0x000000000280e080, 0x000000000280e348]
Event: 3045.922 Thread 0x000000000c0f1800  738             sun.java2d.SunGraphics2D::transformShape (97 bytes)
Event: 3045.927 Thread 0x000000000c0f1800 nmethod 738 0x000000000280dad0 code [0x000000000280dc20, 0x000000000280ddd8]
Event: 3045.928 Thread 0x000000000c0f5000  739             sun.java2d.SunGraphics2D::transformShape (36 bytes)
Event: 3045.934 Thread 0x000000000c0f5000 nmethod 739 0x000000000280d4d0 code [0x000000000280d620, 0x000000000280d868]

GC Heap History (10 events):
Event: 3045.256 GC heap before
{Heap before GC invocations=281 (full 138):
 PSYoungGen      total 32000K, used 32K [0x00000007d5ab0000, 0x00000007d7a20000, 0x0000000800000000)
  eden space 31808K, 0% used [0x00000007d5ab0000,0x00000007d5ab0000,0x00000007d79c0000)
  from space 192K, 16% used [0x00000007d79c0000,0x00000007d79c8000,0x00000007d79f0000)
  to   space 192K, 0% used [0x00000007d79f0000,0x00000007d79f0000,0x00000007d7a20000)
 ParOldGen       total 86720K, used 19715K [0x0000000781000000, 0x00000007864b0000, 0x00000007d5ab0000)
  object space 86720K, 22% used [0x0000000781000000,0x0000000782340d58,0x00000007864b0000)
 PSPermGen       total 21248K, used 20295K [0x000000077be00000, 0x000000077d2c0000, 0x0000000781000000)
  object space 21248K, 95% used [0x000000077be00000,0x000000077d1d1d98,0x000000077d2c0000)
Event: 3045.405 GC heap after
Heap after GC invocations=281 (full 138):
 PSYoungGen      total 32000K, used 0K [0x00000007d5ab0000, 0x00000007d7a20000, 0x0000000800000000)
  eden space 31808K, 0% used [0x00000007d5ab0000,0x00000007d5ab0000,0x00000007d79c0000)
  from space 192K, 0% used [0x00000007d79c0000,0x00000007d79c0000,0x00000007d79f0000)
  to   space 192K, 0% used [0x00000007d79f0000,0x00000007d79f0000,0x00000007d7a20000)
 ParOldGen       total 86720K, used 19701K [0x0000000781000000, 0x00000007864b0000, 0x00000007d5ab0000)
  object space 86720K, 22% used [0x0000000781000000,0x000000078233d458,0x00000007864b0000)
 PSPermGen       total 21248K, used 20295K [0x000000077be00000, 0x000000077d2c0000, 0x0000000781000000)
  object space 21248K, 95% used [0x000000077be00000,0x000000077d1d1d98,0x000000077d2c0000)
}
Event: 3046.759 GC heap before
{Heap before GC invocations=282 (full 138):
 PSYoungGen      total 32000K, used 1919K [0x00000007d5ab0000, 0x00000007d7a20000, 0x0000000800000000)
  eden space 31808K, 6% used [0x00000007d5ab0000,0x00000007d5c8ff90,0x00000007d79c0000)
  from space 192K, 0% used [0x00000007d79c0000,0x00000007d79c0000,0x00000007d79f0000)
  to   space 192K, 0% used [0x00000007d79f0000,0x00000007d79f0000,0x00000007d7a20000)
 ParOldGen       total 86720K, used 19701K [0x0000000781000000, 0x00000007864b0000, 0x00000007d5ab0000)
  object space 86720K, 22% used [0x0000000781000000,0x000000078233d458,0x00000007864b0000)
 PSPermGen       total 21248K, used 20298K [0x000000077be00000, 0x000000077d2c0000, 0x0000000781000000)
  object space 21248K, 95% used [0x000000077be00000,0x000000077d1d2b68,0x000000077d2c0000)
Event: 3046.762 GC heap after
Heap after GC invocations=282 (full 138):
 PSYoungGen      total 32000K, used 96K [0x00000007d5ab0000, 0x00000007d7a20000, 0x0000000800000000)
  eden space 31808K, 0% used [0x00000007d5ab0000,0x00000007d5ab0000,0x00000007d79c0000)
  from space 192K, 50% used [0x00000007d79f0000,0x00000007d7a08000,0x00000007d7a20000)
  to   space 192K, 0% used [0x00000007d79c0000,0x00000007d79c0000,0x00000007d79f0000)
 ParOldGen       total 86720K, used 19701K [0x0000000781000000, 0x00000007864b0000, 0x00000007d5ab0000)
  object space 86720K, 22% used [0x0000000781000000,0x000000078233d458,0x00000007864b0000)
 PSPermGen       total 21248K, used 20298K [0x000000077be00000, 0x000000077d2c0000, 0x0000000781000000)
  object space 21248K, 95% used [0x000000077be00000,0x000000077d1d2b68,0x000000077d2c0000)
}
Event: 3046.762 GC heap before
{Heap before GC invocations=283 (full 139):
 PSYoungGen      total 32000K, used 96K [0x00000007d5ab0000, 0x00000007d7a20000, 0x0000000800000000)
  eden space 31808K, 0% used [0x00000007d5ab0000,0x00000007d5ab0000,0x00000007d79c0000)
  from space 192K, 50% used [0x00000007d79f0000,0x00000007d7a08000,0x00000007d7a20000)
  to   space 192K, 0% used [0x00000007d79c0000,0x00000007d79c0000,0x00000007d79f0000)
 ParOldGen       total 86720K, used 19701K [0x0000000781000000, 0x00000007864b0000, 0x00000007d5ab0000)
  object space 86720K, 22% used [0x0000000781000000,0x000000078233d458,0x00000007864b0000)
 PSPermGen       total 21248K, used 20298K [0x000000077be00000, 0x000000077d2c0000, 0x0000000781000000)
  object space 21248K, 95% used [0x000000077be00000,0x000000077d1d2b68,0x000000077d2c0000)
Event: 3046.888 GC heap after
Heap after GC invocations=283 (full 139):
 PSYoungGen      total 32000K, used 0K [0x00000007d5ab0000, 0x00000007d7a20000, 0x0000000800000000)
  eden space 31808K, 0% used [0x00000007d5ab0000,0x00000007d5ab0000,0x00000007d79c0000)
  from space 192K, 0% used [0x00000007d79f0000,0x00000007d79f0000,0x00000007d7a20000)
  to   space 192K, 0% used [0x00000007d79c0000,0x00000007d79c0000,0x00000007d79f0000)
 ParOldGen       total 86720K, used 19715K [0x0000000781000000, 0x00000007864b0000, 0x00000007d5ab0000)
  object space 86720K, 22% used [0x0000000781000000,0x0000000782340d60,0x00000007864b0000)
 PSPermGen       total 21248K, used 20298K [0x000000077be00000, 0x000000077d2c0000, 0x0000000781000000)
  object space 21248K, 95% used [0x000000077be00000,0x000000077d1d2b68,0x000000077d2c0000)
}
Event: 3046.889 GC heap before
{Heap before GC invocations=284 (full 139):
 PSYoungGen      total 32000K, used 553K [0x00000007d5ab0000, 0x00000007d7a20000, 0x0000000800000000)
  eden space 31808K, 1% used [0x00000007d5ab0000,0x00000007d5b3a6a8,0x00000007d79c0000)
  from space 192K, 0% used [0x00000007d79f0000,0x00000007d79f0000,0x00000007d7a20000)
  to   space 192K, 0% used [0x00000007d79c0000,0x00000007d79c0000,0x00000007d79f0000)
 ParOldGen       total 86720K, used 19715K [0x0000000781000000, 0x00000007864b0000, 0x00000007d5ab0000)
  object space 86720K, 22% used [0x0000000781000000,0x0000000782340d60,0x00000007864b0000)
 PSPermGen       total 21248K, used 20298K [0x000000077be00000, 0x000000077d2c0000, 0x0000000781000000)
  object space 21248K, 95% used [0x000000077be00000,0x000000077d1d2b68,0x000000077d2c0000)
Event: 3046.891 GC heap after
Heap after GC invocations=284 (full 139):
 PSYoungGen      total 32000K, used 32K [0x00000007d5ab0000, 0x00000007d7a20000, 0x0000000800000000)
  eden space 31808K, 0% used [0x00000007d5ab0000,0x00000007d5ab0000,0x00000007d79c0000)
  from space 192K, 16% used [0x00000007d79c0000,0x00000007d79c8000,0x00000007d79f0000)
  to   space 192K, 0% used [0x00000007d79f0000,0x00000007d79f0000,0x00000007d7a20000)
 ParOldGen       total 86720K, used 19715K [0x0000000781000000, 0x00000007864b0000, 0x00000007d5ab0000)
  object space 86720K, 22% used [0x0000000781000000,0x0000000782340d60,0x00000007864b0000)
 PSPermGen       total 21248K, used 20298K [0x000000077be00000, 0x000000077d2c0000, 0x0000000781000000)
  object space 21248K, 95% used [0x000000077be00000,0x000000077d1d2b68,0x000000077d2c0000)
}
Event: 3046.891 GC heap before
{Heap before GC invocations=285 (full 140):
 PSYoungGen      total 32000K, used 32K [0x00000007d5ab0000, 0x00000007d7a20000, 0x0000000800000000)
  eden space 31808K, 0% used [0x00000007d5ab0000,0x00000007d5ab0000,0x00000007d79c0000)
  from space 192K, 16% used [0x00000007d79c0000,0x00000007d79c8000,0x00000007d79f0000)
  to   space 192K, 0% used [0x00000007d79f0000,0x00000007d79f0000,0x00000007d7a20000)
 ParOldGen       total 86720K, used 19715K [0x0000000781000000, 0x00000007864b0000, 0x00000007d5ab0000)
  object space 86720K, 22% used [0x0000000781000000,0x0000000782340d60,0x00000007864b0000)
 PSPermGen       total 21248K, used 20298K [0x000000077be00000, 0x000000077d2c0000, 0x0000000781000000)
  object space 21248K, 95% used [0x000000077be00000,0x000000077d1d2b68,0x000000077d2c0000)
Event: 3047.065 GC heap after
Heap after GC invocations=285 (full 140):
 PSYoungGen      total 32000K, used 0K [0x00000007d5ab0000, 0x00000007d7a20000, 0x0000000800000000)
  eden space 31808K, 0% used [0x00000007d5ab0000,0x00000007d5ab0000,0x00000007d79c0000)
  from space 192K, 0% used [0x00000007d79c0000,0x00000007d79c0000,0x00000007d79f0000)
  to   space 192K, 0% used [0x00000007d79f0000,0x00000007d79f0000,0x00000007d7a20000)
 ParOldGen       total 86720K, used 19701K [0x0000000781000000, 0x00000007864b0000, 0x00000007d5ab0000)
  object space 86720K, 22% used [0x0000000781000000,0x000000078233d410,0x00000007864b0000)
 PSPermGen       total 21248K, used 20298K [0x000000077be00000, 0x000000077d2c0000, 0x0000000781000000)
  object space 21248K, 95% used [0x000000077be00000,0x000000077d1d2b68,0x000000077d2c0000)
}

Deoptimization events (0 events):
No events

Internal exceptions (10 events):
Event: 33.014 Thread 0x000000000c30f000 Threw 0x00000007d5ae2f90 at C:\jdk7u1_64p\jdk7u11\hotspot\src\share\vm\prims\jvm.cpp:1166
Event: 33.015 Thread 0x000000000c30f000 Threw 0x00000007d5ae58b0 at C:\jdk7u1_64p\jdk7u11\hotspot\src\share\vm\prims\jvm.cpp:1166
Event: 34.978 Thread 0x000000000c30f000 Threw 0x00000007d6b47848 at C:\jdk7u1_64p\jdk7u11\hotspot\src\share\vm\prims\jvm.cpp:1166
Event: 41.523 Thread 0x000000000c30f000 Threw 0x00000007d7185b30 at C:\jdk7u1_64p\jdk7u11\hotspot\src\share\vm\prims\jvm.cpp:1166
Event: 50.633 Thread 0x000000000c30f000 Threw 0x00000007d5bf8330 at C:\jdk7u1_64p\jdk7u11\hotspot\src\share\vm\prims\jvm.cpp:1166
Event: 50.643 Thread 0x000000000c30f000 Threw 0x00000007d5c0bbe8 at C:\jdk7u1_64p\jdk7u11\hotspot\src\share\vm\prims\jvm.cpp:1166
Event: 50.654 Thread 0x000000000c30f000 Threw 0x00000007d5c219c0 at C:\jdk7u1_64p\jdk7u11\hotspot\src\share\vm\prims\jvm.cpp:1166
Event: 55.687 Thread 0x000000000c30f000 Threw 0x00000007d5c595f0 at C:\jdk7u1_64p\jdk7u11\hotspot\src\share\vm\prims\jvm.cpp:1166
Event: 55.791 Thread 0x000000000c30f000 Threw 0x00000007d5c614e8 at C:\jdk7u1_64p\jdk7u11\hotspot\src\share\vm\prims\jvm.cpp:1166
Event: 61.628 Thread 0x000000000c30f000 Threw 0x00000007d6441d70 at C:\jdk7u1_64p\jdk7u11\hotspot\src\share\vm\prims\jvm.cpp:1166

Events (10 events):
Event: 3045.253 Executing VM operation: RevokeBias
Event: 3045.253 Executing VM operation: RevokeBias done
Event: 3045.253 Executing VM operation: ParallelGCSystemGC
Event: 3045.405 Executing VM operation: ParallelGCSystemGC done
Event: 3046.759 Executing VM operation: ParallelGCSystemGC
Event: 3046.888 Executing VM operation: ParallelGCSystemGC done
Event: 3046.889 Executing VM operation: RevokeBias
Event: 3046.889 Executing VM operation: RevokeBias done
Event: 3046.889 Executing VM operation: ParallelGCSystemGC
Event: 3047.065 Executing VM operation: ParallelGCSystemGC done


Dynamic libraries:
0x000000013f400000 - 0x000000013f433000 	C:\Program Files\Java\jdk1.7.0_11\bin\java.exe
0x0000000077a30000 - 0x0000000077bd9000 	C:\Windows\SYSTEM32\ntdll.dll
0x0000000077810000 - 0x000000007792f000 	C:\Windows\system32\kernel32.dll
0x000007fefdae0000 - 0x000007fefdb4c000 	C:\Windows\system32\KERNELBASE.dll
0x000007fefe470000 - 0x000007fefe54b000 	C:\Windows\system32\ADVAPI32.dll
0x000007fefe300000 - 0x000007fefe39f000 	C:\Windows\system32\msvcrt.dll
0x000007fefdbc0000 - 0x000007fefdbdf000 	C:\Windows\SYSTEM32\sechost.dll
0x000007fefddc0000 - 0x000007fefdeed000 	C:\Windows\system32\RPCRT4.dll
0x0000000077930000 - 0x0000000077a2a000 	C:\Windows\system32\USER32.dll
0x000007fefe7f0000 - 0x000007fefe857000 	C:\Windows\system32\GDI32.dll
0x000007fefe550000 - 0x000007fefe55e000 	C:\Windows\system32\LPK.dll
0x000007fefe3a0000 - 0x000007fefe469000 	C:\Windows\system32\USP10.dll
0x000007fefc130000 - 0x000007fefc324000 	C:\Windows\WinSxS\amd64_microsoft.windows.common-controls_6595b64144ccf1df_6.0.7601.17514_none_fa396087175ac9ac\COMCTL32.dll
0x000007fefe560000 - 0x000007fefe5d1000 	C:\Windows\system32\SHLWAPI.dll
0x000007fefe860000 - 0x000007fefe88e000 	C:\Windows\system32\IMM32.DLL
0x000007feffc30000 - 0x000007feffd39000 	C:\Windows\system32\MSCTF.dll
0x0000000050520000 - 0x00000000505f1000 	C:\Program Files\Java\jdk1.7.0_11\jre\bin\msvcr100.dll
0x00000000506e0000 - 0x0000000050dff000 	C:\Program Files\Java\jdk1.7.0_11\jre\bin\server\jvm.dll
0x000007fefafd0000 - 0x000007fefafd9000 	C:\Windows\system32\WSOCK32.dll
0x000007feff870000 - 0x000007feff8bd000 	C:\Windows\system32\WS2_32.dll
0x000007fefdbb0000 - 0x000007fefdbb8000 	C:\Windows\system32\NSI.dll
0x000007fefbc30000 - 0x000007fefbc6b000 	C:\Windows\system32\WINMM.dll
0x0000000077c00000 - 0x0000000077c07000 	C:\Windows\system32\PSAPI.DLL
0x00000000506a0000 - 0x00000000506df000 	C:\Program Files\Java\jdk1.7.0_11\jre\bin\splashscreen.dll
0x0000000050690000 - 0x000000005069f000 	C:\Program Files\Java\jdk1.7.0_11\jre\bin\verify.dll
0x0000000050660000 - 0x0000000050688000 	C:\Program Files\Java\jdk1.7.0_11\jre\bin\java.dll
0x0000000055f90000 - 0x0000000055fc5000 	C:\Program Files\Java\jdk1.7.0_11\jre\bin\jdwp.dll
0x0000000056080000 - 0x0000000056088000 	C:\Program Files\Java\jdk1.7.0_11\jre\bin\npt.dll
0x0000000050640000 - 0x0000000050655000 	C:\Program Files\Java\jdk1.7.0_11\jre\bin\zip.dll
0x000007fefbbd0000 - 0x000007fefbc26000 	C:\Windows\system32\uxtheme.dll
0x0000000180000000 - 0x00000001800eb000 	C:\Program Files\Hewlett-Packard\HP ProtectTools Security Manager\Bin\DpoFeedb.dll
0x000007fefe160000 - 0x000007fefe237000 	C:\Windows\system32\OLEAUT32.dll
0x000007fefe5e0000 - 0x000007fefe7e3000 	C:\Windows\system32\ole32.dll
0x000007fefcae0000 - 0x000007fefcaec000 	C:\Windows\system32\VERSION.dll
0x000007fefd930000 - 0x000007fefd94e000 	C:\Windows\system32\USERENV.dll
0x000007fefd800000 - 0x000007fefd80f000 	C:\Windows\system32\profapi.dll
0x000007fefd650000 - 0x000007fefd65f000 	C:\Windows\system32\CRYPTBASE.dll
0x000000005c9c0000 - 0x000000005c9cb000 	C:\Program Files\Java\jdk1.7.0_11\jre\bin\dt_shmem.dll
0x000007fef01f0000 - 0x000007fef0221000 	C:\Program Files\Hewlett-Packard\HP ProtectTools Security Manager\Bin\DpoSet.dll
0x000000006fa00000 - 0x000000006fad3000 	C:\Windows\WinSxS\amd64_microsoft.vc90.crt_1fc8b3b9a1e18e3b_9.0.30729.6161_none_08e61857a83bc251\MSVCP90.dll
0x0000000073610000 - 0x00000000736b3000 	C:\Windows\WinSxS\amd64_microsoft.vc90.crt_1fc8b3b9a1e18e3b_9.0.30729.6161_none_08e61857a83bc251\MSVCR90.dll
0x0000000050380000 - 0x0000000050513000 	C:\Program Files\Java\jdk1.7.0_11\jre\bin\awt.dll
0x000007fefb760000 - 0x000007fefb778000 	C:\Windows\system32\dwmapi.dll
0x0000000050340000 - 0x0000000050374000 	C:\Program Files\Java\jdk1.7.0_11\jre\bin\fontmanager.dll
0x0000000050620000 - 0x0000000050639000 	C:\Program Files\Java\jdk1.7.0_11\jre\bin\net.dll
0x000007fefcf90000 - 0x000007fefcfe5000 	C:\Windows\system32\mswsock.dll
0x000007fefcf80000 - 0x000007fefcf87000 	C:\Windows\System32\wship6.dll
0x0000000050600000 - 0x0000000050611000 	C:\Program Files\Java\jdk1.7.0_11\jre\bin\nio.dll
0x00000000502f0000 - 0x0000000050331000 	C:\Program Files\Java\jdk1.7.0_11\jre\bin\t2k.dll
0x000007fefe890000 - 0x000007feff618000 	C:\Windows\system32\SHELL32.dll
0x0000000050220000 - 0x0000000050250000 	C:\Program Files\Java\jdk1.7.0_11\jre\bin\jpeg.dll
0x000007feffb90000 - 0x000007feffc29000 	C:\Windows\system32\CLBCatQ.DLL
0x000007fefb070000 - 0x000007fefb1d1000 	C:\Windows\system32\WindowsCodecs.dll
0x000007fefd5f0000 - 0x000007fefd647000 	C:\Windows\system32\apphelp.dll
0x000007fef8910000 - 0x000007fef8b4d000 	C:\PROGRA~1\MIF5BA~1\Office15\GROOVEEX.DLL
0x0000000071520000 - 0x00000000715b8000 	C:\Windows\system32\MSVCP100.dll
0x00000000714f0000 - 0x000000007151b000 	C:\Windows\system32\ATL100.DLL
0x000007fef8210000 - 0x000007fef852d000 	C:\Windows\system32\msi.dll
0x000007fef5ce0000 - 0x000007fef656c000 	C:\PROGRA~1\MIF5BA~1\Office15\1036\GrooveIntlResource.dll
0x0000000070f70000 - 0x0000000070f86000 	C:\Program Files\Common Files\TortoiseOverlays\TortoiseOverlays.dll
0x0000000070f60000 - 0x0000000070f70000 	C:\Program Files\TortoiseSVN\bin\TortoiseStub.dll
0x0000000070220000 - 0x000000007029b000 	C:\Program Files\TortoiseSVN\bin\TortoiseSVN.dll
0x000007feff620000 - 0x000007feff868000 	C:\Windows\system32\WININET.dll
0x000007fefd960000 - 0x000007fefd964000 	C:\Windows\system32\api-ms-win-downlevel-user32-l1-1-0.dll
0x000007fefdb50000 - 0x000007fefdb54000 	C:\Windows\system32\api-ms-win-downlevel-shlwapi-l1-1-0.dll
0x000007fefd950000 - 0x000007fefd954000 	C:\Windows\system32\api-ms-win-downlevel-version-l1-1-0.dll
0x000007fefd8e0000 - 0x000007fefd8e3000 	C:\Windows\system32\api-ms-win-downlevel-normaliz-l1-1-0.dll
0x0000000077bf0000 - 0x0000000077bf3000 	C:\Windows\system32\normaliz.DLL
0x000007feff8c0000 - 0x000007feffb87000 	C:\Windows\system32\iertutil.dll
0x000007fefdba0000 - 0x000007fefdba5000 	C:\Windows\system32\api-ms-win-downlevel-advapi32-l1-1-0.dll
0x000007fef58f0000 - 0x000007fef5cdd000 	C:\Program Files\TortoiseSVN\bin\libsvn_tsvn.dll
0x00000000701f0000 - 0x000000007021b000 	C:\Program Files\TortoiseSVN\bin\libapr_tsvn.dll
0x000000006fbd0000 - 0x000000006fc11000 	C:\Program Files\TortoiseSVN\bin\libaprutil_tsvn.dll
0x000007fefdef0000 - 0x000007fefdf42000 	C:\Windows\system32\WLDAP32.dll
0x000007fef8130000 - 0x000007fef8140000 	C:\Program Files\TortoiseSVN\bin\intl3_tsvn.dll
0x000007fef7b20000 - 0x000007fef7b3a000 	C:\Program Files\TortoiseSVN\bin\libsasl.dll
0x000007fefd330000 - 0x000007fefd33b000 	C:\Windows\system32\Secur32.dll
0x000007fefd5b0000 - 0x000007fefd5d5000 	C:\Windows\system32\SSPICLI.DLL
0x000007fefd970000 - 0x000007fefdadc000 	C:\Windows\system32\CRYPT32.dll
0x000007fefd7f0000 - 0x000007fefd7ff000 	C:\Windows\system32\MSASN1.dll
0x000007fef7ae0000 - 0x000007fef7b15000 	C:\Windows\system32\EhStorShell.dll
0x000007fefdbe0000 - 0x000007fefddb7000 	C:\Windows\system32\SETUPAPI.dll
0x000007fefdb60000 - 0x000007fefdb96000 	C:\Windows\system32\CFGMGR32.dll
0x000007fefd810000 - 0x000007fefd82a000 	C:\Windows\system32\DEVOBJ.dll
0x000007fefbd30000 - 0x000007fefbe5c000 	C:\Windows\system32\PROPSYS.dll
0x000007fef5100000 - 0x000007fef576f000 	C:\PROGRA~1\MIF5BA~1\Office14\GROOVEEX.DLL
0x000000006f930000 - 0x000000006f95f000 	C:\Windows\WinSxS\amd64_microsoft.vc90.atl_1fc8b3b9a1e18e3b_9.0.30729.6161_none_0a1fd3a3a768b895\ATL90.DLL
0x000007fef4340000 - 0x000007fef475a000 	C:\PROGRA~1\COMMON~1\MICROS~1\OFFICE14\Cultures\office.odf
0x000007fef3ab0000 - 0x000007fef4338000 	C:\PROGRA~1\MIF5BA~1\Office14\1036\GrooveIntlResource.dll
0x0000000050250000 - 0x000000005027a000 	C:\Program Files\Java\jdk1.7.0_11\jre\bin\dcpr.dll
0x000007fefcff0000 - 0x000007fefd007000 	C:\Windows\system32\CRYPTSP.dll
0x000007fefccf0000 - 0x000007fefcd37000 	C:\Windows\system32\rsaenh.dll
0x000007fefb740000 - 0x000007fefb755000 	C:\Windows\system32\NLAapi.dll
0x000007fef8550000 - 0x000007fef8565000 	C:\Windows\system32\napinsp.dll
0x000007fef8530000 - 0x000007fef8549000 	C:\Windows\system32\pnrpnsp.dll
0x000007fef80c0000 - 0x000007fef80d0000 	C:\Windows\system32\wshbth.dll
0x0000000071970000 - 0x0000000071996000 	C:\Program Files\Bonjour\mdnsNSP.dll
0x000007fefadc0000 - 0x000007fefade7000 	C:\Windows\system32\Iphlpapi.DLL
0x000007fefad30000 - 0x000007fefad3b000 	C:\Windows\system32\WINNSI.DLL
0x000007fefce10000 - 0x000007fefce6b000 	C:\Windows\system32\DNSAPI.dll
0x000007fef8120000 - 0x000007fef812b000 	C:\Windows\System32\winrnr.dll
0x0000000071940000 - 0x000000007196e000 	c:\Program Files\Common Files\Microsoft Shared\Windows Live\WLIDNSP.DLL
0x000007fefc8d0000 - 0x000007fefc8d7000 	C:\Windows\System32\wshtcpip.dll
0x000007fef9ac0000 - 0x000007fef9ac8000 	C:\Windows\system32\rasadhlp.dll
0x000007fefac50000 - 0x000007fefaca3000 	C:\Windows\System32\fwpuclnt.dll

VM Arguments:
jvm_args: -Xdebug -Xrunjdwp:transport=dt_shmem,address=javadebug -Dfile.encoding=UTF-8 
java_command: marcadministrationclient.mARCAdministrationClient
Launcher Type: SUN_STANDARD

Environment Variables:
PATH=C:\Program Files (x86)\ImageMagick-6.8.7-Q16;C:\Program Files\Common Files\Microsoft Shared\Windows Live;C:\Program Files (x86)\AMD APP\bin\x86_64;C:\Program Files (x86)\AMD APP\bin\x86;C:\Windows\system32;C:\Windows;C:\Windows\System32\Wbem;C:\Program Files (x86)\ATI Technologies\ATI.ACE\Core-Static;C:\Windows\System32\WindowsPowerShell\v1.0\;C:\Program Files\Microsoft\Web Platform Installer\;C:\Program Files (x86)\Microsoft ASP.NET\ASP.NET Web Pages\v1.0\;C:\Program Files\Microsoft SQL Server\110\Tools\Binn\;C:\Program Files (x86)\Microsoft SQL Server\90\Tools\binn\;C:\Windows\System32\WindowsPowerShell\v1.0\;C:\Program Files\TortoiseSVN\bin;C:\Program Files (x86)\Windows Kits\8.1\Windows Performance Toolkit\;C:\Program Files (x86)\Microsoft SDKs\TypeScript\1.0\;C:\Program Files\Common Files\Microsoft Shared\Windows Live;C:\Program Files (x86)\CMake 2.8\bin
USERNAME=patrice
OS=Windows_NT
PROCESSOR_IDENTIFIER=Intel64 Family 6 Model 42 Stepping 7, GenuineIntel



---------------  S Y S T E M  ---------------

OS: Windows 7 , 64 bit Build 7601 Service Pack 1

CPU:total 2 (2 cores per cpu, 2 threads per core) family 6 model 42 stepping 7, cmov, cx8, fxsr, mmx, sse, sse2, sse3, ssse3, sse4.1, sse4.2, popcnt, avx, ht, tsc, tscinvbit

Memory: 4k page, physical 8321392k(2282704k free), swap 16640920k(9834704k free)

vm_info: Java HotSpot(TM) 64-Bit Server VM (23.6-b04) for windows-amd64 JRE (1.7.0_11-b21), built on Jan 12 2013 02:38:42 by "java_re" with unknown MS VC++:1600

time: Tue Dec 23 15:13:13 2014
elapsed time: 3047 seconds

