#
# A fatal error has been detected by the Java Runtime Environment:
#
#  EXCEPTION_ACCESS_VIOLATION (0xc0000005) at pc=0x00000000507053b0, pid=18232, tid=18072
#
# JRE version: 7.0_11-b21
# Java VM: Java HotSpot(TM) 64-Bit Server VM (23.6-b04 mixed mode windows-amd64 compressed oops)
# Problematic frame:
# V  [jvm.dll+0x253b0]
#
# Failed to write core dump. Minidumps are not enabled by default on client versions of Windows
#
# If you would like to submit a bug report, please visit:
#   http://bugreport.sun.com/bugreport/crash.jsp
#

---------------  T H R E A D  ---------------

Current thread (0x0000000001dfc800):  GCTaskThread [stack: 0x0000000005ca0000,0x0000000005da0000] [id=18072]

siginfo: ExceptionCode=0xc0000005, reading address 0x0000000000000020

Registers:
RAX=0x0000000000000000, RBX=0x00000007d5b10c60, RCX=0x00000007d5b10c60, RDX=0x0000000000000018
RSP=0x0000000005d9f548, RBP=0x00000000054fb801, RSI=0x00000000020e1db0, RDI=0x00000007814f9030
R8 =0x00000000020e1db0, R9 =0x000000000000001c, R10=0x0000000005900000, R11=0x0000000001cf8000
R12=0x00000000054fb7c6, R13=0x0000000000000000, R14=0x0000000000000000, R15=0x0000000001df38a0
RIP=0x00000000507053b0, EFLAGS=0x0000000000010206

Top of Stack: (sp=0x0000000005d9f548)
0x0000000005d9f548:   0000000050a422c6 00000007d5ab0140
0x0000000005d9f558:   0000000000000004 00000000020e1db0
0x0000000005d9f568:   00000007823c6d58 00000007d72b0000
0x0000000005d9f578:   0000000000001000 0000000005d9f628
0x0000000005d9f588:   000000000b69004b 0000000000000000
0x0000000005d9f598:   00000000020e1d00 00000000054fb7c6
0x0000000005d9f5a8:   0000000050a42650 00000007814f8df0
0x0000000005d9f5b8:   00000000054fb801 00000000020e1db0
0x0000000005d9f5c8:   00000007814f9030 00000007814f8df0
0x0000000005d9f5d8:   0000000050a43212 0000000002081930
0x0000000005d9f5e8:   000007fefdae10dc 0000000050d94700
0x0000000005d9f5f8:   0000000050a40cf4 00000007d7288000
0x0000000005d9f608:   00000007d7281000 0000000000000000
0x0000000005d9f618:   0000000000cb7dff 00000007814f8e54
0x0000000005d9f628:   00000000507a8b83 00000007814f8e31
0x0000000005d9f638:   00000007814f8e31 00000000020e1db0 

Instructions: (pc=0x00000000507053b0)
0x0000000050705390:   0d 44 0f b7 c0 48 83 c1 48 e8 d8 7d 4c 00 48 83
0x00000000507053a0:   c4 28 c3 cc cc cc cc cc cc cc cc cc cc cc cc cc
0x00000000507053b0:   44 8b 42 08 4c 8b ca 45 85 c0 7e 0e 41 f6 c0 01
0x00000000507053c0:   75 57 41 c1 f8 03 41 8b c0 c3 79 4d 80 3d 15 69 


Register to memory mapping:

RAX=0x0000000000000000 is an unknown value
RBX=0x00000007d5b10c60 is an unknown value
RCX=0x00000007d5b10c60 is an unknown value
RDX=0x0000000000000018 is an unknown value
RSP=0x0000000005d9f548 is an unknown value
RBP=0x00000000054fb801 is an unknown value
RSI=0x00000000020e1db0 is an unknown value
RDI=0x00000007814f9030 is an oop
java.lang.Class 
 - klass: 'java/lang/Class'
R8 =0x00000000020e1db0 is an unknown value
R9 =0x000000000000001c is an unknown value
R10=0x0000000005900000 is an unknown value
R11=0x0000000001cf8000 is an unknown value
R12=0x00000000054fb7c6 is an unknown value
R13=0x0000000000000000 is an unknown value
R14=0x0000000000000000 is an unknown value
R15=0x0000000001df38a0 is an unknown value


Stack: [0x0000000005ca0000,0x0000000005da0000],  sp=0x0000000005d9f548,  free space=1021k
Native frames: (J=compiled Java code, j=interpreted, Vv=VM code, C=native code)
V  [jvm.dll+0x253b0]


---------------  P R O C E S S  ---------------

Java Threads: ( => current thread )
  0x000000000e91b800 JavaThread "SwingWorker-pool-1-thread-10" daemon [_thread_blocked, id=17724, stack(0x0000000011fc0000,0x00000000120c0000)]
  0x000000000e91b000 JavaThread "SwingWorker-pool-1-thread-9" daemon [_thread_blocked, id=17868, stack(0x0000000011de0000,0x0000000011ee0000)]
  0x000000000e91a000 JavaThread "SwingWorker-pool-1-thread-8" daemon [_thread_blocked, id=14368, stack(0x0000000011420000,0x0000000011520000)]
  0x000000000e919800 JavaThread "SwingWorker-pool-1-thread-7" daemon [_thread_blocked, id=16284, stack(0x0000000011a10000,0x0000000011b10000)]
  0x000000000e918800 JavaThread "SwingWorker-pool-1-thread-6" daemon [_thread_blocked, id=12620, stack(0x0000000011c50000,0x0000000011d50000)]
  0x0000000001fbf000 JavaThread "SwingWorker-pool-1-thread-5" daemon [_thread_blocked, id=17244, stack(0x0000000011b10000,0x0000000011c10000)]
  0x000000000ee93800 JavaThread "SwingWorker-pool-1-thread-4" daemon [_thread_blocked, id=17316, stack(0x0000000011900000,0x0000000011a00000)]
  0x000000000ea21800 JavaThread "SwingWorker-pool-1-thread-3" daemon [_thread_blocked, id=17984, stack(0x00000000101b0000,0x00000000102b0000)]
  0x000000000e9c4000 JavaThread "SwingWorker-pool-1-thread-2" daemon [_thread_blocked, id=17616, stack(0x000000000ffe0000,0x00000000100e0000)]
  0x000000000e9c9000 JavaThread "SwingWorker-pool-1-thread-1" daemon [_thread_blocked, id=15804, stack(0x000000000fe00000,0x000000000ff00000)]
  0x000000000eac8000 JavaThread "TimerQueue" daemon [_thread_blocked, id=17124, stack(0x000000000d4d0000,0x000000000d5d0000)]
  0x000000000c5a2800 JavaThread "org.netbeans.modules.debugger.jpda.visual AWT Access Loop" daemon [_thread_blocked, id=15464, stack(0x000000000e530000,0x000000000e630000)]
  0x0000000001f7f000 JavaThread "DestroyJavaVM" [_thread_blocked, id=17692, stack(0x0000000002180000,0x0000000002280000)]
  0x000000000c591000 JavaThread "AWT-EventQueue-0" [_thread_blocked, id=16632, stack(0x000000000e420000,0x000000000e520000)]
  0x000000000c58f000 JavaThread "AWT-Windows" daemon [_thread_in_native, id=15084, stack(0x000000000e260000,0x000000000e360000)]
  0x000000000c589000 JavaThread "AWT-Shutdown" [_thread_blocked, id=6596, stack(0x000000000df90000,0x000000000e090000)]
  0x000000000c55d000 JavaThread "Java2D Disposer" daemon [_thread_blocked, id=10884, stack(0x000000000ddd0000,0x000000000ded0000)]
  0x000000000c3ab800 JavaThread "Service Thread" daemon [_thread_blocked, id=18112, stack(0x000000000db80000,0x000000000dc80000)]
  0x000000000c3a5000 JavaThread "C2 CompilerThread1" daemon [_thread_blocked, id=13448, stack(0x000000000d9b0000,0x000000000dab0000)]
  0x000000000c3a1800 JavaThread "C2 CompilerThread0" daemon [_thread_blocked, id=12304, stack(0x000000000d800000,0x000000000d900000)]
  0x000000000c390000 JavaThread "JDWP Command Reader" daemon [_thread_in_native, id=12776, stack(0x000000000d110000,0x000000000d210000)]
  0x000000000c387000 JavaThread "JDWP Event Helper Thread" daemon [_thread_blocked, id=15624, stack(0x000000000cda0000,0x000000000cea0000)]
  0x000000000c376000 JavaThread "JDWP Transport Listener: dt_shmem" daemon [_thread_blocked, id=17548, stack(0x000000000cb80000,0x000000000cc80000)]
  0x000000000217b800 JavaThread "Attach Listener" daemon [_thread_blocked, id=12428, stack(0x000000000cf30000,0x000000000d030000)]
  0x000000000217a000 JavaThread "Signal Dispatcher" daemon [_thread_blocked, id=9836, stack(0x000000000cc80000,0x000000000cd80000)]
  0x00000000020f1800 JavaThread "Finalizer" daemon [_thread_blocked, id=9232, stack(0x000000000bfc0000,0x000000000c0c0000)]
  0x00000000020ee000 JavaThread "Reference Handler" daemon [_thread_blocked, id=18368, stack(0x000000000be70000,0x000000000bf70000)]

Other Threads:
  0x00000000020e6000 VMThread [stack: 0x000000000bbc0000,0x000000000bcc0000] [id=14436]
  0x000000000c3bc800 WatcherThread [stack: 0x000000000dc80000,0x000000000dd80000] [id=17528]

=>0x0000000001dfc800 (exited) GCTaskThread [stack: 0x0000000005ca0000,0x0000000005da0000] [id=18072]

VM state:at safepoint (normal execution)

VM Mutex/Monitor currently owned by a thread:  ([mutex/lock_event])
[0x0000000001f7d050] Threads_lock - owner thread: 0x00000000020e6000
[0x0000000001f7d550] Heap_lock - owner thread: 0x000000000c591000

Heap
 PSYoungGen      total 24576K, used 24384K [0x00000007d5ab0000, 0x00000007d72e0000, 0x0000000800000000)
  eden space 24384K, 100% used [0x00000007d5ab0000,0x00000007d7280000,0x00000007d7280000)
  from space 192K, 0% used [0x00000007d7280000,0x00000007d7280000,0x00000007d72b0000)
  to   space 192K, 66% used [0x00000007d72b0000,0x00000007d72d0000,0x00000007d72e0000)
 ParOldGen       total 86720K, used 20251K [0x0000000781000000, 0x00000007864b0000, 0x00000007d5ab0000)
  object space 86720K, 23% used [0x0000000781000000,0x00000007823c6da8,0x00000007864b0000)
 PSPermGen       total 21248K, used 20319K [0x000000077be00000, 0x000000077d2c0000, 0x0000000781000000)
  object space 21248K, 95% used [0x000000077be00000,0x000000077d1d7e98,0x000000077d2c0000)

Card table byte_map: [0x00000000054d0000,0x0000000005900000] byte_map_base: 0x00000000018f1000

Polling page: 0x0000000000210000

Code Cache  [0x0000000002410000, 0x0000000002700000, 0x0000000005410000)
 total_blobs=1360 nmethods=873 adapters=447 free_code_cache=46247Kb largest_free_block=47287488

Compilation events (10 events):
Event: 1642.552 Thread 0x000000000c3a5000  880             java.awt.Component::hasFocus (16 bytes)
Event: 1642.554 Thread 0x000000000c3a5000 nmethod 880 0x00000000026b5ad0 code [0x00000000026b5c20, 0x00000000026b5cf8]
Event: 1642.964 Thread 0x000000000c3a5000  881             java.awt.Component::isFocusOwner (5 bytes)
Event: 1642.966 Thread 0x000000000c3a5000 nmethod 881 0x00000000026dbe10 code [0x00000000026dbf60, 0x00000000026dc038]
Event: 1643.030 Thread 0x000000000c3a5000  882  s          java.awt.geom.Path2D$Float::getBounds2D (138 bytes)
Event: 1643.040 Thread 0x000000000c3a5000 nmethod 882 0x00000000026cb210 code [0x00000000026cb360, 0x00000000026cb9f8]
Event: 1643.156 Thread 0x000000000c3a5000  883             java.awt.geom.RoundRectIterator::currentSegment (144 bytes)
Event: 1643.165 Thread 0x000000000c3a5000 nmethod 883 0x00000000026ca8d0 code [0x00000000026caa40, 0x00000000026caee8]
Event: 1643.336 Thread 0x000000000c3a1800  884             java.lang.ref.Reference::<init> (7 bytes)
Event: 1643.337 Thread 0x000000000c3a1800 nmethod 884 0x00000000026e2ed0 code [0x00000000026e3000, 0x00000000026e3098]

GC Heap History (10 events):
Event: 647.794 GC heap after
Heap after GC invocations=1093 (full 538):
 PSYoungGen      total 24576K, used 0K [0x00000007d5ab0000, 0x00000007d72e0000, 0x0000000800000000)
  eden space 24384K, 0% used [0x00000007d5ab0000,0x00000007d5ab0000,0x00000007d7280000)
  from space 192K, 0% used [0x00000007d7280000,0x00000007d7280000,0x00000007d72b0000)
  to   space 192K, 0% used [0x00000007d72b0000,0x00000007d72b0000,0x00000007d72e0000)
 ParOldGen       total 86720K, used 20251K [0x0000000781000000, 0x00000007864b0000, 0x00000007d5ab0000)
  object space 86720K, 23% used [0x0000000781000000,0x00000007823c6dc8,0x00000007864b0000)
 PSPermGen       total 21248K, used 20294K [0x000000077be00000, 0x000000077d2c0000, 0x0000000781000000)
  object space 21248K, 95% used [0x000000077be00000,0x000000077d1d18b8,0x000000077d2c0000)
}
Event: 649.121 GC heap before
{Heap before GC invocations=1094 (full 538):
 PSYoungGen      total 24576K, used 1591K [0x00000007d5ab0000, 0x00000007d72e0000, 0x0000000800000000)
  eden space 24384K, 6% used [0x00000007d5ab0000,0x00000007d5c3df68,0x00000007d7280000)
  from space 192K, 0% used [0x00000007d7280000,0x00000007d7280000,0x00000007d72b0000)
  to   space 192K, 0% used [0x00000007d72b0000,0x00000007d72b0000,0x00000007d72e0000)
 ParOldGen       total 86720K, used 20251K [0x0000000781000000, 0x00000007864b0000, 0x00000007d5ab0000)
  object space 86720K, 23% used [0x0000000781000000,0x00000007823c6dc8,0x00000007864b0000)
 PSPermGen       total 21248K, used 20294K [0x000000077be00000, 0x000000077d2c0000, 0x0000000781000000)
  object space 21248K, 95% used [0x000000077be00000,0x000000077d1d18b8,0x000000077d2c0000)
Event: 649.123 GC heap after
Heap after GC invocations=1094 (full 538):
 PSYoungGen      total 24576K, used 96K [0x00000007d5ab0000, 0x00000007d72e0000, 0x0000000800000000)
  eden space 24384K, 0% used [0x00000007d5ab0000,0x00000007d5ab0000,0x00000007d7280000)
  from space 192K, 50% used [0x00000007d72b0000,0x00000007d72c8000,0x00000007d72e0000)
  to   space 192K, 0% used [0x00000007d7280000,0x00000007d7280000,0x00000007d72b0000)
 ParOldGen       total 86720K, used 20251K [0x0000000781000000, 0x00000007864b0000, 0x00000007d5ab0000)
  object space 86720K, 23% used [0x0000000781000000,0x00000007823c6dc8,0x00000007864b0000)
 PSPermGen       total 21248K, used 20294K [0x000000077be00000, 0x000000077d2c0000, 0x0000000781000000)
  object space 21248K, 95% used [0x000000077be00000,0x000000077d1d18b8,0x000000077d2c0000)
}
Event: 649.123 GC heap before
{Heap before GC invocations=1095 (full 539):
 PSYoungGen      total 24576K, used 96K [0x00000007d5ab0000, 0x00000007d72e0000, 0x0000000800000000)
  eden space 24384K, 0% used [0x00000007d5ab0000,0x00000007d5ab0000,0x00000007d7280000)
  from space 192K, 50% used [0x00000007d72b0000,0x00000007d72c8000,0x00000007d72e0000)
  to   space 192K, 0% used [0x00000007d7280000,0x00000007d7280000,0x00000007d72b0000)
 ParOldGen       total 86720K, used 20251K [0x0000000781000000, 0x00000007864b0000, 0x00000007d5ab0000)
  object space 86720K, 23% used [0x0000000781000000,0x00000007823c6dc8,0x00000007864b0000)
 PSPermGen       total 21248K, used 20294K [0x000000077be00000, 0x000000077d2c0000, 0x0000000781000000)
  object space 21248K, 95% used [0x000000077be00000,0x000000077d1d18b8,0x000000077d2c0000)
Event: 649.256 GC heap after
Heap after GC invocations=1095 (full 539):
 PSYoungGen      total 24576K, used 0K [0x00000007d5ab0000, 0x00000007d72e0000, 0x0000000800000000)
  eden space 24384K, 0% used [0x00000007d5ab0000,0x00000007d5ab0000,0x00000007d7280000)
  from space 192K, 0% used [0x00000007d72b0000,0x00000007d72b0000,0x00000007d72e0000)
  to   space 192K, 0% used [0x00000007d7280000,0x00000007d7280000,0x00000007d72b0000)
 ParOldGen       total 86720K, used 20263K [0x0000000781000000, 0x00000007864b0000, 0x00000007d5ab0000)
  object space 86720K, 23% used [0x0000000781000000,0x00000007823c9d88,0x00000007864b0000)
 PSPermGen       total 21248K, used 20294K [0x000000077be00000, 0x000000077d2c0000, 0x0000000781000000)
  object space 21248K, 95% used [0x000000077be00000,0x000000077d1d18b8,0x000000077d2c0000)
}
Event: 649.257 GC heap before
{Heap before GC invocations=1096 (full 539):
 PSYoungGen      total 24576K, used 387K [0x00000007d5ab0000, 0x00000007d72e0000, 0x0000000800000000)
  eden space 24384K, 1% used [0x00000007d5ab0000,0x00000007d5b10c80,0x00000007d7280000)
  from space 192K, 0% used [0x00000007d72b0000,0x00000007d72b0000,0x00000007d72e0000)
  to   space 192K, 0% used [0x00000007d7280000,0x00000007d7280000,0x00000007d72b0000)
 ParOldGen       total 86720K, used 20263K [0x0000000781000000, 0x00000007864b0000, 0x00000007d5ab0000)
  object space 86720K, 23% used [0x0000000781000000,0x00000007823c9d88,0x00000007864b0000)
 PSPermGen       total 21248K, used 20294K [0x000000077be00000, 0x000000077d2c0000, 0x0000000781000000)
  object space 21248K, 95% used [0x000000077be00000,0x000000077d1d1b28,0x000000077d2c0000)
Event: 649.260 GC heap after
Heap after GC invocations=1096 (full 539):
 PSYoungGen      total 24576K, used 32K [0x00000007d5ab0000, 0x00000007d72e0000, 0x0000000800000000)
  eden space 24384K, 0% used [0x00000007d5ab0000,0x00000007d5ab0000,0x00000007d7280000)
  from space 192K, 16% used [0x00000007d7280000,0x00000007d7288000,0x00000007d72b0000)
  to   space 192K, 0% used [0x00000007d72b0000,0x00000007d72b0000,0x00000007d72e0000)
 ParOldGen       total 86720K, used 20263K [0x0000000781000000, 0x00000007864b0000, 0x00000007d5ab0000)
  object space 86720K, 23% used [0x0000000781000000,0x00000007823c9d88,0x00000007864b0000)
 PSPermGen       total 21248K, used 20294K [0x000000077be00000, 0x000000077d2c0000, 0x0000000781000000)
  object space 21248K, 95% used [0x000000077be00000,0x000000077d1d1b28,0x000000077d2c0000)
}
Event: 649.260 GC heap before
{Heap before GC invocations=1097 (full 540):
 PSYoungGen      total 24576K, used 32K [0x00000007d5ab0000, 0x00000007d72e0000, 0x0000000800000000)
  eden space 24384K, 0% used [0x00000007d5ab0000,0x00000007d5ab0000,0x00000007d7280000)
  from space 192K, 16% used [0x00000007d7280000,0x00000007d7288000,0x00000007d72b0000)
  to   space 192K, 0% used [0x00000007d72b0000,0x00000007d72b0000,0x00000007d72e0000)
 ParOldGen       total 86720K, used 20263K [0x0000000781000000, 0x00000007864b0000, 0x00000007d5ab0000)
  object space 86720K, 23% used [0x0000000781000000,0x00000007823c9d88,0x00000007864b0000)
 PSPermGen       total 21248K, used 20294K [0x000000077be00000, 0x000000077d2c0000, 0x0000000781000000)
  object space 21248K, 95% used [0x000000077be00000,0x000000077d1d1b28,0x000000077d2c0000)
Event: 649.382 GC heap after
Heap after GC invocations=1097 (full 540):
 PSYoungGen      total 24576K, used 0K [0x00000007d5ab0000, 0x00000007d72e0000, 0x0000000800000000)
  eden space 24384K, 0% used [0x00000007d5ab0000,0x00000007d5ab0000,0x00000007d7280000)
  from space 192K, 0% used [0x00000007d7280000,0x00000007d7280000,0x00000007d72b0000)
  to   space 192K, 0% used [0x00000007d72b0000,0x00000007d72b0000,0x00000007d72e0000)
 ParOldGen       total 86720K, used 20251K [0x0000000781000000, 0x00000007864b0000, 0x00000007d5ab0000)
  object space 86720K, 23% used [0x0000000781000000,0x00000007823c6da8,0x00000007864b0000)
 PSPermGen       total 21248K, used 20294K [0x000000077be00000, 0x000000077d2c0000, 0x0000000781000000)
  object space 21248K, 95% used [0x000000077be00000,0x000000077d1d1b28,0x000000077d2c0000)
}
Event: 1645.788 GC heap before
{Heap before GC invocations=1098 (full 540):
 PSYoungGen      total 24576K, used 24384K [0x00000007d5ab0000, 0x00000007d72e0000, 0x0000000800000000)
  eden space 24384K, 100% used [0x00000007d5ab0000,0x00000007d7280000,0x00000007d7280000)
  from space 192K, 0% used [0x00000007d7280000,0x00000007d7280000,0x00000007d72b0000)
  to   space 192K, 0% used [0x00000007d72b0000,0x00000007d72b0000,0x00000007d72e0000)
 ParOldGen       total 86720K, used 20251K [0x0000000781000000, 0x00000007864b0000, 0x00000007d5ab0000)
  object space 86720K, 23% used [0x0000000781000000,0x00000007823c6da8,0x00000007864b0000)
 PSPermGen       total 21248K, used 20319K [0x000000077be00000, 0x000000077d2c0000, 0x0000000781000000)
  object space 21248K, 95% used [0x000000077be00000,0x000000077d1d7e98,0x000000077d2c0000)

Deoptimization events (0 events):
No events

Internal exceptions (10 events):
Event: 101.557 Thread 0x000000000c591000 Threw 0x00000007d5ae2c68 at C:\jdk7u1_64p\jdk7u11\hotspot\src\share\vm\prims\jvm.cpp:1166
Event: 101.558 Thread 0x000000000c591000 Threw 0x00000007d5ae5588 at C:\jdk7u1_64p\jdk7u11\hotspot\src\share\vm\prims\jvm.cpp:1166
Event: 102.792 Thread 0x000000000c591000 Threw 0x00000007d6aef5f0 at C:\jdk7u1_64p\jdk7u11\hotspot\src\share\vm\prims\jvm.cpp:1166
Event: 113.735 Thread 0x000000000c591000 Threw 0x00000007d6232428 at C:\jdk7u1_64p\jdk7u11\hotspot\src\share\vm\prims\jvm.cpp:1166
Event: 173.450 Thread 0x000000000c591000 Threw 0x00000007d5bf84a0 at C:\jdk7u1_64p\jdk7u11\hotspot\src\share\vm\prims\jvm.cpp:1166
Event: 173.630 Thread 0x000000000c591000 Threw 0x00000007d5c102f8 at C:\jdk7u1_64p\jdk7u11\hotspot\src\share\vm\prims\jvm.cpp:1166
Event: 173.634 Thread 0x000000000c591000 Threw 0x00000007d5c13738 at C:\jdk7u1_64p\jdk7u11\hotspot\src\share\vm\prims\jvm.cpp:1166
Event: 179.884 Thread 0x000000000c591000 Threw 0x00000007d5c58590 at C:\jdk7u1_64p\jdk7u11\hotspot\src\share\vm\prims\jvm.cpp:1166
Event: 180.077 Thread 0x000000000c591000 Threw 0x00000007d5c60490 at C:\jdk7u1_64p\jdk7u11\hotspot\src\share\vm\prims\jvm.cpp:1166
Event: 186.217 Thread 0x000000000c591000 Threw 0x00000007d6427808 at C:\jdk7u1_64p\jdk7u11\hotspot\src\share\vm\prims\jvm.cpp:1166

Events (10 events):
Event: 647.794 Executing VM operation: ParallelGCSystemGC done
Event: 649.121 Executing VM operation: ParallelGCSystemGC
Event: 649.256 Executing VM operation: ParallelGCSystemGC done
Event: 649.257 Executing VM operation: ParallelGCSystemGC
Event: 649.382 Executing VM operation: ParallelGCSystemGC done
Event: 1633.203 Executing VM operation: BulkRevokeBias
Event: 1633.203 Executing VM operation: BulkRevokeBias done
Event: 1645.739 Executing VM operation: BulkRevokeBias
Event: 1645.740 Executing VM operation: BulkRevokeBias done
Event: 1645.788 Executing VM operation: ParallelGCFailedAllocation


Dynamic libraries:
0x000000013fec0000 - 0x000000013fef3000 	C:\Program Files\Java\jdk1.7.0_11\bin\java.exe
0x0000000077a30000 - 0x0000000077bd9000 	C:\Windows\SYSTEM32\ntdll.dll
0x0000000077810000 - 0x000000007792f000 	C:\Windows\system32\kernel32.dll
0x000007fefdae0000 - 0x000007fefdb4c000 	C:\Windows\system32\KERNELBASE.dll
0x000007fefe470000 - 0x000007fefe54b000 	C:\Windows\system32\ADVAPI32.dll
0x000007fefe300000 - 0x000007fefe39f000 	C:\Windows\system32\msvcrt.dll
0x000007fefdbc0000 - 0x000007fefdbdf000 	C:\Windows\SYSTEM32\sechost.dll
0x000007fefddc0000 - 0x000007fefdeed000 	C:\Windows\system32\RPCRT4.dll
0x0000000077930000 - 0x0000000077a2a000 	C:\Windows\system32\USER32.dll
0x000007fefe7f0000 - 0x000007fefe857000 	C:\Windows\system32\GDI32.dll
0x000007fefe550000 - 0x000007fefe55e000 	C:\Windows\system32\LPK.dll
0x000007fefe3a0000 - 0x000007fefe469000 	C:\Windows\system32\USP10.dll
0x000007fefc130000 - 0x000007fefc324000 	C:\Windows\WinSxS\amd64_microsoft.windows.common-controls_6595b64144ccf1df_6.0.7601.17514_none_fa396087175ac9ac\COMCTL32.dll
0x000007fefe560000 - 0x000007fefe5d1000 	C:\Windows\system32\SHLWAPI.dll
0x000007fefe860000 - 0x000007fefe88e000 	C:\Windows\system32\IMM32.DLL
0x000007feffc30000 - 0x000007feffd39000 	C:\Windows\system32\MSCTF.dll
0x0000000050520000 - 0x00000000505f1000 	C:\Program Files\Java\jdk1.7.0_11\jre\bin\msvcr100.dll
0x00000000506e0000 - 0x0000000050dff000 	C:\Program Files\Java\jdk1.7.0_11\jre\bin\server\jvm.dll
0x000007fefafd0000 - 0x000007fefafd9000 	C:\Windows\system32\WSOCK32.dll
0x000007feff870000 - 0x000007feff8bd000 	C:\Windows\system32\WS2_32.dll
0x000007fefdbb0000 - 0x000007fefdbb8000 	C:\Windows\system32\NSI.dll
0x000007fefbc30000 - 0x000007fefbc6b000 	C:\Windows\system32\WINMM.dll
0x0000000077c00000 - 0x0000000077c07000 	C:\Windows\system32\PSAPI.DLL
0x00000000506a0000 - 0x00000000506df000 	C:\Program Files\Java\jdk1.7.0_11\jre\bin\splashscreen.dll
0x0000000050690000 - 0x000000005069f000 	C:\Program Files\Java\jdk1.7.0_11\jre\bin\verify.dll
0x0000000050660000 - 0x0000000050688000 	C:\Program Files\Java\jdk1.7.0_11\jre\bin\java.dll
0x000000006cd80000 - 0x000000006cdb5000 	C:\Program Files\Java\jdk1.7.0_11\jre\bin\jdwp.dll
0x000000006e860000 - 0x000000006e868000 	C:\Program Files\Java\jdk1.7.0_11\jre\bin\npt.dll
0x0000000050640000 - 0x0000000050655000 	C:\Program Files\Java\jdk1.7.0_11\jre\bin\zip.dll
0x000007fefbbd0000 - 0x000007fefbc26000 	C:\Windows\system32\uxtheme.dll
0x0000000180000000 - 0x00000001800eb000 	C:\Program Files\Hewlett-Packard\HP ProtectTools Security Manager\Bin\DpoFeedb.dll
0x000007fefe160000 - 0x000007fefe237000 	C:\Windows\system32\OLEAUT32.dll
0x000007fefe5e0000 - 0x000007fefe7e3000 	C:\Windows\system32\ole32.dll
0x000007fefcae0000 - 0x000007fefcaec000 	C:\Windows\system32\VERSION.dll
0x000007fefd930000 - 0x000007fefd94e000 	C:\Windows\system32\USERENV.dll
0x000007fefd800000 - 0x000007fefd80f000 	C:\Windows\system32\profapi.dll
0x000007fefd650000 - 0x000007fefd65f000 	C:\Windows\system32\CRYPTBASE.dll
0x000007fef01f0000 - 0x000007fef0221000 	C:\Program Files\Hewlett-Packard\HP ProtectTools Security Manager\Bin\DpoSet.dll
0x000000006fa00000 - 0x000000006fad3000 	C:\Windows\WinSxS\amd64_microsoft.vc90.crt_1fc8b3b9a1e18e3b_9.0.30729.6161_none_08e61857a83bc251\MSVCP90.dll
0x0000000073610000 - 0x00000000736b3000 	C:\Windows\WinSxS\amd64_microsoft.vc90.crt_1fc8b3b9a1e18e3b_9.0.30729.6161_none_08e61857a83bc251\MSVCR90.dll
0x000000005c9c0000 - 0x000000005c9cb000 	C:\Program Files\Java\jdk1.7.0_11\jre\bin\dt_shmem.dll
0x0000000050380000 - 0x0000000050513000 	C:\Program Files\Java\jdk1.7.0_11\jre\bin\awt.dll
0x000007fefb760000 - 0x000007fefb778000 	C:\Windows\system32\dwmapi.dll
0x0000000050340000 - 0x0000000050374000 	C:\Program Files\Java\jdk1.7.0_11\jre\bin\fontmanager.dll
0x0000000050620000 - 0x0000000050639000 	C:\Program Files\Java\jdk1.7.0_11\jre\bin\net.dll
0x000007fefcf90000 - 0x000007fefcfe5000 	C:\Windows\system32\mswsock.dll
0x000007fefcf80000 - 0x000007fefcf87000 	C:\Windows\System32\wship6.dll
0x0000000050600000 - 0x0000000050611000 	C:\Program Files\Java\jdk1.7.0_11\jre\bin\nio.dll
0x00000000502f0000 - 0x0000000050331000 	C:\Program Files\Java\jdk1.7.0_11\jre\bin\t2k.dll
0x000007fefe890000 - 0x000007feff618000 	C:\Windows\system32\SHELL32.dll
0x0000000050220000 - 0x0000000050250000 	C:\Program Files\Java\jdk1.7.0_11\jre\bin\jpeg.dll
0x000007feffb90000 - 0x000007feffc29000 	C:\Windows\system32\CLBCatQ.DLL
0x000007fefb070000 - 0x000007fefb1d1000 	C:\Windows\system32\WindowsCodecs.dll
0x000007fefd5f0000 - 0x000007fefd647000 	C:\Windows\system32\apphelp.dll
0x000007fef8910000 - 0x000007fef8b4d000 	C:\PROGRA~1\MIF5BA~1\Office15\GROOVEEX.DLL
0x0000000071520000 - 0x00000000715b8000 	C:\Windows\system32\MSVCP100.dll
0x00000000714f0000 - 0x000000007151b000 	C:\Windows\system32\ATL100.DLL
0x000007fef8210000 - 0x000007fef852d000 	C:\Windows\system32\msi.dll
0x000007fef5ce0000 - 0x000007fef656c000 	C:\PROGRA~1\MIF5BA~1\Office15\1036\GrooveIntlResource.dll
0x0000000070f70000 - 0x0000000070f86000 	C:\Program Files\Common Files\TortoiseOverlays\TortoiseOverlays.dll
0x0000000070f60000 - 0x0000000070f70000 	C:\Program Files\TortoiseSVN\bin\TortoiseStub.dll
0x0000000070220000 - 0x000000007029b000 	C:\Program Files\TortoiseSVN\bin\TortoiseSVN.dll
0x000007feff620000 - 0x000007feff868000 	C:\Windows\system32\WININET.dll
0x000007fefd960000 - 0x000007fefd964000 	C:\Windows\system32\api-ms-win-downlevel-user32-l1-1-0.dll
0x000007fefdb50000 - 0x000007fefdb54000 	C:\Windows\system32\api-ms-win-downlevel-shlwapi-l1-1-0.dll
0x000007fefd950000 - 0x000007fefd954000 	C:\Windows\system32\api-ms-win-downlevel-version-l1-1-0.dll
0x000007fefd8e0000 - 0x000007fefd8e3000 	C:\Windows\system32\api-ms-win-downlevel-normaliz-l1-1-0.dll
0x0000000077bf0000 - 0x0000000077bf3000 	C:\Windows\system32\normaliz.DLL
0x000007feff8c0000 - 0x000007feffb87000 	C:\Windows\system32\iertutil.dll
0x000007fefdba0000 - 0x000007fefdba5000 	C:\Windows\system32\api-ms-win-downlevel-advapi32-l1-1-0.dll
0x000007fef58f0000 - 0x000007fef5cdd000 	C:\Program Files\TortoiseSVN\bin\libsvn_tsvn.dll
0x00000000701f0000 - 0x000000007021b000 	C:\Program Files\TortoiseSVN\bin\libapr_tsvn.dll
0x000000006fbd0000 - 0x000000006fc11000 	C:\Program Files\TortoiseSVN\bin\libaprutil_tsvn.dll
0x000007fefdef0000 - 0x000007fefdf42000 	C:\Windows\system32\WLDAP32.dll
0x000007fef8130000 - 0x000007fef8140000 	C:\Program Files\TortoiseSVN\bin\intl3_tsvn.dll
0x000007fef7b20000 - 0x000007fef7b3a000 	C:\Program Files\TortoiseSVN\bin\libsasl.dll
0x000007fefd330000 - 0x000007fefd33b000 	C:\Windows\system32\Secur32.dll
0x000007fefd5b0000 - 0x000007fefd5d5000 	C:\Windows\system32\SSPICLI.DLL
0x000007fefd970000 - 0x000007fefdadc000 	C:\Windows\system32\CRYPT32.dll
0x000007fefd7f0000 - 0x000007fefd7ff000 	C:\Windows\system32\MSASN1.dll
0x000007fef7ae0000 - 0x000007fef7b15000 	C:\Windows\system32\EhStorShell.dll
0x000007fefdbe0000 - 0x000007fefddb7000 	C:\Windows\system32\SETUPAPI.dll
0x000007fefdb60000 - 0x000007fefdb96000 	C:\Windows\system32\CFGMGR32.dll
0x000007fefd810000 - 0x000007fefd82a000 	C:\Windows\system32\DEVOBJ.dll
0x000007fefbd30000 - 0x000007fefbe5c000 	C:\Windows\system32\PROPSYS.dll
0x000007fef5100000 - 0x000007fef576f000 	C:\PROGRA~1\MIF5BA~1\Office14\GROOVEEX.DLL
0x000000006f930000 - 0x000000006f95f000 	C:\Windows\WinSxS\amd64_microsoft.vc90.atl_1fc8b3b9a1e18e3b_9.0.30729.6161_none_0a1fd3a3a768b895\ATL90.DLL
0x000007fef4340000 - 0x000007fef475a000 	C:\PROGRA~1\COMMON~1\MICROS~1\OFFICE14\Cultures\office.odf
0x000007fef3ab0000 - 0x000007fef4338000 	C:\PROGRA~1\MIF5BA~1\Office14\1036\GrooveIntlResource.dll
0x0000000050250000 - 0x000000005027a000 	C:\Program Files\Java\jdk1.7.0_11\jre\bin\dcpr.dll
0x000007fefcff0000 - 0x000007fefd007000 	C:\Windows\system32\CRYPTSP.dll
0x000007fefccf0000 - 0x000007fefcd37000 	C:\Windows\system32\rsaenh.dll
0x000007fefb740000 - 0x000007fefb755000 	C:\Windows\system32\NLAapi.dll
0x000007fef8550000 - 0x000007fef8565000 	C:\Windows\system32\napinsp.dll
0x000007fef8530000 - 0x000007fef8549000 	C:\Windows\system32\pnrpnsp.dll
0x000007fef80c0000 - 0x000007fef80d0000 	C:\Windows\system32\wshbth.dll
0x0000000071970000 - 0x0000000071996000 	C:\Program Files\Bonjour\mdnsNSP.dll
0x000007fefadc0000 - 0x000007fefade7000 	C:\Windows\system32\Iphlpapi.DLL
0x000007fefad30000 - 0x000007fefad3b000 	C:\Windows\system32\WINNSI.DLL
0x000007fefce10000 - 0x000007fefce6b000 	C:\Windows\system32\DNSAPI.dll
0x000007fef8120000 - 0x000007fef812b000 	C:\Windows\System32\winrnr.dll
0x0000000071940000 - 0x000000007196e000 	c:\Program Files\Common Files\Microsoft Shared\Windows Live\WLIDNSP.DLL
0x000007fefc8d0000 - 0x000007fefc8d7000 	C:\Windows\System32\wshtcpip.dll
0x000007fef9ac0000 - 0x000007fef9ac8000 	C:\Windows\system32\rasadhlp.dll
0x000007fefac50000 - 0x000007fefaca3000 	C:\Windows\System32\fwpuclnt.dll
0x000007fef8c30000 - 0x000007fef8d55000 	C:\Windows\system32\dbghelp.dll

VM Arguments:
jvm_args: -Xdebug -Xrunjdwp:transport=dt_shmem,address=javadebug -Dfile.encoding=UTF-8 
java_command: marcadministrationclient.mARCAdministrationClient
Launcher Type: SUN_STANDARD

Environment Variables:
PATH=C:\Program Files (x86)\ImageMagick-6.8.7-Q16;C:\Program Files\Common Files\Microsoft Shared\Windows Live;C:\Program Files (x86)\AMD APP\bin\x86_64;C:\Program Files (x86)\AMD APP\bin\x86;C:\Windows\system32;C:\Windows;C:\Windows\System32\Wbem;C:\Program Files (x86)\ATI Technologies\ATI.ACE\Core-Static;C:\Windows\System32\WindowsPowerShell\v1.0\;C:\Program Files\Microsoft\Web Platform Installer\;C:\Program Files (x86)\Microsoft ASP.NET\ASP.NET Web Pages\v1.0\;C:\Program Files\Microsoft SQL Server\110\Tools\Binn\;C:\Program Files (x86)\Microsoft SQL Server\90\Tools\binn\;C:\Windows\System32\WindowsPowerShell\v1.0\;C:\Program Files\TortoiseSVN\bin;C:\Program Files (x86)\Windows Kits\8.1\Windows Performance Toolkit\;C:\Program Files (x86)\Microsoft SDKs\TypeScript\1.0\;C:\Program Files\Common Files\Microsoft Shared\Windows Live;C:\Program Files (x86)\CMake 2.8\bin
USERNAME=patrice
OS=Windows_NT
PROCESSOR_IDENTIFIER=Intel64 Family 6 Model 42 Stepping 7, GenuineIntel



---------------  S Y S T E M  ---------------

OS: Windows 7 , 64 bit Build 7601 Service Pack 1

CPU:total 2 (2 cores per cpu, 2 threads per core) family 6 model 42 stepping 7, cmov, cx8, fxsr, mmx, sse, sse2, sse3, ssse3, sse4.1, sse4.2, popcnt, avx, ht, tsc, tscinvbit

Memory: 4k page, physical 8321392k(2461484k free), swap 16640920k(9987200k free)

vm_info: Java HotSpot(TM) 64-Bit Server VM (23.6-b04) for windows-amd64 JRE (1.7.0_11-b21), built on Jan 12 2013 02:38:42 by "java_re" with unknown MS VC++:1600

time: Tue Dec 23 13:08:05 2014
elapsed time: 1645 seconds

