#
# A fatal error has been detected by the Java Runtime Environment:
#
#  EXCEPTION_ACCESS_VIOLATION (0xc0000005) at pc=0x000000005b349d28, pid=5416, tid=7780
#
# JRE version: 7.0_11-b21
# Java VM: Java HotSpot(TM) 64-Bit Server VM (23.6-b04 mixed mode windows-amd64 compressed oops)
# Problematic frame:
# V  [jvm.dll+0xc9d28]
#
# Failed to write core dump. Minidumps are not enabled by default on client versions of Windows
#
# If you would like to submit a bug report, please visit:
#   http://bugreport.sun.com/bugreport/crash.jsp
#

---------------  T H R E A D  ---------------

Current thread (0x000000000230d800):  GCTaskThread [stack: 0x0000000005de0000,0x0000000005ee0000] [id=7780]

siginfo: ExceptionCode=0xc0000005, reading address 0x0000000003480378

Registers:
RAX=0x0000000003480360, RBX=0x000000078163e990, RCX=0x0000000000000003, RDX=0x8241209048090048
RSP=0x0000000005edf860, RBP=0x0000000781633908, RSI=0x0000000000000005, RDI=0x000000000b46c460
R8 =0x0000000000000032, R9 =0x0000000000000003, R10=0x0000000000000000, R11=0x000000000000000c
R12=0x000000078163390c, R13=0x000000077be32dd8, R14=0x000000077be32de0, R15=0x00000007816338e8
RIP=0x000000005b349d28, EFLAGS=0x0000000000010206

Top of Stack: (sp=0x0000000005edf860)
0x0000000005edf860:   00000007810f2468 0000000781633904
0x0000000005edf870:   0000000000000005 000000000b46c460
0x0000000005edf880:   0000000000000000 00000000023047e0
0x0000000005edf890:   0000000002304bc8 000000000230c950
0x0000000005edf8a0:   0000000000000a98 000000005b5d920c
0x0000000005edf8b0:   000000000b855500 00000007816338e8
0x0000000005edf8c0:   000000000b46c460 00000000023047f0
0x0000000005edf8d0:   0000274a00000a91 0000000000000c00
0x0000000005edf8e0:   0000000000000000 0000000000000000
0x0000000005edf8f0:   000000000b4e0800 0000000002304701
0x0000000005edf900:   0000000005edf901 0000000002304bc8
0x0000000005edf910:   00000000023047f0 00000000023047e0
0x0000000005edf920:   00000000023047f0 000000000230c950
0x0000000005edf930:   00000000023047e0 000000000233adf0
0x0000000005edf940:   000000000b46c460 000000005b5d6824
0x0000000005edf950:   0000274900000a91 0000274a00000a91 

Instructions: (pc=0x000000005b349d28)
0x000000005b349d08:   82 55 01 00 00 80 3d d4 1f 5e 00 00 74 0e 8b 43
0x000000005b349d18:   08 41 8b c9 48 d3 e0 49 03 c2 eb 04 48 8b 43 08
0x000000005b349d28:   44 8b 40 18 48 8d 48 10 45 85 c0 7e 0c 41 f6 c0
0x000000005b349d38:   01 75 50 41 c1 f8 03 eb 59 79 48 80 3d 9e 1f 5e 


Register to memory mapping:

RAX=0x0000000003480360 is an unknown value
RBX=0x000000078163e990 is an oop
[C 
 - klass: {type array char}
 - length: 14
RCX=0x0000000000000003 is an unknown value
RDX=0x8241209048090048 is an unknown value
RSP=0x0000000005edf860 is an unknown value
RBP=0x0000000781633908 is an oop
java.lang.ref.Finalizer 
 - klass: 'java/lang/ref/Finalizer'
RSI=0x0000000000000005 is an unknown value
RDI=0x000000000b46c460 is an unknown value
R8 =0x0000000000000032 is an unknown value
R9 =0x0000000000000003 is an unknown value
R10=0x0000000000000000 is an unknown value
R11=0x000000000000000c is an unknown value
R12=0x000000078163390c is an oop
java.lang.ref.Finalizer 
 - klass: 'java/lang/ref/Finalizer'
R13=0x000000077be32dd8 is an oop
{instance class} 
 - klass: {other class}
R14=0x000000077be32de0 is an oop
[S 
 - klass: {type array short}
 - length: 16
R15=0x00000007816338e8 is an oop
java.lang.ref.Finalizer 
 - klass: 'java/lang/ref/Finalizer'


Stack: [0x0000000005de0000,0x0000000005ee0000],  sp=0x0000000005edf860,  free space=1022k
Native frames: (J=compiled Java code, j=interpreted, Vv=VM code, C=native code)
V  [jvm.dll+0xc9d28]


---------------  P R O C E S S  ---------------

Java Threads: ( => current thread )
  0x000000000d2a3000 JavaThread "TimerQueue" daemon [_thread_blocked, id=11008, stack(0x000000000dc80000,0x000000000dd80000)]
  0x000000000d104000 JavaThread "org.netbeans.modules.debugger.jpda.visual AWT Access Loop" daemon [_thread_blocked, id=10816, stack(0x000000000db10000,0x000000000dc10000)]
  0x00000000022de800 JavaThread "DestroyJavaVM" [_thread_blocked, id=1896, stack(0x0000000002600000,0x0000000002700000)]
  0x000000000b61c000 JavaThread "AWT-EventQueue-0" [_thread_blocked, id=1396, stack(0x000000000d820000,0x000000000d920000)]
  0x000000000d0f6800 JavaThread "AWT-Windows" daemon [_thread_blocked, id=11128, stack(0x000000000d670000,0x000000000d770000)]
  0x000000000b61b000 JavaThread "AWT-Shutdown" [_thread_blocked, id=9188, stack(0x000000000d520000,0x000000000d620000)]
  0x000000000b62f000 JavaThread "Java2D Disposer" daemon [_thread_blocked, id=9404, stack(0x000000000cff0000,0x000000000d0f0000)]
  0x000000000b596000 JavaThread "Service Thread" daemon [_thread_blocked, id=9888, stack(0x000000000cee0000,0x000000000cfe0000)]
  0x000000000b595800 JavaThread "C2 CompilerThread1" daemon [_thread_blocked, id=10472, stack(0x000000000ccb0000,0x000000000cdb0000)]
  0x000000000b590000 JavaThread "C2 CompilerThread0" daemon [_thread_blocked, id=8300, stack(0x000000000c7b0000,0x000000000c8b0000)]
  0x000000000b584000 JavaThread "JDWP Command Reader" daemon [_thread_in_native, id=10952, stack(0x000000000c2b0000,0x000000000c3b0000)]
  0x000000000b581000 JavaThread "JDWP Event Helper Thread" daemon [_thread_blocked, id=10984, stack(0x000000000cab0000,0x000000000cbb0000)]
  0x000000000b570000 JavaThread "JDWP Transport Listener: dt_shmem" daemon [_thread_blocked, id=10656, stack(0x000000000c8c0000,0x000000000c9c0000)]
  0x000000000b568800 JavaThread "Attach Listener" daemon [_thread_blocked, id=10280, stack(0x000000000c680000,0x000000000c780000)]
  0x000000000b565000 JavaThread "Signal Dispatcher" daemon [_thread_blocked, id=932, stack(0x000000000c520000,0x000000000c620000)]
  0x000000000b4e0800 JavaThread "Finalizer" daemon [_thread_blocked, id=10500, stack(0x000000000c400000,0x000000000c500000)]
  0x000000000b4d8800 JavaThread "Reference Handler" daemon [_thread_blocked, id=6436, stack(0x000000000c160000,0x000000000c260000)]

Other Threads:
  0x000000000b4d0800 VMThread [stack: 0x000000000bf90000,0x000000000c090000] [id=10860]
  0x000000000b597000 WatcherThread [stack: 0x000000000cdd0000,0x000000000ced0000] [id=10236]

=>0x000000000230d800 (exited) GCTaskThread [stack: 0x0000000005de0000,0x0000000005ee0000] [id=7780]

VM state:at safepoint (normal execution)

VM Mutex/Monitor currently owned by a thread:  ([mutex/lock_event])
[0x00000000022dca10] Threads_lock - owner thread: 0x000000000b4d0800
[0x00000000022dcf10] Heap_lock - owner thread: 0x000000000b61c000

Heap
 PSYoungGen      total 37952K, used 64K [0x00000007d5ab0000, 0x00000007d8500000, 0x0000000800000000)
  eden space 32576K, 0% used [0x00000007d5ab0000,0x00000007d5ab0000,0x00000007d7a80000)
  from space 5376K, 1% used [0x00000007d7fc0000,0x00000007d7fd0000,0x00000007d8500000)
  to   space 5376K, 0% used [0x00000007d7a80000,0x00000007d7a80000,0x00000007d7fc0000)
 ParOldGen       total 86720K, used 6421K [0x0000000781000000, 0x00000007864b0000, 0x00000007d5ab0000)
  object space 86720K, 7% used [0x0000000781000000,0x0000000781645580,0x00000007864b0000)
 PSPermGen       total 21504K, used 15033K [0x000000077be00000, 0x000000077d300000, 0x0000000781000000)
  object space 21504K, 69% used [0x000000077be00000,0x000000077ccae668,0x000000077d300000)

Card table byte_map: [0x0000000005700000,0x0000000005b30000] byte_map_base: 0x0000000001b21000

Polling page: 0x0000000000230000

Code Cache  [0x0000000002700000, 0x0000000002970000, 0x0000000005700000)
 total_blobs=747 nmethods=282 adapters=425 free_code_cache=48090Kb largest_free_block=49205120

Compilation events (10 events):
Event: 2445.547 Thread 0x000000000b590000  289             java.util.Vector::elementData (7 bytes)
Event: 2445.547 Thread 0x000000000b590000 nmethod 289 0x00000000027dc390 code [0x00000000027dc4c0, 0x00000000027dc598]
Event: 2445.557 Thread 0x000000000b595800  290   !         sun.font.FontDesignMetrics::getMetrics (266 bytes)
Event: 2445.572 Thread 0x000000000b595800 nmethod 290 0x0000000002810690 code [0x0000000002810980, 0x0000000002811d98]
Event: 2445.830 Thread 0x000000000b590000  291   !         sun.nio.cs.SingleByte$Encoder::encodeBufferLoop (183 bytes)
Event: 2445.830 Thread 0x000000000b595800  292             java.nio.StringCharBuffer::get (19 bytes)
Event: 2445.831 Thread 0x000000000b595800 nmethod 292 0x00000000027ca150 code [0x00000000027ca2a0, 0x00000000027ca438]
Event: 2445.832 Thread 0x000000000b595800  293             sun.nio.cs.SingleByte$Decoder::decodeArrayLoop (154 bytes)
Event: 2445.838 Thread 0x000000000b595800 nmethod 293 0x00000000027c6b50 code [0x00000000027c6cc0, 0x00000000027c7328]
Event: 2445.840 Thread 0x000000000b590000 nmethod 291 0x00000000027c5090 code [0x00000000027c52a0, 0x00000000027c5ba0]

GC Heap History (10 events):
Event: 2445.861 GC heap after
Heap after GC invocations=104 (full 50):
 PSYoungGen      total 37952K, used 96K [0x00000007d5ab0000, 0x00000007d8500000, 0x0000000800000000)
  eden space 32576K, 0% used [0x00000007d5ab0000,0x00000007d5ab0000,0x00000007d7a80000)
  from space 5376K, 1% used [0x00000007d7fc0000,0x00000007d7fd8000,0x00000007d8500000)
  to   space 5376K, 0% used [0x00000007d7a80000,0x00000007d7a80000,0x00000007d7fc0000)
 ParOldGen       total 86720K, used 6420K [0x0000000781000000, 0x00000007864b0000, 0x00000007d5ab0000)
  object space 86720K, 7% used [0x0000000781000000,0x0000000781645118,0x00000007864b0000)
 PSPermGen       total 21504K, used 15033K [0x000000077be00000, 0x000000077d300000, 0x0000000781000000)
  object space 21504K, 69% used [0x000000077be00000,0x000000077ccae668,0x000000077d300000)
}
Event: 2445.861 GC heap before
{Heap before GC invocations=105 (full 51):
 PSYoungGen      total 37952K, used 96K [0x00000007d5ab0000, 0x00000007d8500000, 0x0000000800000000)
  eden space 32576K, 0% used [0x00000007d5ab0000,0x00000007d5ab0000,0x00000007d7a80000)
  from space 5376K, 1% used [0x00000007d7fc0000,0x00000007d7fd8000,0x00000007d8500000)
  to   space 5376K, 0% used [0x00000007d7a80000,0x00000007d7a80000,0x00000007d7fc0000)
 ParOldGen       total 86720K, used 6420K [0x0000000781000000, 0x00000007864b0000, 0x00000007d5ab0000)
  object space 86720K, 7% used [0x0000000781000000,0x0000000781645118,0x00000007864b0000)
 PSPermGen       total 21504K, used 15033K [0x000000077be00000, 0x000000077d300000, 0x0000000781000000)
  object space 21504K, 69% used [0x000000077be00000,0x000000077ccae668,0x000000077d300000)
Event: 2445.886 GC heap after
Heap after GC invocations=105 (full 51):
 PSYoungGen      total 37952K, used 0K [0x00000007d5ab0000, 0x00000007d8500000, 0x0000000800000000)
  eden space 32576K, 0% used [0x00000007d5ab0000,0x00000007d5ab0000,0x00000007d7a80000)
  from space 5376K, 0% used [0x00000007d7fc0000,0x00000007d7fc0000,0x00000007d8500000)
  to   space 5376K, 0% used [0x00000007d7a80000,0x00000007d7a80000,0x00000007d7fc0000)
 ParOldGen       total 86720K, used 6426K [0x0000000781000000, 0x00000007864b0000, 0x00000007d5ab0000)
  object space 86720K, 7% used [0x0000000781000000,0x0000000781646920,0x00000007864b0000)
 PSPermGen       total 21504K, used 15033K [0x000000077be00000, 0x000000077d300000, 0x0000000781000000)
  object space 21504K, 69% used [0x000000077be00000,0x000000077ccae668,0x000000077d300000)
}
Event: 2445.886 GC heap before
{Heap before GC invocations=106 (full 51):
 PSYoungGen      total 37952K, used 579K [0x00000007d5ab0000, 0x00000007d8500000, 0x0000000800000000)
  eden space 32576K, 1% used [0x00000007d5ab0000,0x00000007d5b40dc0,0x00000007d7a80000)
  from space 5376K, 0% used [0x00000007d7fc0000,0x00000007d7fc0000,0x00000007d8500000)
  to   space 5376K, 0% used [0x00000007d7a80000,0x00000007d7a80000,0x00000007d7fc0000)
 ParOldGen       total 86720K, used 6426K [0x0000000781000000, 0x00000007864b0000, 0x00000007d5ab0000)
  object space 86720K, 7% used [0x0000000781000000,0x0000000781646920,0x00000007864b0000)
 PSPermGen       total 21504K, used 15033K [0x000000077be00000, 0x000000077d300000, 0x0000000781000000)
  object space 21504K, 69% used [0x000000077be00000,0x000000077ccae668,0x000000077d300000)
Event: 2445.887 GC heap after
Heap after GC invocations=106 (full 51):
 PSYoungGen      total 37952K, used 32K [0x00000007d5ab0000, 0x00000007d8500000, 0x0000000800000000)
  eden space 32576K, 0% used [0x00000007d5ab0000,0x00000007d5ab0000,0x00000007d7a80000)
  from space 5376K, 0% used [0x00000007d7a80000,0x00000007d7a88000,0x00000007d7fc0000)
  to   space 5376K, 0% used [0x00000007d7fc0000,0x00000007d7fc0000,0x00000007d8500000)
 ParOldGen       total 86720K, used 6426K [0x0000000781000000, 0x00000007864b0000, 0x00000007d5ab0000)
  object space 86720K, 7% used [0x0000000781000000,0x0000000781646920,0x00000007864b0000)
 PSPermGen       total 21504K, used 15033K [0x000000077be00000, 0x000000077d300000, 0x0000000781000000)
  object space 21504K, 69% used [0x000000077be00000,0x000000077ccae668,0x000000077d300000)
}
Event: 2445.887 GC heap before
{Heap before GC invocations=107 (full 52):
 PSYoungGen      total 37952K, used 32K [0x00000007d5ab0000, 0x00000007d8500000, 0x0000000800000000)
  eden space 32576K, 0% used [0x00000007d5ab0000,0x00000007d5ab0000,0x00000007d7a80000)
  from space 5376K, 0% used [0x00000007d7a80000,0x00000007d7a88000,0x00000007d7fc0000)
  to   space 5376K, 0% used [0x00000007d7fc0000,0x00000007d7fc0000,0x00000007d8500000)
 ParOldGen       total 86720K, used 6426K [0x0000000781000000, 0x00000007864b0000, 0x00000007d5ab0000)
  object space 86720K, 7% used [0x0000000781000000,0x0000000781646920,0x00000007864b0000)
 PSPermGen       total 21504K, used 15033K [0x000000077be00000, 0x000000077d300000, 0x0000000781000000)
  object space 21504K, 69% used [0x000000077be00000,0x000000077ccae668,0x000000077d300000)
Event: 2445.910 GC heap after
Heap after GC invocations=107 (full 52):
 PSYoungGen      total 37952K, used 0K [0x00000007d5ab0000, 0x00000007d8500000, 0x0000000800000000)
  eden space 32576K, 0% used [0x00000007d5ab0000,0x00000007d5ab0000,0x00000007d7a80000)
  from space 5376K, 0% used [0x00000007d7a80000,0x00000007d7a80000,0x00000007d7fc0000)
  to   space 5376K, 0% used [0x00000007d7fc0000,0x00000007d7fc0000,0x00000007d8500000)
 ParOldGen       total 86720K, used 6421K [0x0000000781000000, 0x00000007864b0000, 0x00000007d5ab0000)
  object space 86720K, 7% used [0x0000000781000000,0x0000000781645580,0x00000007864b0000)
 PSPermGen       total 21504K, used 15033K [0x000000077be00000, 0x000000077d300000, 0x0000000781000000)
  object space 21504K, 69% used [0x000000077be00000,0x000000077ccae668,0x000000077d300000)
}
Event: 2445.910 GC heap before
{Heap before GC invocations=108 (full 52):
 PSYoungGen      total 37952K, used 724K [0x00000007d5ab0000, 0x00000007d8500000, 0x0000000800000000)
  eden space 32576K, 2% used [0x00000007d5ab0000,0x00000007d5b650e8,0x00000007d7a80000)
  from space 5376K, 0% used [0x00000007d7a80000,0x00000007d7a80000,0x00000007d7fc0000)
  to   space 5376K, 0% used [0x00000007d7fc0000,0x00000007d7fc0000,0x00000007d8500000)
 ParOldGen       total 86720K, used 6421K [0x0000000781000000, 0x00000007864b0000, 0x00000007d5ab0000)
  object space 86720K, 7% used [0x0000000781000000,0x0000000781645580,0x00000007864b0000)
 PSPermGen       total 21504K, used 15033K [0x000000077be00000, 0x000000077d300000, 0x0000000781000000)
  object space 21504K, 69% used [0x000000077be00000,0x000000077ccae668,0x000000077d300000)
Event: 2445.911 GC heap after
Heap after GC invocations=108 (full 52):
 PSYoungGen      total 37952K, used 64K [0x00000007d5ab0000, 0x00000007d8500000, 0x0000000800000000)
  eden space 32576K, 0% used [0x00000007d5ab0000,0x00000007d5ab0000,0x00000007d7a80000)
  from space 5376K, 1% used [0x00000007d7fc0000,0x00000007d7fd0000,0x00000007d8500000)
  to   space 5376K, 0% used [0x00000007d7a80000,0x00000007d7a80000,0x00000007d7fc0000)
 ParOldGen       total 86720K, used 6421K [0x0000000781000000, 0x00000007864b0000, 0x00000007d5ab0000)
  object space 86720K, 7% used [0x0000000781000000,0x0000000781645580,0x00000007864b0000)
 PSPermGen       total 21504K, used 15033K [0x000000077be00000, 0x000000077d300000, 0x0000000781000000)
  object space 21504K, 69% used [0x000000077be00000,0x000000077ccae668,0x000000077d300000)
}
Event: 2445.911 GC heap before
{Heap before GC invocations=109 (full 53):
 PSYoungGen      total 37952K, used 64K [0x00000007d5ab0000, 0x00000007d8500000, 0x0000000800000000)
  eden space 32576K, 0% used [0x00000007d5ab0000,0x00000007d5ab0000,0x00000007d7a80000)
  from space 5376K, 1% used [0x00000007d7fc0000,0x00000007d7fd0000,0x00000007d8500000)
  to   space 5376K, 0% used [0x00000007d7a80000,0x00000007d7a80000,0x00000007d7fc0000)
 ParOldGen       total 86720K, used 6421K [0x0000000781000000, 0x00000007864b0000, 0x00000007d5ab0000)
  object space 86720K, 7% used [0x0000000781000000,0x0000000781645580,0x00000007864b0000)
 PSPermGen       total 21504K, used 15033K [0x000000077be00000, 0x000000077d300000, 0x0000000781000000)
  object space 21504K, 69% used [0x000000077be00000,0x000000077ccae668,0x000000077d300000)

Deoptimization events (0 events):
No events

Internal exceptions (10 events):
Event: 2400.322 Thread 0x000000000b61c000 Threw 0x00000007d6c13e98 at C:\jdk7u1_64p\jdk7u11\hotspot\src\share\vm\prims\jvm.cpp:1166
Event: 2431.321 Thread 0x000000000b61c000 Threw 0x00000007d6d29bd8 at C:\jdk7u1_64p\jdk7u11\hotspot\src\share\vm\prims\jvm.cpp:1166
Event: 2431.326 Thread 0x000000000b61c000 Threw 0x00000007d6d46590 at C:\jdk7u1_64p\jdk7u11\hotspot\src\share\vm\prims\jvm.cpp:1166
Event: 2431.384 Thread 0x000000000b61c000 Threw 0x00000007d5ab0588 at C:\jdk7u1_64p\jdk7u11\hotspot\src\share\vm\prims\jvm.cpp:1166
Event: 2431.437 Thread 0x000000000b61c000 Threw 0x00000007d5ada9b0 at C:\jdk7u1_64p\jdk7u11\hotspot\src\share\vm\prims\jvm.cpp:1166
Event: 2431.437 Thread 0x000000000b61c000 Threw 0x00000007d5adc758 at C:\jdk7u1_64p\jdk7u11\hotspot\src\share\vm\prims\jvm.cpp:1166
Event: 2431.490 Thread 0x000000000b61c000 Threw 0x00000007d5b1f5b0 at C:\jdk7u1_64p\jdk7u11\hotspot\src\share\vm\prims\jvm.cpp:1166
Event: 2433.783 Thread 0x000000000b61c000 Threw 0x00000007d5beb470 at C:\jdk7u1_64p\jdk7u11\hotspot\src\share\vm\prims\jvm.cpp:1166
Event: 2433.789 Thread 0x000000000b61c000 Threw 0x00000007d5c18f70 at C:\jdk7u1_64p\jdk7u11\hotspot\src\share\vm\prims\jvm.cpp:1166
Event: 2433.803 Thread 0x000000000b61c000 Threw 0x00000007d5c37d80 at C:\jdk7u1_64p\jdk7u11\hotspot\src\share\vm\prims\jvm.cpp:1166

Events (10 events):
Event: 2445.360 Thread 0x000000000b595800 flushing nmethod 0x00000000027c2a90
Event: 2445.360 Thread 0x000000000b595800 flushing nmethod 0x00000000027c6b50
Event: 2445.360 Thread 0x000000000b595800 flushing nmethod 0x00000000027c7590
Event: 2445.360 Thread 0x000000000b595800 flushing nmethod 0x00000000027c9ed0
Event: 2445.416 Thread 0x000000000b590000 flushing nmethod 0x00000000027dc250
Event: 2445.861 Executing VM operation: ParallelGCSystemGC
Event: 2445.886 Executing VM operation: ParallelGCSystemGC done
Event: 2445.886 Executing VM operation: ParallelGCSystemGC
Event: 2445.910 Executing VM operation: ParallelGCSystemGC done
Event: 2445.910 Executing VM operation: ParallelGCSystemGC


Dynamic libraries:
0x000000013fda0000 - 0x000000013fdd3000 	C:\Program Files\Java\jdk1.7.0_11\bin\java.exe
0x0000000077480000 - 0x0000000077629000 	C:\Windows\SYSTEM32\ntdll.dll
0x0000000077260000 - 0x000000007737f000 	C:\Windows\system32\kernel32.dll
0x000007fefd380000 - 0x000007fefd3ec000 	C:\Windows\system32\KERNELBASE.dll
0x000007feff2b0000 - 0x000007feff38b000 	C:\Windows\system32\ADVAPI32.dll
0x000007feff430000 - 0x000007feff4cf000 	C:\Windows\system32\msvcrt.dll
0x000007feff030000 - 0x000007feff04f000 	C:\Windows\SYSTEM32\sechost.dll
0x000007fefd740000 - 0x000007fefd86d000 	C:\Windows\system32\RPCRT4.dll
0x0000000077380000 - 0x000000007747a000 	C:\Windows\system32\USER32.dll
0x000007fefdb20000 - 0x000007fefdb87000 	C:\Windows\system32\GDI32.dll
0x000007fefdd70000 - 0x000007fefdd7e000 	C:\Windows\system32\LPK.dll
0x000007feff550000 - 0x000007feff619000 	C:\Windows\system32\USP10.dll
0x000007fefbbd0000 - 0x000007fefbdc4000 	C:\Windows\WinSxS\amd64_microsoft.windows.common-controls_6595b64144ccf1df_6.0.7601.17514_none_fa396087175ac9ac\COMCTL32.dll
0x000007fefd6c0000 - 0x000007fefd731000 	C:\Windows\system32\SHLWAPI.dll
0x000007feff050000 - 0x000007feff07e000 	C:\Windows\system32\IMM32.DLL
0x000007fefdd80000 - 0x000007fefde89000 	C:\Windows\system32\MSCTF.dll
0x000000005bfe0000 - 0x000000005c0b1000 	C:\Program Files\Java\jdk1.7.0_11\jre\bin\msvcr100.dll
0x000000005b280000 - 0x000000005b99f000 	C:\Program Files\Java\jdk1.7.0_11\jre\bin\server\jvm.dll
0x000007fefaae0000 - 0x000007fefaae9000 	C:\Windows\system32\WSOCK32.dll
0x000007fefdf30000 - 0x000007fefdf7d000 	C:\Windows\system32\WS2_32.dll
0x000007fefd6b0000 - 0x000007fefd6b8000 	C:\Windows\system32\NSI.dll
0x000007fefb6d0000 - 0x000007fefb70b000 	C:\Windows\system32\WINMM.dll
0x0000000077640000 - 0x0000000077647000 	C:\Windows\system32\PSAPI.DLL
0x000000005d360000 - 0x000000005d36f000 	C:\Program Files\Java\jdk1.7.0_11\jre\bin\verify.dll
0x000000005d330000 - 0x000000005d358000 	C:\Program Files\Java\jdk1.7.0_11\jre\bin\java.dll
0x000000006ce60000 - 0x000000006ce95000 	C:\Program Files\Java\jdk1.7.0_11\jre\bin\jdwp.dll
0x000000006e460000 - 0x000000006e468000 	C:\Program Files\Java\jdk1.7.0_11\jre\bin\npt.dll
0x000000005bfc0000 - 0x000000005bfd5000 	C:\Program Files\Java\jdk1.7.0_11\jre\bin\zip.dll
0x000000006c940000 - 0x000000006c94b000 	C:\Program Files\Java\jdk1.7.0_11\jre\bin\dt_shmem.dll
0x0000000052b30000 - 0x0000000052cc3000 	C:\Program Files\Java\jdk1.7.0_11\jre\bin\awt.dll
0x000007fefed10000 - 0x000007fefede7000 	C:\Windows\system32\OLEAUT32.dll
0x000007feff0a0000 - 0x000007feff2a3000 	C:\Windows\system32\ole32.dll
0x000007fefb670000 - 0x000007fefb6c6000 	C:\Windows\system32\uxtheme.dll
0x0000000180000000 - 0x00000001800eb000 	C:\Program Files\Hewlett-Packard\HP ProtectTools Security Manager\Bin\DpoFeedb.dll
0x000007fefc580000 - 0x000007fefc58c000 	C:\Windows\system32\VERSION.dll
0x000007fefd300000 - 0x000007fefd31e000 	C:\Windows\system32\USERENV.dll
0x000007fefd2a0000 - 0x000007fefd2af000 	C:\Windows\system32\profapi.dll
0x000007fefb1a0000 - 0x000007fefb1b8000 	C:\Windows\system32\dwmapi.dll
0x000007fefd0f0000 - 0x000007fefd0ff000 	C:\Windows\system32\CRYPTBASE.dll
0x000007fef9ff0000 - 0x000007fefa021000 	C:\Program Files\Hewlett-Packard\HP ProtectTools Security Manager\Bin\DpoSet.dll
0x0000000067840000 - 0x0000000067913000 	C:\Windows\WinSxS\amd64_microsoft.vc90.crt_1fc8b3b9a1e18e3b_9.0.30729.6161_none_08e61857a83bc251\MSVCP90.dll
0x00000000730b0000 - 0x0000000073153000 	C:\Windows\WinSxS\amd64_microsoft.vc90.crt_1fc8b3b9a1e18e3b_9.0.30729.6161_none_08e61857a83bc251\MSVCR90.dll
0x000007fefdf80000 - 0x000007fefed08000 	C:\Windows\system32\SHELL32.dll
0x000000005b260000 - 0x000000005b279000 	C:\Program Files\Java\jdk1.7.0_11\jre\bin\net.dll
0x000007fefca30000 - 0x000007fefca85000 	C:\Windows\system32\mswsock.dll
0x000007fefca20000 - 0x000007fefca27000 	C:\Windows\System32\wship6.dll
0x000000005bd70000 - 0x000000005bd81000 	C:\Program Files\Java\jdk1.7.0_11\jre\bin\nio.dll
0x000000006dbc0000 - 0x000000006dbf0000 	C:\Program Files\Java\jdk1.7.0_11\jre\bin\jpeg.dll
0x0000000052160000 - 0x0000000052194000 	C:\Program Files\Java\jdk1.7.0_11\jre\bin\fontmanager.dll
0x0000000051fe0000 - 0x0000000052021000 	C:\Program Files\Java\jdk1.7.0_11\jre\bin\t2k.dll
0x000007fefde90000 - 0x000007fefdf29000 	C:\Windows\system32\CLBCatQ.DLL
0x000007fefaaf0000 - 0x000007fefac51000 	C:\Windows\system32\WindowsCodecs.dll
0x000007fefd090000 - 0x000007fefd0e7000 	C:\Windows\system32\apphelp.dll
0x000007fef3970000 - 0x000007fef3bad000 	C:\PROGRA~1\MIF5BA~1\Office15\GROOVEEX.DLL
0x0000000067430000 - 0x00000000674c8000 	C:\Windows\system32\MSVCP100.dll
0x0000000072d30000 - 0x0000000072d5b000 	C:\Windows\system32\ATL100.DLL
0x000007fef35c0000 - 0x000007fef38dc000 	C:\Windows\system32\msi.dll
0x000007fef3bf0000 - 0x000007fef447c000 	C:\PROGRA~1\MIF5BA~1\Office15\1036\GrooveIntlResource.dll
0x0000000072d10000 - 0x0000000072d26000 	C:\Program Files\Common Files\TortoiseOverlays\TortoiseOverlays.dll
0x0000000072d00000 - 0x0000000072d10000 	C:\Program Files\TortoiseSVN\bin\TortoiseStub.dll
0x0000000067af0000 - 0x0000000067b6b000 	C:\Program Files\TortoiseSVN\bin\TortoiseSVN.dll
0x000007fefedf0000 - 0x000007feff02b000 	C:\Windows\system32\WININET.dll
0x000007fefd2e0000 - 0x000007fefd2e4000 	C:\Windows\system32\api-ms-win-downlevel-user32-l1-1-0.dll
0x000007fefd5a0000 - 0x000007fefd5a4000 	C:\Windows\system32\api-ms-win-downlevel-shlwapi-l1-1-0.dll
0x000007fefd2d0000 - 0x000007fefd2d4000 	C:\Windows\system32\api-ms-win-downlevel-version-l1-1-0.dll
0x000007fefd320000 - 0x000007fefd323000 	C:\Windows\system32\api-ms-win-downlevel-normaliz-l1-1-0.dll
0x0000000077650000 - 0x0000000077653000 	C:\Windows\system32\normaliz.DLL
0x000007fefd870000 - 0x000007fefdb20000 	C:\Windows\system32\iertutil.dll
0x000007fefd330000 - 0x000007fefd335000 	C:\Windows\system32\api-ms-win-downlevel-advapi32-l1-1-0.dll
0x000007fef2380000 - 0x000007fef276d000 	C:\Program Files\TortoiseSVN\bin\libsvn_tsvn.dll
0x0000000072cd0000 - 0x0000000072cfb000 	C:\Program Files\TortoiseSVN\bin\libapr_tsvn.dll
0x0000000067960000 - 0x00000000679a1000 	C:\Program Files\TortoiseSVN\bin\libaprutil_tsvn.dll
0x000007fefd650000 - 0x000007fefd6a2000 	C:\Windows\system32\WLDAP32.dll
0x000007fef5d50000 - 0x000007fef5d60000 	C:\Program Files\TortoiseSVN\bin\intl3_tsvn.dll
0x000007fef3bd0000 - 0x000007fef3bea000 	C:\Program Files\TortoiseSVN\bin\libsasl.dll
0x000007fefcdd0000 - 0x000007fefcddb000 	C:\Windows\system32\Secur32.dll
0x000007fefd050000 - 0x000007fefd075000 	C:\Windows\system32\SSPICLI.DLL
0x000007fefd3f0000 - 0x000007fefd55c000 	C:\Windows\system32\CRYPT32.dll
0x000007fefd290000 - 0x000007fefd29f000 	C:\Windows\system32\MSASN1.dll
0x000007fef2340000 - 0x000007fef2375000 	C:\Windows\system32\EhStorShell.dll
0x000007fefdb90000 - 0x000007fefdd67000 	C:\Windows\system32\SETUPAPI.dll
0x000007fefd340000 - 0x000007fefd376000 	C:\Windows\system32\CFGMGR32.dll
0x000007fefd2b0000 - 0x000007fefd2ca000 	C:\Windows\system32\DEVOBJ.dll
0x000007fefb7f0000 - 0x000007fefb91c000 	C:\Windows\system32\PROPSYS.dll
0x000007fef1cd0000 - 0x000007fef233f000 	C:\PROGRA~1\MIF5BA~1\Office14\GROOVEEX.DLL
0x0000000067810000 - 0x000000006783f000 	C:\Windows\WinSxS\amd64_microsoft.vc90.atl_1fc8b3b9a1e18e3b_9.0.30729.6161_none_0a1fd3a3a768b895\ATL90.DLL
0x000007fef18b0000 - 0x000007fef1cca000 	C:\PROGRA~1\COMMON~1\MICROS~1\OFFICE14\Cultures\office.odf
0x000007fef1020000 - 0x000007fef18a8000 	C:\PROGRA~1\MIF5BA~1\Office14\1036\GrooveIntlResource.dll
0x000000006c620000 - 0x000000006c64a000 	C:\Program Files\Java\jdk1.7.0_11\jre\bin\dcpr.dll
0x000007fee3850000 - 0x000007fee38ee000 	C:\Windows\system32\RICHED20.DLL
0x000007fef6f50000 - 0x000007fef7075000 	C:\Windows\system32\dbghelp.dll

VM Arguments:
jvm_args: -Xdebug -Xrunjdwp:transport=dt_shmem,address=javadebug -Dfile.encoding=UTF-8 
java_command: marcadministrationclient.MARCAdministrationClient
Launcher Type: SUN_STANDARD

Environment Variables:
PATH=C:\Program Files (x86)\ImageMagick-6.8.7-Q16;C:\Program Files\Common Files\Microsoft Shared\Windows Live;C:\Program Files (x86)\AMD APP\bin\x86_64;C:\Program Files (x86)\AMD APP\bin\x86;C:\Windows\system32;C:\Windows;C:\Windows\System32\Wbem;C:\Program Files (x86)\ATI Technologies\ATI.ACE\Core-Static;C:\Windows\System32\WindowsPowerShell\v1.0\;C:\Program Files\Microsoft\Web Platform Installer\;C:\Program Files (x86)\Microsoft ASP.NET\ASP.NET Web Pages\v1.0\;C:\Program Files\Microsoft SQL Server\110\Tools\Binn\;C:\Program Files (x86)\Microsoft SQL Server\90\Tools\binn\;C:\Windows\System32\WindowsPowerShell\v1.0\;C:\Program Files\TortoiseSVN\bin;C:\Program Files (x86)\Windows Kits\8.1\Windows Performance Toolkit\;C:\Program Files (x86)\Microsoft SDKs\TypeScript\1.0\;C:\Program Files\Common Files\Microsoft Shared\Windows Live;C:\Program Files (x86)\CMake 2.8\bin
USERNAME=patrice
OS=Windows_NT
PROCESSOR_IDENTIFIER=Intel64 Family 6 Model 42 Stepping 7, GenuineIntel



---------------  S Y S T E M  ---------------

OS: Windows 7 , 64 bit Build 7601 Service Pack 1

CPU:total 2 (2 cores per cpu, 2 threads per core) family 6 model 42 stepping 7, cmov, cx8, fxsr, mmx, sse, sse2, sse3, ssse3, sse4.1, sse4.2, popcnt, avx, ht, tsc, tscinvbit

Memory: 4k page, physical 8321392k(2954780k free), swap 16640920k(9872092k free)

vm_info: Java HotSpot(TM) 64-Bit Server VM (23.6-b04) for windows-amd64 JRE (1.7.0_11-b21), built on Jan 12 2013 02:38:42 by "java_re" with unknown MS VC++:1600

time: Wed Oct 29 16:18:23 2014
elapsed time: 2445 seconds

