#
# A fatal error has been detected by the Java Runtime Environment:
#
#  EXCEPTION_ACCESS_VIOLATION (0xc0000005) at pc=0x000000006e0a53b0, pid=6240, tid=7804
#
# JRE version: 7.0_11-b21
# Java VM: Java HotSpot(TM) 64-Bit Server VM (23.6-b04 mixed mode windows-amd64 compressed oops)
# Problematic frame:
# V  [jvm.dll+0x253b0]
#
# Failed to write core dump. Minidumps are not enabled by default on client versions of Windows
#
# If you would like to submit a bug report, please visit:
#   http://bugreport.sun.com/bugreport/crash.jsp
#

---------------  T H R E A D  ---------------

Current thread (0x0000000001e3e800):  GCTaskThread [stack: 0x0000000002020000,0x0000000002120000] [id=7804]

siginfo: ExceptionCode=0xc0000005, reading address 0x0000000000000018

Registers:
RAX=0x0000000000000001, RBX=0x00000007d5ab0060, RCX=0x00000007d5ab0060, RDX=0x0000000000000010
RSP=0x000000000211f528, RBP=0x000000000563e562, RSI=0x0000000002341e20, RDI=0x0000000781aac2f8
R8 =0x0000000002341e20, R9 =0x0000000000000000, R10=0x000001eaef7c00ca, R11=0x00000007d73b1ff8
R12=0x000000000563e55c, R13=0x00000000ef7c54f9, R14=0x0000000000000000, R15=0x0000000001e33850
RIP=0x000000006e0a53b0, EFLAGS=0x0000000000010202

Top of Stack: (sp=0x000000000211f528)
0x000000000211f528:   000000006e3e22c6 0000000000000009
0x000000000211f538:   0000000000000003 0000000002341e20
0x000000000211f548:   000000006e3dd6e9 00000007d73b0000
0x000000000211f558:   0000000000001000 0000000781aa7cf8
0x000000000211f568:   0000000000000010 0000000000000000
0x000000000211f578:   0000000002341e00 000000000563e55c
0x000000000211f588:   000000006e3e2650 0000000781aabffc
0x000000000211f598:   000000000563e562 0000000002341e20
0x000000000211f5a8:   0000000781aac2f8 0000000781aabffc
0x000000000211f5b8:   000000006e3e3212 0000000000b94ff5
0x000000000211f5c8:   000007fefd7510dc 00000000023019e0
0x000000000211f5d8:   0000000781aa7d10 0000000000b95000
0x000000000211f5e8:   000000006e3e0f2d 0000000781069164
0x000000000211f5f8:   000000006e14b449 0000000781aac2e0
0x000000000211f608:   000000006e148b83 0000000781aac2dd
0x000000000211f618:   0000000781aac2dd 0000000781aac2a4 

Instructions: (pc=0x000000006e0a53b0)
0x000000006e0a5390:   0d 44 0f b7 c0 48 83 c1 48 e8 d8 7d 4c 00 48 83
0x000000006e0a53a0:   c4 28 c3 cc cc cc cc cc cc cc cc cc cc cc cc cc
0x000000006e0a53b0:   44 8b 42 08 4c 8b ca 45 85 c0 7e 0e 41 f6 c0 01
0x000000006e0a53c0:   75 57 41 c1 f8 03 41 8b c0 c3 79 4d 80 3d 15 69 


Register to memory mapping:

RAX=0x0000000000000001 is an unknown value
RBX=0x00000007d5ab0060 is an unknown value
RCX=0x00000007d5ab0060 is an unknown value
RDX=0x0000000000000010 is an unknown value
RSP=0x000000000211f528 is an unknown value
RBP=0x000000000563e562 is an unknown value
RSI=0x0000000002341e20 is an unknown value
RDI=
[error occurred during error reporting (printing register info), id 0xc0000005]

Stack: [0x0000000002020000,0x0000000002120000],  sp=0x000000000211f528,  free space=1021k
Native frames: (J=compiled Java code, j=interpreted, Vv=VM code, C=native code)
V  [jvm.dll+0x253b0]


---------------  P R O C E S S  ---------------

Java Threads: ( => current thread )
  0x000000000c57e800 JavaThread "SwingWorker-pool-1-thread-10" daemon [_thread_blocked, id=7868, stack(0x00000000115b0000,0x00000000116b0000)]
  0x000000000c57e000 JavaThread "SwingWorker-pool-1-thread-9" daemon [_thread_blocked, id=5192, stack(0x0000000011320000,0x0000000011420000)]
  0x000000000c57d000 JavaThread "SwingWorker-pool-1-thread-8" daemon [_thread_blocked, id=6936, stack(0x00000000111f0000,0x00000000112f0000)]
  0x000000000c57c800 JavaThread "SwingWorker-pool-1-thread-7" daemon [_thread_blocked, id=8748, stack(0x00000000110d0000,0x00000000111d0000)]
  0x000000000c57b800 JavaThread "SwingWorker-pool-1-thread-6" daemon [_thread_blocked, id=1916, stack(0x00000000101a0000,0x00000000102a0000)]
  0x000000000c57b000 JavaThread "SwingWorker-pool-1-thread-5" daemon [_thread_blocked, id=2212, stack(0x0000000010620000,0x0000000010720000)]
  0x000000000eb5e800 JavaThread "SwingWorker-pool-1-thread-4" daemon [_thread_blocked, id=5640, stack(0x0000000010500000,0x0000000010600000)]
  0x000000000e95e800 JavaThread "SwingWorker-pool-1-thread-3" daemon [_thread_blocked, id=7264, stack(0x0000000010340000,0x0000000010440000)]
  0x000000000f84d800 JavaThread "SwingWorker-pool-1-thread-2" daemon [_thread_blocked, id=5492, stack(0x000000000ef60000,0x000000000f060000)]
  0x000000000e663000 JavaThread "SwingWorker-pool-1-thread-1" daemon [_thread_blocked, id=6524, stack(0x000000000ec40000,0x000000000ed40000)]
  0x000000000e8d3000 JavaThread "TimerQueue" daemon [_thread_blocked, id=1328, stack(0x000000000dfe0000,0x000000000e0e0000)]
  0x000000000e4e7800 JavaThread "org.netbeans.modules.debugger.jpda.visual AWT Access Loop" daemon [_thread_blocked, id=5136, stack(0x000000000eda0000,0x000000000eea0000)]
  0x0000000001fbf000 JavaThread "DestroyJavaVM" [_thread_blocked, id=6944, stack(0x0000000002510000,0x0000000002610000)]
  0x000000000c64f800 JavaThread "AWT-EventQueue-0" [_thread_blocked, id=8796, stack(0x000000000d9a0000,0x000000000daa0000)]
  0x000000000c604800 JavaThread "AWT-Windows" daemon [_thread_blocked, id=8984, stack(0x000000000ddc0000,0x000000000dec0000)]
  0x000000000c60d000 JavaThread "AWT-Shutdown" [_thread_blocked, id=5948, stack(0x000000000dc40000,0x000000000dd40000)]
  0x000000000c5d8800 JavaThread "Java2D Disposer" daemon [_thread_blocked, id=1628, stack(0x000000000daf0000,0x000000000dbf0000)]
  0x000000000c351800 JavaThread "Service Thread" daemon [_thread_blocked, id=4932, stack(0x000000000d190000,0x000000000d290000)]
  0x000000000c347000 JavaThread "C2 CompilerThread1" daemon [_thread_blocked, id=2196, stack(0x000000000d480000,0x000000000d580000)]
  0x000000000c343000 JavaThread "C2 CompilerThread0" daemon [_thread_blocked, id=3644, stack(0x000000000d310000,0x000000000d410000)]
  0x000000000c26b000 JavaThread "JDWP Command Reader" daemon [_thread_in_native, id=6848, stack(0x000000000caa0000,0x000000000cba0000)]
  0x000000000c265800 JavaThread "JDWP Event Helper Thread" daemon [_thread_blocked, id=7404, stack(0x000000000c810000,0x000000000c910000)]
  0x000000000c254000 JavaThread "JDWP Transport Listener: dt_shmem" daemon [_thread_blocked, id=6380, stack(0x000000000c6b0000,0x000000000c7b0000)]
  0x00000000023dc800 JavaThread "Attach Listener" daemon [_thread_blocked, id=2248, stack(0x000000000bd30000,0x000000000be30000)]
  0x00000000023db000 JavaThread "Signal Dispatcher" daemon [_thread_blocked, id=7136, stack(0x000000000c150000,0x000000000c250000)]
  0x0000000002351800 JavaThread "Finalizer" daemon [_thread_blocked, id=1972, stack(0x000000000bfc0000,0x000000000c0c0000)]
  0x000000000234e000 JavaThread "Reference Handler" daemon [_thread_blocked, id=6724, stack(0x000000000ba60000,0x000000000bb60000)]

Other Threads:
  0x0000000002346000 VMThread [stack: 0x000000000bb60000,0x000000000bc60000] [id=3256]
  0x000000000c35f000 WatcherThread [stack: 0x000000000d850000,0x000000000d950000] [id=4196]

=>0x0000000001e3e800 (exited) GCTaskThread [stack: 0x0000000002020000,0x0000000002120000] [id=7804]

VM state:at safepoint (normal execution)

VM Mutex/Monitor currently owned by a thread:  ([mutex/lock_event])
[0x0000000001fbc010] Threads_lock - owner thread: 0x0000000002346000
[0x0000000001fbc510] Heap_lock - owner thread: 0x000000000c64f800

Heap
 PSYoungGen      total 25600K, used 1506K [0x00000007d5ab0000, 0x00000007d73e0000, 0x0000000800000000)
  eden space 25408K, 5% used [0x00000007d5ab0000,0x00000007d5c28880,0x00000007d7380000)
  from space 192K, 0% used [0x00000007d7380000,0x00000007d7380000,0x00000007d73b0000)
  to   space 192K, 33% used [0x00000007d73b0000,0x00000007d73c0000,0x00000007d73e0000)
 ParOldGen       total 86720K, used 10928K [0x0000000781000000, 0x00000007864b0000, 0x00000007d5ab0000)
  object space 86720K, 12% used [0x0000000781000000,0x0000000781aac2f8,0x00000007864b0000)
 PSPermGen       total 21248K, used 18588K [0x000000077be00000, 0x000000077d2c0000, 0x0000000781000000)
  object space 21248K, 87% used [0x000000077be00000,0x000000077d027178,0x000000077d2c0000)

Card table byte_map: [0x0000000005610000,0x0000000005a40000] byte_map_base: 0x0000000001a31000

Polling page: 0x0000000000110000

Code Cache  [0x0000000002610000, 0x0000000002880000, 0x0000000005610000)
 total_blobs=1147 nmethods=668 adapters=439 free_code_cache=46935Kb largest_free_block=48008512

Compilation events (10 events):
Event: 293.596 Thread 0x000000000c347000 nmethod 677 0x0000000002833dd0 code [0x0000000002833f40, 0x0000000002834218]
Event: 293.612 Thread 0x000000000c343000 nmethod 675 0x000000000282ee90 code [0x000000000282f060, 0x000000000282fc98]
Event: 295.038 Thread 0x000000000c347000  678             java.util.regex.Pattern$BitClass::isSatisfiedBy (22 bytes)
Event: 295.039 Thread 0x000000000c347000 nmethod 678 0x0000000002833b10 code [0x0000000002833c40, 0x0000000002833d18]
Event: 297.353 Thread 0x000000000c343000  679             javax.swing.tree.TreePath::getPathCount (21 bytes)
Event: 297.355 Thread 0x000000000c343000 nmethod 679 0x00000000028338d0 code [0x0000000002833a00, 0x0000000002833a98]
Event: 298.956 Thread 0x000000000c347000  680   !         java.lang.Throwable::printStackTrace (177 bytes)
Event: 299.010 Thread 0x000000000c347000 nmethod 680 0x00000000028444d0 code [0x0000000002844760, 0x0000000002845d48]
Event: 299.181 Thread 0x000000000c343000  681             java.util.regex.Matcher::getTextLength (10 bytes)
Event: 299.182 Thread 0x000000000c343000 nmethod 681 0x0000000002833590 code [0x00000000028336e0, 0x00000000028337d8]

GC Heap History (10 events):
Event: 297.981 GC heap after
Heap after GC invocations=431 (full 208):
 PSYoungGen      total 25600K, used 0K [0x00000007d5ab0000, 0x00000007d73e0000, 0x0000000800000000)
  eden space 25408K, 0% used [0x00000007d5ab0000,0x00000007d5ab0000,0x00000007d7380000)
  from space 192K, 0% used [0x00000007d7380000,0x00000007d7380000,0x00000007d73b0000)
  to   space 192K, 0% used [0x00000007d73b0000,0x00000007d73b0000,0x00000007d73e0000)
 ParOldGen       total 86720K, used 10918K [0x0000000781000000, 0x00000007864b0000, 0x00000007d5ab0000)
  object space 86720K, 12% used [0x0000000781000000,0x0000000781aa9958,0x00000007864b0000)
 PSPermGen       total 21248K, used 18585K [0x000000077be00000, 0x000000077d2c0000, 0x0000000781000000)
  object space 21248K, 87% used [0x000000077be00000,0x000000077d026588,0x000000077d2c0000)
}
Event: 298.775 GC heap before
{Heap before GC invocations=432 (full 208):
 PSYoungGen      total 25600K, used 2509K [0x00000007d5ab0000, 0x00000007d73e0000, 0x0000000800000000)
  eden space 25408K, 9% used [0x00000007d5ab0000,0x00000007d5d23758,0x00000007d7380000)
  from space 192K, 0% used [0x00000007d7380000,0x00000007d7380000,0x00000007d73b0000)
  to   space 192K, 0% used [0x00000007d73b0000,0x00000007d73b0000,0x00000007d73e0000)
 ParOldGen       total 86720K, used 10918K [0x0000000781000000, 0x00000007864b0000, 0x00000007d5ab0000)
  object space 86720K, 12% used [0x0000000781000000,0x0000000781aa9958,0x00000007864b0000)
 PSPermGen       total 21248K, used 18585K [0x000000077be00000, 0x000000077d2c0000, 0x0000000781000000)
  object space 21248K, 87% used [0x000000077be00000,0x000000077d026670,0x000000077d2c0000)
Event: 298.777 GC heap after
Heap after GC invocations=432 (full 208):
 PSYoungGen      total 25600K, used 96K [0x00000007d5ab0000, 0x00000007d73e0000, 0x0000000800000000)
  eden space 25408K, 0% used [0x00000007d5ab0000,0x00000007d5ab0000,0x00000007d7380000)
  from space 192K, 50% used [0x00000007d73b0000,0x00000007d73c8000,0x00000007d73e0000)
  to   space 192K, 0% used [0x00000007d7380000,0x00000007d7380000,0x00000007d73b0000)
 ParOldGen       total 86720K, used 10918K [0x0000000781000000, 0x00000007864b0000, 0x00000007d5ab0000)
  object space 86720K, 12% used [0x0000000781000000,0x0000000781aa9958,0x00000007864b0000)
 PSPermGen       total 21248K, used 18585K [0x000000077be00000, 0x000000077d2c0000, 0x0000000781000000)
  object space 21248K, 87% used [0x000000077be00000,0x000000077d026670,0x000000077d2c0000)
}
Event: 298.777 GC heap before
{Heap before GC invocations=433 (full 209):
 PSYoungGen      total 25600K, used 96K [0x00000007d5ab0000, 0x00000007d73e0000, 0x0000000800000000)
  eden space 25408K, 0% used [0x00000007d5ab0000,0x00000007d5ab0000,0x00000007d7380000)
  from space 192K, 50% used [0x00000007d73b0000,0x00000007d73c8000,0x00000007d73e0000)
  to   space 192K, 0% used [0x00000007d7380000,0x00000007d7380000,0x00000007d73b0000)
 ParOldGen       total 86720K, used 10918K [0x0000000781000000, 0x00000007864b0000, 0x00000007d5ab0000)
  object space 86720K, 12% used [0x0000000781000000,0x0000000781aa9958,0x00000007864b0000)
 PSPermGen       total 21248K, used 18585K [0x000000077be00000, 0x000000077d2c0000, 0x0000000781000000)
  object space 21248K, 87% used [0x000000077be00000,0x000000077d026670,0x000000077d2c0000)
Event: 298.868 GC heap after
Heap after GC invocations=433 (full 209):
 PSYoungGen      total 25600K, used 0K [0x00000007d5ab0000, 0x00000007d73e0000, 0x0000000800000000)
  eden space 25408K, 0% used [0x00000007d5ab0000,0x00000007d5ab0000,0x00000007d7380000)
  from space 192K, 0% used [0x00000007d73b0000,0x00000007d73b0000,0x00000007d73e0000)
  to   space 192K, 0% used [0x00000007d7380000,0x00000007d7380000,0x00000007d73b0000)
 ParOldGen       total 86720K, used 10929K [0x0000000781000000, 0x00000007864b0000, 0x00000007d5ab0000)
  object space 86720K, 12% used [0x0000000781000000,0x0000000781aac5d8,0x00000007864b0000)
 PSPermGen       total 21248K, used 18585K [0x000000077be00000, 0x000000077d2c0000, 0x0000000781000000)
  object space 21248K, 87% used [0x000000077be00000,0x000000077d026670,0x000000077d2c0000)
}
Event: 298.868 GC heap before
{Heap before GC invocations=434 (full 209):
 PSYoungGen      total 25600K, used 614K [0x00000007d5ab0000, 0x00000007d73e0000, 0x0000000800000000)
  eden space 25408K, 2% used [0x00000007d5ab0000,0x00000007d5b49860,0x00000007d7380000)
  from space 192K, 0% used [0x00000007d73b0000,0x00000007d73b0000,0x00000007d73e0000)
  to   space 192K, 0% used [0x00000007d7380000,0x00000007d7380000,0x00000007d73b0000)
 ParOldGen       total 86720K, used 10929K [0x0000000781000000, 0x00000007864b0000, 0x00000007d5ab0000)
  object space 86720K, 12% used [0x0000000781000000,0x0000000781aac5d8,0x00000007864b0000)
 PSPermGen       total 21248K, used 18585K [0x000000077be00000, 0x000000077d2c0000, 0x0000000781000000)
  object space 21248K, 87% used [0x000000077be00000,0x000000077d026670,0x000000077d2c0000)
Event: 298.870 GC heap after
Heap after GC invocations=434 (full 209):
 PSYoungGen      total 25600K, used 32K [0x00000007d5ab0000, 0x00000007d73e0000, 0x0000000800000000)
  eden space 25408K, 0% used [0x00000007d5ab0000,0x00000007d5ab0000,0x00000007d7380000)
  from space 192K, 16% used [0x00000007d7380000,0x00000007d7388000,0x00000007d73b0000)
  to   space 192K, 0% used [0x00000007d73b0000,0x00000007d73b0000,0x00000007d73e0000)
 ParOldGen       total 86720K, used 10929K [0x0000000781000000, 0x00000007864b0000, 0x00000007d5ab0000)
  object space 86720K, 12% used [0x0000000781000000,0x0000000781aac5d8,0x00000007864b0000)
 PSPermGen       total 21248K, used 18585K [0x000000077be00000, 0x000000077d2c0000, 0x0000000781000000)
  object space 21248K, 87% used [0x000000077be00000,0x000000077d026670,0x000000077d2c0000)
}
Event: 298.870 GC heap before
{Heap before GC invocations=435 (full 210):
 PSYoungGen      total 25600K, used 32K [0x00000007d5ab0000, 0x00000007d73e0000, 0x0000000800000000)
  eden space 25408K, 0% used [0x00000007d5ab0000,0x00000007d5ab0000,0x00000007d7380000)
  from space 192K, 16% used [0x00000007d7380000,0x00000007d7388000,0x00000007d73b0000)
  to   space 192K, 0% used [0x00000007d73b0000,0x00000007d73b0000,0x00000007d73e0000)
 ParOldGen       total 86720K, used 10929K [0x0000000781000000, 0x00000007864b0000, 0x00000007d5ab0000)
  object space 86720K, 12% used [0x0000000781000000,0x0000000781aac5d8,0x00000007864b0000)
 PSPermGen       total 21248K, used 18585K [0x000000077be00000, 0x000000077d2c0000, 0x0000000781000000)
  object space 21248K, 87% used [0x000000077be00000,0x000000077d026670,0x000000077d2c0000)
Event: 298.950 GC heap after
Heap after GC invocations=435 (full 210):
 PSYoungGen      total 25600K, used 0K [0x00000007d5ab0000, 0x00000007d73e0000, 0x0000000800000000)
  eden space 25408K, 0% used [0x00000007d5ab0000,0x00000007d5ab0000,0x00000007d7380000)
  from space 192K, 0% used [0x00000007d7380000,0x00000007d7380000,0x00000007d73b0000)
  to   space 192K, 0% used [0x00000007d73b0000,0x00000007d73b0000,0x00000007d73e0000)
 ParOldGen       total 86720K, used 10928K [0x0000000781000000, 0x00000007864b0000, 0x00000007d5ab0000)
  object space 86720K, 12% used [0x0000000781000000,0x0000000781aac2f8,0x00000007864b0000)
 PSPermGen       total 21248K, used 18585K [0x000000077be00000, 0x000000077d2c0000, 0x0000000781000000)
  object space 21248K, 87% used [0x000000077be00000,0x000000077d026670,0x000000077d2c0000)
}
Event: 299.763 GC heap before
{Heap before GC invocations=436 (full 210):
 PSYoungGen      total 25600K, used 1506K [0x00000007d5ab0000, 0x00000007d73e0000, 0x0000000800000000)
  eden space 25408K, 5% used [0x00000007d5ab0000,0x00000007d5c28880,0x00000007d7380000)
  from space 192K, 0% used [0x00000007d7380000,0x00000007d7380000,0x00000007d73b0000)
  to   space 192K, 0% used [0x00000007d73b0000,0x00000007d73b0000,0x00000007d73e0000)
 ParOldGen       total 86720K, used 10928K [0x0000000781000000, 0x00000007864b0000, 0x00000007d5ab0000)
  object space 86720K, 12% used [0x0000000781000000,0x0000000781aac2f8,0x00000007864b0000)
 PSPermGen       total 21248K, used 18588K [0x000000077be00000, 0x000000077d2c0000, 0x0000000781000000)
  object space 21248K, 87% used [0x000000077be00000,0x000000077d027178,0x000000077d2c0000)

Deoptimization events (0 events):
No events

Internal exceptions (10 events):
Event: 79.961 Thread 0x000000000c64f800 Threw 0x00000007d6cb2fa8 at C:\jdk7u1_64p\jdk7u11\hotspot\src\share\vm\prims\jvm.cpp:1166
Event: 94.899 Thread 0x000000000c64f800 Threw 0x00000007d6e67920 at C:\jdk7u1_64p\jdk7u11\hotspot\src\share\vm\prims\jvm.cpp:1166
Event: 94.900 Thread 0x000000000c64f800 Threw 0x00000007d6e6a240 at C:\jdk7u1_64p\jdk7u11\hotspot\src\share\vm\prims\jvm.cpp:1166
Event: 98.086 Thread 0x000000000c64f800 Threw 0x00000007d6ea9b60 at C:\jdk7u1_64p\jdk7u11\hotspot\src\share\vm\prims\jvm.cpp:1166
Event: 100.355 Thread 0x000000000c64f800 Threw 0x00000007d6ec9990 at C:\jdk7u1_64p\jdk7u11\hotspot\src\share\vm\prims\jvm.cpp:1166
Event: 100.883 Thread 0x000000000e663000 Threw 0x00000007d5b9fca8 at C:\jdk7u1_64p\jdk7u11\hotspot\src\share\vm\prims\jvm.cpp:1166
Event: 100.891 Thread 0x000000000e663000 Threw 0x00000007d5bd2858 at C:\jdk7u1_64p\jdk7u11\hotspot\src\share\vm\prims\jvm.cpp:1166
Event: 100.902 Thread 0x000000000e663000 Threw 0x00000007d5be7660 at C:\jdk7u1_64p\jdk7u11\hotspot\src\share\vm\prims\jvm.cpp:1166
Event: 154.579 Thread 0x000000000c64f800 Threw 0x00000007d5b44830 at C:\jdk7u1_64p\jdk7u11\hotspot\src\share\vm\prims\jvm.cpp:1166
Event: 198.860 Thread 0x000000000c64f800 Threw 0x00000007d5b0f310 at C:\jdk7u1_64p\jdk7u11\hotspot\src\share\vm\prims\jvm.cpp:1166

Events (10 events):
Event: 297.981 Executing VM operation: ParallelGCSystemGC done
Event: 298.775 Executing VM operation: ParallelGCSystemGC
Event: 298.868 Executing VM operation: ParallelGCSystemGC done
Event: 298.868 Executing VM operation: ParallelGCSystemGC
Event: 298.950 Executing VM operation: ParallelGCSystemGC done
Event: 298.955 loading class 0x00000000022b4450
Event: 298.955 loading class 0x00000000022b4450 done
Event: 298.955 Executing VM operation: Deoptimize
Event: 298.955 Executing VM operation: Deoptimize done
Event: 299.763 Executing VM operation: ParallelGCSystemGC


Dynamic libraries:
0x000000013f310000 - 0x000000013f343000 	C:\Program Files\Java\jdk1.7.0_11\bin\java.exe
0x0000000077690000 - 0x0000000077839000 	C:\Windows\SYSTEM32\ntdll.dll
0x0000000077570000 - 0x000000007768f000 	C:\Windows\system32\kernel32.dll
0x000007fefd750000 - 0x000007fefd7bc000 	C:\Windows\system32\KERNELBASE.dll
0x000007feff8c0000 - 0x000007feff99b000 	C:\Windows\system32\ADVAPI32.dll
0x000007fefdfe0000 - 0x000007fefe07f000 	C:\Windows\system32\msvcrt.dll
0x000007fefe560000 - 0x000007fefe57f000 	C:\Windows\SYSTEM32\sechost.dll
0x000007fefe590000 - 0x000007fefe6bd000 	C:\Windows\system32\RPCRT4.dll
0x0000000077470000 - 0x000000007756a000 	C:\Windows\system32\USER32.dll
0x000007feff850000 - 0x000007feff8b7000 	C:\Windows\system32\GDI32.dll
0x000007fefe580000 - 0x000007fefe58e000 	C:\Windows\system32\LPK.dll
0x000007fefe480000 - 0x000007fefe549000 	C:\Windows\system32\USP10.dll
0x000007fefbf30000 - 0x000007fefc124000 	C:\Windows\WinSxS\amd64_microsoft.windows.common-controls_6595b64144ccf1df_6.0.7601.17514_none_fa396087175ac9ac\COMCTL32.dll
0x000007fefe400000 - 0x000007fefe471000 	C:\Windows\system32\SHLWAPI.dll
0x000007fefda80000 - 0x000007fefdaae000 	C:\Windows\system32\IMM32.DLL
0x000007fefe210000 - 0x000007fefe319000 	C:\Windows\system32\MSCTF.dll
0x0000000050070000 - 0x0000000050141000 	C:\Program Files\Java\jdk1.7.0_11\jre\bin\msvcr100.dll
0x000000006e080000 - 0x000000006e79f000 	C:\Program Files\Java\jdk1.7.0_11\jre\bin\server\jvm.dll
0x000007fefa8f0000 - 0x000007fefa8f9000 	C:\Windows\system32\WSOCK32.dll
0x000007fefe6c0000 - 0x000007fefe70d000 	C:\Windows\system32\WS2_32.dll
0x000007fefe550000 - 0x000007fefe558000 	C:\Windows\system32\NSI.dll
0x000007fefb080000 - 0x000007fefb0bb000 	C:\Windows\system32\WINMM.dll
0x0000000077860000 - 0x0000000077867000 	C:\Windows\system32\PSAPI.DLL
0x00000000501f0000 - 0x000000005022f000 	C:\Program Files\Java\jdk1.7.0_11\jre\bin\splashscreen.dll
0x0000000055240000 - 0x000000005524f000 	C:\Program Files\Java\jdk1.7.0_11\jre\bin\verify.dll
0x00000000501c0000 - 0x00000000501e8000 	C:\Program Files\Java\jdk1.7.0_11\jre\bin\java.dll
0x0000000054e90000 - 0x0000000054ec5000 	C:\Program Files\Java\jdk1.7.0_11\jre\bin\jdwp.dll
0x0000000054ff0000 - 0x0000000054ff8000 	C:\Program Files\Java\jdk1.7.0_11\jre\bin\npt.dll
0x00000000501a0000 - 0x00000000501b5000 	C:\Program Files\Java\jdk1.7.0_11\jre\bin\zip.dll
0x000007fefbd50000 - 0x000007fefbda6000 	C:\Windows\system32\uxtheme.dll
0x000000006ccd0000 - 0x000000006ccdb000 	C:\Program Files\Java\jdk1.7.0_11\jre\bin\dt_shmem.dll
0x0000000180000000 - 0x00000001800eb000 	C:\Program Files\Hewlett-Packard\HP ProtectTools Security Manager\Bin\DpoFeedb.dll
0x000007fefe320000 - 0x000007fefe3f7000 	C:\Windows\system32\OLEAUT32.dll
0x000007fefd870000 - 0x000007fefda73000 	C:\Windows\system32\ole32.dll
0x000007fefc7d0000 - 0x000007fefc7dc000 	C:\Windows\system32\VERSION.dll
0x000007fefd730000 - 0x000007fefd74e000 	C:\Windows\system32\USERENV.dll
0x000007fefd450000 - 0x000007fefd45f000 	C:\Windows\system32\profapi.dll
0x000007fefd2f0000 - 0x000007fefd2ff000 	C:\Windows\system32\CRYPTBASE.dll
0x000007fee5870000 - 0x000007fee58a1000 	C:\Program Files\Hewlett-Packard\HP ProtectTools Security Manager\Bin\DpoSet.dll
0x0000000069740000 - 0x0000000069813000 	C:\Windows\WinSxS\amd64_microsoft.vc90.crt_1fc8b3b9a1e18e3b_9.0.30729.6161_none_08e61857a83bc251\MSVCP90.dll
0x00000000732a0000 - 0x0000000073343000 	C:\Windows\WinSxS\amd64_microsoft.vc90.crt_1fc8b3b9a1e18e3b_9.0.30729.6161_none_08e61857a83bc251\MSVCR90.dll
0x000000006c3a0000 - 0x000000006c533000 	C:\Program Files\Java\jdk1.7.0_11\jre\bin\awt.dll
0x000007fefb540000 - 0x000007fefb558000 	C:\Windows\system32\dwmapi.dll
0x000007fefeaa0000 - 0x000007feff828000 	C:\Windows\system32\SHELL32.dll
0x0000000050030000 - 0x0000000050064000 	C:\Program Files\Java\jdk1.7.0_11\jre\bin\fontmanager.dll
0x0000000050180000 - 0x0000000050199000 	C:\Program Files\Java\jdk1.7.0_11\jre\bin\net.dll
0x000007fefcc30000 - 0x000007fefcc85000 	C:\Windows\system32\mswsock.dll
0x000007fefcc20000 - 0x000007fefcc27000 	C:\Windows\System32\wship6.dll
0x0000000050160000 - 0x0000000050171000 	C:\Program Files\Java\jdk1.7.0_11\jre\bin\nio.dll
0x0000000070a70000 - 0x0000000070aa0000 	C:\Program Files\Java\jdk1.7.0_11\jre\bin\jpeg.dll
0x0000000077a80000 - 0x0000000077ac1000 	C:\Program Files\Java\jdk1.7.0_11\jre\bin\t2k.dll
0x000007fefe710000 - 0x000007fefe7a9000 	C:\Windows\system32\CLBCatQ.DLL
0x000007fefb390000 - 0x000007fefb4f1000 	C:\Windows\system32\WindowsCodecs.dll
0x000007fefd290000 - 0x000007fefd2e7000 	C:\Windows\system32\apphelp.dll
0x000007fef8330000 - 0x000007fef856d000 	C:\PROGRA~1\MIF5BA~1\Office15\GROOVEEX.DLL
0x0000000069930000 - 0x00000000699c8000 	C:\Windows\system32\MSVCP100.dll
0x0000000072df0000 - 0x0000000072e1b000 	C:\Windows\system32\ATL100.DLL
0x000007fef7ca0000 - 0x000007fef7fbd000 	C:\Windows\system32\msi.dll
0x000007fef6f10000 - 0x000007fef779c000 	C:\PROGRA~1\MIF5BA~1\Office15\1036\GrooveIntlResource.dll
0x0000000072d40000 - 0x0000000072d56000 	C:\Program Files\Common Files\TortoiseOverlays\TortoiseOverlays.dll
0x0000000069920000 - 0x0000000069930000 	C:\Program Files\TortoiseSVN\bin\TortoiseStub.dll
0x00000000698a0000 - 0x000000006991b000 	C:\Program Files\TortoiseSVN\bin\TortoiseSVN.dll
0x000007fefe7b0000 - 0x000007fefe9f8000 	C:\Windows\system32\WININET.dll
0x000007fefd800000 - 0x000007fefd804000 	C:\Windows\system32\api-ms-win-downlevel-user32-l1-1-0.dll
0x000007fefd720000 - 0x000007fefd724000 	C:\Windows\system32\api-ms-win-downlevel-shlwapi-l1-1-0.dll
0x000007fefd710000 - 0x000007fefd714000 	C:\Windows\system32\api-ms-win-downlevel-version-l1-1-0.dll
0x000007fefd650000 - 0x000007fefd653000 	C:\Windows\system32\api-ms-win-downlevel-normaliz-l1-1-0.dll
0x0000000077850000 - 0x0000000077853000 	C:\Windows\system32\normaliz.DLL
0x000007fefdd10000 - 0x000007fefdfd7000 	C:\Windows\system32\iertutil.dll
0x000007fefd4b0000 - 0x000007fefd4b5000 	C:\Windows\system32\api-ms-win-downlevel-advapi32-l1-1-0.dll
0x000007fef6b20000 - 0x000007fef6f0d000 	C:\Program Files\TortoiseSVN\bin\libsvn_tsvn.dll
0x0000000069870000 - 0x000000006989b000 	C:\Program Files\TortoiseSVN\bin\libapr_tsvn.dll
0x0000000069820000 - 0x0000000069861000 	C:\Program Files\TortoiseSVN\bin\libaprutil_tsvn.dll
0x000007fefd810000 - 0x000007fefd862000 	C:\Windows\system32\WLDAP32.dll
0x000007fef6b10000 - 0x000007fef6b20000 	C:\Program Files\TortoiseSVN\bin\intl3_tsvn.dll
0x000007fef6af0000 - 0x000007fef6b0a000 	C:\Program Files\TortoiseSVN\bin\libsasl.dll
0x000007fefd230000 - 0x000007fefd23b000 	C:\Windows\system32\Secur32.dll
0x000007fefd260000 - 0x000007fefd285000 	C:\Windows\system32\SSPICLI.DLL
0x000007fefd4c0000 - 0x000007fefd62c000 	C:\Windows\system32\CRYPT32.dll
0x000007fefd460000 - 0x000007fefd46f000 	C:\Windows\system32\MSASN1.dll
0x000007fef6ab0000 - 0x000007fef6ae5000 	C:\Windows\system32\EhStorShell.dll
0x000007fefdb30000 - 0x000007fefdd07000 	C:\Windows\system32\SETUPAPI.dll
0x000007fefd470000 - 0x000007fefd4a6000 	C:\Windows\system32\CFGMGR32.dll
0x000007fefd630000 - 0x000007fefd64a000 	C:\Windows\system32\DEVOBJ.dll
0x000007fefbdb0000 - 0x000007fefbedc000 	C:\Windows\system32\PROPSYS.dll
0x000007fef6440000 - 0x000007fef6aaf000 	C:\PROGRA~1\MIF5BA~1\Office14\GROOVEEX.DLL
0x0000000069710000 - 0x000000006973f000 	C:\Windows\WinSxS\amd64_microsoft.vc90.atl_1fc8b3b9a1e18e3b_9.0.30729.6161_none_0a1fd3a3a768b895\ATL90.DLL
0x000007fef6020000 - 0x000007fef643a000 	C:\PROGRA~1\COMMON~1\MICROS~1\OFFICE14\Cultures\office.odf
0x000007fef5790000 - 0x000007fef6018000 	C:\PROGRA~1\MIF5BA~1\Office14\1036\GrooveIntlResource.dll
0x0000000077a20000 - 0x0000000077a4a000 	C:\Program Files\Java\jdk1.7.0_11\jre\bin\dcpr.dll
0x000007fedf450000 - 0x000007fedf4ee000 	C:\Windows\system32\RICHED20.DLL
0x000007fef8cc0000 - 0x000007fef8de5000 	C:\Windows\system32\dbghelp.dll

VM Arguments:
jvm_args: -Xdebug -Xrunjdwp:transport=dt_shmem,address=javadebug -Dfile.encoding=UTF-8 
java_command: marcadministrationclient.MainJFrame
Launcher Type: SUN_STANDARD

Environment Variables:
PATH=C:\Program Files (x86)\ImageMagick-6.8.7-Q16;C:\Program Files\Common Files\Microsoft Shared\Windows Live;C:\Program Files (x86)\AMD APP\bin\x86_64;C:\Program Files (x86)\AMD APP\bin\x86;C:\Windows\system32;C:\Windows;C:\Windows\System32\Wbem;C:\Program Files (x86)\ATI Technologies\ATI.ACE\Core-Static;C:\Windows\System32\WindowsPowerShell\v1.0\;C:\Program Files\Microsoft\Web Platform Installer\;C:\Program Files (x86)\Microsoft ASP.NET\ASP.NET Web Pages\v1.0\;C:\Program Files\Microsoft SQL Server\110\Tools\Binn\;C:\Program Files (x86)\Microsoft SQL Server\90\Tools\binn\;C:\Windows\System32\WindowsPowerShell\v1.0\;C:\Program Files\TortoiseSVN\bin;C:\Program Files (x86)\Windows Kits\8.1\Windows Performance Toolkit\;C:\Program Files (x86)\Microsoft SDKs\TypeScript\1.0\;C:\Program Files\Common Files\Microsoft Shared\Windows Live;C:\Program Files (x86)\CMake 2.8\bin
USERNAME=patrice
OS=Windows_NT
PROCESSOR_IDENTIFIER=Intel64 Family 6 Model 42 Stepping 7, GenuineIntel



---------------  S Y S T E M  ---------------

OS: Windows 7 , 64 bit Build 7601 Service Pack 1

CPU:total 2 (2 cores per cpu, 2 threads per core) family 6 model 42 stepping 7, cmov, cx8, fxsr, mmx, sse, sse2, sse3, ssse3, sse4.1, sse4.2, popcnt, avx, ht, tsc, tscinvbit

Memory: 4k page, physical 8321392k(3532936k free), swap 16640920k(10674912k free)

vm_info: Java HotSpot(TM) 64-Bit Server VM (23.6-b04) for windows-amd64 JRE (1.7.0_11-b21), built on Jan 12 2013 02:38:42 by "java_re" with unknown MS VC++:1600

time: Sat Dec 20 00:10:07 2014
elapsed time: 299 seconds

