#
# A fatal error has been detected by the Java Runtime Environment:
#
#  EXCEPTION_ACCESS_VIOLATION (0xc0000005) at pc=0x00000000583e53b0, pid=8748, tid=5528
#
# JRE version: 7.0_11-b21
# Java VM: Java HotSpot(TM) 64-Bit Server VM (23.6-b04 mixed mode windows-amd64 compressed oops)
# Problematic frame:
# V  [jvm.dll+0x253b0]
#
# Failed to write core dump. Minidumps are not enabled by default on client versions of Windows
#
# If you would like to submit a bug report, please visit:
#   http://bugreport.sun.com/bugreport/crash.jsp
#

---------------  T H R E A D  ---------------

Current thread (0x0000000002091800):  GCTaskThread [stack: 0x00000000060f0000,0x00000000061f0000] [id=5528]

siginfo: ExceptionCode=0xc0000005, reading address 0x00000006b9d9e5b0

Registers:
RAX=0x0000000000000001, RBX=0x00000007d5ab0050, RCX=0x00000007d5ab0050, RDX=0x00000006b9d9e5a8
RSP=0x00000000061ef8f8, RBP=0x0000000000000000, RSI=0x0000000002286d50, RDI=0x000000000e757e10
R8 =0x0000000002286d50, R9 =0x00000000061ef9e8, R10=0x01010001000001fa, R11=0x00000000061ef960
R12=0x00000000589181f0, R13=0x00000000fab56021, R14=0x0000000002092100, R15=0x0000000002092130
RIP=0x00000000583e53b0, EFLAGS=0x0000000000010202

Top of Stack: (sp=0x00000000061ef8f8)
0x00000000061ef8f8:   00000000587222c6 00000a1f00000c59
0x00000000061ef908:   000000000000000a 0000000002286d50
0x00000000061ef918:   00000a1f00000c59 00000a2c00000b79
0x00000000061ef928:   00000a1e00000c59 0000000001f9d350
0x00000000061ef938:   0000000058576022 0000000002092120
0x00000000061ef948:   0000000002091150 00000000589181f0
0x00000000061ef958:   0000000058722650 0000000781a92fb4
0x00000000061ef968:   0000000000000000 0000000000000000
0x00000000061ef978:   000000000e757e10 0000000002286d50
0x00000000061ef988:   00000000587257f1 00000a2c00000b7a
0x00000000061ef998:   0000000002286d50 0000000000000000
0x00000000061ef9a8:   00000007d73b3cc9 000000000e757e10
0x00000000061ef9b8:   0000000000000000 0000000000000000
0x00000000061ef9c8:   00000000587141ae 0000000000000011
0x00000000061ef9d8:   0000000002091800 0000000000000000
0x00000000061ef9e8:   0000000781a92fb5 0000000002091800 

Instructions: (pc=0x00000000583e53b0)
0x00000000583e5390:   0d 44 0f b7 c0 48 83 c1 48 e8 d8 7d 4c 00 48 83
0x00000000583e53a0:   c4 28 c3 cc cc cc cc cc cc cc cc cc cc cc cc cc
0x00000000583e53b0:   44 8b 42 08 4c 8b ca 45 85 c0 7e 0e 41 f6 c0 01
0x00000000583e53c0:   75 57 41 c1 f8 03 41 8b c0 c3 79 4d 80 3d 15 69 


Register to memory mapping:

RAX=0x0000000000000001 is an unknown value
RBX=0x00000007d5ab0050 is an unknown value
RCX=0x00000007d5ab0050 is an unknown value
RDX=0x00000006b9d9e5a8 is an unknown value
RSP=0x00000000061ef8f8 is an unknown value
RBP=0x0000000000000000 is an unknown value
RSI=0x0000000002286d50 is an unknown value
RDI=0x000000000e757e10 is an unknown value
R8 =0x0000000002286d50 is an unknown value
R9 =0x00000000061ef9e8 is an unknown value
R10=0x01010001000001fa is an unknown value
R11=0x00000000061ef960 is an unknown value
R12=0x00000000589181f0 is an unknown value
R13=0x00000000fab56021 is an unknown value
R14=0x0000000002092100 is an unknown value
R15=0x0000000002092130 is an unknown value


Stack: [0x00000000060f0000,0x00000000061f0000],  sp=0x00000000061ef8f8,  free space=1022k
Native frames: (J=compiled Java code, j=interpreted, Vv=VM code, C=native code)
V  [jvm.dll+0x253b0]

[error occurred during error reporting (printing native stack), id 0xc0000005]


---------------  P R O C E S S  ---------------

Java Threads: ( => current thread )
  0x000000000e72b800 JavaThread "SwingWorker-pool-2-thread-10" daemon [_thread_blocked, id=8912, stack(0x0000000011cf0000,0x0000000011df0000)]
  0x000000000e72b000 JavaThread "SwingWorker-pool-2-thread-9" daemon [_thread_blocked, id=8136, stack(0x0000000011050000,0x0000000011150000)]
  0x000000000e72a000 JavaThread "SwingWorker-pool-2-thread-8" daemon [_thread_blocked, id=7120, stack(0x0000000011920000,0x0000000011a20000)]
  0x000000000e729800 JavaThread "SwingWorker-pool-2-thread-7" daemon [_thread_blocked, id=3304, stack(0x0000000011790000,0x0000000011890000)]
  0x000000000e728800 JavaThread "SwingWorker-pool-2-thread-6" daemon [_thread_blocked, id=7868, stack(0x00000000115e0000,0x00000000116e0000)]
  0x000000000e728000 JavaThread "SwingWorker-pool-2-thread-5" daemon [_thread_blocked, id=3536, stack(0x00000000114a0000,0x00000000115a0000)]
  0x000000000bbfd000 JavaThread "SwingWorker-pool-2-thread-4" daemon [_thread_blocked, id=5356, stack(0x0000000011270000,0x0000000011370000)]
  0x000000000e725800 JavaThread "SwingWorker-pool-2-thread-3" daemon [_thread_blocked, id=8440, stack(0x0000000010df0000,0x0000000010ef0000)]
  0x000000000bc45000 JavaThread "SwingWorker-pool-2-thread-2" daemon [_thread_blocked, id=9080, stack(0x0000000011170000,0x0000000011270000)]
  0x000000000bbe7000 JavaThread "SwingWorker-pool-2-thread-1" daemon [_thread_blocked, id=8844, stack(0x0000000010f00000,0x0000000011000000)]
  0x000000000ee13800 JavaThread "Swing-Shell" daemon [_thread_blocked, id=8708, stack(0x000000000fdd0000,0x000000000fed0000)]
  0x000000000e71e800 JavaThread "TimerQueue" daemon [_thread_blocked, id=8684, stack(0x000000000dbd0000,0x000000000dcd0000)]
  0x000000000e0fa800 JavaThread "org.netbeans.modules.debugger.jpda.visual AWT Access Loop" daemon [_thread_blocked, id=3340, stack(0x000000000ea80000,0x000000000eb80000)]
  0x0000000001f9f000 JavaThread "DestroyJavaVM" [_thread_blocked, id=8776, stack(0x00000000022d0000,0x00000000023d0000)]
  0x000000000e08b800 JavaThread "AWT-EventQueue-0" [_thread_blocked, id=1448, stack(0x000000000e920000,0x000000000ea20000)]
  0x000000000bdc4000 JavaThread "AWT-Windows" daemon [_thread_blocked, id=6028, stack(0x000000000d9c0000,0x000000000dac0000)]
  0x000000000bdce800 JavaThread "AWT-Shutdown" [_thread_blocked, id=6024, stack(0x000000000d450000,0x000000000d550000)]
  0x000000000bdcd800 JavaThread "Java2D Disposer" daemon [_thread_blocked, id=6500, stack(0x000000000d870000,0x000000000d970000)]
  0x000000000bb07000 JavaThread "Service Thread" daemon [_thread_blocked, id=7488, stack(0x000000000d550000,0x000000000d650000)]
  0x000000000bb06800 JavaThread "C2 CompilerThread1" daemon [_thread_blocked, id=2768, stack(0x000000000d330000,0x000000000d430000)]
  0x000000000bb03000 JavaThread "C2 CompilerThread0" daemon [_thread_blocked, id=3380, stack(0x000000000cd00000,0x000000000ce00000)]
  0x000000000bacd800 JavaThread "JDWP Command Reader" daemon [_thread_in_native, id=6464, stack(0x000000000d140000,0x000000000d240000)]
  0x000000000bac7000 JavaThread "JDWP Event Helper Thread" daemon [_thread_blocked, id=7824, stack(0x000000000cf10000,0x000000000d010000)]
  0x000000000bab6800 JavaThread "JDWP Transport Listener: dt_shmem" daemon [_thread_blocked, id=3592, stack(0x000000000d040000,0x000000000d140000)]
  0x000000000bab1800 JavaThread "Attach Listener" daemon [_thread_blocked, id=4196, stack(0x000000000ce00000,0x000000000cf00000)]
  0x000000000bab0000 JavaThread "Signal Dispatcher" daemon [_thread_blocked, id=7000, stack(0x000000000cbe0000,0x000000000cce0000)]
  0x0000000002293000 JavaThread "Finalizer" daemon [_thread_blocked, id=4600, stack(0x000000000c9c0000,0x000000000cac0000)]
  0x0000000002290000 JavaThread "Reference Handler" daemon [_thread_blocked, id=6864, stack(0x000000000c410000,0x000000000c510000)]

Other Threads:
  0x000000000ba32800 VMThread [stack: 0x000000000c2c0000,0x000000000c3c0000] [id=3628]
  0x000000000bb1c000 WatcherThread [stack: 0x000000000d690000,0x000000000d790000] [id=9140]

=>0x0000000002091800 (exited) GCTaskThread [stack: 0x00000000060f0000,0x00000000061f0000] [id=5528]

VM state:at safepoint (normal execution)

VM Mutex/Monitor currently owned by a thread:  ([mutex/lock_event])
[0x0000000001f9c2d0] Threads_lock - owner thread: 0x000000000ba32800
[0x0000000001f9c7d0] Heap_lock - owner thread: 0x000000000e08b800

Heap
 PSYoungGen      total 25600K, used 2416K [0x00000007d5ab0000, 0x00000007d73e0000, 0x0000000800000000)
  eden space 25408K, 9% used [0x00000007d5ab0000,0x00000007d5d0c1b8,0x00000007d7380000)
  from space 192K, 0% used [0x00000007d7380000,0x00000007d7380000,0x00000007d73b0000)
  to   space 192K, 33% used [0x00000007d73b0000,0x00000007d73c0000,0x00000007d73e0000)
 ParOldGen       total 86720K, used 10828K [0x0000000781000000, 0x00000007864b0000, 0x00000007d5ab0000)
  object space 86720K, 12% used [0x0000000781000000,0x0000000781a93248,0x00000007864b0000)
 PSPermGen       total 21248K, used 19448K [0x000000077be00000, 0x000000077d2c0000, 0x0000000781000000)
  object space 21248K, 91% used [0x000000077be00000,0x000000077d0fe298,0x000000077d2c0000)

Card table byte_map: [0x0000000005890000,0x0000000005cc0000] byte_map_base: 0x0000000001cb1000

Polling page: 0x0000000000220000

Code Cache  [0x0000000002890000, 0x0000000002b00000, 0x0000000005890000)
 total_blobs=1120 nmethods=637 adapters=443 free_code_cache=47081Kb largest_free_block=48174912

Compilation events (10 events):
Event: 295.044 Thread 0x000000000bb03000  646             javax.swing.text.AbstractDocument::getLength (12 bytes)
Event: 295.046 Thread 0x000000000bb03000 nmethod 646 0x0000000002a8acd0 code [0x0000000002a8ae20, 0x0000000002a8af38]
Event: 295.046 Thread 0x000000000bb06800  647             javax.swing.text.AbstractDocument::getText (28 bytes)
Event: 295.047 Thread 0x000000000bb06800 nmethod 647 0x0000000002a8a8d0 code [0x0000000002a8aa20, 0x0000000002a8ab68]
Event: 295.060 Thread 0x000000000bb03000  648             javax.swing.text.AbstractDocument::getDocumentProperties (24 bytes)
Event: 295.061 Thread 0x000000000bb03000 nmethod 648 0x0000000002a8a610 code [0x0000000002a8a740, 0x0000000002a8a7b8]
Event: 295.113 Thread 0x000000000bb06800  649   !         sun.java2d.SunGraphics2D::validateCompClip (224 bytes)
Event: 295.118 Thread 0x000000000bb06800 nmethod 649 0x0000000002a96750 code [0x0000000002a968a0, 0x0000000002a96c08]
Event: 295.152 Thread 0x000000000bb03000  650             javax.swing.text.AbstractDocument$BranchElement::getElement (17 bytes)
Event: 295.153 Thread 0x000000000bb03000 nmethod 650 0x0000000002a96e90 code [0x0000000002a96fc0, 0x0000000002a97098]

GC Heap History (10 events):
Event: 293.676 GC heap after
Heap after GC invocations=287 (full 136):
 PSYoungGen      total 25600K, used 0K [0x00000007d5ab0000, 0x00000007d73e0000, 0x0000000800000000)
  eden space 25408K, 0% used [0x00000007d5ab0000,0x00000007d5ab0000,0x00000007d7380000)
  from space 192K, 0% used [0x00000007d7380000,0x00000007d7380000,0x00000007d73b0000)
  to   space 192K, 0% used [0x00000007d73b0000,0x00000007d73b0000,0x00000007d73e0000)
 ParOldGen       total 86720K, used 10838K [0x0000000781000000, 0x00000007864b0000, 0x00000007d5ab0000)
  object space 86720K, 12% used [0x0000000781000000,0x0000000781a95888,0x00000007864b0000)
 PSPermGen       total 21248K, used 19444K [0x000000077be00000, 0x000000077d2c0000, 0x0000000781000000)
  object space 21248K, 91% used [0x000000077be00000,0x000000077d0fd1b0,0x000000077d2c0000)
}
Event: 294.625 GC heap before
{Heap before GC invocations=288 (full 136):
 PSYoungGen      total 25600K, used 3919K [0x00000007d5ab0000, 0x00000007d73e0000, 0x0000000800000000)
  eden space 25408K, 15% used [0x00000007d5ab0000,0x00000007d5e83c18,0x00000007d7380000)
  from space 192K, 0% used [0x00000007d7380000,0x00000007d7380000,0x00000007d73b0000)
  to   space 192K, 0% used [0x00000007d73b0000,0x00000007d73b0000,0x00000007d73e0000)
 ParOldGen       total 86720K, used 10838K [0x0000000781000000, 0x00000007864b0000, 0x00000007d5ab0000)
  object space 86720K, 12% used [0x0000000781000000,0x0000000781a95888,0x00000007864b0000)
 PSPermGen       total 21248K, used 19447K [0x000000077be00000, 0x000000077d2c0000, 0x0000000781000000)
  object space 21248K, 91% used [0x000000077be00000,0x000000077d0fdee0,0x000000077d2c0000)
Event: 294.627 GC heap after
Heap after GC invocations=288 (full 136):
 PSYoungGen      total 25600K, used 96K [0x00000007d5ab0000, 0x00000007d73e0000, 0x0000000800000000)
  eden space 25408K, 0% used [0x00000007d5ab0000,0x00000007d5ab0000,0x00000007d7380000)
  from space 192K, 50% used [0x00000007d73b0000,0x00000007d73c8000,0x00000007d73e0000)
  to   space 192K, 0% used [0x00000007d7380000,0x00000007d7380000,0x00000007d73b0000)
 ParOldGen       total 86720K, used 10838K [0x0000000781000000, 0x00000007864b0000, 0x00000007d5ab0000)
  object space 86720K, 12% used [0x0000000781000000,0x0000000781a95888,0x00000007864b0000)
 PSPermGen       total 21248K, used 19447K [0x000000077be00000, 0x000000077d2c0000, 0x0000000781000000)
  object space 21248K, 91% used [0x000000077be00000,0x000000077d0fdee0,0x000000077d2c0000)
}
Event: 294.627 GC heap before
{Heap before GC invocations=289 (full 137):
 PSYoungGen      total 25600K, used 96K [0x00000007d5ab0000, 0x00000007d73e0000, 0x0000000800000000)
  eden space 25408K, 0% used [0x00000007d5ab0000,0x00000007d5ab0000,0x00000007d7380000)
  from space 192K, 50% used [0x00000007d73b0000,0x00000007d73c8000,0x00000007d73e0000)
  to   space 192K, 0% used [0x00000007d7380000,0x00000007d7380000,0x00000007d73b0000)
 ParOldGen       total 86720K, used 10838K [0x0000000781000000, 0x00000007864b0000, 0x00000007d5ab0000)
  object space 86720K, 12% used [0x0000000781000000,0x0000000781a95888,0x00000007864b0000)
 PSPermGen       total 21248K, used 19447K [0x000000077be00000, 0x000000077d2c0000, 0x0000000781000000)
  object space 21248K, 91% used [0x000000077be00000,0x000000077d0fdee0,0x000000077d2c0000)
Event: 294.691 GC heap after
Heap after GC invocations=289 (full 137):
 PSYoungGen      total 25600K, used 0K [0x00000007d5ab0000, 0x00000007d73e0000, 0x0000000800000000)
  eden space 25408K, 0% used [0x00000007d5ab0000,0x00000007d5ab0000,0x00000007d7380000)
  from space 192K, 0% used [0x00000007d73b0000,0x00000007d73b0000,0x00000007d73e0000)
  to   space 192K, 0% used [0x00000007d7380000,0x00000007d7380000,0x00000007d73b0000)
 ParOldGen       total 86720K, used 10841K [0x0000000781000000, 0x00000007864b0000, 0x00000007d5ab0000)
  object space 86720K, 12% used [0x0000000781000000,0x0000000781a964b8,0x00000007864b0000)
 PSPermGen       total 21248K, used 19447K [0x000000077be00000, 0x000000077d2c0000, 0x0000000781000000)
  object space 21248K, 91% used [0x000000077be00000,0x000000077d0fdee0,0x000000077d2c0000)
}
Event: 294.692 GC heap before
{Heap before GC invocations=290 (full 137):
 PSYoungGen      total 25600K, used 522K [0x00000007d5ab0000, 0x00000007d73e0000, 0x0000000800000000)
  eden space 25408K, 2% used [0x00000007d5ab0000,0x00000007d5b32b70,0x00000007d7380000)
  from space 192K, 0% used [0x00000007d73b0000,0x00000007d73b0000,0x00000007d73e0000)
  to   space 192K, 0% used [0x00000007d7380000,0x00000007d7380000,0x00000007d73b0000)
 ParOldGen       total 86720K, used 10841K [0x0000000781000000, 0x00000007864b0000, 0x00000007d5ab0000)
  object space 86720K, 12% used [0x0000000781000000,0x0000000781a964b8,0x00000007864b0000)
 PSPermGen       total 21248K, used 19448K [0x000000077be00000, 0x000000077d2c0000, 0x0000000781000000)
  object space 21248K, 91% used [0x000000077be00000,0x000000077d0fe1f0,0x000000077d2c0000)
Event: 294.693 GC heap after
Heap after GC invocations=290 (full 137):
 PSYoungGen      total 25600K, used 64K [0x00000007d5ab0000, 0x00000007d73e0000, 0x0000000800000000)
  eden space 25408K, 0% used [0x00000007d5ab0000,0x00000007d5ab0000,0x00000007d7380000)
  from space 192K, 33% used [0x00000007d7380000,0x00000007d7390000,0x00000007d73b0000)
  to   space 192K, 0% used [0x00000007d73b0000,0x00000007d73b0000,0x00000007d73e0000)
 ParOldGen       total 86720K, used 10841K [0x0000000781000000, 0x00000007864b0000, 0x00000007d5ab0000)
  object space 86720K, 12% used [0x0000000781000000,0x0000000781a964b8,0x00000007864b0000)
 PSPermGen       total 21248K, used 19448K [0x000000077be00000, 0x000000077d2c0000, 0x0000000781000000)
  object space 21248K, 91% used [0x000000077be00000,0x000000077d0fe1f0,0x000000077d2c0000)
}
Event: 294.693 GC heap before
{Heap before GC invocations=291 (full 138):
 PSYoungGen      total 25600K, used 64K [0x00000007d5ab0000, 0x00000007d73e0000, 0x0000000800000000)
  eden space 25408K, 0% used [0x00000007d5ab0000,0x00000007d5ab0000,0x00000007d7380000)
  from space 192K, 33% used [0x00000007d7380000,0x00000007d7390000,0x00000007d73b0000)
  to   space 192K, 0% used [0x00000007d73b0000,0x00000007d73b0000,0x00000007d73e0000)
 ParOldGen       total 86720K, used 10841K [0x0000000781000000, 0x00000007864b0000, 0x00000007d5ab0000)
  object space 86720K, 12% used [0x0000000781000000,0x0000000781a964b8,0x00000007864b0000)
 PSPermGen       total 21248K, used 19448K [0x000000077be00000, 0x000000077d2c0000, 0x0000000781000000)
  object space 21248K, 91% used [0x000000077be00000,0x000000077d0fe1f0,0x000000077d2c0000)
Event: 294.751 GC heap after
Heap after GC invocations=291 (full 138):
 PSYoungGen      total 25600K, used 0K [0x00000007d5ab0000, 0x00000007d73e0000, 0x0000000800000000)
  eden space 25408K, 0% used [0x00000007d5ab0000,0x00000007d5ab0000,0x00000007d7380000)
  from space 192K, 0% used [0x00000007d7380000,0x00000007d7380000,0x00000007d73b0000)
  to   space 192K, 0% used [0x00000007d73b0000,0x00000007d73b0000,0x00000007d73e0000)
 ParOldGen       total 86720K, used 10828K [0x0000000781000000, 0x00000007864b0000, 0x00000007d5ab0000)
  object space 86720K, 12% used [0x0000000781000000,0x0000000781a93248,0x00000007864b0000)
 PSPermGen       total 21248K, used 19448K [0x000000077be00000, 0x000000077d2c0000, 0x0000000781000000)
  object space 21248K, 91% used [0x000000077be00000,0x000000077d0fe1f0,0x000000077d2c0000)
}
Event: 295.411 GC heap before
{Heap before GC invocations=292 (full 138):
 PSYoungGen      total 25600K, used 2416K [0x00000007d5ab0000, 0x00000007d73e0000, 0x0000000800000000)
  eden space 25408K, 9% used [0x00000007d5ab0000,0x00000007d5d0c1b8,0x00000007d7380000)
  from space 192K, 0% used [0x00000007d7380000,0x00000007d7380000,0x00000007d73b0000)
  to   space 192K, 0% used [0x00000007d73b0000,0x00000007d73b0000,0x00000007d73e0000)
 ParOldGen       total 86720K, used 10828K [0x0000000781000000, 0x00000007864b0000, 0x00000007d5ab0000)
  object space 86720K, 12% used [0x0000000781000000,0x0000000781a93248,0x00000007864b0000)
 PSPermGen       total 21248K, used 19448K [0x000000077be00000, 0x000000077d2c0000, 0x0000000781000000)
  object space 21248K, 91% used [0x000000077be00000,0x000000077d0fe298,0x000000077d2c0000)

Deoptimization events (0 events):
No events

Internal exceptions (10 events):
Event: 117.498 Thread 0x000000000e08b800 Threw 0x00000007d5ad4908 at C:\jdk7u1_64p\jdk7u11\hotspot\src\share\vm\prims\jvm.cpp:1166
Event: 119.145 Thread 0x000000000e08b800 Threw 0x00000007d6ccd350 at C:\jdk7u1_64p\jdk7u11\hotspot\src\share\vm\prims\jvm.cpp:1166
Event: 134.191 Thread 0x000000000e08b800 Threw 0x00000007d6e5b0e0 at C:\jdk7u1_64p\jdk7u11\hotspot\src\share\vm\prims\jvm.cpp:1166
Event: 134.192 Thread 0x000000000e08b800 Threw 0x00000007d6e5da00 at C:\jdk7u1_64p\jdk7u11\hotspot\src\share\vm\prims\jvm.cpp:1166
Event: 138.126 Thread 0x000000000e08b800 Threw 0x00000007d6ea55b8 at C:\jdk7u1_64p\jdk7u11\hotspot\src\share\vm\prims\jvm.cpp:1166
Event: 146.348 Thread 0x000000000e08b800 Threw 0x00000007d6ec5068 at C:\jdk7u1_64p\jdk7u11\hotspot\src\share\vm\prims\jvm.cpp:1166
Event: 147.111 Thread 0x000000000bbe7000 Threw 0x00000007d5bbe000 at C:\jdk7u1_64p\jdk7u11\hotspot\src\share\vm\prims\jvm.cpp:1166
Event: 147.139 Thread 0x000000000bbe7000 Threw 0x00000007d5bcfda8 at C:\jdk7u1_64p\jdk7u11\hotspot\src\share\vm\prims\jvm.cpp:1166
Event: 147.159 Thread 0x000000000bbe7000 Threw 0x00000007d5be4460 at C:\jdk7u1_64p\jdk7u11\hotspot\src\share\vm\prims\jvm.cpp:1166
Event: 161.897 Thread 0x000000000e08b800 Threw 0x00000007d5acc968 at C:\jdk7u1_64p\jdk7u11\hotspot\src\share\vm\prims\jvm.cpp:1166

Events (10 events):
Event: 292.533 Executing VM operation: ParallelGCSystemGC done
Event: 293.536 Executing VM operation: ParallelGCSystemGC
Event: 293.605 Executing VM operation: ParallelGCSystemGC done
Event: 293.605 Executing VM operation: ParallelGCSystemGC
Event: 293.676 Executing VM operation: ParallelGCSystemGC done
Event: 294.625 Executing VM operation: ParallelGCSystemGC
Event: 294.691 Executing VM operation: ParallelGCSystemGC done
Event: 294.692 Executing VM operation: ParallelGCSystemGC
Event: 294.751 Executing VM operation: ParallelGCSystemGC done
Event: 295.410 Executing VM operation: ParallelGCSystemGC


Dynamic libraries:
0x000000013f760000 - 0x000000013f793000 	C:\Program Files\Java\jdk1.7.0_11\bin\java.exe
0x0000000077330000 - 0x00000000774d9000 	C:\Windows\SYSTEM32\ntdll.dll
0x0000000077210000 - 0x000000007732f000 	C:\Windows\system32\kernel32.dll
0x000007fefd300000 - 0x000007fefd36c000 	C:\Windows\system32\KERNELBASE.dll
0x000007fefd550000 - 0x000007fefd62b000 	C:\Windows\system32\ADVAPI32.dll
0x000007fefe1f0000 - 0x000007fefe28f000 	C:\Windows\system32\msvcrt.dll
0x000007feff620000 - 0x000007feff63f000 	C:\Windows\SYSTEM32\sechost.dll
0x000007fefde70000 - 0x000007fefdf9d000 	C:\Windows\system32\RPCRT4.dll
0x0000000077110000 - 0x000000007720a000 	C:\Windows\system32\USER32.dll
0x000007fefe290000 - 0x000007fefe2f7000 	C:\Windows\system32\GDI32.dll
0x000007feff610000 - 0x000007feff61e000 	C:\Windows\system32\LPK.dll
0x000007fefdfa0000 - 0x000007fefe069000 	C:\Windows\system32\USP10.dll
0x000007fefb240000 - 0x000007fefb434000 	C:\Windows\WinSxS\amd64_microsoft.windows.common-controls_6595b64144ccf1df_6.0.7601.17514_none_fa396087175ac9ac\COMCTL32.dll
0x000007fefd4b0000 - 0x000007fefd521000 	C:\Windows\system32\SHLWAPI.dll
0x000007fefda60000 - 0x000007fefda8e000 	C:\Windows\system32\IMM32.DLL
0x000007feff320000 - 0x000007feff429000 	C:\Windows\system32\MSCTF.dll
0x0000000059120000 - 0x00000000591f1000 	C:\Program Files\Java\jdk1.7.0_11\jre\bin\msvcr100.dll
0x00000000583c0000 - 0x0000000058adf000 	C:\Program Files\Java\jdk1.7.0_11\jre\bin\server\jvm.dll
0x000007fefad30000 - 0x000007fefad39000 	C:\Windows\system32\WSOCK32.dll
0x000007feff430000 - 0x000007feff47d000 	C:\Windows\system32\WS2_32.dll
0x000007fefda90000 - 0x000007fefda98000 	C:\Windows\system32\NSI.dll
0x000007fefbaf0000 - 0x000007fefbb2b000 	C:\Windows\system32\WINMM.dll
0x0000000077500000 - 0x0000000077507000 	C:\Windows\system32\PSAPI.DLL
0x000000005cc40000 - 0x000000005cc7f000 	C:\Program Files\Java\jdk1.7.0_11\jre\bin\splashscreen.dll
0x000007fefaf70000 - 0x000007fefafc6000 	C:\Windows\system32\uxtheme.dll
0x0000000180000000 - 0x00000001800eb000 	C:\Program Files\Hewlett-Packard\HP ProtectTools Security Manager\Bin\DpoFeedb.dll
0x000007fefe070000 - 0x000007fefe147000 	C:\Windows\system32\OLEAUT32.dll
0x000007fefe380000 - 0x000007fefe583000 	C:\Windows\system32\ole32.dll
0x000007fefc470000 - 0x000007fefc47c000 	C:\Windows\system32\VERSION.dll
0x000007fefd3d0000 - 0x000007fefd3ee000 	C:\Windows\system32\USERENV.dll
0x000007fefd100000 - 0x000007fefd10f000 	C:\Windows\system32\profapi.dll
0x0000000072bb0000 - 0x0000000072bbf000 	C:\Program Files\Java\jdk1.7.0_11\jre\bin\verify.dll
0x0000000059d90000 - 0x0000000059db8000 	C:\Program Files\Java\jdk1.7.0_11\jre\bin\java.dll
0x00000000557e0000 - 0x0000000055815000 	C:\Program Files\Java\jdk1.7.0_11\jre\bin\jdwp.dll
0x0000000055850000 - 0x0000000055858000 	C:\Program Files\Java\jdk1.7.0_11\jre\bin\npt.dll
0x0000000059fc0000 - 0x0000000059fd5000 	C:\Program Files\Java\jdk1.7.0_11\jre\bin\zip.dll
0x000007fefcf90000 - 0x000007fefcf9f000 	C:\Windows\system32\CRYPTBASE.dll
0x000007fef43e0000 - 0x000007fef4411000 	C:\Program Files\Hewlett-Packard\HP ProtectTools Security Manager\Bin\DpoSet.dll
0x000000006cfd0000 - 0x000000006d0a3000 	C:\Windows\WinSxS\amd64_microsoft.vc90.crt_1fc8b3b9a1e18e3b_9.0.30729.6161_none_08e61857a83bc251\MSVCP90.dll
0x0000000072f00000 - 0x0000000072fa3000 	C:\Windows\WinSxS\amd64_microsoft.vc90.crt_1fc8b3b9a1e18e3b_9.0.30729.6161_none_08e61857a83bc251\MSVCR90.dll
0x0000000070790000 - 0x000000007079b000 	C:\Program Files\Java\jdk1.7.0_11\jre\bin\dt_shmem.dll
0x0000000056f10000 - 0x00000000570a3000 	C:\Program Files\Java\jdk1.7.0_11\jre\bin\awt.dll
0x000007fefa7c0000 - 0x000007fefa7d8000 	C:\Windows\system32\dwmapi.dll
0x000007fefe590000 - 0x000007feff318000 	C:\Windows\system32\SHELL32.dll
0x0000000055930000 - 0x0000000055964000 	C:\Program Files\Java\jdk1.7.0_11\jre\bin\fontmanager.dll
0x0000000059fa0000 - 0x0000000059fb9000 	C:\Program Files\Java\jdk1.7.0_11\jre\bin\net.dll
0x000007fefc8d0000 - 0x000007fefc925000 	C:\Windows\system32\mswsock.dll
0x000007fefc8c0000 - 0x000007fefc8c7000 	C:\Windows\System32\wship6.dll
0x0000000059100000 - 0x0000000059111000 	C:\Program Files\Java\jdk1.7.0_11\jre\bin\nio.dll
0x0000000054d40000 - 0x0000000054d70000 	C:\Program Files\Java\jdk1.7.0_11\jre\bin\jpeg.dll
0x0000000055860000 - 0x00000000558a1000 	C:\Program Files\Java\jdk1.7.0_11\jre\bin\t2k.dll
0x000007fefdaa0000 - 0x000007fefdb39000 	C:\Windows\system32\CLBCatQ.DLL
0x000007fefa5d0000 - 0x000007fefa731000 	C:\Windows\system32\WindowsCodecs.dll
0x000007fefcf30000 - 0x000007fefcf87000 	C:\Windows\system32\apphelp.dll
0x000007fef74c0000 - 0x000007fef76fd000 	C:\PROGRA~1\MIF5BA~1\Office15\GROOVEEX.DLL
0x000000006d2a0000 - 0x000000006d338000 	C:\Windows\system32\MSVCP100.dll
0x000000006d270000 - 0x000000006d29b000 	C:\Windows\system32\ATL100.DLL
0x000007fef81a0000 - 0x000007fef84bd000 	C:\Windows\system32\msi.dll
0x000007fef5b60000 - 0x000007fef63ec000 	C:\PROGRA~1\MIF5BA~1\Office15\1036\GrooveIntlResource.dll
0x000000006d1c0000 - 0x000000006d1d6000 	C:\Program Files\Common Files\TortoiseOverlays\TortoiseOverlays.dll
0x000000006d1b0000 - 0x000000006d1c0000 	C:\Program Files\TortoiseSVN\bin\TortoiseStub.dll
0x000000006d130000 - 0x000000006d1ab000 	C:\Program Files\TortoiseSVN\bin\TortoiseSVN.dll
0x000007fefd630000 - 0x000007fefd878000 	C:\Windows\system32\WININET.dll
0x000007fefd2b0000 - 0x000007fefd2b4000 	C:\Windows\system32\api-ms-win-downlevel-user32-l1-1-0.dll
0x000007fefd110000 - 0x000007fefd114000 	C:\Windows\system32\api-ms-win-downlevel-shlwapi-l1-1-0.dll
0x000007fefd370000 - 0x000007fefd374000 	C:\Windows\system32\api-ms-win-downlevel-version-l1-1-0.dll
0x000007fefd4a0000 - 0x000007fefd4a3000 	C:\Windows\system32\api-ms-win-downlevel-normaliz-l1-1-0.dll
0x00000000774f0000 - 0x00000000774f3000 	C:\Windows\system32\normaliz.DLL
0x000007fefdb40000 - 0x000007fefde07000 	C:\Windows\system32\iertutil.dll
0x000007fefd3f0000 - 0x000007fefd3f5000 	C:\Windows\system32\api-ms-win-downlevel-advapi32-l1-1-0.dll
0x000007fef78b0000 - 0x000007fef7c9d000 	C:\Program Files\TortoiseSVN\bin\libsvn_tsvn.dll
0x000000006d100000 - 0x000000006d12b000 	C:\Program Files\TortoiseSVN\bin\libapr_tsvn.dll
0x000000006d0b0000 - 0x000000006d0f1000 	C:\Program Files\TortoiseSVN\bin\libaprutil_tsvn.dll
0x000007fefde10000 - 0x000007fefde62000 	C:\Windows\system32\WLDAP32.dll
0x000007fef8df0000 - 0x000007fef8e00000 	C:\Program Files\TortoiseSVN\bin\intl3_tsvn.dll
0x000007fef8dd0000 - 0x000007fef8dea000 	C:\Program Files\TortoiseSVN\bin\libsasl.dll
0x000007fefced0000 - 0x000007fefcedb000 	C:\Windows\system32\Secur32.dll
0x000007fefcf00000 - 0x000007fefcf25000 	C:\Windows\system32\SSPICLI.DLL
0x000007fefd140000 - 0x000007fefd2ac000 	C:\Windows\system32\CRYPT32.dll
0x000007fefd0f0000 - 0x000007fefd0ff000 	C:\Windows\system32\MSASN1.dll
0x000007fef7870000 - 0x000007fef78a5000 	C:\Windows\system32\EhStorShell.dll
0x000007fefd880000 - 0x000007fefda57000 	C:\Windows\system32\SETUPAPI.dll
0x000007fefd380000 - 0x000007fefd3b6000 	C:\Windows\system32\CFGMGR32.dll
0x000007fefd120000 - 0x000007fefd13a000 	C:\Windows\system32\DEVOBJ.dll
0x000007fefb770000 - 0x000007fefb89c000 	C:\Windows\system32\PROPSYS.dll
0x000007fef54f0000 - 0x000007fef5b5f000 	C:\PROGRA~1\MIF5BA~1\Office14\GROOVEEX.DLL
0x000000006cfa0000 - 0x000000006cfcf000 	C:\Windows\WinSxS\amd64_microsoft.vc90.atl_1fc8b3b9a1e18e3b_9.0.30729.6161_none_0a1fd3a3a768b895\ATL90.DLL
0x000007fef50d0000 - 0x000007fef54ea000 	C:\PROGRA~1\COMMON~1\MICROS~1\OFFICE14\Cultures\office.odf
0x000007fef4840000 - 0x000007fef50c8000 	C:\PROGRA~1\MIF5BA~1\Office14\1036\GrooveIntlResource.dll
0x0000000059ee0000 - 0x0000000059f0a000 	C:\Program Files\Java\jdk1.7.0_11\jre\bin\dcpr.dll
0x000007fef2610000 - 0x000007fef26b0000 	C:\Windows\WinSxS\amd64_microsoft.windows.common-controls_6595b64144ccf1df_5.82.7601.18201_none_a4d3b9377117c3df\comctl32.dll
0x000007fefba70000 - 0x000007fefba9d000 	C:\Windows\system32\ntmarta.dll
0x000007fef3590000 - 0x000007fef372c000 	C:\Windows\system32\NetworkExplorer.dll
0x000007fef77a0000 - 0x000007fef77d4000 	C:\Windows\System32\shdocvw.dll
0x000007fefb5d0000 - 0x000007fefb5db000 	C:\Windows\system32\slc.dll
0x000007fef8d80000 - 0x000007fef8d98000 	C:\Windows\system32\MPR.dll
0x000007fef9560000 - 0x000007fef956a000 	C:\Windows\System32\drprov.dll
0x000007fefc3a0000 - 0x000007fefc3dd000 	C:\Windows\System32\WINSTA.dll
0x000007fee56d0000 - 0x000007fee56f2000 	C:\Windows\System32\ntlanman.dll
0x000007fee50a0000 - 0x000007fee50bd000 	C:\Windows\System32\davclnt.dll
0x000007fee8770000 - 0x000007fee877a000 	C:\Windows\System32\DAVHLPR.dll
0x000007fefc4a0000 - 0x000007fefc4b5000 	C:\Windows\system32\wkscli.dll
0x000007fef4420000 - 0x000007fef442f000 	C:\Windows\system32\cscapi.dll
0x000007fefc4c0000 - 0x000007fefc4cc000 	C:\Windows\system32\netutils.dll
0x000007fee3e70000 - 0x000007fee40e1000 	C:\Windows\system32\wpdshext.dll
0x000007fefad50000 - 0x000007fefaf66000 	C:\Windows\WinSxS\amd64_microsoft.windows.gdiplus_6595b64144ccf1df_1.1.7601.18455_none_2b283fd671e9bf4d\gdiplus.dll
0x000007fef07d0000 - 0x000007fef088d000 	C:\Windows\system32\PortableDeviceApi.dll
0x000007fefd2c0000 - 0x000007fefd2fa000 	C:\Windows\system32\WINTRUST.dll
0x000007fef4440000 - 0x000007fef4479000 	C:\Windows\system32\PortableDeviceTypes.dll
0x000007fefb490000 - 0x000007fefb4b7000 	C:\Windows\system32\EhStorAPI.dll
0x000007fef40d0000 - 0x000007fef4151000 	C:\Windows\system32\DeviceCenter.dll
0x000007fefab50000 - 0x000007fefac42000 	C:\Windows\system32\DUI70.dll
0x000007fef8da0000 - 0x000007fef8dac000 	C:\Windows\system32\LINKINFO.dll
0x000007feddc30000 - 0x000007feddcce000 	C:\Windows\system32\RICHED20.DLL
0x000007feefdb0000 - 0x000007feefed5000 	C:\Windows\system32\dbghelp.dll

VM Arguments:
jvm_args: -Xdebug -Xrunjdwp:transport=dt_shmem,address=javadebug -Dfile.encoding=UTF-8 
java_command: marcadministrationclient.MainJFrame
Launcher Type: SUN_STANDARD

Environment Variables:
PATH=C:\Program Files (x86)\ImageMagick-6.8.7-Q16;C:\Program Files\Common Files\Microsoft Shared\Windows Live;C:\Program Files (x86)\AMD APP\bin\x86_64;C:\Program Files (x86)\AMD APP\bin\x86;C:\Windows\system32;C:\Windows;C:\Windows\System32\Wbem;C:\Program Files (x86)\ATI Technologies\ATI.ACE\Core-Static;C:\Windows\System32\WindowsPowerShell\v1.0\;C:\Program Files\Microsoft\Web Platform Installer\;C:\Program Files (x86)\Microsoft ASP.NET\ASP.NET Web Pages\v1.0\;C:\Program Files\Microsoft SQL Server\110\Tools\Binn\;C:\Program Files (x86)\Microsoft SQL Server\90\Tools\binn\;C:\Windows\System32\WindowsPowerShell\v1.0\;C:\Program Files\TortoiseSVN\bin;C:\Program Files (x86)\Windows Kits\8.1\Windows Performance Toolkit\;C:\Program Files (x86)\Microsoft SDKs\TypeScript\1.0\;C:\Program Files\Common Files\Microsoft Shared\Windows Live;C:\Program Files (x86)\CMake 2.8\bin
USERNAME=patrice
OS=Windows_NT
PROCESSOR_IDENTIFIER=Intel64 Family 6 Model 42 Stepping 7, GenuineIntel



---------------  S Y S T E M  ---------------

OS: Windows 7 , 64 bit Build 7601 Service Pack 1

CPU:total 2 (2 cores per cpu, 2 threads per core) family 6 model 42 stepping 7, cmov, cx8, fxsr, mmx, sse, sse2, sse3, ssse3, sse4.1, sse4.2, popcnt, avx, ht, tsc, tscinvbit

Memory: 4k page, physical 8321392k(4060720k free), swap 16640920k(11286672k free)

vm_info: Java HotSpot(TM) 64-Bit Server VM (23.6-b04) for windows-amd64 JRE (1.7.0_11-b21), built on Jan 12 2013 02:38:42 by "java_re" with unknown MS VC++:1600

time: Mon Dec 15 09:34:02 2014
elapsed time: 295 seconds

