#
# A fatal error has been detected by the Java Runtime Environment:
#
#  EXCEPTION_ACCESS_VIOLATION (0xc0000005) at pc=0x00000000779bde6e, pid=12572, tid=13480
#
# JRE version: 7.0_11-b21
# Java VM: Java HotSpot(TM) 64-Bit Server VM (23.6-b04 mixed mode windows-amd64 compressed oops)
# Problematic frame:
# V  [jvm.dll+0xdde6e]
#
# Failed to write core dump. Minidumps are not enabled by default on client versions of Windows
#
# If you would like to submit a bug report, please visit:
#   http://bugreport.sun.com/bugreport/crash.jsp
#

---------------  T H R E A D  ---------------

Current thread (0x000000000e3d1000):  JavaThread "Java2D Disposer" daemon [_thread_in_vm, id=13480, stack(0x000000000ed60000,0x000000000ee60000)]

siginfo: ExceptionCode=0xc0000005, reading address 0x00000000f0357f36

Registers:
RAX=0x00001c347e998e6b, RBX=0x0000000781abf8f0, RCX=0x0000000781abf8f0, RDX=0x00000000f0357f36
RSP=0x000000000ee5f090, RBP=0x000000000bf86680, RSI=0x000000000e3d1000, RDI=0x000000000bf86670
R8 =0x000000000c2a47f0, R9 =0x0000000000000006, R10=0x0000000077f859c0, R11=0x000000000ee5f0d0
R12=0x000000000bf86a58, R13=0x000000077c375040, R14=0x000000000ee5f1c8, R15=0x000000000e3d1000
RIP=0x00000000779bde6e, EFLAGS=0x0000000000010286

Top of Stack: (sp=0x000000000ee5f090)
0x000000000ee5f090:   000000000ee5f150 000000000ee5f108
0x000000000ee5f0a0:   000000000ee5f108 000000000285646e
0x000000000ee5f0b0:   0000000002835510 0000000000000000
0x000000000ee5f0c0:   000000000ee5f150 000000000ee5f108
0x000000000ee5f0d0:   000000000ee5f150 00001c347e998e6b
0x000000000ee5f0e0:   000000000c2a47c0 000000007795ab98
0x000000000ee5f0f0:   0000000002836298 000000000e3d1000
0x000000000ee5f100:   000000000bf86670 0000000781abf880
0x000000000ee5f110:   000000000ee5f110 000000077bed092d
0x000000000ee5f120:   000000077c375040 0000000000000000
0x000000000ee5f130:   0000000002836298 0000000002845d47
0x000000000ee5f140:   000000000e3d1000 0000000781abf8e0
0x000000000ee5f150:   000000000ee5f1a8 000000000e3d1000
0x000000000ee5f160:   0000000002845d01 000000000ee5f168
0x000000000ee5f170:   000000077c375040 000000000ee5f1c8
0x000000000ee5f180:   000000077c375d18 0000000000000000 

Instructions: (pc=0x00000000779bde6e)
0x00000000779bde4e:   e9 00 00 00 48 83 b9 00 01 00 00 00 0f 84 db 00
0x00000000779bde5e:   00 00 48 8b 51 68 48 89 74 24 68 48 89 7c 24 70
0x00000000779bde6e:   48 8b 0a 0f b6 c1 24 07 3c 01 75 0e 48 8b c1 48
0x00000000779bde7e:   c1 e8 08 25 ff ff ff 7f 75 1e 0f b6 c1 24 03 3c 


Register to memory mapping:

RAX=0x00001c347e998e6b is an unknown value
RBX=0x0000000781abf8f0 is an oop
sun.awt.EventQueueItem 
 - klass: 'sun/awt/EventQueueItem'
RCX=0x0000000781abf8f0 is an oop
sun.awt.EventQueueItem 
 - klass: 'sun/awt/EventQueueItem'
RDX=0x00000000f0357f36 is an unknown value
RSP=0x000000000ee5f090 is pointing into the stack for thread: 0x000000000e3d1000
RBP=0x000000000bf86680 is an unknown value
RSI=0x000000000e3d1000 is a thread
RDI=0x000000000bf86670 is an unknown value
R8 =0x000000000c2a47f0 is an unknown value
R9 =0x0000000000000006 is an unknown value
R10=0x0000000077f859c0 is an unknown value
R11=0x000000000ee5f0d0 is pointing into the stack for thread: 0x000000000e3d1000
R12=0x000000000bf86a58 is an unknown value
R13=0x000000077c375040 is an oop
{constMethod} 
 - klass: {other class}
 - method:       0x000000077c375098 {method} 'run' '()V' in 'sun/java2d/Disposer'
 - exceptions:   0x000000077c374fd0
bci_from(000000077C375040) = 8; print_codes():
R14=0x000000000ee5f1c8 is pointing into the stack for thread: 0x000000000e3d1000
R15=0x000000000e3d1000 is a thread


Stack: [0x000000000ed60000,0x000000000ee60000],  sp=0x000000000ee5f090,  free space=1020k
Native frames: (J=compiled Java code, j=interpreted, Vv=VM code, C=native code)
V  [jvm.dll+0xdde6e]

Java frames: (J=compiled Java code, j=interpreted, Vv=VM code)
j  sun.java2d.Disposer.run()V+8
j  java.lang.Thread.run()V+11
v  ~StubRoutines::call_stub

---------------  P R O C E S S  ---------------

Java Threads: ( => current thread )
  0x000000000e85d800 JavaThread "SwingWorker-pool-1-thread-10" daemon [_thread_blocked, id=9768, stack(0x00000000120e0000,0x00000000121e0000)]
  0x000000000e85c800 JavaThread "SwingWorker-pool-1-thread-9" daemon [_thread_blocked, id=14324, stack(0x000000000dd00000,0x000000000de00000)]
  0x000000000e85c000 JavaThread "SwingWorker-pool-1-thread-8" daemon [_thread_blocked, id=4708, stack(0x0000000011ef0000,0x0000000011ff0000)]
  0x000000000e85b000 JavaThread "SwingWorker-pool-1-thread-7" daemon [_thread_blocked, id=13936, stack(0x0000000011d90000,0x0000000011e90000)]
  0x000000000e85a000 JavaThread "SwingWorker-pool-1-thread-6" daemon [_thread_blocked, id=13876, stack(0x0000000011c90000,0x0000000011d90000)]
  0x000000000e5dd000 JavaThread "SwingWorker-pool-1-thread-5" daemon [_thread_in_native, id=11844, stack(0x0000000011ac0000,0x0000000011bc0000)]
  0x000000000fd02800 JavaThread "SwingWorker-pool-1-thread-4" daemon [_thread_blocked, id=14060, stack(0x000000000f4e0000,0x000000000f5e0000)]
  0x000000000c004000 JavaThread "SwingWorker-pool-1-thread-3" daemon [_thread_blocked, id=13320, stack(0x000000000ee80000,0x000000000ef80000)]
  0x000000000e6c4000 JavaThread "SwingWorker-pool-1-thread-2" daemon [_thread_blocked, id=13088, stack(0x000000000dbf0000,0x000000000dcf0000)]
  0x000000000f8ed800 JavaThread "SwingWorker-pool-1-thread-1" daemon [_thread_blocked, id=13168, stack(0x000000000da40000,0x000000000db40000)]
  0x000000000e8cb000 JavaThread "TimerQueue" daemon [_thread_blocked, id=13004, stack(0x000000000d4e0000,0x000000000d5e0000)]
  0x000000000e4dd800 JavaThread "org.netbeans.modules.debugger.jpda.visual AWT Access Loop" daemon [_thread_blocked, id=13500, stack(0x000000000f3d0000,0x000000000f4d0000)]
  0x0000000001ecf000 JavaThread "DestroyJavaVM" [_thread_blocked, id=13336, stack(0x0000000002560000,0x0000000002660000)]
  0x000000000e4c3000 JavaThread "AWT-EventQueue-0" [_thread_in_vm, id=13496, stack(0x000000000f230000,0x000000000f330000)]
  0x000000000c2ac000 JavaThread "AWT-Windows" daemon [_thread_in_native, id=13492, stack(0x000000000f040000,0x000000000f140000)]
  0x000000000e3d1800 JavaThread "AWT-Shutdown" [_thread_blocked, id=13484, stack(0x000000000ec40000,0x000000000ed40000)]
=>0x000000000e3d1000 JavaThread "Java2D Disposer" daemon [_thread_in_vm, id=13480, stack(0x000000000ed60000,0x000000000ee60000)]
  0x000000000bfb0000 JavaThread "Service Thread" daemon [_thread_blocked, id=13416, stack(0x000000000e2d0000,0x000000000e3d0000)]
  0x000000000bfa5000 JavaThread "C2 CompilerThread1" daemon [_thread_blocked, id=13412, stack(0x000000000e010000,0x000000000e110000)]
  0x000000000bfa1800 JavaThread "C2 CompilerThread0" daemon [_thread_blocked, id=13408, stack(0x000000000deb0000,0x000000000dfb0000)]
  0x000000000bf90000 JavaThread "JDWP Command Reader" daemon [_thread_in_native, id=13380, stack(0x000000000cfd0000,0x000000000d0d0000)]
  0x000000000bf8a800 JavaThread "JDWP Event Helper Thread" daemon [_thread_blocked, id=13376, stack(0x000000000d260000,0x000000000d360000)]
  0x000000000bf79000 JavaThread "JDWP Transport Listener: dt_shmem" daemon [_thread_blocked, id=13368, stack(0x000000000d0e0000,0x000000000d1e0000)]
  0x00000000021cb800 JavaThread "Attach Listener" daemon [_thread_blocked, id=13364, stack(0x000000000ceb0000,0x000000000cfb0000)]
  0x00000000021ca000 JavaThread "Signal Dispatcher" daemon [_thread_blocked, id=13360, stack(0x000000000ccc0000,0x000000000cdc0000)]
  0x0000000002140000 JavaThread "Finalizer" daemon [_thread_blocked, id=13356, stack(0x000000000ca20000,0x000000000cb20000)]
  0x000000000213d000 JavaThread "Reference Handler" daemon [_thread_blocked, id=13352, stack(0x000000000c860000,0x000000000c960000)]

Other Threads:
  0x0000000002136000 VMThread [stack: 0x000000000bdb0000,0x000000000beb0000] [id=13348]
  0x000000000bfbd000 WatcherThread [stack: 0x000000000e150000,0x000000000e250000] [id=13420]

VM state:not at safepoint (normal execution)

VM Mutex/Monitor currently owned by a thread: None

Heap
 PSYoungGen      total 25152K, used 871K [0x00000007d5ab0000, 0x00000007d7380000, 0x0000000800000000)
  eden space 24896K, 3% used [0x00000007d5ab0000,0x00000007d5b89da0,0x00000007d7300000)
  from space 256K, 0% used [0x00000007d7340000,0x00000007d7340000,0x00000007d7380000)
  to   space 256K, 0% used [0x00000007d7300000,0x00000007d7300000,0x00000007d7340000)
 ParOldGen       total 86720K, used 11015K [0x0000000781000000, 0x00000007864b0000, 0x00000007d5ab0000)
  object space 86720K, 12% used [0x0000000781000000,0x0000000781ac1e48,0x00000007864b0000)
 PSPermGen       total 21504K, used 18556K [0x000000077be00000, 0x000000077d300000, 0x0000000781000000)
  object space 21504K, 86% used [0x000000077be00000,0x000000077d01f200,0x000000077d300000)

Card table byte_map: [0x0000000005830000,0x0000000005c60000] byte_map_base: 0x0000000001c51000

Polling page: 0x0000000000210000

Code Cache  [0x0000000002830000, 0x0000000002aa0000, 0x0000000005830000)
 total_blobs=1094 nmethods=615 adapters=439 free_code_cache=47121Kb largest_free_block=48206400

Compilation events (10 events):
Event: 363.875 Thread 0x000000000bfa1800  623             java.awt.Component::isFocusOwner (5 bytes)
Event: 363.877 Thread 0x000000000bfa1800 nmethod 623 0x0000000002a19e90 code [0x0000000002a19fe0, 0x0000000002a1a0b8]
Event: 364.192 Thread 0x000000000bfa5000  624             javax.swing.text.GapContent$MarkVector::elementAt (43 bytes)
Event: 364.195 Thread 0x000000000bfa5000 nmethod 624 0x0000000002a19ad0 code [0x0000000002a19c20, 0x0000000002a19d58]
Event: 364.403 Thread 0x000000000bfa1800  625             javax.swing.plaf.synth.SynthLookAndFeel::getComponentState (23 bytes)
Event: 364.406 Thread 0x000000000bfa1800 nmethod 625 0x0000000002a1ec50 code [0x0000000002a1eda0, 0x0000000002a1ee98]
Event: 364.594 Thread 0x000000000bfa5000  626             javax.swing.text.GapContent::getChars (209 bytes)
Event: 364.604 Thread 0x000000000bfa5000 nmethod 626 0x0000000002a34210 code [0x0000000002a34380, 0x0000000002a34ad8]
Event: 364.620 Thread 0x000000000bfa1800  627             javax.swing.text.AbstractDocument$AbstractElement::getDocument (5 bytes)
Event: 364.621 Thread 0x000000000bfa1800 nmethod 627 0x0000000002a34010 code [0x0000000002a34140, 0x0000000002a341b8]

GC Heap History (10 events):
Event: 363.304 GC heap before
{Heap before GC invocations=196 (full 90):
 PSYoungGen      total 25152K, used 32K [0x00000007d5ab0000, 0x00000007d7380000, 0x0000000800000000)
  eden space 24896K, 0% used [0x00000007d5ab0000,0x00000007d5ab0000,0x00000007d7300000)
  from space 256K, 12% used [0x00000007d7340000,0x00000007d7348000,0x00000007d7380000)
  to   space 256K, 0% used [0x00000007d7300000,0x00000007d7300000,0x00000007d7340000)
 ParOldGen       total 86720K, used 11011K [0x0000000781000000, 0x00000007864b0000, 0x00000007d5ab0000)
  object space 86720K, 12% used [0x0000000781000000,0x0000000781ac0c58,0x00000007864b0000)
 PSPermGen       total 21504K, used 18555K [0x000000077be00000, 0x000000077d300000, 0x0000000781000000)
  object space 21504K, 86% used [0x000000077be00000,0x000000077d01ee60,0x000000077d300000)
Event: 363.413 GC heap after
Heap after GC invocations=196 (full 90):
 PSYoungGen      total 25152K, used 0K [0x00000007d5ab0000, 0x00000007d7380000, 0x0000000800000000)
  eden space 24896K, 0% used [0x00000007d5ab0000,0x00000007d5ab0000,0x00000007d7300000)
  from space 256K, 0% used [0x00000007d7340000,0x00000007d7340000,0x00000007d7380000)
  to   space 256K, 0% used [0x00000007d7300000,0x00000007d7300000,0x00000007d7340000)
 ParOldGen       total 86720K, used 11010K [0x0000000781000000, 0x00000007864b0000, 0x00000007d5ab0000)
  object space 86720K, 12% used [0x0000000781000000,0x0000000781ac0960,0x00000007864b0000)
 PSPermGen       total 21504K, used 18555K [0x000000077be00000, 0x000000077d300000, 0x0000000781000000)
  object space 21504K, 86% used [0x000000077be00000,0x000000077d01ee60,0x000000077d300000)
}
Event: 364.427 GC heap before
{Heap before GC invocations=197 (full 90):
 PSYoungGen      total 25152K, used 2927K [0x00000007d5ab0000, 0x00000007d7380000, 0x0000000800000000)
  eden space 24896K, 11% used [0x00000007d5ab0000,0x00000007d5d8be50,0x00000007d7300000)
  from space 256K, 0% used [0x00000007d7340000,0x00000007d7340000,0x00000007d7380000)
  to   space 256K, 0% used [0x00000007d7300000,0x00000007d7300000,0x00000007d7340000)
 ParOldGen       total 86720K, used 11010K [0x0000000781000000, 0x00000007864b0000, 0x00000007d5ab0000)
  object space 86720K, 12% used [0x0000000781000000,0x0000000781ac0960,0x00000007864b0000)
 PSPermGen       total 21504K, used 18556K [0x000000077be00000, 0x000000077d300000, 0x0000000781000000)
  object space 21504K, 86% used [0x000000077be00000,0x000000077d01f200,0x000000077d300000)
Event: 364.429 GC heap after
Heap after GC invocations=197 (full 90):
 PSYoungGen      total 25152K, used 96K [0x00000007d5ab0000, 0x00000007d7380000, 0x0000000800000000)
  eden space 24896K, 0% used [0x00000007d5ab0000,0x00000007d5ab0000,0x00000007d7300000)
  from space 256K, 37% used [0x00000007d7300000,0x00000007d7318000,0x00000007d7340000)
  to   space 256K, 0% used [0x00000007d7340000,0x00000007d7340000,0x00000007d7380000)
 ParOldGen       total 86720K, used 11010K [0x0000000781000000, 0x00000007864b0000, 0x00000007d5ab0000)
  object space 86720K, 12% used [0x0000000781000000,0x0000000781ac0960,0x00000007864b0000)
 PSPermGen       total 21504K, used 18556K [0x000000077be00000, 0x000000077d300000, 0x0000000781000000)
  object space 21504K, 86% used [0x000000077be00000,0x000000077d01f200,0x000000077d300000)
}
Event: 364.429 GC heap before
{Heap before GC invocations=198 (full 91):
 PSYoungGen      total 25152K, used 96K [0x00000007d5ab0000, 0x00000007d7380000, 0x0000000800000000)
  eden space 24896K, 0% used [0x00000007d5ab0000,0x00000007d5ab0000,0x00000007d7300000)
  from space 256K, 37% used [0x00000007d7300000,0x00000007d7318000,0x00000007d7340000)
  to   space 256K, 0% used [0x00000007d7340000,0x00000007d7340000,0x00000007d7380000)
 ParOldGen       total 86720K, used 11010K [0x0000000781000000, 0x00000007864b0000, 0x00000007d5ab0000)
  object space 86720K, 12% used [0x0000000781000000,0x0000000781ac0960,0x00000007864b0000)
 PSPermGen       total 21504K, used 18556K [0x000000077be00000, 0x000000077d300000, 0x0000000781000000)
  object space 21504K, 86% used [0x000000077be00000,0x000000077d01f200,0x000000077d300000)
Event: 364.506 GC heap after
Heap after GC invocations=198 (full 91):
 PSYoungGen      total 25152K, used 0K [0x00000007d5ab0000, 0x00000007d7380000, 0x0000000800000000)
  eden space 24896K, 0% used [0x00000007d5ab0000,0x00000007d5ab0000,0x00000007d7300000)
  from space 256K, 0% used [0x00000007d7300000,0x00000007d7300000,0x00000007d7340000)
  to   space 256K, 0% used [0x00000007d7340000,0x00000007d7340000,0x00000007d7380000)
 ParOldGen       total 86720K, used 11016K [0x0000000781000000, 0x00000007864b0000, 0x00000007d5ab0000)
  object space 86720K, 12% used [0x0000000781000000,0x0000000781ac2208,0x00000007864b0000)
 PSPermGen       total 21504K, used 18556K [0x000000077be00000, 0x000000077d300000, 0x0000000781000000)
  object space 21504K, 86% used [0x000000077be00000,0x000000077d01f200,0x000000077d300000)
}
Event: 364.506 GC heap before
{Heap before GC invocations=199 (full 91):
 PSYoungGen      total 25152K, used 567K [0x00000007d5ab0000, 0x00000007d7380000, 0x0000000800000000)
  eden space 24896K, 2% used [0x00000007d5ab0000,0x00000007d5b3ddd0,0x00000007d7300000)
  from space 256K, 0% used [0x00000007d7300000,0x00000007d7300000,0x00000007d7340000)
  to   space 256K, 0% used [0x00000007d7340000,0x00000007d7340000,0x00000007d7380000)
 ParOldGen       total 86720K, used 11016K [0x0000000781000000, 0x00000007864b0000, 0x00000007d5ab0000)
  object space 86720K, 12% used [0x0000000781000000,0x0000000781ac2208,0x00000007864b0000)
 PSPermGen       total 21504K, used 18556K [0x000000077be00000, 0x000000077d300000, 0x0000000781000000)
  object space 21504K, 86% used [0x000000077be00000,0x000000077d01f200,0x000000077d300000)
Event: 364.508 GC heap after
Heap after GC invocations=199 (full 91):
 PSYoungGen      total 25152K, used 32K [0x00000007d5ab0000, 0x00000007d7380000, 0x0000000800000000)
  eden space 24896K, 0% used [0x00000007d5ab0000,0x00000007d5ab0000,0x00000007d7300000)
  from space 256K, 12% used [0x00000007d7340000,0x00000007d7348000,0x00000007d7380000)
  to   space 256K, 0% used [0x00000007d7300000,0x00000007d7300000,0x00000007d7340000)
 ParOldGen       total 86720K, used 11016K [0x0000000781000000, 0x00000007864b0000, 0x00000007d5ab0000)
  object space 86720K, 12% used [0x0000000781000000,0x0000000781ac2208,0x00000007864b0000)
 PSPermGen       total 21504K, used 18556K [0x000000077be00000, 0x000000077d300000, 0x0000000781000000)
  object space 21504K, 86% used [0x000000077be00000,0x000000077d01f200,0x000000077d300000)
}
Event: 364.508 GC heap before
{Heap before GC invocations=200 (full 92):
 PSYoungGen      total 25152K, used 32K [0x00000007d5ab0000, 0x00000007d7380000, 0x0000000800000000)
  eden space 24896K, 0% used [0x00000007d5ab0000,0x00000007d5ab0000,0x00000007d7300000)
  from space 256K, 12% used [0x00000007d7340000,0x00000007d7348000,0x00000007d7380000)
  to   space 256K, 0% used [0x00000007d7300000,0x00000007d7300000,0x00000007d7340000)
 ParOldGen       total 86720K, used 11016K [0x0000000781000000, 0x00000007864b0000, 0x00000007d5ab0000)
  object space 86720K, 12% used [0x0000000781000000,0x0000000781ac2208,0x00000007864b0000)
 PSPermGen       total 21504K, used 18556K [0x000000077be00000, 0x000000077d300000, 0x0000000781000000)
  object space 21504K, 86% used [0x000000077be00000,0x000000077d01f200,0x000000077d300000)
Event: 364.593 GC heap after
Heap after GC invocations=200 (full 92):
 PSYoungGen      total 25152K, used 0K [0x00000007d5ab0000, 0x00000007d7380000, 0x0000000800000000)
  eden space 24896K, 0% used [0x00000007d5ab0000,0x00000007d5ab0000,0x00000007d7300000)
  from space 256K, 0% used [0x00000007d7340000,0x00000007d7340000,0x00000007d7380000)
  to   space 256K, 0% used [0x00000007d7300000,0x00000007d7300000,0x00000007d7340000)
 ParOldGen       total 86720K, used 11015K [0x0000000781000000, 0x00000007864b0000, 0x00000007d5ab0000)
  object space 86720K, 12% used [0x0000000781000000,0x0000000781ac1e48,0x00000007864b0000)
 PSPermGen       total 21504K, used 18556K [0x000000077be00000, 0x000000077d300000, 0x0000000781000000)
  object space 21504K, 86% used [0x000000077be00000,0x000000077d01f200,0x000000077d300000)
}

Deoptimization events (0 events):
No events

Internal exceptions (10 events):
Event: 211.964 Thread 0x000000000e4c3000 Threw 0x00000007d5ab6a70 at C:\jdk7u1_64p\jdk7u11\hotspot\src\share\vm\prims\jvm.cpp:1166
Event: 213.902 Thread 0x000000000e4c3000 Threw 0x00000007d6cb30d8 at C:\jdk7u1_64p\jdk7u11\hotspot\src\share\vm\prims\jvm.cpp:1166
Event: 239.283 Thread 0x000000000e4c3000 Threw 0x00000007d5f84210 at C:\jdk7u1_64p\jdk7u11\hotspot\src\share\vm\prims\jvm.cpp:1166
Event: 239.285 Thread 0x000000000e4c3000 Threw 0x00000007d5f86b30 at C:\jdk7u1_64p\jdk7u11\hotspot\src\share\vm\prims\jvm.cpp:1166
Event: 277.103 Thread 0x000000000e4c3000 Threw 0x00000007d5fc5cc0 at C:\jdk7u1_64p\jdk7u11\hotspot\src\share\vm\prims\jvm.cpp:1166
Event: 286.571 Thread 0x000000000e4c3000 Threw 0x00000007d5fe5c10 at C:\jdk7u1_64p\jdk7u11\hotspot\src\share\vm\prims\jvm.cpp:1166
Event: 287.740 Thread 0x000000000f8ed800 Threw 0x00000007d5bbc858 at C:\jdk7u1_64p\jdk7u11\hotspot\src\share\vm\prims\jvm.cpp:1166
Event: 287.764 Thread 0x000000000f8ed800 Threw 0x00000007d5bd3680 at C:\jdk7u1_64p\jdk7u11\hotspot\src\share\vm\prims\jvm.cpp:1166
Event: 287.769 Thread 0x000000000f8ed800 Threw 0x00000007d5bd6ee0 at C:\jdk7u1_64p\jdk7u11\hotspot\src\share\vm\prims\jvm.cpp:1166
Event: 344.480 Thread 0x000000000e4c3000 Threw 0x00000007d5b5d588 at C:\jdk7u1_64p\jdk7u11\hotspot\src\share\vm\prims\jvm.cpp:1166

Events (10 events):
Event: 362.309 Executing VM operation: ParallelGCSystemGC
Event: 362.396 Executing VM operation: ParallelGCSystemGC done
Event: 363.187 Executing VM operation: ParallelGCSystemGC
Event: 363.301 Executing VM operation: ParallelGCSystemGC done
Event: 363.301 Executing VM operation: ParallelGCSystemGC
Event: 363.414 Executing VM operation: ParallelGCSystemGC done
Event: 364.427 Executing VM operation: ParallelGCSystemGC
Event: 364.506 Executing VM operation: ParallelGCSystemGC done
Event: 364.506 Executing VM operation: ParallelGCSystemGC
Event: 364.593 Executing VM operation: ParallelGCSystemGC done


Dynamic libraries:
0x000000013f600000 - 0x000000013f633000 	C:\Program Files\Java\jdk1.7.0_11\bin\java.exe
0x0000000076fe0000 - 0x0000000077189000 	C:\Windows\SYSTEM32\ntdll.dll
0x0000000076dc0000 - 0x0000000076edf000 	C:\Windows\system32\kernel32.dll
0x000007fefcf40000 - 0x000007fefcfac000 	C:\Windows\system32\KERNELBASE.dll
0x000007fefd940000 - 0x000007fefda1b000 	C:\Windows\system32\ADVAPI32.dll
0x000007fefdbb0000 - 0x000007fefdc4f000 	C:\Windows\system32\msvcrt.dll
0x000007fefd8b0000 - 0x000007fefd8cf000 	C:\Windows\SYSTEM32\sechost.dll
0x000007fefdee0000 - 0x000007fefe00d000 	C:\Windows\system32\RPCRT4.dll
0x0000000076ee0000 - 0x0000000076fda000 	C:\Windows\system32\USER32.dll
0x000007fefd8d0000 - 0x000007fefd937000 	C:\Windows\system32\GDI32.dll
0x000007fefdc50000 - 0x000007fefdc5e000 	C:\Windows\system32\LPK.dll
0x000007fefe070000 - 0x000007fefe139000 	C:\Windows\system32\USP10.dll
0x000007fefb6e0000 - 0x000007fefb8d4000 	C:\Windows\WinSxS\amd64_microsoft.windows.common-controls_6595b64144ccf1df_6.0.7601.17514_none_fa396087175ac9ac\COMCTL32.dll
0x000007feff070000 - 0x000007feff0e1000 	C:\Windows\system32\SHLWAPI.dll
0x000007fefdeb0000 - 0x000007fefdede000 	C:\Windows\system32\IMM32.DLL
0x000007fefef60000 - 0x000007feff069000 	C:\Windows\system32\MSCTF.dll
0x00000000501e0000 - 0x00000000502b1000 	C:\Program Files\Java\jdk1.7.0_11\jre\bin\msvcr100.dll
0x00000000778e0000 - 0x0000000077fff000 	C:\Program Files\Java\jdk1.7.0_11\jre\bin\server\jvm.dll
0x000007fefa4d0000 - 0x000007fefa4d9000 	C:\Windows\system32\WSOCK32.dll
0x000007fefd4b0000 - 0x000007fefd4fd000 	C:\Windows\system32\WS2_32.dll
0x000007fefef50000 - 0x000007fefef58000 	C:\Windows\system32\NSI.dll
0x000007fefb210000 - 0x000007fefb24b000 	C:\Windows\system32\WINMM.dll
0x00000000771a0000 - 0x00000000771a7000 	C:\Windows\system32\PSAPI.DLL
0x0000000063570000 - 0x00000000635af000 	C:\Program Files\Java\jdk1.7.0_11\jre\bin\splashscreen.dll
0x000007fefb180000 - 0x000007fefb1d6000 	C:\Windows\system32\uxtheme.dll
0x0000000050570000 - 0x000000005057f000 	C:\Program Files\Java\jdk1.7.0_11\jre\bin\verify.dll
0x0000000050540000 - 0x0000000050568000 	C:\Program Files\Java\jdk1.7.0_11\jre\bin\java.dll
0x00000000615c0000 - 0x00000000615f5000 	C:\Program Files\Java\jdk1.7.0_11\jre\bin\jdwp.dll
0x0000000073350000 - 0x0000000073358000 	C:\Program Files\Java\jdk1.7.0_11\jre\bin\npt.dll
0x0000000050520000 - 0x0000000050535000 	C:\Program Files\Java\jdk1.7.0_11\jre\bin\zip.dll
0x0000000180000000 - 0x00000001800eb000 	C:\Program Files\Hewlett-Packard\HP ProtectTools Security Manager\Bin\DpoFeedb.dll
0x000007fefd500000 - 0x000007fefd5d7000 	C:\Windows\system32\OLEAUT32.dll
0x000007fefd160000 - 0x000007fefd363000 	C:\Windows\system32\ole32.dll
0x000007fefc090000 - 0x000007fefc09c000 	C:\Windows\system32\VERSION.dll
0x000007fefcea0000 - 0x000007fefcebe000 	C:\Windows\system32\USERENV.dll
0x000007fefcdb0000 - 0x000007fefcdbf000 	C:\Windows\system32\profapi.dll
0x000007fefcc00000 - 0x000007fefcc0f000 	C:\Windows\system32\CRYPTBASE.dll
0x000007fee2bc0000 - 0x000007fee2bf1000 	C:\Program Files\Hewlett-Packard\HP ProtectTools Security Manager\Bin\DpoSet.dll
0x0000000066a40000 - 0x0000000066b13000 	C:\Windows\WinSxS\amd64_microsoft.vc90.crt_1fc8b3b9a1e18e3b_9.0.30729.6161_none_08e61857a83bc251\MSVCP90.dll
0x0000000072bc0000 - 0x0000000072c63000 	C:\Windows\WinSxS\amd64_microsoft.vc90.crt_1fc8b3b9a1e18e3b_9.0.30729.6161_none_08e61857a83bc251\MSVCR90.dll
0x0000000073500000 - 0x000000007350b000 	C:\Program Files\Java\jdk1.7.0_11\jre\bin\dt_shmem.dll
0x0000000077740000 - 0x00000000778d3000 	C:\Program Files\Java\jdk1.7.0_11\jre\bin\awt.dll
0x000007fefadf0000 - 0x000007fefae08000 	C:\Windows\system32\dwmapi.dll
0x000007fefe140000 - 0x000007fefeec8000 	C:\Windows\system32\SHELL32.dll
0x0000000050440000 - 0x0000000050474000 	C:\Program Files\Java\jdk1.7.0_11\jre\bin\fontmanager.dll
0x00000000504f0000 - 0x0000000050509000 	C:\Program Files\Java\jdk1.7.0_11\jre\bin\net.dll
0x000007fefc540000 - 0x000007fefc595000 	C:\Windows\system32\mswsock.dll
0x000007fefc530000 - 0x000007fefc537000 	C:\Windows\System32\wship6.dll
0x00000000504d0000 - 0x00000000504e1000 	C:\Program Files\Java\jdk1.7.0_11\jre\bin\nio.dll
0x000000006e190000 - 0x000000006e1c0000 	C:\Program Files\Java\jdk1.7.0_11\jre\bin\jpeg.dll
0x0000000050020000 - 0x0000000050061000 	C:\Program Files\Java\jdk1.7.0_11\jre\bin\t2k.dll
0x000007fefd410000 - 0x000007fefd4a9000 	C:\Windows\system32\CLBCatQ.DLL
0x000007fefa860000 - 0x000007fefa9c1000 	C:\Windows\system32\WindowsCodecs.dll
0x000007fefcba0000 - 0x000007fefcbf7000 	C:\Windows\system32\apphelp.dll
0x000007fef0ec0000 - 0x000007fef10fd000 	C:\PROGRA~1\MIF5BA~1\Office15\GROOVEEX.DLL
0x0000000067450000 - 0x00000000674e8000 	C:\Windows\system32\MSVCP100.dll
0x000000006fcf0000 - 0x000000006fd1b000 	C:\Windows\system32\ATL100.DLL
0x000007feedf90000 - 0x000007feee2ad000 	C:\Windows\system32\msi.dll
0x000007feed200000 - 0x000007feeda8c000 	C:\PROGRA~1\MIF5BA~1\Office15\1036\GrooveIntlResource.dll
0x000000006c260000 - 0x000000006c276000 	C:\Program Files\Common Files\TortoiseOverlays\TortoiseOverlays.dll
0x000000006c250000 - 0x000000006c260000 	C:\Program Files\TortoiseSVN\bin\TortoiseStub.dll
0x00000000689f0000 - 0x0000000068a6b000 	C:\Program Files\TortoiseSVN\bin\TortoiseSVN.dll
0x000007fefdc60000 - 0x000007fefdea8000 	C:\Windows\system32\WININET.dll
0x000007fefcfb0000 - 0x000007fefcfb4000 	C:\Windows\system32\api-ms-win-downlevel-user32-l1-1-0.dll
0x000007fefced0000 - 0x000007fefced4000 	C:\Windows\system32\api-ms-win-downlevel-shlwapi-l1-1-0.dll
0x000007fefcee0000 - 0x000007fefcee4000 	C:\Windows\system32\api-ms-win-downlevel-version-l1-1-0.dll
0x000007fefcec0000 - 0x000007fefcec3000 	C:\Windows\system32\api-ms-win-downlevel-normaliz-l1-1-0.dll
0x00000000771b0000 - 0x00000000771b3000 	C:\Windows\system32\normaliz.DLL
0x000007fefd5e0000 - 0x000007fefd8a7000 	C:\Windows\system32\iertutil.dll
0x000007fefcfc0000 - 0x000007fefcfc5000 	C:\Windows\system32\api-ms-win-downlevel-advapi32-l1-1-0.dll
0x000007feece10000 - 0x000007feed1fd000 	C:\Program Files\TortoiseSVN\bin\libsvn_tsvn.dll
0x0000000068c40000 - 0x0000000068c6b000 	C:\Program Files\TortoiseSVN\bin\libapr_tsvn.dll
0x00000000689a0000 - 0x00000000689e1000 	C:\Program Files\TortoiseSVN\bin\libaprutil_tsvn.dll
0x000007fefe010000 - 0x000007fefe062000 	C:\Windows\system32\WLDAP32.dll
0x000007fef9340000 - 0x000007fef9350000 	C:\Program Files\TortoiseSVN\bin\intl3_tsvn.dll
0x000007fef9070000 - 0x000007fef908a000 	C:\Program Files\TortoiseSVN\bin\libsasl.dll
0x000007fefc8e0000 - 0x000007fefc8eb000 	C:\Windows\system32\Secur32.dll
0x000007fefcb70000 - 0x000007fefcb95000 	C:\Windows\system32\SSPICLI.DLL
0x000007fefcff0000 - 0x000007fefd15c000 	C:\Windows\system32\CRYPT32.dll
0x000007fefcda0000 - 0x000007fefcdaf000 	C:\Windows\system32\MSASN1.dll
0x000007fef4c10000 - 0x000007fef4c45000 	C:\Windows\system32\EhStorShell.dll
0x000007feff110000 - 0x000007feff2e7000 	C:\Windows\system32\SETUPAPI.dll
0x000007fefcef0000 - 0x000007fefcf26000 	C:\Windows\system32\CFGMGR32.dll
0x000007fefcfd0000 - 0x000007fefcfea000 	C:\Windows\system32\DEVOBJ.dll
0x000007fefb250000 - 0x000007fefb37c000 	C:\Windows\system32\PROPSYS.dll
0x000007feec7a0000 - 0x000007feece0f000 	C:\PROGRA~1\MIF5BA~1\Office14\GROOVEEX.DLL
0x0000000068c10000 - 0x0000000068c3f000 	C:\Windows\WinSxS\amd64_microsoft.vc90.atl_1fc8b3b9a1e18e3b_9.0.30729.6161_none_0a1fd3a3a768b895\ATL90.DLL
0x000007feeb530000 - 0x000007feeb94a000 	C:\PROGRA~1\COMMON~1\MICROS~1\OFFICE14\Cultures\office.odf
0x000007feeaca0000 - 0x000007feeb528000 	C:\PROGRA~1\MIF5BA~1\Office14\1036\GrooveIntlResource.dll
0x000000006d070000 - 0x000000006d09a000 	C:\Program Files\Java\jdk1.7.0_11\jre\bin\dcpr.dll
0x000007fee11f0000 - 0x000007fee128e000 	C:\Windows\system32\RICHED20.DLL
0x000007fef6a20000 - 0x000007fef6b45000 	C:\Windows\system32\dbghelp.dll

VM Arguments:
jvm_args: -Xdebug -Xrunjdwp:transport=dt_shmem,address=javadebug -Dfile.encoding=UTF-8 
java_command: marcadministrationclient.MainJFrame
Launcher Type: SUN_STANDARD

Environment Variables:
PATH=C:\Program Files (x86)\ImageMagick-6.8.7-Q16;C:\Program Files\Common Files\Microsoft Shared\Windows Live;C:\Program Files (x86)\AMD APP\bin\x86_64;C:\Program Files (x86)\AMD APP\bin\x86;C:\Windows\system32;C:\Windows;C:\Windows\System32\Wbem;C:\Program Files (x86)\ATI Technologies\ATI.ACE\Core-Static;C:\Windows\System32\WindowsPowerShell\v1.0\;C:\Program Files\Microsoft\Web Platform Installer\;C:\Program Files (x86)\Microsoft ASP.NET\ASP.NET Web Pages\v1.0\;C:\Program Files\Microsoft SQL Server\110\Tools\Binn\;C:\Program Files (x86)\Microsoft SQL Server\90\Tools\binn\;C:\Windows\System32\WindowsPowerShell\v1.0\;C:\Program Files\TortoiseSVN\bin;C:\Program Files (x86)\Windows Kits\8.1\Windows Performance Toolkit\;C:\Program Files (x86)\Microsoft SDKs\TypeScript\1.0\;C:\Program Files\Common Files\Microsoft Shared\Windows Live;C:\Program Files (x86)\CMake 2.8\bin
USERNAME=patrice
OS=Windows_NT
PROCESSOR_IDENTIFIER=Intel64 Family 6 Model 42 Stepping 7, GenuineIntel



---------------  S Y S T E M  ---------------

OS: Windows 7 , 64 bit Build 7601 Service Pack 1

CPU:total 2 (2 cores per cpu, 2 threads per core) family 6 model 42 stepping 7, cmov, cx8, fxsr, mmx, sse, sse2, sse3, ssse3, sse4.1, sse4.2, popcnt, avx, ht, tsc, tscinvbit

Memory: 4k page, physical 8321392k(3483912k free), swap 16640920k(10552348k free)

vm_info: Java HotSpot(TM) 64-Bit Server VM (23.6-b04) for windows-amd64 JRE (1.7.0_11-b21), built on Jan 12 2013 02:38:42 by "java_re" with unknown MS VC++:1600

time: Sat Dec 20 09:51:05 2014
elapsed time: 364 seconds

