#
# A fatal error has been detected by the Java Runtime Environment:
#
#  EXCEPTION_ACCESS_VIOLATION (0xc0000005) at pc=0x000000006e299d28, pid=2424, tid=4592
#
# JRE version: 7.0_11-b21
# Java VM: Java HotSpot(TM) 64-Bit Server VM (23.6-b04 mixed mode windows-amd64 compressed oops)
# Problematic frame:
# V  [jvm.dll+0xc9d28]
#
# Failed to write core dump. Minidumps are not enabled by default on client versions of Windows
#
# If you would like to submit a bug report, please visit:
#   http://bugreport.sun.com/bugreport/crash.jsp
#

---------------  T H R E A D  ---------------

Current thread (0x0000000001f4e800):  GCTaskThread [stack: 0x0000000005f00000,0x0000000006000000] [id=4592]

siginfo: ExceptionCode=0xc0000005, reading address 0x0000000000000018

Registers:
RAX=0x0000000000000000, RBX=0x0000000781adaec0, RCX=0x0000000000000003, RDX=0x0000000000000000
RSP=0x0000000005fff6b0, RBP=0x0000000781682c78, RSI=0x0000000002251dc0, RDI=0x0000000002251dc0
R8 =0x0000000000000018, R9 =0x0000000000000003, R10=0x0000000000000000, R11=0x000000000000000c
R12=0x0000000781682c80, R13=0x000000077c91ea38, R14=0x000000077c91ea40, R15=0x0000000781682c68
RIP=0x000000006e299d28, EFLAGS=0x0000000000010246

Top of Stack: (sp=0x0000000005fff6b0)
0x0000000005fff6b0:   000000077c91e7f0 0000000000000003
0x0000000005fff6c0:   0000000781682c60 000000006e386022
0x0000000005fff6d0:   0000000000000000 0000000001f4ebf0
0x0000000005fff6e0:   0000000001f4c150 0000000001f79f50
0x0000000005fff6f0:   00000000000027e0 000000006e52920c
0x0000000005fff700:   00000000000027e0 0000000781682c68
0x0000000005fff710:   0000000002251dc0 000000006e727708
0x0000000005fff720:   000000000e317640 0000000000000010
0x0000000005fff730:   0000000002251dc0 000000006e27e2b2
0x0000000005fff740:   0000000781c38db8 0000000001f4e800
0x0000000005fff750:   0000000001f4f700 0000000001f4c150
0x0000000005fff760:   0000000001f4ec00 0000000001f4ebf0
0x0000000005fff770:   000000006e727708 0000000001f79f50
0x0000000005fff780:   0000000002251dc0 0000000000000000
0x0000000005fff790:   0000000001f79f50 000000006e5269ca
0x0000000005fff7a0:   0000000001f79f50 0000000002251dc0 

Instructions: (pc=0x000000006e299d28)
0x000000006e299d08:   82 55 01 00 00 80 3d d4 1f 5e 00 00 74 0e 8b 43
0x000000006e299d18:   08 41 8b c9 48 d3 e0 49 03 c2 eb 04 48 8b 43 08
0x000000006e299d28:   44 8b 40 18 48 8d 48 10 45 85 c0 7e 0c 41 f6 c0
0x000000006e299d38:   01 75 50 41 c1 f8 03 eb 59 79 48 80 3d 9e 1f 5e 


Register to memory mapping:

RAX=0x0000000000000000 is an unknown value
RBX=0x0000000781adaec0 is an oop
javax.swing.JScrollPane$ScrollBar 
 - klass: 'javax/swing/JScrollPane$ScrollBar'
RCX=0x0000000000000003 is an unknown value
RDX=0x0000000000000000 is an unknown value
RSP=0x0000000005fff6b0 is an unknown value
RBP=0x0000000781682c78 is an oop
sun.font.FontDesignMetrics$MetricsKey 
 - klass: 'sun/font/FontDesignMetrics$MetricsKey'
RSI=0x0000000002251dc0 is an unknown value
RDI=0x0000000002251dc0 is an unknown value
R8 =0x0000000000000018 is an unknown value
R9 =0x0000000000000003 is an unknown value
R10=0x0000000000000000 is an unknown value
R11=0x000000000000000c is an unknown value
R12=0x0000000781682c80 is an oop
java.lang.Class 
 - klass: 'java/lang/Class'
R13=0x000000077c91ea38 is an oop
{instance class} 
 - klass: {other class}
R14=0x000000077c91ea40 is an oop
[S 
 - klass: {type array short}
 - length: 4
R15=0x0000000781682c68 is an oop
sun.font.FontDesignMetrics$MetricsKey 
 - klass: 'sun/font/FontDesignMetrics$MetricsKey'


Stack: [0x0000000005f00000,0x0000000006000000],  sp=0x0000000005fff6b0,  free space=1021k
Native frames: (J=compiled Java code, j=interpreted, Vv=VM code, C=native code)
V  [jvm.dll+0xc9d28]


---------------  P R O C E S S  ---------------

Java Threads: ( => current thread )
  0x000000000f20c800 JavaThread "SwingWorker-pool-1-thread-1" daemon [_thread_blocked, id=8132, stack(0x0000000010ee0000,0x0000000010fe0000)]
  0x000000000f20b000 JavaThread "org.netbeans.modules.debugger.jpda.visual AWT Access Loop" daemon [_thread_blocked, id=9444, stack(0x0000000010c20000,0x0000000010d20000)]
  0x000000000f2ae000 JavaThread "TimerQueue" daemon [_thread_blocked, id=1620, stack(0x000000000f900000,0x000000000fa00000)]
  0x000000000035f000 JavaThread "DestroyJavaVM" [_thread_blocked, id=9628, stack(0x0000000002460000,0x0000000002560000)]
  0x000000000c813800 JavaThread "AWT-EventQueue-0" [_thread_blocked, id=9120, stack(0x000000000dfd0000,0x000000000e0d0000)]
  0x000000000c813000 JavaThread "AWT-Windows" daemon [_thread_in_native, id=3212, stack(0x000000000de60000,0x000000000df60000)]
  0x000000000c812000 JavaThread "AWT-Shutdown" [_thread_blocked, id=7116, stack(0x000000000dcf0000,0x000000000ddf0000)]
  0x000000000c811800 JavaThread "Java2D Disposer" daemon [_thread_blocked, id=8284, stack(0x000000000db50000,0x000000000dc50000)]
  0x000000000c66a000 JavaThread "Service Thread" daemon [_thread_blocked, id=9276, stack(0x000000000d350000,0x000000000d450000)]
  0x000000000c65a000 JavaThread "C2 CompilerThread1" daemon [_thread_blocked, id=3208, stack(0x000000000d6a0000,0x000000000d7a0000)]
  0x000000000c64d800 JavaThread "C2 CompilerThread0" daemon [_thread_blocked, id=4248, stack(0x000000000d4d0000,0x000000000d5d0000)]
  0x000000000c575800 JavaThread "JDWP Command Reader" daemon [_thread_in_native, id=5792, stack(0x000000000cb40000,0x000000000cc40000)]
  0x000000000c572000 JavaThread "JDWP Event Helper Thread" daemon [_thread_blocked, id=7064, stack(0x000000000c2b0000,0x000000000c3b0000)]
  0x000000000c561800 JavaThread "JDWP Transport Listener: dt_shmem" daemon [_thread_blocked, id=9564, stack(0x000000000ca00000,0x000000000cb00000)]
  0x000000000232c800 JavaThread "Attach Listener" daemon [_thread_blocked, id=8360, stack(0x000000000c460000,0x000000000c560000)]
  0x000000000232b000 JavaThread "Signal Dispatcher" daemon [_thread_blocked, id=6728, stack(0x000000000c1b0000,0x000000000c2b0000)]
  0x00000000022a1800 JavaThread "Finalizer" daemon [_thread_blocked, id=3620, stack(0x000000000c000000,0x000000000c100000)]
  0x000000000229e000 JavaThread "Reference Handler" daemon [_thread_blocked, id=8896, stack(0x000000000bde0000,0x000000000bee0000)]

Other Threads:
  0x0000000002296000 VMThread [stack: 0x000000000bc40000,0x000000000bd40000] [id=9944]
  0x000000000c675000 WatcherThread [stack: 0x000000000d8b0000,0x000000000d9b0000] [id=9244]

=>0x0000000001f4e800 (exited) GCTaskThread [stack: 0x0000000005f00000,0x0000000006000000] [id=4592]

VM state:at safepoint (normal execution)

VM Mutex/Monitor currently owned by a thread:  ([mutex/lock_event])
[0x000000000035d050] Threads_lock - owner thread: 0x0000000002296000
[0x000000000035d550] Heap_lock - owner thread: 0x000000000f20c800

Heap
 PSYoungGen      total 37952K, used 32K [0x00000007d5ab0000, 0x00000007d8500000, 0x0000000800000000)
  eden space 32576K, 0% used [0x00000007d5ab0000,0x00000007d5ab0000,0x00000007d7a80000)
  from space 5376K, 0% used [0x00000007d7a80000,0x00000007d7a88000,0x00000007d7fc0000)
  to   space 5376K, 0% used [0x00000007d7fc0000,0x00000007d7fc0000,0x00000007d8500000)
 ParOldGen       total 86720K, used 12636K [0x0000000781000000, 0x00000007864b0000, 0x00000007d5ab0000)
  object space 86720K, 14% used [0x0000000781000000,0x0000000781c572b0,0x00000007864b0000)
 PSPermGen       total 30016K, used 18887K [0x000000077be00000, 0x000000077db50000, 0x0000000781000000)
  object space 30016K, 62% used [0x000000077be00000,0x000000077d071eb8,0x000000077db50000)

Card table byte_map: [0x0000000005560000,0x0000000005990000] byte_map_base: 0x0000000001981000

Polling page: 0x0000000000150000

Code Cache  [0x0000000002560000, 0x00000000027d0000, 0x0000000005560000)
 total_blobs=794 nmethods=312 adapters=442 free_code_cache=47839Kb largest_free_block=48958016

Compilation events (10 events):
Event: 3242.579 Thread 0x000000000c64d800  312             com.sun.org.apache.xerces.internal.dom.ChildNode::getParentNode (16 bytes)
Event: 3242.580 Thread 0x000000000c64d800 nmethod 312 0x00000000026286d0 code [0x0000000002628800, 0x0000000002628878]
Event: 3246.483 Thread 0x000000000c65a000  313             java.nio.Bits::byteOrder (20 bytes)
Event: 3246.483 Thread 0x000000000c65a000 nmethod 313 0x00000000026a6290 code [0x00000000026a63c0, 0x00000000026a6418]
Event: 3246.513 Thread 0x000000000c64d800  314   !         sun.nio.cs.SingleByte$Decoder::decodeBufferLoop (103 bytes)
Event: 3246.515 Thread 0x000000000c65a000  316             sun.nio.cs.SingleByte$Decoder::decode (63 bytes)
Event: 3246.520 Thread 0x000000000c64d800 nmethod 314 0x0000000002685bd0 code [0x0000000002685d80, 0x0000000002686280]
Event: 3246.522 Thread 0x000000000c65a000 nmethod 316 0x00000000026a3e90 code [0x00000000026a3fe0, 0x00000000026a4478]
Event: 3246.613 Thread 0x000000000c64d800  317             java.nio.DirectByteBuffer::get (15 bytes)
Event: 3246.614 Thread 0x000000000c64d800 nmethod 317 0x00000000026a2490 code [0x00000000026a25c0, 0x00000000026a2658]

GC Heap History (10 events):
Event: 3242.458 GC heap after
Heap after GC invocations=18 (full 7):
 PSYoungGen      total 37952K, used 32K [0x00000007d5ab0000, 0x00000007d8500000, 0x0000000800000000)
  eden space 32576K, 0% used [0x00000007d5ab0000,0x00000007d5ab0000,0x00000007d7a80000)
  from space 5376K, 0% used [0x00000007d7a80000,0x00000007d7a88000,0x00000007d7fc0000)
  to   space 5376K, 0% used [0x00000007d7fc0000,0x00000007d7fc0000,0x00000007d8500000)
 ParOldGen       total 86720K, used 12590K [0x0000000781000000, 0x00000007864b0000, 0x00000007d5ab0000)
  object space 86720K, 14% used [0x0000000781000000,0x0000000781c4ba50,0x00000007864b0000)
 PSPermGen       total 32832K, used 18689K [0x000000077be00000, 0x000000077de10000, 0x0000000781000000)
  object space 32832K, 56% used [0x000000077be00000,0x000000077d0404c8,0x000000077de10000)
}
Event: 3242.458 GC heap before
{Heap before GC invocations=19 (full 8):
 PSYoungGen      total 37952K, used 32K [0x00000007d5ab0000, 0x00000007d8500000, 0x0000000800000000)
  eden space 32576K, 0% used [0x00000007d5ab0000,0x00000007d5ab0000,0x00000007d7a80000)
  from space 5376K, 0% used [0x00000007d7a80000,0x00000007d7a88000,0x00000007d7fc0000)
  to   space 5376K, 0% used [0x00000007d7fc0000,0x00000007d7fc0000,0x00000007d8500000)
 ParOldGen       total 86720K, used 12590K [0x0000000781000000, 0x00000007864b0000, 0x00000007d5ab0000)
  object space 86720K, 14% used [0x0000000781000000,0x0000000781c4ba50,0x00000007864b0000)
 PSPermGen       total 32832K, used 18689K [0x000000077be00000, 0x000000077de10000, 0x0000000781000000)
  object space 32832K, 56% used [0x000000077be00000,0x000000077d0404c8,0x000000077de10000)
Event: 3242.534 GC heap after
Heap after GC invocations=19 (full 8):
 PSYoungGen      total 37952K, used 0K [0x00000007d5ab0000, 0x00000007d8500000, 0x0000000800000000)
  eden space 32576K, 0% used [0x00000007d5ab0000,0x00000007d5ab0000,0x00000007d7a80000)
  from space 5376K, 0% used [0x00000007d7a80000,0x00000007d7a80000,0x00000007d7fc0000)
  to   space 5376K, 0% used [0x00000007d7fc0000,0x00000007d7fc0000,0x00000007d8500000)
 ParOldGen       total 86720K, used 12590K [0x0000000781000000, 0x00000007864b0000, 0x00000007d5ab0000)
  object space 86720K, 14% used [0x0000000781000000,0x0000000781c4ba70,0x00000007864b0000)
 PSPermGen       total 31680K, used 18689K [0x000000077be00000, 0x000000077dcf0000, 0x0000000781000000)
  object space 31680K, 58% used [0x000000077be00000,0x000000077d0404c8,0x000000077dcf0000)
}
Event: 3290.838 GC heap before
{Heap before GC invocations=20 (full 8):
 PSYoungGen      total 37952K, used 2471K [0x00000007d5ab0000, 0x00000007d8500000, 0x0000000800000000)
  eden space 32576K, 7% used [0x00000007d5ab0000,0x00000007d5d19e70,0x00000007d7a80000)
  from space 5376K, 0% used [0x00000007d7a80000,0x00000007d7a80000,0x00000007d7fc0000)
  to   space 5376K, 0% used [0x00000007d7fc0000,0x00000007d7fc0000,0x00000007d8500000)
 ParOldGen       total 86720K, used 12590K [0x0000000781000000, 0x00000007864b0000, 0x00000007d5ab0000)
  object space 86720K, 14% used [0x0000000781000000,0x0000000781c4ba70,0x00000007864b0000)
 PSPermGen       total 31680K, used 18887K [0x000000077be00000, 0x000000077dcf0000, 0x0000000781000000)
  object space 31680K, 59% used [0x000000077be00000,0x000000077d071ee8,0x000000077dcf0000)
Event: 3290.873 GC heap after
Heap after GC invocations=20 (full 8):
 PSYoungGen      total 37952K, used 128K [0x00000007d5ab0000, 0x00000007d8500000, 0x0000000800000000)
  eden space 32576K, 0% used [0x00000007d5ab0000,0x00000007d5ab0000,0x00000007d7a80000)
  from space 5376K, 2% used [0x00000007d7fc0000,0x00000007d7fe0000,0x00000007d8500000)
  to   space 5376K, 0% used [0x00000007d7a80000,0x00000007d7a80000,0x00000007d7fc0000)
 ParOldGen       total 86720K, used 12590K [0x0000000781000000, 0x00000007864b0000, 0x00000007d5ab0000)
  object space 86720K, 14% used [0x0000000781000000,0x0000000781c4ba70,0x00000007864b0000)
 PSPermGen       total 31680K, used 18887K [0x000000077be00000, 0x000000077dcf0000, 0x0000000781000000)
  object space 31680K, 59% used [0x000000077be00000,0x000000077d071ee8,0x000000077dcf0000)
}
Event: 3290.874 GC heap before
{Heap before GC invocations=21 (full 9):
 PSYoungGen      total 37952K, used 128K [0x00000007d5ab0000, 0x00000007d8500000, 0x0000000800000000)
  eden space 32576K, 0% used [0x00000007d5ab0000,0x00000007d5ab0000,0x00000007d7a80000)
  from space 5376K, 2% used [0x00000007d7fc0000,0x00000007d7fe0000,0x00000007d8500000)
  to   space 5376K, 0% used [0x00000007d7a80000,0x00000007d7a80000,0x00000007d7fc0000)
 ParOldGen       total 86720K, used 12590K [0x0000000781000000, 0x00000007864b0000, 0x00000007d5ab0000)
  object space 86720K, 14% used [0x0000000781000000,0x0000000781c4ba70,0x00000007864b0000)
 PSPermGen       total 31680K, used 18887K [0x000000077be00000, 0x000000077dcf0000, 0x0000000781000000)
  object space 31680K, 59% used [0x000000077be00000,0x000000077d071ee8,0x000000077dcf0000)
Event: 3291.092 GC heap after
Heap after GC invocations=21 (full 9):
 PSYoungGen      total 37952K, used 0K [0x00000007d5ab0000, 0x00000007d8500000, 0x0000000800000000)
  eden space 32576K, 0% used [0x00000007d5ab0000,0x00000007d5ab0000,0x00000007d7a80000)
  from space 5376K, 0% used [0x00000007d7fc0000,0x00000007d7fc0000,0x00000007d8500000)
  to   space 5376K, 0% used [0x00000007d7a80000,0x00000007d7a80000,0x00000007d7fc0000)
 ParOldGen       total 86720K, used 12636K [0x0000000781000000, 0x00000007864b0000, 0x00000007d5ab0000)
  object space 86720K, 14% used [0x0000000781000000,0x0000000781c572b0,0x00000007864b0000)
 PSPermGen       total 30016K, used 18887K [0x000000077be00000, 0x000000077db50000, 0x0000000781000000)
  object space 30016K, 62% used [0x000000077be00000,0x000000077d071eb8,0x000000077db50000)
}
Event: 3291.093 GC heap before
{Heap before GC invocations=22 (full 9):
 PSYoungGen      total 37952K, used 325K [0x00000007d5ab0000, 0x00000007d8500000, 0x0000000800000000)
  eden space 32576K, 1% used [0x00000007d5ab0000,0x00000007d5b017b8,0x00000007d7a80000)
  from space 5376K, 0% used [0x00000007d7fc0000,0x00000007d7fc0000,0x00000007d8500000)
  to   space 5376K, 0% used [0x00000007d7a80000,0x00000007d7a80000,0x00000007d7fc0000)
 ParOldGen       total 86720K, used 12636K [0x0000000781000000, 0x00000007864b0000, 0x00000007d5ab0000)
  object space 86720K, 14% used [0x0000000781000000,0x0000000781c572b0,0x00000007864b0000)
 PSPermGen       total 30016K, used 18887K [0x000000077be00000, 0x000000077db50000, 0x0000000781000000)
  object space 30016K, 62% used [0x000000077be00000,0x000000077d071eb8,0x000000077db50000)
Event: 3291.095 GC heap after
Heap after GC invocations=22 (full 9):
 PSYoungGen      total 37952K, used 32K [0x00000007d5ab0000, 0x00000007d8500000, 0x0000000800000000)
  eden space 32576K, 0% used [0x00000007d5ab0000,0x00000007d5ab0000,0x00000007d7a80000)
  from space 5376K, 0% used [0x00000007d7a80000,0x00000007d7a88000,0x00000007d7fc0000)
  to   space 5376K, 0% used [0x00000007d7fc0000,0x00000007d7fc0000,0x00000007d8500000)
 ParOldGen       total 86720K, used 12636K [0x0000000781000000, 0x00000007864b0000, 0x00000007d5ab0000)
  object space 86720K, 14% used [0x0000000781000000,0x0000000781c572b0,0x00000007864b0000)
 PSPermGen       total 30016K, used 18887K [0x000000077be00000, 0x000000077db50000, 0x0000000781000000)
  object space 30016K, 62% used [0x000000077be00000,0x000000077d071eb8,0x000000077db50000)
}
Event: 3291.095 GC heap before
{Heap before GC invocations=23 (full 10):
 PSYoungGen      total 37952K, used 32K [0x00000007d5ab0000, 0x00000007d8500000, 0x0000000800000000)
  eden space 32576K, 0% used [0x00000007d5ab0000,0x00000007d5ab0000,0x00000007d7a80000)
  from space 5376K, 0% used [0x00000007d7a80000,0x00000007d7a88000,0x00000007d7fc0000)
  to   space 5376K, 0% used [0x00000007d7fc0000,0x00000007d7fc0000,0x00000007d8500000)
 ParOldGen       total 86720K, used 12636K [0x0000000781000000, 0x00000007864b0000, 0x00000007d5ab0000)
  object space 86720K, 14% used [0x0000000781000000,0x0000000781c572b0,0x00000007864b0000)
 PSPermGen       total 30016K, used 18887K [0x000000077be00000, 0x000000077db50000, 0x0000000781000000)
  object space 30016K, 62% used [0x000000077be00000,0x000000077d071eb8,0x000000077db50000)

Deoptimization events (0 events):
No events

Internal exceptions (10 events):
Event: 89.758 Thread 0x000000000c813800 Threw 0x00000007d5ab3b70 at C:\jdk7u1_64p\jdk7u11\hotspot\src\share\vm\prims\jvm.cpp:1166
Event: 89.760 Thread 0x000000000c813800 Threw 0x00000007d5ab6d90 at C:\jdk7u1_64p\jdk7u11\hotspot\src\share\vm\prims\jvm.cpp:1166
Event: 89.786 Thread 0x000000000c813800 Threw 0x00000007d5ae3160 at C:\jdk7u1_64p\jdk7u11\hotspot\src\share\vm\prims\jvm.cpp:1166
Event: 89.788 Thread 0x000000000c813800 Threw 0x00000007d5ae5a80 at C:\jdk7u1_64p\jdk7u11\hotspot\src\share\vm\prims\jvm.cpp:1166
Event: 91.071 Thread 0x000000000c813800 Threw 0x00000007d6b44b68 at C:\jdk7u1_64p\jdk7u11\hotspot\src\share\vm\prims\jvm.cpp:1166
Event: 2360.282 Thread 0x000000000c813800 Threw 0x00000007d70e5da0 at C:\jdk7u1_64p\jdk7u11\hotspot\src\share\vm\prims\jvm.cpp:1166
Event: 3246.561 Thread 0x000000000c813800 Threw 0x00000007d5bdec20 at C:\jdk7u1_64p\jdk7u11\hotspot\src\share\vm\prims\jvm.cpp:1166
Event: 3246.582 Thread 0x000000000c813800 Threw 0x00000007d5bf16e0 at C:\jdk7u1_64p\jdk7u11\hotspot\src\share\vm\prims\jvm.cpp:1166
Event: 3246.593 Thread 0x000000000c813800 Threw 0x00000007d5c06738 at C:\jdk7u1_64p\jdk7u11\hotspot\src\share\vm\prims\jvm.cpp:1166
Event: 3270.688 Thread 0x000000000c813800 Threw 0x00000007d5c3e990 at C:\jdk7u1_64p\jdk7u11\hotspot\src\share\vm\prims\jvm.cpp:1166

Events (10 events):
Event: 3270.756 loading class 0x000000000e242b00
Event: 3270.756 loading class 0x000000000e242b00 done
Event: 3270.756 loading class 0x000000000e2bc6c0 done
Event: 3270.798 loading class 0x000000000e2e4470
Event: 3270.799 loading class 0x000000000e2e4470 done
Event: 3271.014 Executing VM operation: GetOrSetLocal
Event: 3271.014 Executing VM operation: GetOrSetLocal done
Event: 3290.822 Executing VM operation: ParallelGCSystemGC
Event: 3291.092 Executing VM operation: ParallelGCSystemGC done
Event: 3291.093 Executing VM operation: ParallelGCSystemGC


Dynamic libraries:
0x000000013fb20000 - 0x000000013fb53000 	C:\Program Files\Java\jdk1.7.0_11\bin\java.exe
0x00000000772c0000 - 0x0000000077469000 	C:\Windows\SYSTEM32\ntdll.dll
0x00000000770a0000 - 0x00000000771bf000 	C:\Windows\system32\kernel32.dll
0x000007fefd0d0000 - 0x000007fefd13c000 	C:\Windows\system32\KERNELBASE.dll
0x000007fefe9c0000 - 0x000007fefea9b000 	C:\Windows\system32\ADVAPI32.dll
0x000007fefe8c0000 - 0x000007fefe95f000 	C:\Windows\system32\msvcrt.dll
0x000007fefe8a0000 - 0x000007fefe8bf000 	C:\Windows\SYSTEM32\sechost.dll
0x000007fefd600000 - 0x000007fefd72d000 	C:\Windows\system32\RPCRT4.dll
0x00000000771c0000 - 0x00000000772ba000 	C:\Windows\system32\USER32.dll
0x000007fefd440000 - 0x000007fefd4a7000 	C:\Windows\system32\GDI32.dll
0x000007fefebb0000 - 0x000007fefebbe000 	C:\Windows\system32\LPK.dll
0x000007feff500000 - 0x000007feff5c9000 	C:\Windows\system32\USP10.dll
0x000007fefbb60000 - 0x000007fefbd54000 	C:\Windows\WinSxS\amd64_microsoft.windows.common-controls_6595b64144ccf1df_6.0.7601.17514_none_fa396087175ac9ac\COMCTL32.dll
0x000007fefe7f0000 - 0x000007fefe861000 	C:\Windows\system32\SHLWAPI.dll
0x000007fefe870000 - 0x000007fefe89e000 	C:\Windows\system32\IMM32.DLL
0x000007fefeaa0000 - 0x000007fefeba9000 	C:\Windows\system32\MSCTF.dll
0x00000000791f0000 - 0x00000000792c1000 	C:\Program Files\Java\jdk1.7.0_11\jre\bin\msvcr100.dll
0x000000006e1d0000 - 0x000000006e8ef000 	C:\Program Files\Java\jdk1.7.0_11\jre\bin\server\jvm.dll
0x000007fefa490000 - 0x000007fefa499000 	C:\Windows\system32\WSOCK32.dll
0x000007feff070000 - 0x000007feff0bd000 	C:\Windows\system32\WS2_32.dll
0x000007fefd550000 - 0x000007fefd558000 	C:\Windows\system32\NSI.dll
0x000007fefab70000 - 0x000007fefabab000 	C:\Windows\system32\WINMM.dll
0x0000000077490000 - 0x0000000077497000 	C:\Windows\system32\PSAPI.DLL
0x0000000000110000 - 0x000000000014f000 	C:\Program Files\Java\jdk1.7.0_11\jre\bin\splashscreen.dll
0x00000000511b0000 - 0x00000000511bf000 	C:\Program Files\Java\jdk1.7.0_11\jre\bin\verify.dll
0x0000000051040000 - 0x0000000051068000 	C:\Program Files\Java\jdk1.7.0_11\jre\bin\java.dll
0x0000000050ba0000 - 0x0000000050bd5000 	C:\Program Files\Java\jdk1.7.0_11\jre\bin\jdwp.dll
0x0000000055b90000 - 0x0000000055b98000 	C:\Program Files\Java\jdk1.7.0_11\jre\bin\npt.dll
0x0000000051190000 - 0x00000000511a5000 	C:\Program Files\Java\jdk1.7.0_11\jre\bin\zip.dll
0x000007fefb7e0000 - 0x000007fefb836000 	C:\Windows\system32\uxtheme.dll
0x0000000055940000 - 0x000000005594b000 	C:\Program Files\Java\jdk1.7.0_11\jre\bin\dt_shmem.dll
0x0000000180000000 - 0x00000001800eb000 	C:\Program Files\Hewlett-Packard\HP ProtectTools Security Manager\Bin\DpoFeedb.dll
0x000007fefe710000 - 0x000007fefe7e7000 	C:\Windows\system32\OLEAUT32.dll
0x000007feff0c0000 - 0x000007feff2c3000 	C:\Windows\system32\ole32.dll
0x000007fefc3c0000 - 0x000007fefc3cc000 	C:\Windows\system32\VERSION.dll
0x000007fefd3c0000 - 0x000007fefd3de000 	C:\Windows\system32\USERENV.dll
0x000007fefd090000 - 0x000007fefd09f000 	C:\Windows\system32\profapi.dll
0x000007fefcee0000 - 0x000007fefceef000 	C:\Windows\system32\CRYPTBASE.dll
0x000007fef1b70000 - 0x000007fef1ba1000 	C:\Program Files\Hewlett-Packard\HP ProtectTools Security Manager\Bin\DpoSet.dll
0x0000000069160000 - 0x0000000069233000 	C:\Windows\WinSxS\amd64_microsoft.vc90.crt_1fc8b3b9a1e18e3b_9.0.30729.6161_none_08e61857a83bc251\MSVCP90.dll
0x0000000072ed0000 - 0x0000000072f73000 	C:\Windows\WinSxS\amd64_microsoft.vc90.crt_1fc8b3b9a1e18e3b_9.0.30729.6161_none_08e61857a83bc251\MSVCR90.dll
0x000000006c580000 - 0x000000006c713000 	C:\Program Files\Java\jdk1.7.0_11\jre\bin\awt.dll
0x000007fefb3b0000 - 0x000007fefb3c8000 	C:\Windows\system32\dwmapi.dll
0x000000006d040000 - 0x000000006d074000 	C:\Program Files\Java\jdk1.7.0_11\jre\bin\fontmanager.dll
0x00000000003a0000 - 0x00000000003b9000 	C:\Program Files\Java\jdk1.7.0_11\jre\bin\net.dll
0x000007fefc820000 - 0x000007fefc875000 	C:\Windows\system32\mswsock.dll
0x000007fefc810000 - 0x000007fefc817000 	C:\Windows\System32\wship6.dll
0x000000006e150000 - 0x000000006e161000 	C:\Program Files\Java\jdk1.7.0_11\jre\bin\nio.dll
0x000000006dd80000 - 0x000000006ddc1000 	C:\Program Files\Java\jdk1.7.0_11\jre\bin\t2k.dll
0x000007fefd730000 - 0x000007fefe4b8000 	C:\Windows\system32\SHELL32.dll
0x000000006e180000 - 0x000000006e1b0000 	C:\Program Files\Java\jdk1.7.0_11\jre\bin\jpeg.dll
0x000007fefd4b0000 - 0x000007fefd549000 	C:\Windows\system32\CLBCatQ.DLL
0x000007fefb200000 - 0x000007fefb361000 	C:\Windows\system32\WindowsCodecs.dll
0x000007fefce80000 - 0x000007fefced7000 	C:\Windows\system32\apphelp.dll
0x000007fef6270000 - 0x000007fef64ad000 	C:\PROGRA~1\MIF5BA~1\Office15\GROOVEEX.DLL
0x000000006acc0000 - 0x000000006ad58000 	C:\Windows\system32\MSVCP100.dll
0x000000006ac90000 - 0x000000006acbb000 	C:\Windows\system32\ATL100.DLL
0x000007fef5b50000 - 0x000007fef5e6d000 	C:\Windows\system32\msi.dll
0x000007fef3cf0000 - 0x000007fef457c000 	C:\PROGRA~1\MIF5BA~1\Office15\1036\GrooveIntlResource.dll
0x000000006a920000 - 0x000000006a936000 	C:\Program Files\Common Files\TortoiseOverlays\TortoiseOverlays.dll
0x0000000072a20000 - 0x0000000072a30000 	C:\Program Files\TortoiseSVN\bin\TortoiseStub.dll
0x000000006a8a0000 - 0x000000006a91b000 	C:\Program Files\TortoiseSVN\bin\TortoiseSVN.dll
0x000007fefe4c0000 - 0x000007fefe708000 	C:\Windows\system32\WININET.dll
0x000007fefd3b0000 - 0x000007fefd3b4000 	C:\Windows\system32\api-ms-win-downlevel-user32-l1-1-0.dll
0x000007fefd390000 - 0x000007fefd394000 	C:\Windows\system32\api-ms-win-downlevel-shlwapi-l1-1-0.dll
0x000007fefd3f0000 - 0x000007fefd3f4000 	C:\Windows\system32\api-ms-win-downlevel-version-l1-1-0.dll
0x000007fefd3a0000 - 0x000007fefd3a3000 	C:\Windows\system32\api-ms-win-downlevel-normaliz-l1-1-0.dll
0x0000000077480000 - 0x0000000077483000 	C:\Windows\system32\normaliz.DLL
0x000007fefebc0000 - 0x000007fefee87000 	C:\Windows\system32\iertutil.dll
0x000007fefd0a0000 - 0x000007fefd0a5000 	C:\Windows\system32\api-ms-win-downlevel-advapi32-l1-1-0.dll
0x000007fef3560000 - 0x000007fef394d000 	C:\Program Files\TortoiseSVN\bin\libsvn_tsvn.dll
0x00000000693b0000 - 0x00000000693db000 	C:\Program Files\TortoiseSVN\bin\libapr_tsvn.dll
0x0000000069360000 - 0x00000000693a1000 	C:\Program Files\TortoiseSVN\bin\libaprutil_tsvn.dll
0x000007fefe960000 - 0x000007fefe9b2000 	C:\Windows\system32\WLDAP32.dll
0x000007fef3c20000 - 0x000007fef3c30000 	C:\Program Files\TortoiseSVN\bin\intl3_tsvn.dll
0x000007fef3540000 - 0x000007fef355a000 	C:\Program Files\TortoiseSVN\bin\libsasl.dll
0x000007fefca70000 - 0x000007fefca7b000 	C:\Windows\system32\Secur32.dll
0x000007fefccd0000 - 0x000007fefccf5000 	C:\Windows\system32\SSPICLI.DLL
0x000007fefd1e0000 - 0x000007fefd34c000 	C:\Windows\system32\CRYPT32.dll
0x000007fefd080000 - 0x000007fefd08f000 	C:\Windows\system32\MSASN1.dll
0x000007fef34e0000 - 0x000007fef3515000 	C:\Windows\system32\EhStorShell.dll
0x000007fefee90000 - 0x000007feff067000 	C:\Windows\system32\SETUPAPI.dll
0x000007fefd400000 - 0x000007fefd436000 	C:\Windows\system32\CFGMGR32.dll
0x000007fefd0b0000 - 0x000007fefd0ca000 	C:\Windows\system32\DEVOBJ.dll
0x000007fefb840000 - 0x000007fefb96c000 	C:\Windows\system32\PROPSYS.dll
0x000007fef2e70000 - 0x000007fef34df000 	C:\PROGRA~1\MIF5BA~1\Office14\GROOVEEX.DLL
0x0000000069130000 - 0x000000006915f000 	C:\Windows\WinSxS\amd64_microsoft.vc90.atl_1fc8b3b9a1e18e3b_9.0.30729.6161_none_0a1fd3a3a768b895\ATL90.DLL
0x000007fef2a50000 - 0x000007fef2e6a000 	C:\PROGRA~1\COMMON~1\MICROS~1\OFFICE14\Cultures\office.odf
0x000007fef21c0000 - 0x000007fef2a48000 	C:\PROGRA~1\MIF5BA~1\Office14\1036\GrooveIntlResource.dll
0x0000000002330000 - 0x000000000235a000 	C:\Program Files\Java\jdk1.7.0_11\jre\bin\dcpr.dll
0x000007fef66c0000 - 0x000007fef67e5000 	C:\Windows\system32\dbghelp.dll

VM Arguments:
jvm_args: -Xdebug -Xrunjdwp:transport=dt_shmem,address=javadebug -Dfile.encoding=UTF-8 
java_command: marcadministrationclient.mARCAdministrationClient
Launcher Type: SUN_STANDARD

Environment Variables:
PATH=C:\Program Files (x86)\ImageMagick-6.8.7-Q16;C:\Program Files\Common Files\Microsoft Shared\Windows Live;C:\Program Files (x86)\AMD APP\bin\x86_64;C:\Program Files (x86)\AMD APP\bin\x86;C:\Windows\system32;C:\Windows;C:\Windows\System32\Wbem;C:\Program Files (x86)\ATI Technologies\ATI.ACE\Core-Static;C:\Windows\System32\WindowsPowerShell\v1.0\;C:\Program Files\Microsoft\Web Platform Installer\;C:\Program Files (x86)\Microsoft ASP.NET\ASP.NET Web Pages\v1.0\;C:\Program Files\Microsoft SQL Server\110\Tools\Binn\;C:\Program Files (x86)\Microsoft SQL Server\90\Tools\binn\;C:\Windows\System32\WindowsPowerShell\v1.0\;C:\Program Files\TortoiseSVN\bin;C:\Program Files (x86)\Windows Kits\8.1\Windows Performance Toolkit\;C:\Program Files (x86)\Microsoft SDKs\TypeScript\1.0\;C:\Program Files\Common Files\Microsoft Shared\Windows Live;C:\Program Files (x86)\CMake 2.8\bin
USERNAME=patrice
OS=Windows_NT
PROCESSOR_IDENTIFIER=Intel64 Family 6 Model 42 Stepping 7, GenuineIntel



---------------  S Y S T E M  ---------------

OS: Windows 7 , 64 bit Build 7601 Service Pack 1

CPU:total 2 (2 cores per cpu, 2 threads per core) family 6 model 42 stepping 7, cmov, cx8, fxsr, mmx, sse, sse2, sse3, ssse3, sse4.1, sse4.2, popcnt, avx, ht, tsc, tscinvbit

Memory: 4k page, physical 8321392k(3308544k free), swap 16640920k(10429284k free)

vm_info: Java HotSpot(TM) 64-Bit Server VM (23.6-b04) for windows-amd64 JRE (1.7.0_11-b21), built on Jan 12 2013 02:38:42 by "java_re" with unknown MS VC++:1600

time: Mon Dec 22 12:58:48 2014
elapsed time: 3291 seconds

