#
# A fatal error has been detected by the Java Runtime Environment:
#
#  EXCEPTION_ACCESS_VIOLATION (0xc0000005) at pc=0x000000005d009d28, pid=8796, tid=9528
#
# JRE version: 7.0_11-b21
# Java VM: Java HotSpot(TM) 64-Bit Server VM (23.6-b04 mixed mode windows-amd64 compressed oops)
# Problematic frame:
# V  [jvm.dll+0xc9d28]
#
# Failed to write core dump. Minidumps are not enabled by default on client versions of Windows
#
# If you would like to submit a bug report, please visit:
#   http://bugreport.sun.com/bugreport/crash.jsp
#

---------------  T H R E A D  ---------------

Current thread (0x000000000219e800):  GCTaskThread [stack: 0x00000000060f0000,0x00000000061f0000] [id=9528]

siginfo: ExceptionCode=0xc0000005, reading address 0x0000000073e48b18

Registers:
RAX=0x0000000073e48b00, RBX=0x00000007813e5720, RCX=0x0000000000000003, RDX=0x0448000200000000
RSP=0x00000000061ef8d0, RBP=0x00000007813e57c4, RSI=0x0000000000000004, RDI=0x0000000002621c50
R8 =0x0000000000000024, R9 =0x0000000000000003, R10=0x0000000000000000, R11=0x000000000000000c
R12=0x00000007813e57cc, R13=0x000000077cbc8d80, R14=0x000000077cbc8d88, R15=0x00000007813e57b0
RIP=0x000000005d009d28, EFLAGS=0x0000000000010206

Top of Stack: (sp=0x00000000061ef8d0)
0x00000000061ef8d0:   00000007813e5800 00000007813e57c0
0x00000000061ef8e0:   0000000000000004 0000000002621c50
0x00000000061ef8f0:   0000000000000000 000000000219eba0
0x00000000061ef900:   000000000219c160 00000000021c9ed0
0x00000000061ef910:   00000000000033b4 000000005d29920c
0x00000000061ef920:   000000000b919df0 00000007813e57b0
0x00000000061ef930:   0000000002621c50 000000005d497708
0x00000000061ef940:   000000005d5eac28 0000000000000006
0x00000000061ef950:   000000005d497708 000000005cfee215
0x00000000061ef960:   000000000b919240 0000000000000000
0x00000000061ef970:   0000000002621c50 000000000219c160
0x00000000061ef980:   000000000219ebb0 000000000219eba0
0x00000000061ef990:   000000005d497708 00000000021c9ed0
0x00000000061ef9a0:   0000000002621c50 0000000000000000
0x00000000061ef9b0:   00000000021c9ed0 000000005d2969ca
0x00000000061ef9c0:   00000000021c9ed0 0000000000000000 

Instructions: (pc=0x000000005d009d28)
0x000000005d009d08:   82 55 01 00 00 80 3d d4 1f 5e 00 00 74 0e 8b 43
0x000000005d009d18:   08 41 8b c9 48 d3 e0 49 03 c2 eb 04 48 8b 43 08
0x000000005d009d28:   44 8b 40 18 48 8d 48 10 45 85 c0 7e 0c 41 f6 c0
0x000000005d009d38:   01 75 50 41 c1 f8 03 eb 59 79 48 80 3d 9e 1f 5e 


Register to memory mapping:

RAX=0x0000000073e48b00 is an unknown value
RBX=0x00000007813e5720 is an oop
java.lang.Thread 
 - klass: 'java/lang/Thread'
RCX=0x0000000000000003 is an unknown value
RDX=0x0448000200000000 is an unknown value
RSP=0x00000000061ef8d0 is an unknown value
RBP=0x00000007813e57c4 is an oop
java.util.concurrent.DelayQueue 
 - klass: 'java/util/concurrent/DelayQueue'
RSI=0x0000000000000004 is an unknown value
RDI=0x0000000002621c50 is an unknown value
R8 =0x0000000000000024 is an unknown value
R9 =0x0000000000000003 is an unknown value
R10=0x0000000000000000 is an unknown value
R11=0x000000000000000c is an unknown value
R12=0x00000007813e57cc is an oop
java.util.concurrent.DelayQueue 
 - klass: 'java/util/concurrent/DelayQueue'
R13=0x000000077cbc8d80 is an oop
{instance class} 
 - klass: {other class}
R14=0x000000077cbc8d88 is an oop
[S 
 - klass: {type array short}
 - length: 4
R15=0x00000007813e57b0 is an oop
java.util.concurrent.DelayQueue 
 - klass: 'java/util/concurrent/DelayQueue'


Stack: [0x00000000060f0000,0x00000000061f0000],  sp=0x00000000061ef8d0,  free space=1022k
Native frames: (J=compiled Java code, j=interpreted, Vv=VM code, C=native code)
V  [jvm.dll+0xc9d28]


---------------  P R O C E S S  ---------------

Java Threads: ( => current thread )
  0x000000000ebdd000 JavaThread "SwingWorker-pool-1-thread-10" daemon [_thread_blocked, id=9136, stack(0x0000000010ee0000,0x0000000010fe0000)]
  0x000000000ebdc800 JavaThread "SwingWorker-pool-1-thread-9" daemon [_thread_blocked, id=1220, stack(0x0000000011b90000,0x0000000011c90000)]
  0x000000000ebdb800 JavaThread "SwingWorker-pool-1-thread-8" daemon [_thread_blocked, id=9544, stack(0x0000000010c20000,0x0000000010d20000)]
  0x000000000ebdb000 JavaThread "SwingWorker-pool-1-thread-7" daemon [_thread_blocked, id=6580, stack(0x0000000011980000,0x0000000011a80000)]
  0x000000000ebda000 JavaThread "SwingWorker-pool-1-thread-6" daemon [_thread_blocked, id=9760, stack(0x0000000010db0000,0x0000000010eb0000)]
  0x000000001012c000 JavaThread "SwingWorker-pool-1-thread-5" daemon [_thread_blocked, id=1840, stack(0x000000000f9c0000,0x000000000fac0000)]
  0x000000000c783800 JavaThread "SwingWorker-pool-1-thread-4" daemon [_thread_blocked, id=9872, stack(0x000000000f500000,0x000000000f600000)]
  0x0000000010173000 JavaThread "SwingWorker-pool-1-thread-3" daemon [_thread_blocked, id=10120, stack(0x0000000010b00000,0x0000000010c00000)]
  0x000000000fd88000 JavaThread "SwingWorker-pool-1-thread-2" daemon [_thread_blocked, id=9756, stack(0x000000000f8b0000,0x000000000f9b0000)]
  0x000000000ed12800 JavaThread "SwingWorker-pool-1-thread-1" daemon [_thread_blocked, id=9876, stack(0x000000000f6d0000,0x000000000f7d0000)]
  0x000000000c84d000 JavaThread "TimerQueue" daemon [_thread_blocked, id=6336, stack(0x000000000db40000,0x000000000dc40000)]
  0x000000000e739000 JavaThread "org.netbeans.modules.debugger.jpda.visual AWT Access Loop" daemon [_thread_blocked, id=1568, stack(0x000000000f240000,0x000000000f340000)]
  0x000000000229f000 JavaThread "DestroyJavaVM" [_thread_blocked, id=6416, stack(0x00000000028d0000,0x00000000029d0000)]
  0x000000000e6e7800 JavaThread "AWT-EventQueue-0" [_thread_blocked, id=9692, stack(0x000000000f040000,0x000000000f140000)]
  0x000000000e660800 JavaThread "AWT-Windows" daemon [_thread_blocked, id=6816, stack(0x000000000e120000,0x000000000e220000)]
  0x000000000c94e000 JavaThread "AWT-Shutdown" [_thread_blocked, id=9568, stack(0x000000000def0000,0x000000000dff0000)]
  0x000000000c949800 JavaThread "Java2D Disposer" daemon [_thread_blocked, id=4720, stack(0x000000000ee60000,0x000000000ef60000)]
  0x000000000c672000 JavaThread "Service Thread" daemon [_thread_blocked, id=9656, stack(0x000000000e3c0000,0x000000000e4c0000)]
  0x000000000c663000 JavaThread "C2 CompilerThread1" daemon [_thread_blocked, id=1540, stack(0x000000000e220000,0x000000000e320000)]
  0x000000000c65f800 JavaThread "C2 CompilerThread0" daemon [_thread_blocked, id=9612, stack(0x000000000e010000,0x000000000e110000)]
  0x000000000c588800 JavaThread "JDWP Command Reader" daemon [_thread_in_native, id=2504, stack(0x000000000ce50000,0x000000000cf50000)]
  0x000000000c582000 JavaThread "JDWP Event Helper Thread" daemon [_thread_blocked, id=8644, stack(0x000000000cc10000,0x000000000cd10000)]
  0x000000000c571800 JavaThread "JDWP Transport Listener: dt_shmem" daemon [_thread_blocked, id=7404, stack(0x000000000c970000,0x000000000ca70000)]
  0x00000000026fc800 JavaThread "Attach Listener" daemon [_thread_blocked, id=8552, stack(0x000000000c470000,0x000000000c570000)]
  0x00000000026fb000 JavaThread "Signal Dispatcher" daemon [_thread_blocked, id=2596, stack(0x000000000c370000,0x000000000c470000)]
  0x0000000002677000 JavaThread "Finalizer" daemon [_thread_blocked, id=9304, stack(0x000000000c110000,0x000000000c210000)]
  0x000000000266e000 JavaThread "Reference Handler" daemon [_thread_blocked, id=9788, stack(0x000000000be60000,0x000000000bf60000)]

Other Threads:
  0x0000000002666000 VMThread [stack: 0x000000000c000000,0x000000000c100000] [id=9380]
  0x000000000c67a800 WatcherThread [stack: 0x000000000e540000,0x000000000e640000] [id=9664]

=>0x000000000219e800 (exited) GCTaskThread [stack: 0x00000000060f0000,0x00000000061f0000] [id=9528]

VM state:at safepoint (normal execution)

VM Mutex/Monitor currently owned by a thread:  ([mutex/lock_event])
[0x000000000229c010] Threads_lock - owner thread: 0x0000000002666000
[0x000000000229c510] Heap_lock - owner thread: 0x000000000e6e7800

Heap
 PSYoungGen      total 25472K, used 64K [0x00000007d5ab0000, 0x00000007d73e0000, 0x0000000800000000)
  eden space 25408K, 0% used [0x00000007d5ab0000,0x00000007d5ab0000,0x00000007d7380000)
  from space 64K, 100% used [0x00000007d7380000,0x00000007d7390000,0x00000007d7390000)
  to   space 192K, 0% used [0x00000007d73b0000,0x00000007d73b0000,0x00000007d73e0000)
 ParOldGen       total 86720K, used 10710K [0x0000000781000000, 0x00000007864b0000, 0x00000007d5ab0000)
  object space 86720K, 12% used [0x0000000781000000,0x0000000781a75828,0x00000007864b0000)
 PSPermGen       total 21504K, used 18423K [0x000000077be00000, 0x000000077d300000, 0x0000000781000000)
  object space 21504K, 85% used [0x000000077be00000,0x000000077cffdde8,0x000000077d300000)

Card table byte_map: [0x00000000059d0000,0x0000000005e00000] byte_map_base: 0x0000000001df1000

Polling page: 0x0000000000230000

Code Cache  [0x00000000029d0000, 0x0000000002c40000, 0x00000000059d0000)
 total_blobs=1027 nmethods=548 adapters=439 free_code_cache=47315Kb largest_free_block=48408320

Compilation events (10 events):
Event: 116.456 Thread 0x000000000c663000  551  s          sun.font.FontManagerFactory::getInstance (25 bytes)
Event: 116.456 Thread 0x000000000c663000 nmethod 551 0x0000000002b8dbd0 code [0x0000000002b8dd20, 0x0000000002b8df78]
Event: 116.491 Thread 0x000000000c65f800  552             sun.font.FontDesignMetrics::getHeight (35 bytes)
Event: 116.491 Thread 0x000000000c65f800 nmethod 552 0x0000000002b9c0d0 code [0x0000000002b9c220, 0x0000000002b9c2e8]
Event: 117.047 Thread 0x000000000c663000  553             sun.awt.AWTAccessor::getComponentAccessor (19 bytes)
Event: 117.048 Thread 0x000000000c663000 nmethod 553 0x0000000002b8d950 code [0x0000000002b8da80, 0x0000000002b8daf8]
Event: 117.130 Thread 0x000000000c663000  554             java.awt.MultipleGradientPaintContext::calculateLookupData (318 bytes)
Event: 117.156 Thread 0x000000000c663000 nmethod 554 0x0000000002ba0510 code [0x0000000002ba0760, 0x0000000002ba1f90]
Event: 117.248 Thread 0x000000000c65f800  555   !         sun.awt.SunToolkit::flushPendingEvents (77 bytes)
Event: 117.278 Thread 0x000000000c65f800 nmethod 555 0x0000000002b9ea90 code [0x0000000002b9eca0, 0x0000000002b9f840]

GC Heap History (10 events):
Event: 118.457 GC heap after
Heap after GC invocations=198 (full 91):
 PSYoungGen      total 25664K, used 32K [0x00000007d5ab0000, 0x00000007d7400000, 0x0000000800000000)
  eden space 25408K, 0% used [0x00000007d5ab0000,0x00000007d5ab0000,0x00000007d7380000)
  from space 256K, 12% used [0x00000007d7380000,0x00000007d7388000,0x00000007d73c0000)
  to   space 256K, 0% used [0x00000007d73c0000,0x00000007d73c0000,0x00000007d7400000)
 ParOldGen       total 86720K, used 10684K [0x0000000781000000, 0x00000007864b0000, 0x00000007d5ab0000)
  object space 86720K, 12% used [0x0000000781000000,0x0000000781a6f3d0,0x00000007864b0000)
 PSPermGen       total 21504K, used 18385K [0x000000077be00000, 0x000000077d300000, 0x0000000781000000)
  object space 21504K, 85% used [0x000000077be00000,0x000000077cff4468,0x000000077d300000)
}
Event: 118.457 GC heap before
{Heap before GC invocations=199 (full 92):
 PSYoungGen      total 25664K, used 32K [0x00000007d5ab0000, 0x00000007d7400000, 0x0000000800000000)
  eden space 25408K, 0% used [0x00000007d5ab0000,0x00000007d5ab0000,0x00000007d7380000)
  from space 256K, 12% used [0x00000007d7380000,0x00000007d7388000,0x00000007d73c0000)
  to   space 256K, 0% used [0x00000007d73c0000,0x00000007d73c0000,0x00000007d7400000)
 ParOldGen       total 86720K, used 10684K [0x0000000781000000, 0x00000007864b0000, 0x00000007d5ab0000)
  object space 86720K, 12% used [0x0000000781000000,0x0000000781a6f3d0,0x00000007864b0000)
 PSPermGen       total 21504K, used 18385K [0x000000077be00000, 0x000000077d300000, 0x0000000781000000)
  object space 21504K, 85% used [0x000000077be00000,0x000000077cff4468,0x000000077d300000)
Event: 118.491 GC heap after
Heap after GC invocations=199 (full 92):
 PSYoungGen      total 25664K, used 0K [0x00000007d5ab0000, 0x00000007d7400000, 0x0000000800000000)
  eden space 25408K, 0% used [0x00000007d5ab0000,0x00000007d5ab0000,0x00000007d7380000)
  from space 256K, 0% used [0x00000007d7380000,0x00000007d7380000,0x00000007d73c0000)
  to   space 256K, 0% used [0x00000007d73c0000,0x00000007d73c0000,0x00000007d7400000)
 ParOldGen       total 86720K, used 10684K [0x0000000781000000, 0x00000007864b0000, 0x00000007d5ab0000)
  object space 86720K, 12% used [0x0000000781000000,0x0000000781a6f258,0x00000007864b0000)
 PSPermGen       total 21504K, used 18385K [0x000000077be00000, 0x000000077d300000, 0x0000000781000000)
  object space 21504K, 85% used [0x000000077be00000,0x000000077cff4468,0x000000077d300000)
}
Event: 119.400 GC heap before
{Heap before GC invocations=200 (full 92):
 PSYoungGen      total 25664K, used 2515K [0x00000007d5ab0000, 0x00000007d7400000, 0x0000000800000000)
  eden space 25408K, 9% used [0x00000007d5ab0000,0x00000007d5d24f10,0x00000007d7380000)
  from space 256K, 0% used [0x00000007d7380000,0x00000007d7380000,0x00000007d73c0000)
  to   space 256K, 0% used [0x00000007d73c0000,0x00000007d73c0000,0x00000007d7400000)
 ParOldGen       total 86720K, used 10684K [0x0000000781000000, 0x00000007864b0000, 0x00000007d5ab0000)
  object space 86720K, 12% used [0x0000000781000000,0x0000000781a6f258,0x00000007864b0000)
 PSPermGen       total 21504K, used 18423K [0x000000077be00000, 0x000000077d300000, 0x0000000781000000)
  object space 21504K, 85% used [0x000000077be00000,0x000000077cffde10,0x000000077d300000)
Event: 119.401 GC heap after
Heap after GC invocations=200 (full 92):
 PSYoungGen      total 25664K, used 96K [0x00000007d5ab0000, 0x00000007d7400000, 0x0000000800000000)
  eden space 25408K, 0% used [0x00000007d5ab0000,0x00000007d5ab0000,0x00000007d7380000)
  from space 256K, 37% used [0x00000007d73c0000,0x00000007d73d8000,0x00000007d7400000)
  to   space 256K, 0% used [0x00000007d7380000,0x00000007d7380000,0x00000007d73c0000)
 ParOldGen       total 86720K, used 10684K [0x0000000781000000, 0x00000007864b0000, 0x00000007d5ab0000)
  object space 86720K, 12% used [0x0000000781000000,0x0000000781a6f258,0x00000007864b0000)
 PSPermGen       total 21504K, used 18423K [0x000000077be00000, 0x000000077d300000, 0x0000000781000000)
  object space 21504K, 85% used [0x000000077be00000,0x000000077cffde10,0x000000077d300000)
}
Event: 119.401 GC heap before
{Heap before GC invocations=201 (full 93):
 PSYoungGen      total 25664K, used 96K [0x00000007d5ab0000, 0x00000007d7400000, 0x0000000800000000)
  eden space 25408K, 0% used [0x00000007d5ab0000,0x00000007d5ab0000,0x00000007d7380000)
  from space 256K, 37% used [0x00000007d73c0000,0x00000007d73d8000,0x00000007d7400000)
  to   space 256K, 0% used [0x00000007d7380000,0x00000007d7380000,0x00000007d73c0000)
 ParOldGen       total 86720K, used 10684K [0x0000000781000000, 0x00000007864b0000, 0x00000007d5ab0000)
  object space 86720K, 12% used [0x0000000781000000,0x0000000781a6f258,0x00000007864b0000)
 PSPermGen       total 21504K, used 18423K [0x000000077be00000, 0x000000077d300000, 0x0000000781000000)
  object space 21504K, 85% used [0x000000077be00000,0x000000077cffde10,0x000000077d300000)
Event: 119.441 GC heap after
Heap after GC invocations=201 (full 93):
 PSYoungGen      total 25664K, used 0K [0x00000007d5ab0000, 0x00000007d7400000, 0x0000000800000000)
  eden space 25408K, 0% used [0x00000007d5ab0000,0x00000007d5ab0000,0x00000007d7380000)
  from space 256K, 0% used [0x00000007d73c0000,0x00000007d73c0000,0x00000007d7400000)
  to   space 256K, 0% used [0x00000007d7380000,0x00000007d7380000,0x00000007d73c0000)
 ParOldGen       total 86720K, used 10710K [0x0000000781000000, 0x00000007864b0000, 0x00000007d5ab0000)
  object space 86720K, 12% used [0x0000000781000000,0x0000000781a75828,0x00000007864b0000)
 PSPermGen       total 21504K, used 18423K [0x000000077be00000, 0x000000077d300000, 0x0000000781000000)
  object space 21504K, 85% used [0x000000077be00000,0x000000077cffdde8,0x000000077d300000)
}
Event: 119.441 GC heap before
{Heap before GC invocations=202 (full 93):
 PSYoungGen      total 25664K, used 500K [0x00000007d5ab0000, 0x00000007d7400000, 0x0000000800000000)
  eden space 25408K, 1% used [0x00000007d5ab0000,0x00000007d5b2d1d8,0x00000007d7380000)
  from space 256K, 0% used [0x00000007d73c0000,0x00000007d73c0000,0x00000007d7400000)
  to   space 256K, 0% used [0x00000007d7380000,0x00000007d7380000,0x00000007d73c0000)
 ParOldGen       total 86720K, used 10710K [0x0000000781000000, 0x00000007864b0000, 0x00000007d5ab0000)
  object space 86720K, 12% used [0x0000000781000000,0x0000000781a75828,0x00000007864b0000)
 PSPermGen       total 21504K, used 18423K [0x000000077be00000, 0x000000077d300000, 0x0000000781000000)
  object space 21504K, 85% used [0x000000077be00000,0x000000077cffdde8,0x000000077d300000)
Event: 119.442 GC heap after
Heap after GC invocations=202 (full 93):
 PSYoungGen      total 25472K, used 64K [0x00000007d5ab0000, 0x00000007d73e0000, 0x0000000800000000)
  eden space 25408K, 0% used [0x00000007d5ab0000,0x00000007d5ab0000,0x00000007d7380000)
  from space 64K, 100% used [0x00000007d7380000,0x00000007d7390000,0x00000007d7390000)
  to   space 192K, 0% used [0x00000007d73b0000,0x00000007d73b0000,0x00000007d73e0000)
 ParOldGen       total 86720K, used 10710K [0x0000000781000000, 0x00000007864b0000, 0x00000007d5ab0000)
  object space 86720K, 12% used [0x0000000781000000,0x0000000781a75828,0x00000007864b0000)
 PSPermGen       total 21504K, used 18423K [0x000000077be00000, 0x000000077d300000, 0x0000000781000000)
  object space 21504K, 85% used [0x000000077be00000,0x000000077cffdde8,0x000000077d300000)
}
Event: 119.442 GC heap before
{Heap before GC invocations=203 (full 94):
 PSYoungGen      total 25472K, used 64K [0x00000007d5ab0000, 0x00000007d73e0000, 0x0000000800000000)
  eden space 25408K, 0% used [0x00000007d5ab0000,0x00000007d5ab0000,0x00000007d7380000)
  from space 64K, 100% used [0x00000007d7380000,0x00000007d7390000,0x00000007d7390000)
  to   space 192K, 0% used [0x00000007d73b0000,0x00000007d73b0000,0x00000007d73e0000)
 ParOldGen       total 86720K, used 10710K [0x0000000781000000, 0x00000007864b0000, 0x00000007d5ab0000)
  object space 86720K, 12% used [0x0000000781000000,0x0000000781a75828,0x00000007864b0000)
 PSPermGen       total 21504K, used 18423K [0x000000077be00000, 0x000000077d300000, 0x0000000781000000)
  object space 21504K, 85% used [0x000000077be00000,0x000000077cffdde8,0x000000077d300000)

Deoptimization events (0 events):
No events

Internal exceptions (10 events):
Event: 36.476 Thread 0x000000000e6e7800 Threw 0x00000007d5ab6a50 at C:\jdk7u1_64p\jdk7u11\hotspot\src\share\vm\prims\jvm.cpp:1166
Event: 37.177 Thread 0x000000000e6e7800 Threw 0x00000007d6cb0068 at C:\jdk7u1_64p\jdk7u11\hotspot\src\share\vm\prims\jvm.cpp:1166
Event: 47.325 Thread 0x000000000e6e7800 Threw 0x00000007d6e202c0 at C:\jdk7u1_64p\jdk7u11\hotspot\src\share\vm\prims\jvm.cpp:1166
Event: 47.326 Thread 0x000000000e6e7800 Threw 0x00000007d6e22be0 at C:\jdk7u1_64p\jdk7u11\hotspot\src\share\vm\prims\jvm.cpp:1166
Event: 49.819 Thread 0x000000000e6e7800 Threw 0x00000007d6e62578 at C:\jdk7u1_64p\jdk7u11\hotspot\src\share\vm\prims\jvm.cpp:1166
Event: 52.937 Thread 0x000000000e6e7800 Threw 0x00000007d6e8db90 at C:\jdk7u1_64p\jdk7u11\hotspot\src\share\vm\prims\jvm.cpp:1166
Event: 52.953 Thread 0x000000000e6e7800 Threw 0x00000007d6ea0360 at C:\jdk7u1_64p\jdk7u11\hotspot\src\share\vm\prims\jvm.cpp:1166
Event: 52.967 Thread 0x000000000e6e7800 Threw 0x00000007d6eb5540 at C:\jdk7u1_64p\jdk7u11\hotspot\src\share\vm\prims\jvm.cpp:1166
Event: 55.272 Thread 0x000000000e6e7800 Threw 0x00000007d6ecec08 at C:\jdk7u1_64p\jdk7u11\hotspot\src\share\vm\prims\jvm.cpp:1166
Event: 67.300 Thread 0x000000000e6e7800 Threw 0x00000007d5b001b8 at C:\jdk7u1_64p\jdk7u11\hotspot\src\share\vm\prims\jvm.cpp:1166

Events (10 events):
Event: 118.505 loading class 0x000000000c7808e0 done
Event: 118.555 loading class 0x00000000021dce10
Event: 118.555 loading class 0x00000000021dce10 done
Event: 118.557 loading class 0x000000000c7d2130
Event: 118.557 loading class 0x000000000c7d2130 done
Event: 118.629 loading class 0x000000000e6be870
Event: 118.629 loading class 0x000000000e6be870 done
Event: 119.399 Executing VM operation: ParallelGCSystemGC
Event: 119.441 Executing VM operation: ParallelGCSystemGC done
Event: 119.441 Executing VM operation: ParallelGCSystemGC


Dynamic libraries:
0x000000013ffd0000 - 0x0000000140003000 	C:\Program Files\Java\jdk1.7.0_11\bin\java.exe
0x00000000777b0000 - 0x0000000077959000 	C:\Windows\SYSTEM32\ntdll.dll
0x0000000077590000 - 0x00000000776af000 	C:\Windows\system32\kernel32.dll
0x000007fefd640000 - 0x000007fefd6ac000 	C:\Windows\system32\KERNELBASE.dll
0x000007fefe250000 - 0x000007fefe32b000 	C:\Windows\system32\ADVAPI32.dll
0x000007fefe080000 - 0x000007fefe11f000 	C:\Windows\system32\msvcrt.dll
0x000007feff460000 - 0x000007feff47f000 	C:\Windows\SYSTEM32\sechost.dll
0x000007fefe120000 - 0x000007fefe24d000 	C:\Windows\system32\RPCRT4.dll
0x00000000776b0000 - 0x00000000777aa000 	C:\Windows\system32\USER32.dll
0x000007fefdae0000 - 0x000007fefdb47000 	C:\Windows\system32\GDI32.dll
0x000007fefe330000 - 0x000007fefe33e000 	C:\Windows\system32\LPK.dll
0x000007feff310000 - 0x000007feff3d9000 	C:\Windows\system32\USP10.dll
0x000007fefbeb0000 - 0x000007fefc0a4000 	C:\Windows\WinSxS\amd64_microsoft.windows.common-controls_6595b64144ccf1df_6.0.7601.17514_none_fa396087175ac9ac\COMCTL32.dll
0x000007feff3e0000 - 0x000007feff451000 	C:\Windows\system32\SHLWAPI.dll
0x000007feff2e0000 - 0x000007feff30e000 	C:\Windows\system32\IMM32.DLL
0x000007fefdbb0000 - 0x000007fefdcb9000 	C:\Windows\system32\MSCTF.dll
0x000000005d800000 - 0x000000005d8d1000 	C:\Program Files\Java\jdk1.7.0_11\jre\bin\msvcr100.dll
0x000000005cf40000 - 0x000000005d65f000 	C:\Program Files\Java\jdk1.7.0_11\jre\bin\server\jvm.dll
0x000007fefadc0000 - 0x000007fefadc9000 	C:\Windows\system32\WSOCK32.dll
0x000007fefdb50000 - 0x000007fefdb9d000 	C:\Windows\system32\WS2_32.dll
0x000007fefdba0000 - 0x000007fefdba8000 	C:\Windows\system32\NSI.dll
0x000007fefb940000 - 0x000007fefb97b000 	C:\Windows\system32\WINMM.dll
0x0000000077970000 - 0x0000000077977000 	C:\Windows\system32\PSAPI.DLL
0x000000005d980000 - 0x000000005d9bf000 	C:\Program Files\Java\jdk1.7.0_11\jre\bin\splashscreen.dll
0x000000005d970000 - 0x000000005d97f000 	C:\Program Files\Java\jdk1.7.0_11\jre\bin\verify.dll
0x000000005d940000 - 0x000000005d968000 	C:\Program Files\Java\jdk1.7.0_11\jre\bin\java.dll
0x0000000073af0000 - 0x0000000073b25000 	C:\Program Files\Java\jdk1.7.0_11\jre\bin\jdwp.dll
0x000000005ab20000 - 0x000000005ab28000 	C:\Program Files\Java\jdk1.7.0_11\jre\bin\npt.dll
0x000000005d920000 - 0x000000005d935000 	C:\Program Files\Java\jdk1.7.0_11\jre\bin\zip.dll
0x000007fefb980000 - 0x000007fefb9d6000 	C:\Windows\system32\uxtheme.dll
0x0000000055f50000 - 0x0000000055f5b000 	C:\Program Files\Java\jdk1.7.0_11\jre\bin\dt_shmem.dll
0x0000000180000000 - 0x00000001800eb000 	C:\Program Files\Hewlett-Packard\HP ProtectTools Security Manager\Bin\DpoFeedb.dll
0x000007fefdea0000 - 0x000007fefdf77000 	C:\Windows\system32\OLEAUT32.dll
0x000007fefe340000 - 0x000007fefe543000 	C:\Windows\system32\ole32.dll
0x000007fefc860000 - 0x000007fefc86c000 	C:\Windows\system32\VERSION.dll
0x000007fefd590000 - 0x000007fefd5ae000 	C:\Windows\system32\USERENV.dll
0x000007fefd570000 - 0x000007fefd57f000 	C:\Windows\system32\profapi.dll
0x000007fefd3d0000 - 0x000007fefd3df000 	C:\Windows\system32\CRYPTBASE.dll
0x000007fefaad0000 - 0x000007fefab01000 	C:\Program Files\Hewlett-Packard\HP ProtectTools Security Manager\Bin\DpoSet.dll
0x000000006a9a0000 - 0x000000006aa73000 	C:\Windows\WinSxS\amd64_microsoft.vc90.crt_1fc8b3b9a1e18e3b_9.0.30729.6161_none_08e61857a83bc251\MSVCP90.dll
0x0000000073390000 - 0x0000000073433000 	C:\Windows\WinSxS\amd64_microsoft.vc90.crt_1fc8b3b9a1e18e3b_9.0.30729.6161_none_08e61857a83bc251\MSVCR90.dll
0x000000005b5b0000 - 0x000000005b743000 	C:\Program Files\Java\jdk1.7.0_11\jre\bin\awt.dll
0x000007fefb6b0000 - 0x000007fefb6c8000 	C:\Windows\system32\dwmapi.dll
0x000007fefe550000 - 0x000007feff2d8000 	C:\Windows\system32\SHELL32.dll
0x000000005a430000 - 0x000000005a464000 	C:\Program Files\Java\jdk1.7.0_11\jre\bin\fontmanager.dll
0x000000005d7e0000 - 0x000000005d7f9000 	C:\Program Files\Java\jdk1.7.0_11\jre\bin\net.dll
0x000007fefcd10000 - 0x000007fefcd65000 	C:\Windows\system32\mswsock.dll
0x000007fefcd00000 - 0x000007fefcd07000 	C:\Windows\System32\wship6.dll
0x000000005d7c0000 - 0x000000005d7d1000 	C:\Program Files\Java\jdk1.7.0_11\jre\bin\nio.dll
0x0000000057040000 - 0x0000000057070000 	C:\Program Files\Java\jdk1.7.0_11\jre\bin\jpeg.dll
0x0000000059fa0000 - 0x0000000059fe1000 	C:\Program Files\Java\jdk1.7.0_11\jre\bin\t2k.dll
0x000007fefdf80000 - 0x000007fefe019000 	C:\Windows\system32\CLBCatQ.DLL
0x000007fefadd0000 - 0x000007fefaf31000 	C:\Windows\system32\WindowsCodecs.dll
0x000007fefd370000 - 0x000007fefd3c7000 	C:\Windows\system32\apphelp.dll
0x000007fef5150000 - 0x000007fef538d000 	C:\PROGRA~1\MIF5BA~1\Office15\GROOVEEX.DLL
0x000000006a790000 - 0x000000006a828000 	C:\Windows\system32\MSVCP100.dll
0x000000006a760000 - 0x000000006a78b000 	C:\Windows\system32\ATL100.DLL
0x000007fef4e30000 - 0x000007fef514d000 	C:\Windows\system32\msi.dll
0x000007fef40a0000 - 0x000007fef492c000 	C:\PROGRA~1\MIF5BA~1\Office15\1036\GrooveIntlResource.dll
0x000000006b020000 - 0x000000006b036000 	C:\Program Files\Common Files\TortoiseOverlays\TortoiseOverlays.dll
0x000000006d7d0000 - 0x000000006d7e0000 	C:\Program Files\TortoiseSVN\bin\TortoiseStub.dll
0x000000006a610000 - 0x000000006a68b000 	C:\Program Files\TortoiseSVN\bin\TortoiseSVN.dll
0x000007feff5a0000 - 0x000007feff7eb000 	C:\Windows\system32\WININET.dll
0x000007fefd6b0000 - 0x000007fefd6b4000 	C:\Windows\system32\api-ms-win-downlevel-user32-l1-1-0.dll
0x000007fefd5b0000 - 0x000007fefd5b4000 	C:\Windows\system32\api-ms-win-downlevel-shlwapi-l1-1-0.dll
0x000007fefd8e0000 - 0x000007fefd8e4000 	C:\Windows\system32\api-ms-win-downlevel-version-l1-1-0.dll
0x000007fefd630000 - 0x000007fefd633000 	C:\Windows\system32\api-ms-win-downlevel-normaliz-l1-1-0.dll
0x0000000077980000 - 0x0000000077983000 	C:\Windows\system32\normaliz.DLL
0x000007feff7f0000 - 0x000007feffab7000 	C:\Windows\system32\iertutil.dll
0x000007fefd5e0000 - 0x000007fefd5e5000 	C:\Windows\system32\api-ms-win-downlevel-advapi32-l1-1-0.dll
0x000007fef3bd0000 - 0x000007fef3fbd000 	C:\Program Files\TortoiseSVN\bin\libsvn_tsvn.dll
0x000000006a5e0000 - 0x000000006a60b000 	C:\Program Files\TortoiseSVN\bin\libapr_tsvn.dll
0x000000006a590000 - 0x000000006a5d1000 	C:\Program Files\TortoiseSVN\bin\libaprutil_tsvn.dll
0x000007fefe020000 - 0x000007fefe072000 	C:\Windows\system32\WLDAP32.dll
0x000007fef7650000 - 0x000007fef7660000 	C:\Program Files\TortoiseSVN\bin\intl3_tsvn.dll
0x000007fef73f0000 - 0x000007fef740a000 	C:\Program Files\TortoiseSVN\bin\libsasl.dll
0x000007fefd090000 - 0x000007fefd09b000 	C:\Windows\system32\Secur32.dll
0x000007fefd340000 - 0x000007fefd365000 	C:\Windows\system32\SSPICLI.DLL
0x000007fefd6c0000 - 0x000007fefd82c000 	C:\Windows\system32\CRYPT32.dll
0x000007fefd580000 - 0x000007fefd58f000 	C:\Windows\system32\MSASN1.dll
0x000007fef3b90000 - 0x000007fef3bc5000 	C:\Windows\system32\EhStorShell.dll
0x000007fefdcc0000 - 0x000007fefde97000 	C:\Windows\system32\SETUPAPI.dll
0x000007fefd5f0000 - 0x000007fefd626000 	C:\Windows\system32\CFGMGR32.dll
0x000007fefd5c0000 - 0x000007fefd5da000 	C:\Windows\system32\DEVOBJ.dll
0x000007fefbad0000 - 0x000007fefbbfc000 	C:\Windows\system32\PROPSYS.dll
0x000007fef3520000 - 0x000007fef3b8f000 	C:\PROGRA~1\MIF5BA~1\Office14\GROOVEEX.DLL
0x0000000069950000 - 0x000000006997f000 	C:\Windows\WinSxS\amd64_microsoft.vc90.atl_1fc8b3b9a1e18e3b_9.0.30729.6161_none_0a1fd3a3a768b895\ATL90.DLL
0x000007fef2f70000 - 0x000007fef338a000 	C:\PROGRA~1\COMMON~1\MICROS~1\OFFICE14\Cultures\office.odf
0x000007fef2610000 - 0x000007fef2e98000 	C:\PROGRA~1\MIF5BA~1\Office14\1036\GrooveIntlResource.dll
0x0000000057070000 - 0x000000005709a000 	C:\Program Files\Java\jdk1.7.0_11\jre\bin\dcpr.dll
0x000007fede0d0000 - 0x000007fede16e000 	C:\Windows\system32\RICHED20.DLL
0x000007fef8490000 - 0x000007fef85b5000 	C:\Windows\system32\dbghelp.dll

VM Arguments:
jvm_args: -Xdebug -Xrunjdwp:transport=dt_shmem,address=javadebug -Dfile.encoding=UTF-8 
java_command: marcadministrationclient.MainJFrame
Launcher Type: SUN_STANDARD

Environment Variables:
PATH=C:\Program Files (x86)\ImageMagick-6.8.7-Q16;C:\Program Files\Common Files\Microsoft Shared\Windows Live;C:\Program Files (x86)\AMD APP\bin\x86_64;C:\Program Files (x86)\AMD APP\bin\x86;C:\Windows\system32;C:\Windows;C:\Windows\System32\Wbem;C:\Program Files (x86)\ATI Technologies\ATI.ACE\Core-Static;C:\Windows\System32\WindowsPowerShell\v1.0\;C:\Program Files\Microsoft\Web Platform Installer\;C:\Program Files (x86)\Microsoft ASP.NET\ASP.NET Web Pages\v1.0\;C:\Program Files\Microsoft SQL Server\110\Tools\Binn\;C:\Program Files (x86)\Microsoft SQL Server\90\Tools\binn\;C:\Windows\System32\WindowsPowerShell\v1.0\;C:\Program Files\TortoiseSVN\bin;C:\Program Files (x86)\Windows Kits\8.1\Windows Performance Toolkit\;C:\Program Files (x86)\Microsoft SDKs\TypeScript\1.0\;C:\Program Files\Common Files\Microsoft Shared\Windows Live;C:\Program Files (x86)\CMake 2.8\bin
USERNAME=patrice
OS=Windows_NT
PROCESSOR_IDENTIFIER=Intel64 Family 6 Model 42 Stepping 7, GenuineIntel



---------------  S Y S T E M  ---------------

OS: Windows 7 , 64 bit Build 7601 Service Pack 1

CPU:total 2 (2 cores per cpu, 2 threads per core) family 6 model 42 stepping 7, cmov, cx8, fxsr, mmx, sse, sse2, sse3, ssse3, sse4.1, sse4.2, popcnt, avx, ht, tsc, tscinvbit

Memory: 4k page, physical 8321392k(3050736k free), swap 16640920k(10575812k free)

vm_info: Java HotSpot(TM) 64-Bit Server VM (23.6-b04) for windows-amd64 JRE (1.7.0_11-b21), built on Jan 12 2013 02:38:42 by "java_re" with unknown MS VC++:1600

time: Fri Dec 05 15:21:07 2014
elapsed time: 119 seconds

