#
# A fatal error has been detected by the Java Runtime Environment:
#
#  EXCEPTION_ACCESS_VIOLATION (0xc0000005) at pc=0x000000005079c864, pid=20140, tid=19904
#
# JRE version: 7.0_11-b21
# Java VM: Java HotSpot(TM) 64-Bit Server VM (23.6-b04 mixed mode windows-amd64 compressed oops)
# Problematic frame:
# V  [jvm.dll+0xbc864]
#
# Failed to write core dump. Minidumps are not enabled by default on client versions of Windows
#
# If you would like to submit a bug report, please visit:
#   http://bugreport.sun.com/bugreport/crash.jsp
#

---------------  T H R E A D  ---------------

Current thread (0x0000000001d4e800):  GCTaskThread [stack: 0x0000000005ee0000,0x0000000005fe0000] [id=19904]

siginfo: ExceptionCode=0xc0000005, reading address 0x000000001427df98

Registers:
RAX=0x00000000080e8000, RBX=0x0000000050d94700, RCX=0x0000000000000036, RDX=0x0000000060cafcf6
RSP=0x0000000005fdf6f0, RBP=0x00000007822de3f8, RSI=0x0000000060000009, RDI=0x0000000000000001
R8 =0x0000000001832bf3, R9 =0x0000000000000003, R10=0x0000000000000000, R11=0x0000100000000000
R12=0x00000007822de3fc, R13=0x000000077be32dd8, R14=0x000000077be32de0, R15=0x00000007822de3d8
RIP=0x000000005079c864, EFLAGS=0x0000000000010206

Top of Stack: (sp=0x0000000005fdf6f0)
0x0000000005fdf6f0:   000000000e42c4b8 0000000002171b98
0x0000000005fdf700:   0000000001d4c420 00000000507818a8
0x0000000005fdf710:   000000078237e770 0000000050a35ecb
0x0000000005fdf720:   0000000050d94700 0000000060000009
0x0000000005fdf730:   0000000000000000 0000000001d4eec0
0x0000000005fdf740:   0000000002191d70 00000000507a9daf
0x0000000005fdf750:   000000078237e770 0000000060000009
0x0000000005fdf760:   0000000000000005 0000000002191d70
0x0000000005fdf770:   0000000000000000 0000000001d4eec0
0x0000000005fdf780:   000000000e42c4b8 0000000001d4c420
0x0000000005fdf790:   000000000001411b 0000000050a3920c
0x0000000005fdf7a0:   000000000b650918 00000007822de3d8
0x0000000005fdf7b0:   0000000002191d70 000000000e429b50
0x0000000005fdf7c0:   0000a9e50001410b 0000000000000c00
0x0000000005fdf7d0:   0000000000000000 0000000000000000
0x0000000005fdf7e0:   00000000021e0000 000000000e429b01 

Instructions: (pc=0x000000005079c864)
0x000000005079c844:   08 48 89 74 24 10 57 48 83 ec 20 48 8b 01 4c 8b
0x000000005079c854:   c2 0f b6 ca 49 c1 e8 06 80 e1 3f bf 01 00 00 00
0x000000005079c864:   4a 8b 1c c0 4a 8d 34 c0 48 d3 e7 48 8b c3 48 0b
0x000000005079c874:   c7 48 3b c3 74 28 66 0f 1f 44 00 00 4c 8b c3 48 


Register to memory mapping:

RAX=0x00000000080e8000 is an unknown value
RBX=0x0000000050d94700 is an unknown value
RCX=0x0000000000000036 is an unknown value
RDX=0x0000000060cafcf6 is an unknown value
RSP=0x0000000005fdf6f0 is an unknown value
RBP=0x00000007822de3f8 is an oop
java.lang.ref.Finalizer 
 - klass: 'java/lang/ref/Finalizer'
RSI=0x0000000060000009 is an unknown value
RDI=0x0000000000000001 is an unknown value
R8 =0x0000000001832bf3 is an unknown value
R9 =0x0000000000000003 is an unknown value
R10=0x0000000000000000 is an unknown value
R11=0x0000100000000000 is an unknown value
R12=0x00000007822de3fc is an oop
java.lang.ref.Finalizer 
 - klass: 'java/lang/ref/Finalizer'
R13=0x000000077be32dd8 is an oop
{instance class} 
 - klass: {other class}
R14=0x000000077be32de0 is an oop
[S 
 - klass: {type array short}
 - length: 16
R15=0x00000007822de3d8 is an oop
java.lang.ref.Finalizer 
 - klass: 'java/lang/ref/Finalizer'


Stack: [0x0000000005ee0000,0x0000000005fe0000],  sp=0x0000000005fdf6f0,  free space=1021k
Native frames: (J=compiled Java code, j=interpreted, Vv=VM code, C=native code)
V  [jvm.dll+0xbc864]


---------------  P R O C E S S  ---------------

Java Threads: ( => current thread )
  0x000000000e30e000 JavaThread "SwingWorker-pool-1-thread-10" daemon [_thread_blocked, id=14024, stack(0x00000000122b0000,0x00000000123b0000)]
  0x000000000e30d000 JavaThread "SwingWorker-pool-1-thread-9" daemon [_thread_blocked, id=15264, stack(0x0000000012420000,0x0000000012520000)]
  0x000000000e30c800 JavaThread "SwingWorker-pool-1-thread-8" daemon [_thread_blocked, id=13744, stack(0x0000000012820000,0x0000000012920000)]
  0x000000000e30b800 JavaThread "SwingWorker-pool-1-thread-7" daemon [_thread_blocked, id=15016, stack(0x00000000125d0000,0x00000000126d0000)]
  0x000000000e30b000 JavaThread "SwingWorker-pool-1-thread-6" daemon [_thread_blocked, id=13328, stack(0x0000000011f50000,0x0000000012050000)]
  0x000000000fdc7800 JavaThread "SwingWorker-pool-1-thread-5" daemon [_thread_blocked, id=16220, stack(0x0000000011e10000,0x0000000011f10000)]
  0x000000001027d800 JavaThread "SwingWorker-pool-1-thread-4" daemon [_thread_blocked, id=8232, stack(0x0000000011ca0000,0x0000000011da0000)]
  0x000000001027b800 JavaThread "org.netbeans.modules.debugger.jpda.visual AWT Access Loop" daemon [_thread_blocked, id=9996, stack(0x0000000011b90000,0x0000000011c90000)]
  0x000000000f2a7800 JavaThread "SwingWorker-pool-1-thread-3" daemon [_thread_blocked, id=20224, stack(0x000000000ec20000,0x000000000ed20000)]
  0x0000000010258000 JavaThread "SwingWorker-pool-1-thread-2" daemon [_thread_blocked, id=20416, stack(0x00000000121a0000,0x00000000122a0000)]
  0x000000001025a000 JavaThread "SwingWorker-pool-1-thread-1" daemon [_thread_blocked, id=12392, stack(0x000000000eac0000,0x000000000ebc0000)]
  0x000000000e70b800 JavaThread "TimerQueue" daemon [_thread_blocked, id=19712, stack(0x000000000dda0000,0x000000000dea0000)]
  0x0000000001e7f000 JavaThread "DestroyJavaVM" [_thread_blocked, id=20208, stack(0x0000000001ec0000,0x0000000001fc0000)]
  0x000000000c0bb800 JavaThread "AWT-EventQueue-0" [_thread_blocked, id=20360, stack(0x000000000deb0000,0x000000000dfb0000)]
  0x000000000c0ba800 JavaThread "AWT-Windows" daemon [_thread_blocked, id=19548, stack(0x000000000dc60000,0x000000000dd60000)]
  0x000000000c0b8000 JavaThread "AWT-Shutdown" [_thread_blocked, id=9328, stack(0x000000000dad0000,0x000000000dbd0000)]
  0x000000000c0b7000 JavaThread "Java2D Disposer" daemon [_thread_blocked, id=18044, stack(0x000000000d9c0000,0x000000000dac0000)]
  0x000000000bf17000 JavaThread "Service Thread" daemon [_thread_blocked, id=16428, stack(0x000000000d0b0000,0x000000000d1b0000)]
  0x000000000bf0e000 JavaThread "C2 CompilerThread1" daemon [_thread_blocked, id=17632, stack(0x000000000d570000,0x000000000d670000)]
  0x000000000bf0a800 JavaThread "C2 CompilerThread0" daemon [_thread_blocked, id=17732, stack(0x000000000d3c0000,0x000000000d4c0000)]
  0x000000000befa800 JavaThread "JDWP Command Reader" daemon [_thread_in_native, id=19276, stack(0x000000000d220000,0x000000000d320000)]
  0x000000000bef7000 JavaThread "JDWP Event Helper Thread" daemon [_thread_blocked, id=18984, stack(0x000000000cdd0000,0x000000000ced0000)]
  0x000000000bee6000 JavaThread "JDWP Transport Listener: dt_shmem" daemon [_thread_blocked, id=16920, stack(0x000000000cf80000,0x000000000d080000)]
  0x000000000226b800 JavaThread "Attach Listener" daemon [_thread_blocked, id=20080, stack(0x000000000ccd0000,0x000000000cdd0000)]
  0x000000000226a000 JavaThread "Signal Dispatcher" daemon [_thread_blocked, id=16728, stack(0x000000000cb50000,0x000000000cc50000)]
  0x00000000021e0000 JavaThread "Finalizer" daemon [_thread_blocked, id=20244, stack(0x000000000c600000,0x000000000c700000)]
  0x00000000021dd000 JavaThread "Reference Handler" daemon [_thread_blocked, id=16260, stack(0x000000000c350000,0x000000000c450000)]

Other Threads:
  0x00000000021d6000 VMThread [stack: 0x000000000bc20000,0x000000000bd20000] [id=20412]
  0x000000000bf24000 WatcherThread [stack: 0x000000000d770000,0x000000000d870000] [id=19536]

=>0x0000000001d4e800 (exited) GCTaskThread [stack: 0x0000000005ee0000,0x0000000005fe0000] [id=19904]

VM state:at safepoint (normal execution)

VM Mutex/Monitor currently owned by a thread:  ([mutex/lock_event])
[0x0000000001e7d310] Threads_lock - owner thread: 0x00000000021d6000
[0x0000000001e7d810] Heap_lock - owner thread: 0x000000000c0bb800

Heap
 PSYoungGen      total 37952K, used 96K [0x00000007d5ab0000, 0x00000007d8500000, 0x0000000800000000)
  eden space 32576K, 0% used [0x00000007d5ab0000,0x00000007d5ab0000,0x00000007d7a80000)
  from space 5376K, 1% used [0x00000007d7a80000,0x00000007d7a98000,0x00000007d7fc0000)
  to   space 5376K, 0% used [0x00000007d7fc0000,0x00000007d7fc0000,0x00000007d8500000)
 ParOldGen       total 86720K, used 19991K [0x0000000781000000, 0x00000007864b0000, 0x00000007d5ab0000)
  object space 86720K, 23% used [0x0000000781000000,0x0000000782385d48,0x00000007864b0000)
 PSPermGen       total 21248K, used 20297K [0x000000077be00000, 0x000000077d2c0000, 0x0000000781000000)
  object space 21248K, 95% used [0x000000077be00000,0x000000077d1d25f8,0x000000077d2c0000)

Card table byte_map: [0x0000000005670000,0x0000000005aa0000] byte_map_base: 0x0000000001a91000

Polling page: 0x0000000000120000

Code Cache  [0x0000000002670000, 0x00000000028f0000, 0x0000000005670000)
 total_blobs=1263 nmethods=775 adapters=447 free_code_cache=46646Kb largest_free_block=47725696

Compilation events (10 events):
Event: 263.817 Thread 0x000000000bf0a800  801             java.awt.image.SinglePixelPackedSampleModel::getNumDataElements (2 bytes)
Event: 263.818 Thread 0x000000000bf0a800 nmethod 801 0x00000000028e6850 code [0x00000000028e6980, 0x00000000028e69d8]
Event: 266.501 Thread 0x000000000bf0a800  802             java.lang.StringBuilder::append (6 bytes)
Event: 266.506 Thread 0x000000000bf0a800 nmethod 802 0x00000000028e7b10 code [0x00000000028e7c80, 0x00000000028e7e88]
Event: 268.683 Thread 0x000000000bf0e000  803             java.awt.Container::getComponents (5 bytes)
Event: 268.685 Thread 0x000000000bf0e000 nmethod 803 0x00000000028e7710 code [0x00000000028e7860, 0x00000000028e7968]
Event: 268.685 Thread 0x000000000bf0e000  804             java.awt.Container::getComponents_NoClientCode (16 bytes)
Event: 268.687 Thread 0x000000000bf0e000 nmethod 804 0x00000000028e7350 code [0x00000000028e74a0, 0x00000000028e75a8]
Event: 270.160 Thread 0x000000000bf0e000  805             java.awt.AlphaComposite::getAlpha (5 bytes)
Event: 270.161 Thread 0x000000000bf0e000 nmethod 805 0x00000000028e4e50 code [0x00000000028e4f80, 0x00000000028e4fd8]

GC Heap History (10 events):
Event: 269.268 GC heap after
Heap after GC invocations=647 (full 322):
 PSYoungGen      total 37952K, used 96K [0x00000007d5ab0000, 0x00000007d8500000, 0x0000000800000000)
  eden space 32576K, 0% used [0x00000007d5ab0000,0x00000007d5ab0000,0x00000007d7a80000)
  from space 5376K, 1% used [0x00000007d7a80000,0x00000007d7a98000,0x00000007d7fc0000)
  to   space 5376K, 0% used [0x00000007d7fc0000,0x00000007d7fc0000,0x00000007d8500000)
 ParOldGen       total 86720K, used 19981K [0x0000000781000000, 0x00000007864b0000, 0x00000007d5ab0000)
  object space 86720K, 23% used [0x0000000781000000,0x0000000782383558,0x00000007864b0000)
 PSPermGen       total 21248K, used 20293K [0x000000077be00000, 0x000000077d2c0000, 0x0000000781000000)
  object space 21248K, 95% used [0x000000077be00000,0x000000077d1d17b8,0x000000077d2c0000)
}
Event: 269.268 GC heap before
{Heap before GC invocations=648 (full 323):
 PSYoungGen      total 37952K, used 96K [0x00000007d5ab0000, 0x00000007d8500000, 0x0000000800000000)
  eden space 32576K, 0% used [0x00000007d5ab0000,0x00000007d5ab0000,0x00000007d7a80000)
  from space 5376K, 1% used [0x00000007d7a80000,0x00000007d7a98000,0x00000007d7fc0000)
  to   space 5376K, 0% used [0x00000007d7fc0000,0x00000007d7fc0000,0x00000007d8500000)
 ParOldGen       total 86720K, used 19981K [0x0000000781000000, 0x00000007864b0000, 0x00000007d5ab0000)
  object space 86720K, 23% used [0x0000000781000000,0x0000000782383558,0x00000007864b0000)
 PSPermGen       total 21248K, used 20293K [0x000000077be00000, 0x000000077d2c0000, 0x0000000781000000)
  object space 21248K, 95% used [0x000000077be00000,0x000000077d1d17b8,0x000000077d2c0000)
Event: 269.384 GC heap after
Heap after GC invocations=648 (full 323):
 PSYoungGen      total 37952K, used 0K [0x00000007d5ab0000, 0x00000007d8500000, 0x0000000800000000)
  eden space 32576K, 0% used [0x00000007d5ab0000,0x00000007d5ab0000,0x00000007d7a80000)
  from space 5376K, 0% used [0x00000007d7a80000,0x00000007d7a80000,0x00000007d7fc0000)
  to   space 5376K, 0% used [0x00000007d7fc0000,0x00000007d7fc0000,0x00000007d8500000)
 ParOldGen       total 86720K, used 19995K [0x0000000781000000, 0x00000007864b0000, 0x00000007d5ab0000)
  object space 86720K, 23% used [0x0000000781000000,0x0000000782386e80,0x00000007864b0000)
 PSPermGen       total 21248K, used 20293K [0x000000077be00000, 0x000000077d2c0000, 0x0000000781000000)
  object space 21248K, 95% used [0x000000077be00000,0x000000077d1d17b8,0x000000077d2c0000)
}
Event: 269.385 GC heap before
{Heap before GC invocations=649 (full 323):
 PSYoungGen      total 37952K, used 448K [0x00000007d5ab0000, 0x00000007d8500000, 0x0000000800000000)
  eden space 32576K, 1% used [0x00000007d5ab0000,0x00000007d5b20198,0x00000007d7a80000)
  from space 5376K, 0% used [0x00000007d7a80000,0x00000007d7a80000,0x00000007d7fc0000)
  to   space 5376K, 0% used [0x00000007d7fc0000,0x00000007d7fc0000,0x00000007d8500000)
 ParOldGen       total 86720K, used 19995K [0x0000000781000000, 0x00000007864b0000, 0x00000007d5ab0000)
  object space 86720K, 23% used [0x0000000781000000,0x0000000782386e80,0x00000007864b0000)
 PSPermGen       total 21248K, used 20293K [0x000000077be00000, 0x000000077d2c0000, 0x0000000781000000)
  object space 21248K, 95% used [0x000000077be00000,0x000000077d1d17b8,0x000000077d2c0000)
Event: 269.387 GC heap after
Heap after GC invocations=649 (full 323):
 PSYoungGen      total 37952K, used 32K [0x00000007d5ab0000, 0x00000007d8500000, 0x0000000800000000)
  eden space 32576K, 0% used [0x00000007d5ab0000,0x00000007d5ab0000,0x00000007d7a80000)
  from space 5376K, 0% used [0x00000007d7fc0000,0x00000007d7fc8000,0x00000007d8500000)
  to   space 5376K, 0% used [0x00000007d7a80000,0x00000007d7a80000,0x00000007d7fc0000)
 ParOldGen       total 86720K, used 19995K [0x0000000781000000, 0x00000007864b0000, 0x00000007d5ab0000)
  object space 86720K, 23% used [0x0000000781000000,0x0000000782386e80,0x00000007864b0000)
 PSPermGen       total 21248K, used 20293K [0x000000077be00000, 0x000000077d2c0000, 0x0000000781000000)
  object space 21248K, 95% used [0x000000077be00000,0x000000077d1d17b8,0x000000077d2c0000)
}
Event: 269.388 GC heap before
{Heap before GC invocations=650 (full 324):
 PSYoungGen      total 37952K, used 32K [0x00000007d5ab0000, 0x00000007d8500000, 0x0000000800000000)
  eden space 32576K, 0% used [0x00000007d5ab0000,0x00000007d5ab0000,0x00000007d7a80000)
  from space 5376K, 0% used [0x00000007d7fc0000,0x00000007d7fc8000,0x00000007d8500000)
  to   space 5376K, 0% used [0x00000007d7a80000,0x00000007d7a80000,0x00000007d7fc0000)
 ParOldGen       total 86720K, used 19995K [0x0000000781000000, 0x00000007864b0000, 0x00000007d5ab0000)
  object space 86720K, 23% used [0x0000000781000000,0x0000000782386e80,0x00000007864b0000)
 PSPermGen       total 21248K, used 20293K [0x000000077be00000, 0x000000077d2c0000, 0x0000000781000000)
  object space 21248K, 95% used [0x000000077be00000,0x000000077d1d17b8,0x000000077d2c0000)
Event: 269.490 GC heap after
Heap after GC invocations=650 (full 324):
 PSYoungGen      total 37952K, used 0K [0x00000007d5ab0000, 0x00000007d8500000, 0x0000000800000000)
  eden space 32576K, 0% used [0x00000007d5ab0000,0x00000007d5ab0000,0x00000007d7a80000)
  from space 5376K, 0% used [0x00000007d7fc0000,0x00000007d7fc0000,0x00000007d8500000)
  to   space 5376K, 0% used [0x00000007d7a80000,0x00000007d7a80000,0x00000007d7fc0000)
 ParOldGen       total 86720K, used 19991K [0x0000000781000000, 0x00000007864b0000, 0x00000007d5ab0000)
  object space 86720K, 23% used [0x0000000781000000,0x0000000782385d48,0x00000007864b0000)
 PSPermGen       total 21248K, used 20293K [0x000000077be00000, 0x000000077d2c0000, 0x0000000781000000)
  object space 21248K, 95% used [0x000000077be00000,0x000000077d1d17b8,0x000000077d2c0000)
}
Event: 270.792 GC heap before
{Heap before GC invocations=651 (full 324):
 PSYoungGen      total 37952K, used 1766K [0x00000007d5ab0000, 0x00000007d8500000, 0x0000000800000000)
  eden space 32576K, 5% used [0x00000007d5ab0000,0x00000007d5c69b78,0x00000007d7a80000)
  from space 5376K, 0% used [0x00000007d7fc0000,0x00000007d7fc0000,0x00000007d8500000)
  to   space 5376K, 0% used [0x00000007d7a80000,0x00000007d7a80000,0x00000007d7fc0000)
 ParOldGen       total 86720K, used 19991K [0x0000000781000000, 0x00000007864b0000, 0x00000007d5ab0000)
  object space 86720K, 23% used [0x0000000781000000,0x0000000782385d48,0x00000007864b0000)
 PSPermGen       total 21248K, used 20297K [0x000000077be00000, 0x000000077d2c0000, 0x0000000781000000)
  object space 21248K, 95% used [0x000000077be00000,0x000000077d1d25f8,0x000000077d2c0000)
Event: 270.794 GC heap after
Heap after GC invocations=651 (full 324):
 PSYoungGen      total 37952K, used 96K [0x00000007d5ab0000, 0x00000007d8500000, 0x0000000800000000)
  eden space 32576K, 0% used [0x00000007d5ab0000,0x00000007d5ab0000,0x00000007d7a80000)
  from space 5376K, 1% used [0x00000007d7a80000,0x00000007d7a98000,0x00000007d7fc0000)
  to   space 5376K, 0% used [0x00000007d7fc0000,0x00000007d7fc0000,0x00000007d8500000)
 ParOldGen       total 86720K, used 19991K [0x0000000781000000, 0x00000007864b0000, 0x00000007d5ab0000)
  object space 86720K, 23% used [0x0000000781000000,0x0000000782385d48,0x00000007864b0000)
 PSPermGen       total 21248K, used 20297K [0x000000077be00000, 0x000000077d2c0000, 0x0000000781000000)
  object space 21248K, 95% used [0x000000077be00000,0x000000077d1d25f8,0x000000077d2c0000)
}
Event: 270.794 GC heap before
{Heap before GC invocations=652 (full 325):
 PSYoungGen      total 37952K, used 96K [0x00000007d5ab0000, 0x00000007d8500000, 0x0000000800000000)
  eden space 32576K, 0% used [0x00000007d5ab0000,0x00000007d5ab0000,0x00000007d7a80000)
  from space 5376K, 1% used [0x00000007d7a80000,0x00000007d7a98000,0x00000007d7fc0000)
  to   space 5376K, 0% used [0x00000007d7fc0000,0x00000007d7fc0000,0x00000007d8500000)
 ParOldGen       total 86720K, used 19991K [0x0000000781000000, 0x00000007864b0000, 0x00000007d5ab0000)
  object space 86720K, 23% used [0x0000000781000000,0x0000000782385d48,0x00000007864b0000)
 PSPermGen       total 21248K, used 20297K [0x000000077be00000, 0x000000077d2c0000, 0x0000000781000000)
  object space 21248K, 95% used [0x000000077be00000,0x000000077d1d25f8,0x000000077d2c0000)

Deoptimization events (10 events):
Event: 6.574 Thread 0x000000000c0bb800 Uncommon trap -83 fr.pc 0x00000000027a2f60
Event: 6.574 Thread 0x000000000c0bb800 Uncommon trap -83 fr.pc 0x00000000027a268c
Event: 6.634 Thread 0x000000000c0bb800 Uncommon trap -83 fr.pc 0x00000000027aae88
Event: 6.841 Thread 0x000000000c0bb800 Uncommon trap -34 fr.pc 0x00000000027082ac
Event: 6.841 Thread 0x000000000c0bb800 Uncommon trap -34 fr.pc 0x00000000027082ac
Event: 6.841 Thread 0x000000000c0bb800 Uncommon trap -34 fr.pc 0x00000000027082ac
Event: 6.841 Thread 0x000000000c0bb800 Uncommon trap -34 fr.pc 0x00000000027082ac
Event: 6.841 Thread 0x000000000c0bb800 Uncommon trap -34 fr.pc 0x000000000274bd74
Event: 6.841 Thread 0x000000000c0bb800 Uncommon trap -34 fr.pc 0x000000000277034c
Event: 7.446 Thread 0x000000000c0bb800 Uncommon trap -83 fr.pc 0x000000000272f414

Internal exceptions (10 events):
Event: 5.740 Thread 0x000000000c0bb800 Implicit null exception at 0x000000000272fb70 to 0x000000000272fbc6
Event: 5.770 Thread 0x000000000c0bb800 Threw 0x00000007d5c8a768 at C:\jdk7u1_64p\jdk7u11\hotspot\src\share\vm\prims\jvm.cpp:1166
Event: 6.292 Thread 0x000000000c0bb800 Threw 0x00000007d5bf9220 at C:\jdk7u1_64p\jdk7u11\hotspot\src\share\vm\prims\jvm.cpp:1166
Event: 6.303 Thread 0x000000000c0bb800 Threw 0x00000007d5c0c808 at C:\jdk7u1_64p\jdk7u11\hotspot\src\share\vm\prims\jvm.cpp:1166
Event: 6.314 Thread 0x000000000c0bb800 Threw 0x00000007d5c22310 at C:\jdk7u1_64p\jdk7u11\hotspot\src\share\vm\prims\jvm.cpp:1166
Event: 6.344 Thread 0x000000000c0bb800 Threw 0x00000007d5c46a88 at C:\jdk7u1_64p\jdk7u11\hotspot\src\share\vm\prims\jvm.cpp:1166
Event: 6.352 Thread 0x000000000c0bb800 Threw 0x00000007d5c4ea08 at C:\jdk7u1_64p\jdk7u11\hotspot\src\share\vm\prims\jvm.cpp:1166
Event: 6.452 Thread 0x000000000c0bb800 Threw 0x00000007d5ab2df8 at C:\jdk7u1_64p\jdk7u11\hotspot\src\share\vm\prims\jvm.cpp:1166
Event: 6.574 Thread 0x000000000c0bb800 Implicit null exception at 0x00000000027a2634 to 0x00000000027a267d
Event: 6.634 Thread 0x000000000c0bb800 Implicit null exception at 0x00000000027aa70e to 0x00000000027aae79

Events (10 events):
Event: 267.948 Executing VM operation: ParallelGCSystemGC done
Event: 269.266 Executing VM operation: ParallelGCSystemGC
Event: 269.384 Executing VM operation: ParallelGCSystemGC done
Event: 269.385 Executing VM operation: RevokeBias
Event: 269.385 Executing VM operation: RevokeBias done
Event: 269.385 Executing VM operation: ParallelGCSystemGC
Event: 269.490 Executing VM operation: ParallelGCSystemGC done
Event: 269.490 Executing VM operation: RevokeBias
Event: 269.490 Executing VM operation: RevokeBias done
Event: 270.792 Executing VM operation: ParallelGCSystemGC


Dynamic libraries:
0x000000013fee0000 - 0x000000013ff13000 	C:\Program Files\Java\jdk1.7.0_11\bin\java.exe
0x0000000077a30000 - 0x0000000077bd9000 	C:\Windows\SYSTEM32\ntdll.dll
0x0000000077810000 - 0x000000007792f000 	C:\Windows\system32\kernel32.dll
0x000007fefdae0000 - 0x000007fefdb4c000 	C:\Windows\system32\KERNELBASE.dll
0x000007fefe470000 - 0x000007fefe54b000 	C:\Windows\system32\ADVAPI32.dll
0x000007fefe300000 - 0x000007fefe39f000 	C:\Windows\system32\msvcrt.dll
0x000007fefdbc0000 - 0x000007fefdbdf000 	C:\Windows\SYSTEM32\sechost.dll
0x000007fefddc0000 - 0x000007fefdeed000 	C:\Windows\system32\RPCRT4.dll
0x0000000077930000 - 0x0000000077a2a000 	C:\Windows\system32\USER32.dll
0x000007fefe7f0000 - 0x000007fefe857000 	C:\Windows\system32\GDI32.dll
0x000007fefe550000 - 0x000007fefe55e000 	C:\Windows\system32\LPK.dll
0x000007fefe3a0000 - 0x000007fefe469000 	C:\Windows\system32\USP10.dll
0x000007fefc130000 - 0x000007fefc324000 	C:\Windows\WinSxS\amd64_microsoft.windows.common-controls_6595b64144ccf1df_6.0.7601.17514_none_fa396087175ac9ac\COMCTL32.dll
0x000007fefe560000 - 0x000007fefe5d1000 	C:\Windows\system32\SHLWAPI.dll
0x000007fefe860000 - 0x000007fefe88e000 	C:\Windows\system32\IMM32.DLL
0x000007feffc30000 - 0x000007feffd39000 	C:\Windows\system32\MSCTF.dll
0x0000000050520000 - 0x00000000505f1000 	C:\Program Files\Java\jdk1.7.0_11\jre\bin\msvcr100.dll
0x00000000506e0000 - 0x0000000050dff000 	C:\Program Files\Java\jdk1.7.0_11\jre\bin\server\jvm.dll
0x000007fefafd0000 - 0x000007fefafd9000 	C:\Windows\system32\WSOCK32.dll
0x000007feff870000 - 0x000007feff8bd000 	C:\Windows\system32\WS2_32.dll
0x000007fefdbb0000 - 0x000007fefdbb8000 	C:\Windows\system32\NSI.dll
0x000007fefbc30000 - 0x000007fefbc6b000 	C:\Windows\system32\WINMM.dll
0x0000000077c00000 - 0x0000000077c07000 	C:\Windows\system32\PSAPI.DLL
0x00000000506a0000 - 0x00000000506df000 	C:\Program Files\Java\jdk1.7.0_11\jre\bin\splashscreen.dll
0x000007fefbbd0000 - 0x000007fefbc26000 	C:\Windows\system32\uxtheme.dll
0x0000000050690000 - 0x000000005069f000 	C:\Program Files\Java\jdk1.7.0_11\jre\bin\verify.dll
0x0000000050660000 - 0x0000000050688000 	C:\Program Files\Java\jdk1.7.0_11\jre\bin\java.dll
0x0000000055fb0000 - 0x0000000055fe5000 	C:\Program Files\Java\jdk1.7.0_11\jre\bin\jdwp.dll
0x00000000572f0000 - 0x00000000572f8000 	C:\Program Files\Java\jdk1.7.0_11\jre\bin\npt.dll
0x0000000050640000 - 0x0000000050655000 	C:\Program Files\Java\jdk1.7.0_11\jre\bin\zip.dll
0x0000000180000000 - 0x00000001800eb000 	C:\Program Files\Hewlett-Packard\HP ProtectTools Security Manager\Bin\DpoFeedb.dll
0x000007fefe160000 - 0x000007fefe237000 	C:\Windows\system32\OLEAUT32.dll
0x000007fefe5e0000 - 0x000007fefe7e3000 	C:\Windows\system32\ole32.dll
0x000007fefcae0000 - 0x000007fefcaec000 	C:\Windows\system32\VERSION.dll
0x000007fefd930000 - 0x000007fefd94e000 	C:\Windows\system32\USERENV.dll
0x000007fefd800000 - 0x000007fefd80f000 	C:\Windows\system32\profapi.dll
0x000007fefd650000 - 0x000007fefd65f000 	C:\Windows\system32\CRYPTBASE.dll
0x000007fef01f0000 - 0x000007fef0221000 	C:\Program Files\Hewlett-Packard\HP ProtectTools Security Manager\Bin\DpoSet.dll
0x000000006fa00000 - 0x000000006fad3000 	C:\Windows\WinSxS\amd64_microsoft.vc90.crt_1fc8b3b9a1e18e3b_9.0.30729.6161_none_08e61857a83bc251\MSVCP90.dll
0x0000000073610000 - 0x00000000736b3000 	C:\Windows\WinSxS\amd64_microsoft.vc90.crt_1fc8b3b9a1e18e3b_9.0.30729.6161_none_08e61857a83bc251\MSVCR90.dll
0x000000005c9c0000 - 0x000000005c9cb000 	C:\Program Files\Java\jdk1.7.0_11\jre\bin\dt_shmem.dll
0x0000000050380000 - 0x0000000050513000 	C:\Program Files\Java\jdk1.7.0_11\jre\bin\awt.dll
0x000007fefb760000 - 0x000007fefb778000 	C:\Windows\system32\dwmapi.dll
0x0000000050340000 - 0x0000000050374000 	C:\Program Files\Java\jdk1.7.0_11\jre\bin\fontmanager.dll
0x0000000050620000 - 0x0000000050639000 	C:\Program Files\Java\jdk1.7.0_11\jre\bin\net.dll
0x000007fefcf90000 - 0x000007fefcfe5000 	C:\Windows\system32\mswsock.dll
0x000007fefcf80000 - 0x000007fefcf87000 	C:\Windows\System32\wship6.dll
0x0000000050600000 - 0x0000000050611000 	C:\Program Files\Java\jdk1.7.0_11\jre\bin\nio.dll
0x00000000502f0000 - 0x0000000050331000 	C:\Program Files\Java\jdk1.7.0_11\jre\bin\t2k.dll
0x000007fefe890000 - 0x000007feff618000 	C:\Windows\system32\SHELL32.dll
0x0000000050220000 - 0x0000000050250000 	C:\Program Files\Java\jdk1.7.0_11\jre\bin\jpeg.dll
0x000007feffb90000 - 0x000007feffc29000 	C:\Windows\system32\CLBCatQ.DLL
0x000007fefb070000 - 0x000007fefb1d1000 	C:\Windows\system32\WindowsCodecs.dll
0x000007fefd5f0000 - 0x000007fefd647000 	C:\Windows\system32\apphelp.dll
0x000007fef8910000 - 0x000007fef8b4d000 	C:\PROGRA~1\MIF5BA~1\Office15\GROOVEEX.DLL
0x0000000071520000 - 0x00000000715b8000 	C:\Windows\system32\MSVCP100.dll
0x00000000714f0000 - 0x000000007151b000 	C:\Windows\system32\ATL100.DLL
0x000007fef8210000 - 0x000007fef852d000 	C:\Windows\system32\msi.dll
0x000007fef5ce0000 - 0x000007fef656c000 	C:\PROGRA~1\MIF5BA~1\Office15\1036\GrooveIntlResource.dll
0x0000000070f70000 - 0x0000000070f86000 	C:\Program Files\Common Files\TortoiseOverlays\TortoiseOverlays.dll
0x0000000070f60000 - 0x0000000070f70000 	C:\Program Files\TortoiseSVN\bin\TortoiseStub.dll
0x0000000070220000 - 0x000000007029b000 	C:\Program Files\TortoiseSVN\bin\TortoiseSVN.dll
0x000007feff620000 - 0x000007feff868000 	C:\Windows\system32\WININET.dll
0x000007fefd960000 - 0x000007fefd964000 	C:\Windows\system32\api-ms-win-downlevel-user32-l1-1-0.dll
0x000007fefdb50000 - 0x000007fefdb54000 	C:\Windows\system32\api-ms-win-downlevel-shlwapi-l1-1-0.dll
0x000007fefd950000 - 0x000007fefd954000 	C:\Windows\system32\api-ms-win-downlevel-version-l1-1-0.dll
0x000007fefd8e0000 - 0x000007fefd8e3000 	C:\Windows\system32\api-ms-win-downlevel-normaliz-l1-1-0.dll
0x0000000077bf0000 - 0x0000000077bf3000 	C:\Windows\system32\normaliz.DLL
0x000007feff8c0000 - 0x000007feffb87000 	C:\Windows\system32\iertutil.dll
0x000007fefdba0000 - 0x000007fefdba5000 	C:\Windows\system32\api-ms-win-downlevel-advapi32-l1-1-0.dll
0x000007fef58f0000 - 0x000007fef5cdd000 	C:\Program Files\TortoiseSVN\bin\libsvn_tsvn.dll
0x00000000701f0000 - 0x000000007021b000 	C:\Program Files\TortoiseSVN\bin\libapr_tsvn.dll
0x000000006fbd0000 - 0x000000006fc11000 	C:\Program Files\TortoiseSVN\bin\libaprutil_tsvn.dll
0x000007fefdef0000 - 0x000007fefdf42000 	C:\Windows\system32\WLDAP32.dll
0x000007fef8130000 - 0x000007fef8140000 	C:\Program Files\TortoiseSVN\bin\intl3_tsvn.dll
0x000007fef7b20000 - 0x000007fef7b3a000 	C:\Program Files\TortoiseSVN\bin\libsasl.dll
0x000007fefd330000 - 0x000007fefd33b000 	C:\Windows\system32\Secur32.dll
0x000007fefd5b0000 - 0x000007fefd5d5000 	C:\Windows\system32\SSPICLI.DLL
0x000007fefd970000 - 0x000007fefdadc000 	C:\Windows\system32\CRYPT32.dll
0x000007fefd7f0000 - 0x000007fefd7ff000 	C:\Windows\system32\MSASN1.dll
0x000007fef7ae0000 - 0x000007fef7b15000 	C:\Windows\system32\EhStorShell.dll
0x000007fefdbe0000 - 0x000007fefddb7000 	C:\Windows\system32\SETUPAPI.dll
0x000007fefdb60000 - 0x000007fefdb96000 	C:\Windows\system32\CFGMGR32.dll
0x000007fefd810000 - 0x000007fefd82a000 	C:\Windows\system32\DEVOBJ.dll
0x000007fefbd30000 - 0x000007fefbe5c000 	C:\Windows\system32\PROPSYS.dll
0x000007fef5100000 - 0x000007fef576f000 	C:\PROGRA~1\MIF5BA~1\Office14\GROOVEEX.DLL
0x000000006f930000 - 0x000000006f95f000 	C:\Windows\WinSxS\amd64_microsoft.vc90.atl_1fc8b3b9a1e18e3b_9.0.30729.6161_none_0a1fd3a3a768b895\ATL90.DLL
0x000007fef4340000 - 0x000007fef475a000 	C:\PROGRA~1\COMMON~1\MICROS~1\OFFICE14\Cultures\office.odf
0x000007fef3ab0000 - 0x000007fef4338000 	C:\PROGRA~1\MIF5BA~1\Office14\1036\GrooveIntlResource.dll
0x0000000050250000 - 0x000000005027a000 	C:\Program Files\Java\jdk1.7.0_11\jre\bin\dcpr.dll
0x000007fefcff0000 - 0x000007fefd007000 	C:\Windows\system32\CRYPTSP.dll
0x000007fefccf0000 - 0x000007fefcd37000 	C:\Windows\system32\rsaenh.dll
0x000007fefb740000 - 0x000007fefb755000 	C:\Windows\system32\NLAapi.dll
0x000007fef8550000 - 0x000007fef8565000 	C:\Windows\system32\napinsp.dll
0x000007fef8530000 - 0x000007fef8549000 	C:\Windows\system32\pnrpnsp.dll
0x000007fef80c0000 - 0x000007fef80d0000 	C:\Windows\system32\wshbth.dll
0x0000000071970000 - 0x0000000071996000 	C:\Program Files\Bonjour\mdnsNSP.dll
0x000007fefadc0000 - 0x000007fefade7000 	C:\Windows\system32\Iphlpapi.DLL
0x000007fefad30000 - 0x000007fefad3b000 	C:\Windows\system32\WINNSI.DLL
0x000007fefce10000 - 0x000007fefce6b000 	C:\Windows\system32\DNSAPI.dll
0x000007fef8120000 - 0x000007fef812b000 	C:\Windows\System32\winrnr.dll
0x0000000071940000 - 0x000000007196e000 	c:\Program Files\Common Files\Microsoft Shared\Windows Live\WLIDNSP.DLL
0x000007fefc8d0000 - 0x000007fefc8d7000 	C:\Windows\System32\wshtcpip.dll
0x000007fef9ac0000 - 0x000007fef9ac8000 	C:\Windows\system32\rasadhlp.dll
0x000007fefac50000 - 0x000007fefaca3000 	C:\Windows\System32\fwpuclnt.dll
0x000007fef8c30000 - 0x000007fef8d55000 	C:\Windows\system32\dbghelp.dll

VM Arguments:
jvm_args: -Xdebug -Xrunjdwp:transport=dt_shmem,address=javadebug -Dfile.encoding=UTF-8 
java_command: marcadministrationclient.mARCAdministrationClient
Launcher Type: SUN_STANDARD

Environment Variables:
PATH=C:\Program Files (x86)\ImageMagick-6.8.7-Q16;C:\Program Files\Common Files\Microsoft Shared\Windows Live;C:\Program Files (x86)\AMD APP\bin\x86_64;C:\Program Files (x86)\AMD APP\bin\x86;C:\Windows\system32;C:\Windows;C:\Windows\System32\Wbem;C:\Program Files (x86)\ATI Technologies\ATI.ACE\Core-Static;C:\Windows\System32\WindowsPowerShell\v1.0\;C:\Program Files\Microsoft\Web Platform Installer\;C:\Program Files (x86)\Microsoft ASP.NET\ASP.NET Web Pages\v1.0\;C:\Program Files\Microsoft SQL Server\110\Tools\Binn\;C:\Program Files (x86)\Microsoft SQL Server\90\Tools\binn\;C:\Windows\System32\WindowsPowerShell\v1.0\;C:\Program Files\TortoiseSVN\bin;C:\Program Files (x86)\Windows Kits\8.1\Windows Performance Toolkit\;C:\Program Files (x86)\Microsoft SDKs\TypeScript\1.0\;C:\Program Files\Common Files\Microsoft Shared\Windows Live;C:\Program Files (x86)\CMake 2.8\bin
USERNAME=patrice
OS=Windows_NT
PROCESSOR_IDENTIFIER=Intel64 Family 6 Model 42 Stepping 7, GenuineIntel



---------------  S Y S T E M  ---------------

OS: Windows 7 , 64 bit Build 7601 Service Pack 1

CPU:total 2 (2 cores per cpu, 2 threads per core) family 6 model 42 stepping 7, cmov, cx8, fxsr, mmx, sse, sse2, sse3, ssse3, sse4.1, sse4.2, popcnt, avx, ht, tsc, tscinvbit

Memory: 4k page, physical 8321392k(2557604k free), swap 16640920k(10176092k free)

vm_info: Java HotSpot(TM) 64-Bit Server VM (23.6-b04) for windows-amd64 JRE (1.7.0_11-b21), built on Jan 12 2013 02:38:42 by "java_re" with unknown MS VC++:1600

time: Tue Dec 23 13:35:59 2014
elapsed time: 270 seconds

